['177', '461', '36', '175', '174', '173', '363', '294', '178', '228', '335', '469', '429', '171', '39', '15', '176', '408', '299', '251', '72', '117', '379', '480', '104', '378', '136', '0']
['5', '241', '409', '403', '91', '157', '3', '270', '1', '468', '411', '2', '452', '106', '436', '372', '108', '343', '38', '445', '198', '261', '344', '52', '342', '18', '48', '257', '105']
['338', '28', '194', '308', '416', '86', '78', '347', '404', '101', '195', '400', '196', '32', '349', '110', '393', '121', '214', '197', '336', '51', '111', '392']
['264', '328', '410', '122', '333', '256', '212', '319', '340', '331', '334', '26', '223', '68', '332', '266', '224', '142', '325', '123', '46']
['58', '206', '222', '97', '59', '96', '37', '407', '201', '366', '67', '226', '79', '244', '242', '120', '147', '50']
['320', '17', '423', '88', '190', '369', '288', '471', '474', '472', '314', '119', '311', '286', '145', '307', '188', '401', '169', '155', '168', '470', '156', '19']
['488', '87', '62', '31', '326', '199', '384', '192', '377', '356', '181', '47', '464', '14', '276', '191', '118']
['213', '102', '486', '179', '405', '467', '151', '160', '440', '422', '394', '295', '406', '330', '275', '215', '43', '252', '466']
['284', '449', '386', '479', '124', '27', '25', '475', '126', '477', '345', '260', '60', '367', '478']
['211', '74', '81', '390', '82', '391', '83', '66', '421', '80', '458', '376', '35', '371', '428', '7', '41', '127', '89', '273']
['184', '12', '193', '321', '132', '202', '283', '33', '73', '144', '159', '148', '446']
['269', '129', '348', '125', '418', '164', '247', '373', '45', '415', '362', '361']
['304', '398', '274', '301', '289', '303', '327', '382', '265', '306', '305', '316', '71']
['49', '350', '285', '53', '315', '437', '272', '375', '287', '167', '339', '365', '255', '245', '374', '279', '20']
['313', '487', '351', '205', '131', '383', '40', '42', '44', '385']
['84', '290', '13', '85', '29', '229', '460', '473', '399', '451', '130', '158']
['357', '380', '441', '355', '413', '16', '439', '109', '358', '359', '346', '443', '107', '246']
['482', '292', '135', '34', '476', '75', '317']
['442', '268', '352', '293', '100', '113', '114', '444', '455', '354', '115', '262']
['259', '30', '434', '459', '296', '250', '323', '258', '128', '203', '153', '322']
['282', '8', '419', '6', '388', '165', '139', '77']
['220', '69', '427', '396', '309', '143', '221', '397']
['249', '116', '454', '204', '430', '412']
['481', '417', '23', '253']
['225', '324', '457', '381', '448', '387', '162', '93', '297', '278', '10', '389', '402']
['187', '254', '112', '76', '70']
['420', '208', '61', '271', '209', '432', '207', '200', '94', '462']
['456', '453', '4', '280', '267']
['298', '353', '183', '182', '281', '150', '329', '243', '435', '424']
['465', '463']
['485', '484', '425', '172', '337', '24', '163', '483']
['186', '277', '152', '166', '438']
['22', '216', '54', '231', '219', '55']
['318', '227', '447', '291', '310']
['21']
['395', '154', '368', '489', '170']
['161', '414', '433', '146', '431']
['210', '98', '248', '90', '92', '240', '99']
['149', '450', '133', '185', '140', '141']
['370']
['11', '232', '63', '364', '312', '238', '263', '239', '230']
['57', '56', '138']
['134', '103', '217', '189', '180']
['64', '65']
['218', '300', '302']
['235', '137', '360', '95']
['236', '234']
['426']
['237']
['9', '341', '233']
