['338', '262', '102', '274', '217', '69', '178', '270', '348', '202', '319', '164', '359', '247', '79', '10', '341', '226', '360', '46']
['277', '350', '294', '176', '59', '199', '308', '198', '223', '83', '93', '2', '57', '221', '275', '358', '180', '158', '89', '44', '219']
['28', '13', '17', '146', '204', '58', '84', '351', '259', '96', '323', '106', '311', '224', '4', '171', '31', '179', '356', '121', '278', '169', '72', '152', '62', '312', '8', '229', '52', '73', '35']
['194', '337', '287', '27', '243', '203', '230', '76', '235', '189', '45', '255', '306', '305', '196', '143', '184', '61', '34', '253', '248', '126']
['95', '343', '135', '352', '303', '162', '166', '212', '289', '281', '82', '250', '134', '163', '119', '242', '195', '118', '362']
['22', '129', '216', '200', '91', '74', '236', '113', '131', '115', '257', '317', '127', '147', '361']
['208', '148', '36', '333', '252', '25', '42', '329', '322', '183', '273']
['328', '268', '101', '315', '228', '290', '109', '233', '124', '254', '75', '170', '0', '130', '316']
['304', '138', '187']
['177', '154', '15', '156', '151', '38', '54', '234', '185', '238', '318', '297', '307', '105']
['320', '321', '244', '265', '153', '43', '215', '205', '335', '245', '63', '267', '67', '92', '149', '193', '29', '295', '14', '263', '60', '327']
['292', '299', '256', '111', '246', '271', '239']
['117', '206', '232', '355', '108', '182', '240', '300', '283', '346', '26', '190', '20', '88', '157', '123']
['214', '225', '310', '172', '161', '249', '272', '188', '293', '349', '150', '66', '258', '137', '23', '339', '191', '279']
['227', '3', '168', '241', '30', '282', '99', '132', '122', '181', '77', '103', '80', '41', '286', '142', '325', '50']
['65', '100', '6', '218', '18', '56', '144', '136', '260', '71', '39']
['87', '155', '363', '324', '301', '37', '85', '81', '133', '1', '330', '165', '139', '354']
['298', '285', '269', '97', '11', '53', '197', '175', '342', '174', '186', '332']
['344', '220', '192', '19', '160', '128', '167', '40', '114', '68', '231', '288', '78']
['264', '313', '326', '12', '90', '210', '209', '125', '98', '104', '33', '21', '251', '116', '340', '331', '345', '94', '145', '261', '55']
['314', '49', '47', '222', '266']
['9', '64', '353', '336', '284', '296', '237', '16', '291', '70', '207', '107', '7', '276', '140', '86', '141']
['213', '5', '32', '302', '110', '334', '48', '120', '173', '280', '347']
['211', '357', '112', '24', '309', '201', '51', '159']
