['285', '309', '416', '331', '174', '244', '44', '96', '381', '419', '109', '373', '224', '307', '252', '429', '99', '220', '289', '258', '278', '7', '261', '275', '379', '208', '151', '19', '77']
['194', '69', '377', '133', '287', '237', '45', '292', '112', '499', '356', '382', '149', '97', '383', '342', '104', '80', '180', '136', '20', '105']
['241', '16', '489', '346', '120', '389', '417', '466', '333', '493', '306', '213', '210', '349', '167', '401', '46', '168', '132', '476', '418', '360']
['420', '193', '122', '266', '411', '88']
['53', '312', '188', '128', '121', '318']
['414', '154', '5', '177', '370', '166', '423', '79', '438', '339', '186', '123', '468', '464', '106', '280', '319', '491', '231', '344', '217', '442', '336', '427', '8', '394', '234', '498', '165']
['9', '350', '11', '481', '178', '384', '83', '150', '251', '27', '369', '42', '204', '4', '273']
['338', '487', '480', '199', '59', '90', '32', '197', '317', '119', '269', '6', '248', '359', '421', '458', '40', '374', '430', '72', '126']
['211', '372', '482', '30', '63', '387', '182', '486', '148', '432', '255', '89', '451', '137', '406', '92', '43', '327', '240', '230']
['286', '259', '181', '114', '116', '242', '173', '130']
['457', '314', '38', '453', '447', '460', '229', '295', '443']
['321', '175', '78', '205', '407', '310', '55', '262', '108', '187', '448', '299', '70', '113', '67', '334', '402', '246', '463', '118', '304', '225', '303', '185', '159', '412']
['87', '222', '76', '228', '290', '337', '216', '467', '223', '93', '65', '425', '190', '397', '415', '371', '245', '191', '311', '446']
['436', '450', '198', '400', '325', '431']
['84', '324', '353', '461', '459', '52', '281', '272', '164', '2', '21', '323', '365', '399', '115', '138', '477', '263', '449', '362']
['294', '363', '37', '101', '34', '308', '375', '33', '297', '26', '75', '428', '170', '203', '169', '316', '183', '50']
['214', '107', '98', '469', '256']
['368', '95', '102', '62', '474', '404', '268', '3', '470', '296', '403', '201', '221', '218', '226', '56', '200', '354', '145', '322', '471']
['117', '81', '13', '328', '424']
['243', '103', '276', '345', '274', '235', '1', '291', '376', '473', '329', '71', '483', '313', '143', '239', '158', '227', '355', '465', '250', '391', '395', '455']
['277', '496', '25', '444', '472', '456', '144', '39', '408', '162', '125', '110', '341', '494', '300', '85', '293', '236', '57', '48', '140', '392']
['488', '232', '152', '61', '343', '267', '100', '388']
['301', '270', '390', '146', '124', '10', '195', '153', '157']
['441', '434', '36', '17', '54', '238', '475', '265', '440', '347', '58', '351', '433', '413', '422', '495', '41', '147', '298', '12', '396', '497', '131', '393', '209', '253', '378', '358', '66', '14', '35', '73', '51', '0', '142']
['357', '49', '352', '82', '134', '171']
['129', '161', '302', '288', '260', '385']
['409', '156', '410', '192', '91', '189', '340']
['64', '184', '380', '28', '437', '364', '247', '68', '454', '86', '60', '196', '18']
['22', '484', '135', '249', '405', '24', '233', '366', '47', '335', '452', '94', '305', '367', '219', '361']
['264', '155', '398', '176', '127', '445', '348', '160', '212', '202', '74', '330', '426', '254', '163', '257', '279', '139', '271', '462']
['320', '206', '282', '215', '478', '141', '485', '284', '439', '479', '283', '23', '31', '15', '326', '179', '492', '435', '332', '315', '172', '29', '490', '386', '207', '111']
