['aqc', 'ari', 'aho', 'afr', 'adq', 'aac', 'alo', 'aay', 'aff', 'ahl', 'agq', 'aol', 'aee', 'abx', 'akm', 'adk', 'apb', 'aps', 'aex', 'acp', 'ait', 'agw', 'aha', 'ajz', 'aan', 'asq', 'aej', 'aor', 'ajq', 'aiy', 'acb', 'adr', 'aqm', 'aaj', 'amh', 'ani', 'alx', 'arj']
['ahk', 'aje', 'akk', 'arf', 'arq', 'ald', 'ash', 'afe', 'amn', 'agu', 'aew', 'agc', 'aqf', 'asj', 'ajs', 'arp', 'afa', 'aep', 'adj', 'alh', 'anr', 'arg', 'apa', 'ags', 'ams', 'aci', 'aoj', 'acn', 'ape', 'ata', 'aeh', 'ahj', 'aes', 'anz', 'afm', 'acq', 'afz', 'amx']
['akv', 'apn', 'ahe', 'aph', 'asf', 'ajc', 'apu', 'aag', 'abg', 'apc', 'anh', 'ach', 'aiz', 'arr', 'ahy', 'ade', 'asr', 'aoz', 'adf', 'agd', 'aal', 'aip', 'abh', 'afq', 'asb', 'alf', 'agy', 'adm', 'agh', 'afw', 'aam', 'aeu', 'ajl', 'aob', 'ajb', 'ahb', 'amj', 'asg']
['akj', 'aah', 'aba', 'aqu', 'anq', 'ajo', 'ard', 'ahu', 'ahr', 'anm', 'agi', 'aqb', 'acd', 'aof', 'ajp', 'apf', 'amw', 'alc', 'agf', 'adn', 'anj', 'asi', 'aqd', 'asp', 'any', 'aoa', 'aaa', 'acx', 'afd', 'ahs', 'ael', 'anc', 'agz', 'ajv', 'aid', 'acu', 'abt', 'aen']
['amr', 'aeq', 'ais', 'aaz', 'ago', 'ate', 'aoo', 'afj', 'adb', 'aei', 'atc', 'abs', 'adt', 'adu', 'acy', 'ahn', 'aab', 'amz', 'alr', 'abv', 'aix', 'ask', 'aiu', 'amp', 'aav', 'asa', 'aqi', 'aqx', 'agx', 'ajx', 'adc', 'acz', 'ahq', 'aqw', 'aga', 'art', 'air', 'asz']
['aop', 'aod', 'ano', 'aae', 'alt', 'aia', 'aqs', 'afb', 'abl', 'apx', 'api', 'asy', 'akf', 'aos', 'aca', 'ajf', 'ajn', 'aat', 'ajm', 'aqn', 'akq', 'alq', 'ajk', 'apv', 'arn', 'atf', 'aai', 'asl', 'aim', 'amq', 'agg', 'abu', 'alb', 'arw', 'apr', 'aiw', 'anb', 'agl']
['aln', 'aer', 'aic', 'arv', 'arx', 'aeg', 'ajd', 'abz', 'aqp', 'aem', 'aoe', 'anu', 'afy', 'alu', 'ara', 'apk', 'ang', 'aly', 'abm', 'alj', 'ame', 'ads', 'ant', 'aez', 'ack', 'agr', 'akl', 'atb', 'afc', 'arl', 'ami', 'anw', 'asu', 'amb', 'aio', 'acs', 'ank', 'acv']
['add', 'akp', 'aeb', 'aqr', 'akz', 'aib', 'afo', 'all', 'ahd', 'aie', 'aml', 'aea', 'alk', 'anl', 'aks', 'aoc', 'aco', 'ado', 'afg', 'ain', 'adi', 'arc', 'alw', 'ala', 'ahx', 'ahh', 'agb', 'aax', 'abj', 'acl', 'agt', 'amv', 'abo', 'apo', 'arz', 'agv', 'ale', 'aft']
['amm', 'ann', 'ajw', 'alp', 'ajh', 'agk', 'amy', 'aev', 'and', 'aqt', 'akw', 'ali', 'ase', 'aqh', 'afk', 'ahg', 'atd', 'ahp', 'aqo', 'ady', 'ahz', 'amt', 'anv', 'aau', 'abp', 'asd', 'aey', 'aet', 'aii', 'abb', 'are', 'aqg', 'aaf', 'afx', 'afh', 'akb', 'abf', 'aoy']
['abw', 'aoq', 'aqj', 'anf', 'ast', 'aki', 'aju', 'anp', 'abk', 'apd', 'ane', 'aow', 'aas', 'alv', 'aed', 'aef', 'abd', 'afp', 'ail', 'aih', 'arb', 'aif', 'akh', 'ahm', 'apz', 'ahi', 'agn', 'aap', 'akg', 'ark', 'aad', 'agj', 'acf', 'aqk', 'aou', 'ajg', 'aqq', 'afl']
['ahw', 'ama', 'aqv', 'aji', 'ass', 'afv', 'aro', 'apm', 'ada', 'abn', 'aok', 'asv', 'aka', 'amu', 'acc', 'ahc', 'apl', 'aky', 'asc', 'asw', 'apw', 'ajy', 'aso', 'aov', 'akc', 'asm', 'apq', 'akr', 'acg', 'abe', 'akn', 'apy', 'adv', 'ace', 'aij', 'aiq', 'agp', 'aar']
['aoi', 'ako', 'abc', 'app', 'asn', 'amf', 'aao', 'adw', 'alz', 'akx', 'aqa', 'aja', 'aig', 'ana', 'aqz', 'aoh', 'asx', 'akt', 'alg', 'aon', 'age', 'ajr', 'afi', 'act', 'anx', 'adl', 'afs', 'aku', 'adh', 'ake', 'ary', 'adz', 'aru', 'abr', 'abi', 'aaw']
['amo', 'aqe']
['als', 'acr', 'arm', 'ahf']
['ans', 'agm', 'amc', 'afn', 'aiv']
['adg']
['apj']
['ajt']
['ars']
['aek']
['aby']
['aqy']
['apg']
['aec']
['aht']
['ahv']
['abq']
['aot']
['acm']
['aeo']
['amg']
['aql']
['alm']
['amd']
['aom']
['aaq']
['aog']
['adx']
['acj']
['aox']
['arh']
['aak']
['ajj']
['aik']
['apt']
['adp']
['akd']
['acw']
['afu']
['amk']
