['58', '37', '34', '16', '223', '257', '158', '240']
['9', '102', '36', '91', '207', '105']
['56', '10', '229']
['197', '122', '147', '112', '160']
['245', '241', '12', '30', '268']
['87', '81', '98']
['155', '108', '131', '75', '252', '262']
['4', '208', '163', '79', '103', '244', '92', '89', '115', '126']
['22', '24', '29', '1', '26', '71']
['149', '156', '235', '166', '40', '27']
['41', '20', '231', '146', '187']
['139', '247', '258', '18', '194']
['184', '7', '259', '265']
['21', '86', '52', '171', '113']
['195', '94', '170']
['159', '133', '57', '96']
['254', '228']
['206', '28', '119', '74', '110', '130', '77']
['64', '129', '61', '101', '237', '212', '263', '99']
['233', '120']
['177', '83', '220', '63']
['225', '176', '216', '109', '138', '183']
['117', '199', '43', '144']
['213', '116', '15', '78', '141']
['214', '198', '226', '266']
['151', '19', '143']
['85', '76', '6']
['49', '65']
['140', '145', '72']
['203', '95', '97', '248', '66']
['60', '222', '62', '135', '256', '153', '215']
['32', '209', '243', '48', '51', '127']
['232', '186', '242']
['69', '182', '53', '8', '73', '134']
['269', '238']
['123']
['148', '59']
['172', '67', '157', '211']
['249', '38', '152', '219', '2']
['260', '106', '25', '128']
['161', '164']
['255', '180', '33']
['227']
['114', '46']
['50']
['31', '118', '236']
['175', '246', '132', '80', '230']
['179', '0', '47']
['167', '45', '150']
['14', '104']
['173', '217']
['191', '125', '23', '253']
['218', '93']
['192', '121', '221']
['168', '82']
['3']
['193', '124', '107', '174', '44', '39']
['111']
['84', '202']
['55', '136']
['204', '196']
['224', '205']
['201']
['11']
['68']
['90', '162', '200', '54']
['239', '181', '70']
['154', '261', '189']
['169']
['188']
['250']
['210', '234']
['13', '35', '42']
['165', '190']
['185', '178']
['137', '142']
['100']
['17']
['5', '88', '267']
['251']
['264']
