['49', '95', '267', '133', '70', '253', '382', '374', '311']
['313', '353', '178', '69', '76', '321', '187', '98', '238', '33', '43']
['9', '344', '268', '128', '358', '100', '278', '163', '254', '79', '71']
['398', '241', '53', '52', '346', '26', '72', '388', '139', '252']
['208', '355', '194', '179', '17', '170', '118']
['350', '32', '29', '270', '333', '319']
['338', '28', '216', '38', '93', '293', '54', '83', '263', '243', '286', '20', '78']
['279', '288', '217', '160', '230']
['269', '381', '172', '296', '122', '164', '6', '195', '111', '157', '366']
['304', '380', '343', '387', '295', '373', '107', '306', '280', '316', '50']
['363', '161', '364', '85', '144', '244', '239']
['323', '66']
['351', '370', '383', '359', '191', '260', '273']
['368', '315', '394', '250', '41', '234', '113', '339', '165', '246', '300']
['65', '356', '231', '126', '332']
['227', '236', '181', '110', '395', '51', '147', '385']
['16', '391', '334', '365', '23', '80', '159']
['389', '86', '285', '115', '266']
['357', '127', '105']
['185', '390', '101', '289']
['162', '255']
['248', '221', '272', '4']
['182', '377', '166', '367']
['200', '337', '341']
['57', '75']
['314', '116', '190', '180', '265']
['171', '284', '84', '242', '354']
['210', '21', '56']
['202', '46']
['8', '125', '335', '245', '219', '55', '99']
['119', '259', '209']
['378', '103']
['317']
['169', '399', '156', '173']
['361']
['151', '261', '347', '258']
['124', '88']
['148', '143', '196']
['87', '11', '132']
['256']
['276', '275']
['397']
['309', '229', '349']
['117', '369']
['224', '396', '97']
['7', '301']
['188']
['140', '82']
['203', '114', '150']
['112', '199', '392']
['307', '302']
['277']
['137', '176']
['175']
['223']
['282', '121', '152', '39']
['168']
['35', '12']
['90']
['222']
['146']
['167', '130', '322']
['129']
['47']
['206']
['73']
['123']
['232']
['138']
['225']
['303']
['64', '44']
['5', '149']
['108']
['174']
['198']
['393', '320', '25']
['360']
['326']
['142', '136']
['299']
['249', '109']
['262']
['183']
['153']
['94']
['237']
['233']
['305']
['264']
['158']
['235']
['155']
['60']
['68']
['96']
['328']
['257']
['310']
['102']
['45']
['197']
['134']
['207']
['63']
['215']
['201']
['30']
['218']
['27']
['342']
['336']
['141']
['42']
['13']
['271']
['40']
['22']
['340']
['226']
['37']
['214']
['177']
['189']
['345']
['186']
['204']
['77']
['330']
['291']
['145']
['24']
['135']
['59']
['205']
['31']
['81']
['48']
['34']
['312']
['371']
['3']
['106']
['228']
['184']
['331']
['308']
['327']
['372']
['61']
['74']
['283']
['15']
['379']
['362']
['240']
['329']
['220']
['193']
['375']
['290']
['292']
['281']
['213']
['104']
['324']
['92']
['19']
['287']
['2']
['386']
['36']
['131']
['384']
['352']
['18']
['318']
['10']
['14']
['212']
['0']
['1']
['294']
['211']
['120']
['297']
['89']
['251']
['247']
['62']
['67']
['192']
['348']
['91']
['298']
['376']
['58']
['274']
['325']
['154']
