['194', '93', '190', '242', '186', '78', '205', '201', '21', '23', '195', '42', '99', '64', '30', '162', '198', '223', '83', '164', '67', '231', '118', '158', '138', '225', '152', '217', '156', '65', '150', '14', '142', '140', '20']
['5', '36', '175', '88', '243', '123', '22', '76', '235', '101', '45', '245', '106', '219', '213', '31', '187', '110', '167', '221', '117', '155', '227', '232', '199', '97', '53', '193', '29', '74', '218', '68', '180', '80', '105']
['177', '182', '54', '134', '56', '86', '173', '153', '43', '9', '3', '84', '237', '160', '116', '87', '249', '233', '128', '26', '246', '169', '211', '172', '197', '85', '82', '236', '234', '207', '47', '48', '51', '94', '18']
['214', '71', '222', '102', '58', '69', '119', '1', '181', '113', '114', '226', '35', '7', '159', '183']
['192', '124']
['204', '77', '176', '108', '136']
['38', '0', '115']
['40']
['112']
['191']
['44']
['168']
['210']
['174']
['109']
['144']
['28']
['229']
['170']
['52']
['95']
['151']
['73']
['37']
['57']
['59']
['12']
['203']
['244']
['248']
['216']
['92']
['98']
['122']
['143']
['96']
['34']
['184']
['41']
['188']
['137']
['4']
['55']
['60']
['166']
['141']
['148']
['81']
['11']
['230']
['2']
['171']
['146']
['238']
['100']
['62']
['120']
['165']
['75']
['24']
['228']
['16']
['209']
['61']
['25']
['13']
['8']
['39']
['127']
['103']
['63']
['111']
['70']
['107']
['104']
['10']
['179']
['196']
['126']
['132']
['133']
['131']
['240']
['50']
['125']
['72']
['79']
['154']
['163']
['89']
['161']
['178']
['49']
['46']
['247']
['17']
['147']
['66']
['32']
['33']
['200']
['90']
['19']
['157']
['91']
['208']
['130']
['212']
['121']
['139']
['241']
['135']
['189']
['220']
['129']
['202']
['239']
['15']
['27']
['185']
['145']
['206']
['224']
['149']
['6']
['215']
