['243lol', '463lol', '398lol', '427lol', '247lol', '233lol', '297lol', '489lol', '213lol', '330lol', '210lol', '242lol', '351lol', '41lol', '86lol', '84lol', '349lol', '162lol', '127lol', '186lol', '122lol', '188lol', '198lol', '134lol', '419lol', '403lol', '88lol', '288lol', '339lol', '109lol', '455lol', '334lol', '393lol', '141lol', '216lol', '300lol', '450lol', '408lol', '331lol', '420lol', '400lol', '92lol', '255lol', '73lol', '236lol', '179lol', '167lol', '406lol', '356lol', '23lol', '284lol', '434lol', '310lol', '238lol', '304lol', '315lol', '417lol', '389lol', '132lol', '399lol', '426lol', '32lol', '307lol', '16lol', '432lol', '355lol', '208lol', '95lol', '266lol', '12lol', '235lol', '93lol', '114lol', '17lol', '401lol', '126lol', '411lol', '340lol', '454lol', '320lol', '487lol', '27lol', '366lol', '285lol', '282lol', '362lol', '254lol', '158lol', '65lol', '140lol', '107lol', '323lol', '308lol', '329lol', '332lol', '44lol', '248lol', '205lol', '237lol', '152lol', '278lol', '388lol', '59lol', '462lol', '456lol', '173lol', '451lol', '181lol', '481lol', '191lol', '440lol', '346lol', '21lol', '283lol', '268lol', '279lol', '209lol', '157lol', '457lol', '269lol', '149lol', '98lol', '54lol', '405lol', '104lol', '161lol', '322lol', '78lol', '429lol', '488lol', '131lol', '80lol', '30lol', '259lol', '397lol', '257lol', '364lol', '8lol', '491lol', '241lol', '350lol', '230lol', '407lol', '336lol', '38lol', '226lol', '386lol', '459lol', '353lol', '476lol', '77lol', '108lol', '497lol', '168lol', '185lol', '342lol', '40lol', '2lol', '206lol', '449lol', '138lol', '6lol', '370lol', '175lol', '395lol', '289lol', '448lol', '472lol', '309lol', '319lol', '363lol', '291lol', '375lol', '416lol', '477lol', '280lol', '64lol', '3lol', '338lol', '211lol', '275lol', '438lol', '260lol', '414lol', '298lol', '424lol', '70lol']
['296lol', '111lol', '267lol', '343lol', '240lol', '460lol', '31lol', '328lol', '387lol', '150lol', '42lol', '250lol', '348lol', '452lol', '396lol', '19lol', '251lol', '169lol', '151lol', '121lol', '45lol', '137lol', '136lol', '439lol', '193lol', '225lol', '94lol', '495lol', '378lol', '201lol', '56lol', '376lol', '71lol', '382lol', '326lol', '13lol', '24lol', '10lol', '391lol', '443lol', '36lol', '50lol', '341lol', '39lol', '99lol', '187lol', '113lol', '357lol', '482lol', '202lol', '0lol', '318lol', '215lol', '106lol', '58lol', '46lol', '464lol', '485lol', '337lol', '466lol', '467lol', '182lol', '124lol', '412lol', '223lol', '327lol', '475lol', '144lol', '299lol', '244lol', '252lol', '479lol', '57lol', '227lol', '471lol', '374lol', '281lol', '365lol', '200lol', '153lol', '292lol', '214lol', '69lol', '129lol', '290lol', '60lol', '155lol', '7lol', '72lol', '123lol', '195lol', '160lol']
['212lol', '52lol', '172lol', '199lol', '369lol', '430lol', '258lol', '493lol', '133lol', '61lol', '139lol', '445lol', '170lol', '184lol', '305lol', '483lol', '166lol', '82lol', '239lol', '442lol', '317lol', '324lol', '29lol', '145lol', '148lol', '384lol', '441lol', '377lol', '474lol', '37lol', '265lol', '311lol', '207lol', '423lol', '203lol', '183lol', '468lol', '302lol', '422lol', '433lol', '110lol', '380lol', '345lol', '249lol', '177lol', '381lol', '276lol', '410lol', '447lol', '286lol']
['76lol', '295lol', '35lol', '486lol', '4lol', '303lol', '74lol', '402lol', '498lol', '385lol', '217lol', '418lol', '458lol', '499lol', '261lol', '222lol', '176lol', '415lol', '253lol', '97lol', '306lol', '224lol', '287lol', '116lol', '347lol', '96lol', '87lol', '25lol', '421lol']
['228lol', '313lol', '453lol', '444lol', '119lol', '55lol', '68lol', '135lol', '91lol', '325lol', '361lol', '81lol', '293lol', '105lol', '344lol', '359lol', '62lol', '229lol', '66lol', '264lol', '314lol', '51lol', '47lol', '75lol', '43lol']
['156lol', '431lol', '379lol', '90lol', '197lol', '11lol', '352lol']
['232lol', '118lol', '154lol', '246lol', '392lol', '14lol', '301lol', '470lol', '492lol']
['1lol']
['271lol']
['171lol']
['220lol', '494lol', '165lol']
['204lol']
['83lol']
['5lol']
['273lol']
['245lol']
['368lol']
['125lol']
['48lol']
['274lol']
['484lol']
['163lol']
['190lol']
['372lol']
['473lol']
['294lol']
['164lol']
['117lol']
['189lol']
['146lol']
['221lol']
['373lol']
['34lol']
['178lol']
['120lol']
['480lol']
['112lol']
['15lol']
['234lol']
['63lol']
['33lol']
['321lol']
['478lol']
['383lol']
['101lol']
['435lol']
['437lol']
['277lol']
['67lol']
['231lol']
['394lol']
['174lol']
['115lol']
['102lol']
['496lol']
['180lol']
['256lol']
['367lol']
['425lol']
['28lol']
['143lol']
['218lol']
['461lol']
['196lol']
['272lol']
['79lol']
['335lol']
['103lol']
['428lol']
['89lol']
['354lol']
['333lol']
['270lol']
['436lol']
['446lol']
['262lol']
['20lol']
['404lol']
['312lol']
['128lol']
['9lol']
['371lol']
['18lol']
['358lol']
['194lol']
['360lol']
['469lol']
['409lol']
['316lol']
['413lol']
['22lol']
['142lol']
['26lol']
['159lol']
['192lol']
['390lol']
['465lol']
['53lol']
['263lol']
['147lol']
['490lol']
['49lol']
['219lol']
['100lol']
['85lol']
['130lol']
