['11', '481', '328', '162', '377', '82', '14', '388', '120', '170', '389']
['420', '461', '135', '384', '284', '172', '447', '460', '340', '347', '273']
['474', '409', '156', '467', '376', '33', '378', '191', '4', '367', '361']
['9', '154', '179', '193', '432', '291', '238', '234', '25', '455', '246']
['277', '290', '13', '38', '93', '394', '281', '342', '362', '142', '123']
['441', '59', '29', '456', '125', '109', '278', '415', '374', '127', '78']
['434', '54', '476', '164', '113', '297', '397', '23', '153', '186', '366']
['398', '28', '241', '321', '465', '150', '167', '255', '257', '139', '147']
['285', '149', '178', '422', '94', '100', '283', '0', '462', '424', '431']
['87', '269', '396', '423', '479', '110', '395', '68', '306', '260', '20']
['155', '222', '189', '128', '258', '218', '469', '402', '89', '118', '332']
['64', '450', '326', '448', '247', '114', '276', '263', '430', '77', '385']
['480', '355', '472', '161', '459', '166', '27', '341', '180', '90', '60']
['177', '46', '298', '49', '108', '337', '383', '88', '286', '271', '105']
['320', '31', '61', '343', '53', '52', '256', '295', '421', '311', '280']
['96', '187', '405', '36', '181', '207', '331', '310', '203', '204', '463']
['414', '206', '259', '217', '129', '235', '364', '296', '333', '1', '18']
['304', '69', '303', '119', '439', '229', '233', '21', '458', '477', '55']
['208', '282', '309', '411', '318', '226', '190', '382', '244', '392', '425']
['344', '433', '289', '91', '80', '393', '47', '245', '86', '72', '275']
['117', '351', '232', '352', '200', '236', '468', '359', '159', '417', '262']
['368', '225', '84', '314', '65', '375', '287', '248', '144', '140', '173']
['192', '445', '266', '201', '254', '103', '169', '435', '327', '183', '39']
['338', '227', '152', '30', '197', '132', '419', '473', '475', '335', '43']
['313', '213', '81', '270', '122', '272', '413', '418', '242', '137', '446']
['264', '37', '336', '85', '24', '308', '249', '349', '67', '369', '126']
['22', '350', '292', '348', '373', '163', '56', '231', '195', '305', '325']
['205', '486', '19', '160', '70', '416', '7', '428', '174', '454', '466']
['488', '274', '17', '175', '124', '115', '316', '106', '158', '71', '141']
['211', '216', '265', '230', '146', '438', '288', '111', '145', '440', '483']
['294', '470', '220', '404', '301', '370', '182', '212', '73', '148', '239']
['357', '184', '32', '437', '390', '74', '79', '406', '157', '219', '436']
['102', '112', '442', '99', '323', '2', '334', '243', '42', '44', '471']
['485', '15', '176', '408', '387', '6', '57', '464', '45', '451', '240']
['76', '209', '83', '345', '66', '251', '40', '221', '339', '400', '50']
['363', '484', '210', '131', '250', '223', '16', '444', '41', '300', '261']
['58', '457', '97', '268', '34', '299', '426', '136', '317', '449', '478']
['63', '194', '315', '12', '453', '104', '253', '330', '35', '165', '329']
['487', '214', '381', '101', '198', '133', '452', '51', '279', '307', '322']
['3', '324', '237', '391', '143', '116', '346', '107', '360', '196', '354']
['168', '95', '380', '151', '302', '134', '26', '371', '224', '401', '215']
['228', '356', '312', '8', '188', '319', '407', '358', '399', '252']
['410', '386', '98', '443', '10', '92', '130', '138', '429']
['379', '202', '75']
['5', '353', '199', '403', '293', '185', '121', '365', '48', '171']
['372']
['412', '267']
['482']
['62']
['427']
