['196', '149', '102', '182', '132', '101', '198', '125', '188', '161', '110', '100', '134', '163', '103', '137', '157', '186', '118', '183']
['184', '112', '108', '178', '193', '192', '179', '122', '104', '128', '109', '124', '114', '174', '195', '165', '106', '142', '171', '105']
['58', '95', '11', '84', '76', '85', '29', '36', '82', '2', '57', '73', '67', '25', '26', '89', '51', '41', '78', '55']
['285', '290', '282', '284', '289', '281', '291', '283', '288', '286', '300']
['64', '43', '97', '32', '53', '34', '59', '24', '63', '54', '6', '66', '27', '7', '56', '75', '42', '94', '60', '99']
['292', '280']
['117', '177', '168', '176', '148', '131', '175', '150', '189', '113', '185', '144', '180', '140', '153', '173', '145', '147', '126', '141']
['287']
['22', '62', '15', '37', '61', '38', '8', '16', '98', '1', '52', '33', '50', '88', '23', '80', '90', '92', '71', '18']
['277', '206', '205', '222', '245', '213', '227', '274', '241', '270', '229', '256', '233', '263', '221', '231', '265', '203', '246', '230']
['155', '139', '156', '194', '187', '133', '200', '181', '164', '119', '167', '121', '107', '166', '115', '136', '159', '169', '127', '138']
['211', '214', '225', '232', '268', '267', '210', '249', '209', '250', '236', '223', '253', '234', '247', '255', '257', '260', '239', '273']
['154', '152', '199', '129', '135', '197', '151', '162', '172', '160', '146', '116', '190', '120', '170', '191', '111', '130', '158', '123']
['219', '217', '220', '228', '216', '235', '259', '272', '237', '266', '248', '251', '278', '243', '218', '258', '271', '215', '252', '240']
['49', '31', '5', '30', '13', '81', '19', '17', '74', '93', '70', '21', '83', '14', '35', '45', '10', '20', '4', '72']
['298', '299', '293']
['264', '208', '269', '279', '212', '202', '238', '201', '207', '295', '226', '254', '276', '244', '242', '204', '224', '261', '275', '262']
['9', '87', '3', '28', '96', '12', '69', '65', '39', '91', '40', '47', '79', '68', '48', '86', '44', '46']
['297', '77']
['296', '294', '143']
