['185', '387', '158']
['30', '409', '303', '323', '180', '195', '246']
['11', '34', '312', '252', '383', '160', '2', '464', '10', '369', '316', '55', '240']
['204', '76', '238', '500', '141']
['209', '375', '432', '469', '51', '345', '77', '196']
['90', '20', '244']
['344', '410', '233', '399', '224', '260']
['3', '380', '328', '53', '422', '291', '471']
['495', '184', '208']
['84', '363', '437', '356', '193', '486', '311']
['117', '64', '499', '218', '444', '200', '169', '145']
['472', '151', '449', '245']
['297', '114', '183', '373']
['87', '178', '12', '483', '188', '278', '80', '279', '157', '46']
['336', '81', '391', '318', '35', '120']
['420', '423', '255', '75']
['177', '433', '284', '377', '493', '7', '415', '430']
['264', '205', '61', '237', '100', '455', '173', '219']
['226', '202', '381', '135']
['97', '302', '477', '310', '191', '367']
['269', '434', '492', '352', '253', '128', '110']
['374', '131', '322', '342', '436']
['357', '294', '474', '194', '104', '359']
['301', '321', '390', '348', '16', '443']
['22', '450', '45', '48', '335', '280']
['384', '263', '211', '376']
['225', '496', '425', '228']
['139', '168', '405', '456', '439', '212', '307']
['167', '315', '197', '101', '411']
['58', '419', '138', '365', '325', '126']
['172', '21', '4', '13', '85']
['277', '241', '448', '382', '170', '463']
['155', '52', '438', '98', '266']
['221', '78']
['153', '102', '28', '343']
['66', '190', '289']
['298', '24', '358', '458', '494', '111']
['372', '274', '44', '103']
['350', '285', '227', '96', '299', '446']
['69', '413', '113', '79', '43', '440']
['331', '181', '70']
['9', '488', '465', '386', '26', '23']
['207', '482', '149', '327']
['182', '309', '166', '406', '72', '123']
['216', '67', '257', '198', '268']
['326']
['317', '487', '239']
['137', '334', '41', '366']
['306', '107', '82', '162']
['414', '393', '134', '254', '68', '300', '347']
['270', '283']
['397', '497', '435', '349', '105']
['133', '341', '461']
['424', '371', '42', '428', '418']
['29', '118']
['324', '15', '475', '288']
['179', '403', '150', '116', '92', '186', '385']
['470', '132', '401', '25', '402', '305', '412']
['286', '60', '457', '392', '442']
['485', '121', '95', '156', '429']
['459', '281', '236', '143', '361', '273']
['368', '250', '353', '417']
['408', '445', '19', '109', '271', '261', '478']
['400', '462']
['206', '108', '267', '333', '56', '276']
['5', '447', '129']
['364', '243', '32', '146', '262']
['293', '187', '89', '362', '39']
['247', '31', '467', '407', '290']
['73', '65', '163', '189']
['213', '232']
['329', '125', '476', '330']
['49', '351', '91', '404']
['140', '379', '394', '217']
['210', '427', '54', '468', '452', '171']
['378', '229', '175', '466', '234']
['203', '304', '484', '249', '6']
['161', '354', '313', '112', '258']
['152', '355', '490', '460', '201', '426', '388', '242']
['94', '115', '441', '164']
['62', '235', '127', '17', '147']
['451']
['251', '86', '231']
['370', '256', '319', '491', '389', '275', '332']
['47', '144', '50', '295']
['214', '119', '453', '479', '421', '130']
['154', '59', '192', '296', '337', '223', '83', '340', '136', '265', '431']
['33', '320', '199', '454']
['282', '74']
['165', '57', '259']
['338', '489']
['222', '40', '27', '88', '71', '230']
['38', '272', '93', '1', '416', '346']
['395', '8', '174']
['159']
['473']
['106', '18', '287', '37', '99']
['398', '480', '176', '481', '63', '308', '396', '248', '124', '360', '215']
['36', '314', '142', '220']
['292', '122', '498', '14', '339', '148']
