['je', 'js', 'ck', 'jd', 'z', 'gr', 'hg', 'jf', 'm', 'ju']
['jg', 'o', 'fr', 'ek', 'i', 'hq', 'fb', 'fa', 'cf', 'ch']
['fh', 'bx', 'hp', 'fl', 'fz', 'de', 'bk', 'ex', 'ce', 'cn']
['du', 'jq', 'cw', 'cb', 'fg', 'aj', 'fs', 'ap', 'di', 'gp']
['dh', 'bs', 'dj', 'dg', 'fp', 'k', 'q', 'ir', 'be', 'bw']
['dn', 'hu', 'br', 'gt', 'dt', 'hj', 'ih', 'hb', 'aq', 'kc']
['im', 'jz', 'cj', 'hm', 'ds', 'bc', 'ao', 'fi', 'gi', 'jy']
['j', 'el', 'db', 'ie', 'fw', 'cq', 'cs', 'al', 'km', 's']
['gy', 'r', 'dl', 'ci', 'jc', 't', 'gb', 'eh', 'bl', 'iu']
['gm', 'gd', 'cr', 'bm', 'bh', 'iw', 'jh', 'ee', 'ev', 'hv']
['ax', 'ga', 'il', 'v', 'cc', 'ge', 'ba', 'jt', 'ct', 'kj']
['kg', 'ea', 'hf', 'kl', 'fx', 'bv', 'cp', 'jm', 'aw', 'by']
['bi', 'ab', 'ht', 'ji', 'fn', 'fq', 'fd', 'h', 'bt', 'ha']
['fk', 'iq', 'iy', 'gq', 'ja', 'in', 'ep', 'ec', 'co', 'dd']
['eb', 'ac', 'cy', 'hl', 'am', 'bz', 'gn', 'es', 'w', 'jl']
['gk', 'gz', 'ey', 'bq', 'ez', 'hk', 'ew', 'gl', 'kd', 'cm']
['dc', 'hx', 'n', 'dk', 'p', 'hn', 'fu', 'hi', 'g', 'ae']
['fv', 'cu', 'do', 'ft', 'cl', 'ig', 'jw', 'at', 'bn', 'kh']
['ah', 'ad', 'ix', 'hh', 'ii', 'iz', 'hd', 'he', 'hs', 'av']
['gw', 'jx', 'fy', 'hy', 'go', 'ff', 'ak', 'jp', 'af', 'cd']
['kk', 'an', 'gu', 'ar', 'ia', 'dy', 'ai', 'et', 'eo', 'kb']
['is', 'bb', 'eu', 'bf', 'ip', 'ca', 'c', 'a', 'bo', 'da']
['gs', 'jo', 'ic', 'ej', 'en', 'eg', 'gc', 'dz', 'hz', 'ke']
['dv', 'jn', 'bp', 'iv', 'if', 'jv', 'd', 'gh', 'az', 'hc']
['l', 'dr', 'dw', 'fe', 'cx', 'dq', 'aa', 'ho', 'hw', 'bg']
['fo', 'jj', 'ed', 'kn', 'cg', 'ef', 'fj', 'y', 'ka', 'dp']
['jr', 'ag', 'io', 'dx', 'au', 'ay', 'b', 'as', 'gg', 'f']
['gv', 'kf', 'ik', 'bj', 'er', 'dm', 'ki', 'ij', 'cz', 'df']
['gj', 'gf', 'jb', 'bu', 'bd', 'fc', 'x', 'hr', 'fm', 'u']
['e', 'em', 'ei', 'eq', 'ib', 'jk', 'zz', 'gx', 'it', 'cv']
