['gTC', 'nf5', 'Twl', 'kT2', 'YFC', '4KN', 'Qtt', '8uu', '6sH', 'lsG', 'uQL', 'XHa']
['euj', 'Swe', 'NyP', 'Hi0', 'xx7', 'EJD', 'Itn', 'Wmv', 'W8n', 'yLV', 'u9Q', '81k']
['Ke0', '1gc', 'cDc', 'jWX', 'Tn8', '96X', 'nRH', 'BDE', 'x8V', 'PqY', 'cFa', 'btz']
['GRw', 'dSZ', 'hYw', '0oy', 'HWv', 'tK7', 'QEF', 'XlR', '5U2', 'mUL', 'pTi', 'VCH']
['ttO', 'rMd', 'PPi', 'rz4', 'Jla', 'SV9', 'Jgp', 'i9C', 'oPH', '8j5', 'zfD', 'v6U']
['u1N', 'QDa', 'mLL', '2mv', '69w', 'bLd', 'NGB', 'rmu', 'VoJ', '28R', 'PoH', 'X5a']
['1aX', 'rXN', 'ISX', '3QX', 'dvU', 'z1H', '4nb', 'JYa', 'c3v', 'FEQ', 'xqY', 'NqO']
['wgA', '4Nd', 'I2S', 'oUs', '1uW', 'e8d', 'tFU', '6ro', 'tpP', 'Qyh', 'mLF', 'P8b']
['lKO', 'xpw', 'SmS', 'stN', 'e6S', 'X9s', 'YEe', 'I2i', 'j3s', 'rC8', 'iGU', 'ziA']
['CU9', 'ZY3', 'dlb', 'jEj', '5Li', 'tEu', 'gEU', 'Epk', 'oSw', 'BV4', 'rYU', 'PiG']
['h3r', 'YMC', 'jFu', 'bA6', 'VZ7', 'qDy', 'AKr', 'hiF', 'gfv', 'Ot9', 'CwC', 'gVV']
['oak', 'dNX', 'bDO', 'fKV', 'bAf', '6Hl', 'Eou', 'qLD', 'wqW', '0gI', 'b7z', 'nc0']
['YBr', 'Hyj', 'cEk', 'iTo', '5qS', '1xS', 'VPb', 'USE', '1QY', '0Qs', 'nkl', 'psG']
['AcJ', '5zB', 'ux2', 'gWT', 'LiP', 'ZVF', 'AJT', 'aTI', '6Ip', 'Bfu', 'E2A', 'iS6']
['e8H', 'iFt', '8VG', 'WB2', '27J', 'FbA', 'YNK', 'a55', '00m', 'WLo', 'zTH', 'X5J']
['HkK', 'wwD', 'VVW', 'zfK', 'hQH', 'L1u', 'hHB', '8nm', 'dLc', 'd60', 'Hbr', 'vyM']
['FzE', 'Qa3', 'WXJ', 'U0Z', '17Q', '2UA', 'B99', 'mGb', 'kte', 'aLB', 'iiE', 'oSh']
['Zc5', '6pB', 'b9f', 'nqI', 'iW8', 'sKX', 'Ns3', 'D40', 'Y2z', 'a4K', '0ID', 'qmj']
['1RB', 'UmG', 'CYA', 'fFE', 'Pas', 's1n', 'txp', 'yAp', 'qPq', 'PJa', 'NiX', 'UDc']
['8uz', 'KRy', 'wGp', 'ZNv', 'uZt', '3kn', 'Fmb', 'KS2', 'klv', 'iba', 's6M', 'cmd']
['s3z', 'fQ3', '9F9', 'G2k', 'nQv', 'upV', 'n99', 'pf5', 'Gu6', 'UPL', 'vJC', 'f9z']
['9NA', 'U0P', '70K', 'VAV', 'i4H', 'SiL', 'oZQ', 'fFJ', 'JWV', 'MNb', 'Afe', 'qkE']
['PQT', 'tm4', 'H68', 'uGP', 'EJa', 'ZFU', 'hdp', 'BPL', 'rgC', '6na', 'gE4', 'O2z']
['ptf', 'gkI', 'hct', 'JyM', '4LY', '5jv', 'vca', 'Ihb', 'IJ1', 'FkC', 'kZ0', 'etm']
['kYz', 'AK4', 'czy', '4fp', 'MrD', 'slQ', 'xxJ', 'TUB', '4p5', 'mcI', 'kiK', 'Fws']
['W4L', 'xLA', 'Kn8', 'xz4', '5n5', 'mRG', 'g08', 'D5B', 'IU6', 'tKI', 'EoI', 'JfN']
['H9O', 'NXP', 'PlJ', 'GUX', 'XMr', 'h6l', 'nQj', 'mFO', 'tfQ', 'Z7b', 'HvR', 'YUZ']
['2vJ', '5i6', 'KZy', 'rGT', 'xRH', 'F9o', '9ug', 'Xim', 'GpL', '0RD', 'ZxX', 'uH4']
['mIe', 'QhQ', 'b99', 'W2Z', 'zgJ', 'KGR', 'Ql9', 'Mvm', 'Hxo', 'ULj', 'blA', 'IZQ']
['4gy', 'SMj', 'emD', 'jGk', 'DoC', 'eGG', 'WLk', 'm5j', 'LTB', 'U4K', 'MQT', 'uVg']
['J8r', 'aZv', 'zEh', 'JVP', 'Qti', 'uii', 'JcP', 'sfk', 'AHs', 'ewc']
['ZQL', 'gEp', 'x86', 'JLF']
['19T']
['N08']
['OCL', 'SFn']
