['84', '285', '15', '217', '76', '29', '81', '125', '291', '134', '45', '130', '239', '183', '50']
['155', '269', '267', '16', '201', '283', '6', '107', '114', '170', '140', '203', '260', '158', '147']
['95', '108', '268', '85', '209', '188', '256', '143', '2', '57', '116', '25', '137', '20', '230']
['64', '222', '154', '5', '112', '11', '228', '93', '109', '207', '10', '190', '103', '243', '280']
['62', '294', '61', '289', '52', '281', '287', '128', '255', '276', '23', '0', '148', '219', '123']
['214', '262', '87', '28', '96', '30', '135', '296', '17', '164', '110', '278', '90', '224', '99']
['277', '129', '187', '24', '13', '272', '299', '160', '202', '100', '113', '247', '75', '173', '18']
['225', '205', '259', '197', '270', '8', '36', '236', '266', '79', '7', '144', '244', '240', '46']
['211', '49', '152', '63', '34', '151', '54', '33', '40', '226', '174', '191', '127', '4', '55']
['177', '69', '282', '192', '82', '189', '83', '223', '47', '254', '48', '56', '44', '71', '141']
['9', '298', '3', '149', '249', '132', '250', '175', '104', '66', '185', '167', '246', '142', '78']
['264', '176', '220', '235', '210', '65', '133', '198', '80', '238', '27', '163', '120', '51', '118']
['58', '213', '32', '53', '101', '162', '122', '131', '94', '297', '218', '136', '286', '77', '273']
['206', '292', '97', '179', '98', '253', '295', '221', '186', '265', '169', '92', '261', '115', '105']
['31', '227', '208', '274', '199', '12', '166', '150', '70', '67', '279', '271', '215', '275']
['117', '168', '59', '19', '229', '258', '26', '14', '42', '111', '139', '89', '171']
['194', '237', '146', '245', '200', '153', '263', '145', '252']
['37', '251', '121', '21', '106', '43', '196']
['232', '290', '193', '284', '38', '124', '68', '231', '159', '138']
['156', '178', '119', '74', '234', '248', '180', '257', '86']
['241', '288', '216', '161', '212', '35', '195']
['157', '233']
['172', '184', '88', '91', '72']
['73', '126']
['41']
['182', '181', '39']
['22', '102', '293']
['165', '204']
['242']
['60', '1']
