['Anjela', 'Bridgette', 'Alicea', 'Anallese', 'Bellanca', 'Bryna', 'Brandi', 'Cherilyn', 'Agnola', 'Barbra']
['Candis', 'Christyna', 'Candra', 'Agatha', 'Camel', 'Brigida', 'Adelice', 'Augusta', 'Analiese', 'Charlot']
['Bettine', 'Berna', 'Belita', 'Bobbee', 'Caril', 'Aeriel', 'Betty', 'Chelsey', 'Catherine', 'Auroora']
['Alyda', 'Charyl', 'Bobbie', 'Aili', 'Ailene', 'Brandise', 'Bert', 'Berri', 'Adoree', 'Angela']
['Caron', 'Alice', 'Cal', 'Bernardine', 'Bren', 'Berty', 'Barbey', 'Amy', 'Brigid', 'Ashli']
['Belva', 'Anni', 'Bride', 'Arlene', 'Ashlie', 'Babs', 'Cesya', 'Anica', 'Alanah', 'Allix']
['Betteann', 'Carlynn', 'Anastasia', 'Carrissa', 'Arliene', 'Austina', 'Berni']
['Babbette', 'Carena', 'Annelise', 'Amanda', 'Annabelle', 'Ardella', 'Ardra', 'Anabelle', 'Allissa', 'Catlee']
['Bobinette', 'Cathrine', 'Carlee', 'Catlaina', 'Andi', 'Addi', 'Celie', 'Barbabra']
['Annora', 'Bunni', 'Anatola', 'Aurore', 'Anthiathia', 'Camella', 'Aimil', 'Bibbie', 'Andrea', 'Angel']
['Audy', 'Chanda', 'Arlina', 'Calli', 'Beverie', 'Christel', 'Athena', 'Blinnie', 'Antoinette', 'Cherise']
['Ariela', 'Charity', 'Blythe', 'Chiarra', 'Bernete', 'Babara', 'Aaren', 'Christal', 'Almeda', 'Benetta']
['Babbie', 'Alexandrina', 'Berta', 'Alix', 'Ali', 'Ashlen', 'Penny', 'Bernadine', 'Babette', 'Billy']
['April', 'Alikee', 'Cherye', 'Carri', 'Alayne', 'Charleen', 'Cami', 'Cody', 'Ambur', 'Cammi']
['Aliza', 'Cheslie', 'Cassy', 'Andriana', 'Christabella', 'Alvira', 'Aurelea', 'Aile']
['Barbaraanne', 'Blancha', 'Carole', 'Charmion', 'Blanche', 'Alys', 'Billie', 'Catie', 'Catriona', 'Alejandra']
['Charin', 'Casandra', 'Ara', 'Allegra', 'Carmel', 'Bobette', 'Alverta']
['Aubine', 'Celestyn', 'Carlye', 'Cacilia', 'Annamaria', 'Betti', 'Anne', 'Carina', 'Bill', 'Bliss']
['Caroljean', 'Caralie', 'Angie', 'Andree', 'Bertine', 'Cele', 'Carmine', 'Billi', 'Catharine', 'Brittaney']
['Bobbye', 'Celestine', 'Alexia', 'Alexi', 'Calida', 'Amargo', 'Annadiane', 'Athene', 'Alissa', 'Astrix']
['Annabela', 'Adelheid', 'David', 'Beatrice', 'Brandea', 'Caryl', 'Bernardina', 'Chiquia', 'Benita', 'Amabel']
['Anastassia', 'Binni', 'Bonnee', 'Brandy', 'Caro', 'Bessy', 'Alisun', 'Bunny', 'Bethany', 'Asia']
['Arlie', 'Alie', 'Carlyn', 'Cariotta', 'Bess', 'Callida', 'Calla', 'Agace', 'Annabel', 'Carolyn']
['Angelina', 'Bamby', 'Abra', 'Christan', 'Carolina', 'Bobby', 'Angil', 'Alysa', 'Avis', 'Anabal']
['Cherrita', 'Ardene', 'Brier', 'Ada', 'Anet', 'Chelsy', 'Aveline', 'Christye', 'Aubrette', 'Ardeen']
['Casie', 'Babita', 'Caren', 'Abby', 'Caryn', 'Brandie', 'Cassondra', 'Adorne', 'Cammy', 'Carmelita']
