['133', '134', '103', '123', '135', '101', '119', '122', '137', '106', '148', '145', '147', '108', '131', '125', '128', '110', '113', '121', '100', '127', '130', '138', '117', '149', '132', '104', '124', '114', '107', '136', '139', '126', '105']
['5', '37', '24', '36', '17', '33', '40', '27', '44', '9', '1', '2', '21', '45', '23', '42', '4', '31', '15', '32', '30', '10', '26', '7', '46', '49', '34', '29', '19', '47', '14', '35', '48', '0', '20']
['93', '54', '56', '58', '84', '96', '76', '90', '55', '71', '99', '64', '95', '81', '70', '51', '92', '72', '50', '97', '61', '53', '85', '82', '74', '66', '57', '73', '75', '68', '80', '94', '60', '77']
['168', '184', '199', '194', '172', '151', '182', '193', '166', '160', '164', '181', '179', '167', '180', '195', '159', '153', '173', '158', '196']
['91']
['83']
['206', '241', '212', '247', '243', '242', '230', '228', '235', '237', '201', '226', '219', '220', '210', '223', '202', '233', '231', '239', '240', '214', '211', '232', '208', '217', '209', '236', '234', '218', '200']
['6']
['213']
['41']
['157']
['67']
['229']
['78']
['170']
['171']
['246']
['185']
['111']
['87']
['118']
['38']
['52']
['43']
['161']
['176']
['102']
['98']
['183']
['109']
['178']
['197']
['39']
['150']
['245']
['227']
['143']
['192']
['189']
['250']
['198']
['203']
['141']
['174']
['238']
['163']
['162']
['18']
['154']
['156']
['191']
['187']
['224']
['169']
['115']
['62']
['175']
['207']
['216']
['63']
['165']
['249']
['244']
['59']
['86']
['142']
['12']
['248']
['65']
['69']
['120']
['152']
['204']
['177']
['88']
['205']
['190']
['112']
['11']
['13']
['89']
['225']
['129']
['79']
['155']
['28']
['221']
['146']
['215']
['186']
['188']
['144']
['3']
['116']
['140']
['25']
['16']
['8']
['22']
['222']
