['320', '321', '282', '54', '266', '371', '345', '173', '366', '301', '178', '160', '291', '163', '374', '42', '71', '63', '192', '100', '7', '406', '246', '402', '117', '197', '85', '19', '236', '104']
['409', '182', '403', '375', '146', '204', '22', '387', '122', '1', '109', '245', '220', '12', '198', '188', '121', '271', '130', '275', '332', '225', '227', '152', '199', '394', '395', '75', '140', '0']
['357', '277', '206', '28', '133', '287', '56', '288', '43', '362', '141', '3', '205', '413', '348', '323', '2', '170', '137', '311', '41', '95', '179', '38', '127', '168', '256', '359', '415', '200']
['194', '337', '16', '302', '389', '86', '419', '326', '289', '408', '110', '393', '231', '317', '169', '300', '51', '240', '368', '344', '184', '34', '364', '52', '8', '295', '68', '48', '257', '94']
['154', '129', '410', '27', '272', '237', '411', '397', '45', '310', '306', '31', '112', '59', '162', '367', '254', '382', '46', '214', '315', '132', '390', '342', '66', '318', '218', '136', '139', '77']
['338', '24', '212', '134', '120', '203', '186', '44', '123', '351', '294', '101', '189', '388', '148', '39', '324', '267', '181', '319', '258', '183', '304', '380', '217', '386', '250', '378', '365', '412']
['377', '98', '297', '346', '79', '242', '153', '381', '352', '270', '21', '373', '400', '224', '329', '219', '316', '64', '15', '30', '125', '143', '10', '138', '325', '53', '14', '80', '111', '115']
['309', '190', '243', '339', '102', '404', '135', '216', '119', '201', '116', '145', '252', '147', '313', '213', '32', '81', '349', '128', '330', '278', '401', '211', '355', '312', '418', '358', '57', '18']
['177', '285', '5', '269', '69', '91', '331', '88', '103', '265', '58', '333', '260', '286', '89', '280', '108', '210', '223', '251', '113', '67', '72', '296', '74', '185', '180', '159', '263', '20']
['414', '222', '241', '405', '308', '33', '416', '238', '25', '226', '144', '335', '90', '171', '356', '83', '233', '279', '118', '361', '384', '303', '193', '172', '293', '383', '29', '248', '124', '35']
['370', '37', '13', '93', '17', '40', '369', '174', '157', '230', '9', '96', '23', '4', '264', '164', '70', '399', '92', '261', '354', '232', '156', '151', '209', '207', '114', '142', '60', '105']
['328', '290', '166', '247', '78', '385', '84', '363', '353', '259', '76', '274', '314', '284', '106', '307', '202', '167', '334', '158', '273', '62', '281', '391', '82', '73', '47', '165', '327', '392']
['11', '36', '175', '276', '215', '417', '350', '228', '407', '255', '305', '99', '262', '87', '372', '176', '6', '341', '379', '155', '208', '61', '161', '336', '229', '150', '234', '340', '253']
['49', '149', '292', '376', '221', '244', '126']
['235', '249', '131', '107', '322', '347']
['195', '298', '50']
['398', '283']
['239']
['191']
['55']
['187']
['396']
['343']
['196']
['360']
['299']
['26']
['268']
['65']
['97']
