['224', '208', '499', '353', '187', '216', '314', '210', '490', '188', '189', '341', '415', '469', '335', '86', '271', '280', '115', '466']
['298', '398', '484', '474', '450', '135', '84', '337', '456', '396', '467', '83', '453', '346', '397', '399', '79', '27', '273', '446']
['357', '214', '294', '140', '176', '17', '303', '492', '383', '181', '233', '302', '251', '331', '247', '464', '295', '428', '438', '203', '106']
['33', '371', '369', '244', '173', '215', '362', '230', '228', '486', '495', '219', '429', '196', '198', '317', '239', '368', '197', '384', '336', '418', '218', '47', '180', '159', '0']
['321', '103', '78', '119', '333', '116', '436', '324', '63', '393', '221', '435', '118', '117', '304', '227', '315', '132', '52', '391', '234', '359', '114', '14', '68', '327']
['269', '129', '69', '166', '496', '186', '347', '385', '487', '3', '102', '101', '460', '23', '451', '311', '15', '167', '426', '169', '325', '168', '470', '165', '77']
['222', '241', '370', '441', '194', '133', '175', '98', '91', '287', '266', '475', '242', '366', '58', '270', '348', '447', '468', '400', '99', '326', '445', '125', '432', '127', '275', '340', '126']
['338', '277', '225', '262', '46', '220', '112', '465', '390', '272', '296', '191', '498', '318', '444', '10', '35', '389', '20', '367', '471']
['177', '13', '403', '212', '489', '40', '265', '345', '153', '440', '387', '439', '411', '388', '264', '213', '223', '136', '401', '402', '50', '332', '172', '34', '427', '209', '386', '57', '51', '111']
['206', '285', '328', '409', '16', '238', '174', '204', '478', '351', '178', '160', '407', '373', '163', '170', '31', '108', '249', '162', '299', '164', '443', '382', '454', '279', '92', '217', '161', '250', '476', '73', '412']
['54', '146', '297', '243', '431', '301', '291', '323', '195', '89', '171', '292', '32', '128', '121', '278', '246', '449', '344', '152', '184', '151', '312', '293', '256', '150', '66', '342', '107', '360', '60']
['482', '410', '9', '433', '457', '404', '274', '352', '1', '479', '245', '329', '4', '145', '64', '95', '12', '59', '349', '158', '138', '211', '62', '480', '481', '394', '455']
['320', '5', '182', '308', '309', '93', '458', '120', '310', '90', '306', '307', '430', '30', '268', '179', '110', '463', '240', '361', '53', '29', '80', '200', '94']
['154', '11', '461', '290', '276', '477', '288', '259', '96', '284', '237', '109', '473', '2', '493', '260', '286', '313', '87', '372', '289', '497', '258', '7', '261', '354', '488', '61', '193', '229', '236']
['28', '24', '416', '25', '417', '123', '413', '316', '105', '131', '100', '26', '130', '183', '380', '156', '82', '358', '185', '207', '75', '139', '18']
['379', '155', '381', '442', '459', '364', '377', '19', '375', '376', '202', '319', '378', '70', '365', '124', '56', '406', '55', '305', '72']
['414', '37', '282', '405', '36', '134', '350', '363', '76', '21', '374', '39', '437', '356', '38', '330', '67', '334', '300', '322', '49', '355']
['462', '232', '434', '408', '81', '448', '8', '122', '157', '41', '85', '226', '45', '231', '42', '142', '43', '44']
['71', '485', '22', '149', '267', '235', '192', '343', '281', '74', '6', '283', '452', '88', '190', '254', '339', '263', '148', '147', '392']
['423', '141', '420', '205', '472', '422', '419', '201', '144', '255', '137', '252', '483', '143', '113', '491', '494', '424', '425', '97', '199', '65', '104', '253', '421', '248', '395', '48', '257']
