['249', '246', '184', '248', '6']
['391', '404', '105']
['395', '393']
['373', '309', '328']
['247', '243', '241', '231', '242']
['277', '274', '56', '276', '23']
['113', '114', '310']
['90', '89']
['111', '110']
['350', '47', '48', '385']
['101', '33', '102', '411', '99']
['358', '66', '359', '75', '361']
['254', '215', '54', '412', '216']
['179', '177', '275']
['400', '203', '402', '403', '72']
['172', '169', '171']
['286']
['122', '123', '120']
['233', '392']
['389', '278', '388', '180']
['38', '36', '294', '369', '39']
['307', '131', '287']
['170']
['306', '3', '4', '1']
['333', '332', '330']
['270', '290', '269', '178', '267']
['401', '163']
['283', '253', '188', '329', '70']
['222', '20', '223']
['165', '162', '164', '264']
['25', '166']
['139', '62', '61']
['64', '271', '272', '381', '37']
['109', '106', '10', '7', '108']
['374', '372', '375', '68']
['207', '204', '206', '5']
['24', '227', '225', '228']
['405', '189', '156']
['315', '224', '266']
['378', '182', '217', '273']
['21', '49', '335']
['314', '313', '280', '174', '292']
['251', '364', '299', '250']
['140', '331', '168', '155']
['126', '237', '138', '418']
['214', '213', '211', '356']
['387']
['317', '43', '45', '44', '46']
['167', '103']
['154', '127', '130', '129', '128']
['133', '158', '98', '212']
['344', '346', '345', '347']
['410', '34', '83', '407', '409']
['379', '208']
['42', '144', '143', '141']
['421', '390', '422', '423', '424']
['303', '26', '145', '302']
['132', '285', '301', '187']
['368', '365', '367', '366']
['297', '296', '295']
['318', '300', '316', '319']
['142', '100']
['9', '337', '8', '408']
['406', '413']
['293', '19', '394', '152']
['221', '308', '157', '220']
['336']
['326', '84', '325', '323']
['0', '398', '91', '382']
['218', '28']
['338', '348', '349']
['73', '97', '82', '74', '71']
['284', '312', '324', '181', '55']
['29', '31', '32', '30']
['191', '192', '190', '340']
['196']
['298', '112', '258']
['124', '93', '96']
['50', '52', '51', '370', '53']
['234', '2', '104', '238']
['322', '151', '148', '77', '150']
['263', '262']
['149']
['399', '135']
['416', '414', '118', '415', '417']
['119', '396']
['13', '117', '219', '289', '288']
['239', '240']
['153', '107', '115', '195']
['27', '226', '339']
['95', '92', '94']
['16', '15', '17', '363', '18']
['321', '320', '252']
['232', '176', '268']
['360', '341']
['357', '311', '260', '261', '12']
['194', '426', '146', '425']
['185', '186', '327', '183', '147']
['40', '116', '256']
['159', '121', '175', '160', '41']
['57', '58', '235', '60', '59']
['197', '198', '200', '199', '397']
['137', '134', '125', '136']
['279', '377', '376', '76']
['386']
['282', '173', '281', '11']
['65', '236', '244']
['67', '257', '35', '419', '343']
['352', '351', '205', '353', '354']
['304', '334', '305', '371']
['193', '255', '342']
['209']
['229', '362', '230']
['161', '14']
['79', '78', '69']
['202', '355', '201']
['85', '87', '88', '86', '245']
['265', '81', '259', '80']
['420']
['384', '22', '383', '380', '291']
['210']
['63']
