['154', '217', '129', '216', '132', '237', '236', '258', '238', '57', '218', '255', '257', '219', '239']
['338', '177', '166', '331', '157', '351', '274', '270', '116', '137', '187', '192', '131', '319', '221', '401', '138', '325', '158', '117', '322', '97', '156', '150', '66', '136', '200']
['15', '220', '37', '135', '36', '16', '17', '323', '253', '297', '415', '406']
['350', '372', '353', '184', '267', '352', '394', '229', '128', '393', '373', '330', '374', '215', '327']
['28', '409', '249', '212', '201', '121', '27', '26', '47', '7', '10', '230']
['344', '363', '343', '384', '364', '93', '383', '396', '418', '6', '234', '395', '365', '318', '224']
['206', '290', '282', '244', '288', '203', '362', '58', '398', '122', '189', '109', '21', '310', '400', '311', '4', '292', '100', '341', '130', '197', '29', '151', '378', '114', '277', '11', '33', '265', '345', '366', '96', '404', '307', '147', '196', '298', '324', '12', '210', '143', '67', '92', '261', '300', '240', '273', '46', '168', '193', '172', '8', '248', '320', '370', '25', '88', '84', '235', '252', '71', '171', '176', '223', '202', '332', '379', '149', '303', '340', '80', '0', '77', '269', '321', '175', '54', '134', '294', '101', '42', '63', '164', '113', '399', '231', '214', '155', '227', '315', '256', '185']
['87', '62', '241', '232', '61', '81', '309', '82', '302', '146', '40', '278', '79', '68', '41', '60']
['222', '112', '161', '34', '162', '85', '181', '160', '190', '140', '106', '417', '141']
['246', '22', '208', '133', '125', '98', '104', '281', '299', '124', '126', '251', '209', '144', '1', '260', '402', '145', '123', '105']
['368', '328', '199', '348', '272', '349', '407', '167', '342', '107', '346', '388', '369', '170', '169', '148', '280', '367', '347']
['243', '191', '153', '86', '9', '76', '387', '411', '195', '55', '95', '254', '211', '386', '74', '73', '35', '75', '180', '111', '94', '115']
['49', '31', '30', '69', '13', '405', '182', '70', '416', '2', '48', '242', '51', '50']
['64', '225', '5', '178', '24', '65', '308', '375', '45', '23', '245', '165', '279', '43', '44']
['262', '380', '259', '381', '179', '99', '385', '19', '271', '419', '296', '397', '226', '103', '382', '339', '389', '360', '361']
['357', '355', '336', '356', '337', '377', '413', '376', '83', '233', '358', '295', '207', '14', '335', '120', '316']
['313', '152', '408', '314', '312', '333', '293', '247', '334', '276', '317', '263', '329', '72', '354']
['414', '59', '108', '194', '410', '38', '188', '359', '18', '163', '56', '174', '39']
['285', '205', '102', '326', '228', '53', '284', '52', '287', '266', '306', '286', '305', '412']
['213', '119', '291', '20', '159', '204', '139', '127', '118']
['304', '183', '403', '91', '110', '283', '90', '142', '89', '275']
['264', '3', '32', '301', '268', '289', '78', '390', '198', '250', '391', '371', '173', '186', '392']
