['s65', 's130', 's2', 's270', 's495', 's119', 's493', 's453', 's320', 's252']
['s199', 's96', 's365', 's322', 's84', 's190', 's61', 's494', 's439', 's378']
['s352', 's390', 's393', 's120', 's80', 's321', 's28', 's261', 's460', 's277']
['s301', 's82', 's414', 's167', 's394', 's433', 's305', 's427', 's492', 's353']
['s117', 's51', 's134', 's376', 's463', 's129', 's480', 's367', 's220', 's171']
['s419', 's455', 's381', 's198', 's187', 's298', 's43', 's98', 's348', 's44']
['s107', 's311', 's147', 's83', 's315', 's251', 's410', 's234', 's81', 's169']
['s63', 's420', 's436', 's7', 's446', 's191', 's351', 's40', 's355', 's228']
['s346', 's122', 's0', 's344', 's462', 's232', 's170', 's74', 's424', 's364']
['s182', 's377', 's106', 's489', 's105', 's152', 's306', 's371', 's231', 's388']
['s442', 's288', 's486', 's235', 's418', 's79', 's42', 's60', 's126', 's110']
['s310', 's415', 's498', 's76', 's335', 's225', 's222', 's409', 's238', 's316']
['s156', 's89', 's389', 's67', 's246', 's71', 's481', 's269', 's372', 's443']
['s434', 's118', 's280', 's296', 's275', 's470', 's324', 's449', 's302', 's49']
['s308', 's197', 's450', 's41', 's307', 's293', 's445', 's328', 's209', 's330']
['s477', 's124', 's5', 's85', 's340', 's172', 's8', 's464', 's478', 's292']
['s140', 's68', 's165', 's75', 's312', 's11', 's29', 's37', 's23', 's386']
['s138', 's392', 's289', 's69', 's406', 's64', 's297', 's161', 's466', 's263']
['s373', 's202', 's267', 's26', 's224', 's163', 's36', 's53', 's260', 's425']
['s303', 's22', 's451', 's9', 's155', 's354', 's109', 's404', 's128', 's92']
['s48', 's90', 's329', 's431', 's380', 's468', 's207', 's412', 's178', 's208']
['s432', 's216', 's215', 's435', 's166', 's264', 's188', 's333', 's159', 's139']
['s391', 's467', 's403', 's12', 's217', 's400', 's483', 's401', 's272', 's345']
['s268', 's411', 's395', 's274', 's236', 's66', 's131', 's452', 's1', 's108']
['s369', 's45', 's58', 's78', 's426', 's164', 's38', 's490', 's54', 's219']
['s72', 's168', 's339', 's211', 's314', 's59', 's399', 's417', 's186', 's317']
['s359', 's137', 's56', 's132', 's87', 's413', 's27', 's242', 's497', 's357']
['s146', 's144', 's250', 's291', 's440', 's325', 's304', 's397', 's189', 's6']
['s91', 's226', 's143', 's35', 's326', 's383', 's358', 's283', 's285']
['s254', 's259', 's31', 's113', 's121', 's243', 's95', 's385', 's200', 's142']
['s214', 's94', 's262', 's475', 's276', 's430', 's287', 's299', 's300', 's457']
['s379', 's323', 's286', 's237', 's206', 's361', 's396', 's350', 's366', 's469']
['s408', 's32', 's256', 's341', 's496', 's428', 's249', 's115', 's112', 's271']
['s265', 's429', 's332', 's114', 's4', 's313', 's258', 's39', 's473', 's183']
['s77', 's230', 's21', 's227', 's93', 's149', 's103', 's488', 's382', 's104']
['s52', 's370', 's487', 's135', 's184', 's46', 's255', 's384', 's20', 's127']
['s343', 's476', 's374', 's18', 's100', 's233', 's398', 's459', 's57', 's194']
['s102', 's479', 's347', 's485', 's421', 's309', 's25', 's229', 's212', 's86']
['s318', 's176', 's387', 's62', 's99', 's239', 's438', 's133', 's136', 's338']
['s179', 's368', 's356', 's218', 's281', 's145', 's141', 's3', 's279', 's192']
['s205', 's15', 's17', 's101', 's405', 's423', 's47', 's441', 's180', 's30']
['s360', 's175', 's157', 's151', 's363', 's116', 's34', 's160', 's454', 's456']
['s284', 's221', 's484', 's471', 's422', 's319', 's375', 's111', 's223', 's181']
['s278', 's257', 's33', 's448', 's16', 's290', 's416', 's153', 's174', 's201']
['s362', 's88', 's150', 's123', 's402', 's158', 's203', 's154', 's407']
['s97', 's266', 's491', 's185', 's465', 's461', 's173', 's14', 's210']
['s177', 's24', 's204', 's148', 's125', 's10', 's327']
['s213', 's241', 's55', 's342', 's245', 's337', 's247', 's458', 's13']
['s162', 's334', 's472', 's437', 's244', 's331', 's196', 's282', 's253', 's349']
['s294', 's195', 's482', 's474', 's447', 's50', 's70', 's336']
['s73', 's295', 's499', 's444', 's273', 's248']
['s193', 's240', 's19']
