['98', '27', '345', '389', '215', '9', '216', '284', '119', '201', '42', '64', '38', '330', '399', '231', '169', '118', '183', '214', '211', '380', '208', '65', '140']
['331', '244', '191', '157', '58', '381', '23', '148', '305', '165', '313', '128', '110', '258', '254', '138', '184', '384', '161', '73', '48', '51', '200', '111', '0']
['206', '28', '257', '91', '212', '120', '294', '363', '55', '71', '213', '12', '181', '393', '67', '273', '332', '156', '342', '253', '207', '340', '359', '80', '94']
['54', '346', '190', '204', '101', '235', '237', '310', '90', '286', '219', '162', '223', '125', '164', '167', '117', '61', '132', '52', '383', '57', '378', '47', '14']
['5', '297', '243', '43', '44', '385', '135', '1', '126', '89', '324', '343', '289', '319', '6', '121', '168', '53', '197', '312', '236', '391', '248', '107', '392']
['277', '269', '146', '33', '40', '134', '79', '3', '353', '260', '196', '95', '292', '220', '251', '317', '368', '232', '62', '152', '281', '150', '185', '263', '327']
['129', '17', '302', '301', '144', '106', '145', '147', '99', '298', '32', '108', '249', '92', '275', '46', '225', '97', '336', '19', '394', '256', '250', '142', '105']
['357', '338', '194', '308', '175', '375', '371', '123', '141', '102', '323', '224', '171', '63', '396', '349', '279', '300', '239', '361', '149', '234', '318', '114', '124']
['290', '24', '309', '166', '287', '265', '288', '274', '178', '116', '4', '267', '210', '70', '10', '130', '72', '325', '240', '199', '355', '193', '29', '66', '68']
['177', '203', '173', '160', '109', '397', '388', '335', '374', '112', '187', '179', '188', '143', '26', '344', '227', '34', '151', '390', '364', '358', '35', '139', '18']
['222', '328', '69', '247', '174', '86', '366', '351', '2', '45', '311', '39', '15', '299', '202', '233', '271', '354', '49', '172', '315', '293', '395', '360', '115']
['154', '11', '241', '370', '369', '339', '347', '205', '283', '373', '170', '329', '372', '59', '356', '192', '131', '7', '322', '50', '304', '296', '104', '295', '180']
['84', '350', '398', '76', '306', '93', '122', '189', '270', '334', '75', '242', '136', '400', '127', '186', '262']
['182', '337', '13', '133', '16', '56', '276', '228', '387', '352', '163', '252', '87', '326', '30', '268', '198', '261', '155', '379', '209', '229', '218', '60']
['85', '81', '291', '238', '113', '100', '365', '88', '226', '382', '137', '246', '20', '316', '362']
['259', '217', '96', '195', '377', '272', '376', '74', '266', '83', '221', '21', '103', '245', '41', '280', '77']
['22', '37', '314', '348', '8', '82', '341', '255', '159', '158']
['320', '31', '176', '282', '303', '321', '36', '25', '153', '307', '78', '367']
['264', '285', '333', '278', '230']
['386']
