['379', '178', '434', '85', '424', '306', '119', '125', '191', '345', '248', '124', '373', '120', '80', '400', '451', '92', '123']
['9', '64', '259', '69', '65', '312', '237', '439', '376', '6', '110', '67', '388', '1116', '257', '148', '305', '425']
['298', '294', '353', '351', '301', '381', '269', '227', '296', '11119', '336', '342', '2', '295', '297', '234', '330', '45', '11117', '20', '440']
['194', '190', '157', '420', '11122', '76', '1', '163', '195', '311', '71', '95', '32', '448', '249', '356', '70', '393', '72', '149', '74', '73', '75', '18']
['338', '414', '337', '17', '1118', '174', '11127', '291', '323', '310', '137', '452', '4', '171', '289', '432', '463', '449', '211', '184', '217', '315', '161', '11114', '427', '293', '340', '415', '60', '392']
['13', '308', '247', '43', '44', '11126', '457', '352', '453', '447', '11123', '42', '286', '196', '408', '83', '181', '258', '221', '231', '402', '271', '1111', '29', '281', '394', '111', '0', '446']
['326', '404', '1115', '282', '108', '403', '19', '223', '16', '407', '233', '66', '418', '63', '464', '374', '406', '260', '325']
['368', '246', '11121', '370', '156', '267', '303', '419', '416', '107', '444', '371', '48', '276', '11128', '224', '11124', '215', '367', '126', '366']
['357', '433', '11113', '355', '162', '209', '166', '11118', '359', '421', '14', '7', '136', '90', '462', '183']
['155', '262', '232', '129', '461', '384', '284', '386', '160', '167', '426', '254', '242', '159', '169', '89', '158', '105']
['206', '37', '36', '33', '266', '88', '78', '216', '411', '283', '41', '39', '31', '30', '268', '12', '1114', '454', '401', '275', '152', '34', '391', '35', '1112', '412']
['28', '405', '93', '302', '331', '265', '11110', '3', '135', '235', '333', '335', '144', '219', '213', '292', '319', '334', '443', '300', '332', '225', '208', '11115', '197', '11111', '57', '455', '1117', '200']
['277', '5', '441', '409', '321', '423', '11120', '458', '346', '134', '79', '203', '173', '347', '385', '102', '314', '430', '316', '59', '349', '278', '399', '341', '317', '364', '229', '82', '358', '378']
['87', '350', '363', '410', '192', '377', '413', '81', '287', '383', '365', '397', '226', '106', '360', '130', '147', '362', '361']
['58', '320', '97', '61', '187', '172', '465', '456', '467', '307', '387', '56', '389', '263', '145', '417', '230']
['154', '168', '241', '450', '11112', '24', '250', '188', '131', '238', '121', '243', '327', '244', '279', '329', '239', '240']
['372', '274', '442', '343', '270', '375', '143', '150', '207', '395', '273', '435', '165', '94', '142', '141']
['177', '222', '182', '212', '146', '1119', '186', '431', '101', '422', '11116', '280', '313', '264', '324', '220', '179', '396', '251', '322', '214', '256', '318', '47', '180']
['49', '53', '437', '193', '52', '133', '54', '1113', '198', '77', '164', '218', '428', '51', '127', '55', '50']
['328', '25', '27', '369', '288', '204', '22', '272', '460', '189', '21', '255', '23', '128', '26', '10', '344', '304', '199', '11125', '8', '104', '68', '139']
['117', '380', '112', '15', '122', '91', '201', '113', '185', '116', '114', '118', '11129', '170', '153', '354', '115', '99']
['205', '62', '176', '96', '290', '210', '151', '348', '175', '98', '202', '299', '253', '109', '445', '103', '382', '86', '261', '138', '436']
['285', '398', '11', '140', '84', '228', '459', '132', '38', '309', '390', '236', '100', '339', '40', '438', '245', '429', '252', '466', '46']
