['PBP', 'GUQ', 'FWN', 'UKF', 'MZP', 'CFP', 'VYF', 'GBL', 'HMT', 'JTZ', 'TLC', 'AIM', 'SGO', 'VZX', 'XJW', 'NOP', 'ZFU', 'AYJ', 'AMV', 'YYC', 'NWB', 'CHA', 'DFW', 'AYK', 'IYD']
['NSI', 'FCU', 'ODG', 'CDW', 'RIX', 'FHI', 'WIF', 'OLD', 'YKF', 'VMJ', 'YPX', 'FOD', 'HPH', 'ZBU', 'EEA', 'XOE', 'ALI', 'DRX', 'EQX', 'TWL', 'PVQ', 'YKR', 'WMY', 'SFK', 'ZBF']
['OCI', 'UDD', 'RKH', 'ESU', 'YNR', 'IDJ', 'NDB', 'WER', 'SQR', 'TMR', 'HZF', 'ECG', 'JJB', 'RUR', 'GGM', 'QQN', 'SUQ', 'WZL', 'VMW', 'UFK', 'UTL', 'ROL', 'CGQ', 'IFO', 'LBW']
['ULP', 'HCD', 'FTL', 'MWQ', 'KMP', 'IPG', 'RXD', 'BIN', 'RYA', 'LHQ', 'DWU', 'GWT', 'MBZ', 'RJS', 'CYA', 'HIG', 'YSP', 'YHX', 'XEN', 'IIY', 'GFL', 'DAW', 'LJA', 'GMF', 'VWR']
['KDV', 'DHT', 'CGD', 'WWL', 'KXZ', 'GUN', 'FXX', 'ZGL', 'JME', 'EOF', 'IDO', 'CEY', 'UHE', 'YSD', 'FCJ', 'XPW', 'QLH', 'POR', 'KNO', 'DXK', 'TFQ', 'XNY', 'GUR', 'FUR', 'IKW']
['JXZ', 'PKK', 'VQR', 'EBY', 'LTC', 'GLR', 'IKB', 'SNW', 'LUT', 'XKQ', 'FPT', 'EDD', 'ZFO', 'GPL', 'SQS', 'JDC', 'INO', 'DTS', 'KNZ', 'MED', 'EUK', 'DJA', 'NGI', 'UIO', 'VFM']
['PZA', 'FXH', 'TVY', 'UCH', 'QTQ', 'MLH', 'YYU', 'YOA', 'TGW', 'RNM', 'JVR', 'YVQ', 'JMT', 'PGO', 'VRD', 'RIA', 'MSE', 'SMM', 'QBJ', 'GUE', 'NLI', 'SNM', 'LOQ', 'TDJ', 'FQC']
['BFH', 'MSC', 'THJ', 'VCY', 'WTX', 'YTR', 'YEN', 'VXB', 'NXU', 'OHR', 'TQB', 'NDJ', 'FTI', 'YKQ', 'NTW', 'QTJ', 'MMS', 'GEF', 'GPH', 'SCX', 'SNS', 'SAQ', 'RNU', 'YSM', 'QIK']
['QRE', 'BJR', 'GGA', 'HBC', 'MOH', 'ACJ', 'AUL', 'EAA', 'WCB', 'CDZ', 'MUL', 'MJR', 'EKJ', 'ZQN', 'YDT', 'AQN', 'LWH', 'SFJ', 'IUY', 'ITN', 'CNU', 'UGW', 'KVD', 'HYW', 'QAM']
['CIH', 'IIT', 'PAS', 'NXI', 'IYH', 'PGE', 'VFV', 'YWW', 'XHQ', 'OXU', 'EZU', 'KLV', 'ALL', 'QLI', 'PIL', 'CJB', 'AJB', 'HJA', 'SGT', 'XQI', 'WUI', 'BBZ', 'RKO', 'MUO', 'XDE']
['KLM', 'TBN', 'VWX', 'KMD', 'QMI', 'ZNQ', 'DMP', 'CAO', 'ARV', 'WCD', 'JGS', 'SFB', 'VTH', 'ABC', 'XWK', 'DNE', 'QVI', 'TVZ', 'JXM', 'SCS', 'IPY', 'BLK', 'FMU', 'TFN', 'SRB']
['FWB', 'JKL', 'FXI', 'DZR', 'CCY', 'AWX', 'HHK', 'KLS', 'UZU', 'ALG', 'RSJ', 'VAC', 'QCJ', 'WSD', 'TKB', 'WJI', 'IKN', 'MNB', 'XRV', 'HNC', 'QFE', 'BDX', 'QDB', 'FJL', 'DOT']
['BHL', 'FPR', 'PVS', 'KZQ', 'BTJ', 'RDG', 'JUQ', 'GSB', 'QTR', 'YYJ', 'UOM', 'LZE', 'JSL', 'PDU', 'RYT', 'NDI', 'TBT', 'MIE', 'ONX', 'DTU', 'NUG', 'SRP', 'CUZ', 'TMD', 'FTE']
['KUO', 'AHE', 'ARM', 'FDS', 'LZI', 'NFI', 'ELJ', 'UMO', 'TGH', 'XCX', 'PYK', 'CHR', 'QNG', 'HTW', 'XEO', 'DTW', 'SFD', 'AZD', 'YDL', 'JZA', 'MAC', 'XVF', 'IPV', 'QJK', 'EWG']
['WYK', 'QZB', 'DMH', 'YKH', 'MVB', 'KJN', 'PAX', 'PON', 'QEP', 'WDF', 'POC', 'PCL', 'ZIT', 'KEQ', 'GUT', 'FEV', 'NGH', 'LGP', 'RZW', 'DAT', 'DYU', 'SDH', 'EPR', 'RSG', 'BRY']
['WKY', 'UEN', 'IAM', 'HXF', 'ZCY', 'NPS', 'KVY', 'JZY', 'HPV', 'AGI', 'SUT', 'MJV', 'FSW', 'GYM', 'ZJU', 'LLX', 'GGP', 'ZCF', 'IUE', 'KAJ', 'LHD', 'YAR', 'OFJ', 'OII', 'TSS']
['KSW', 'FOW', 'MVS', 'JII', 'NNG', 'UKO', 'RUP', 'OON', 'HXZ', 'LMU', 'ZKY', 'CZB', 'RYE', 'EDP', 'MYN', 'SCZ', 'IQJ', 'WED', 'HGD', 'NHA', 'EBA', 'YLS', 'FWA', 'ZFK', 'HUN']
['WWT', 'MUV', 'PTX', 'SYQ', 'PMO', 'MCI', 'PJW', 'UHU', 'JOQ', 'UNW', 'IFU', 'XVQ', 'OZT', 'ACP', 'BCI', 'WLU', 'CXP', 'FKU', 'OEN', 'BEQ', 'YER', 'WHJ', 'LZP', 'CFJ', 'XFW']
['KLZ', 'EBB', 'LXJ', 'DCZ', 'IPK', 'ASO', 'SUP', 'QIB', 'BCW', 'DMN', 'FJH', 'HQB', 'XIY', 'MLN', 'JZV', 'JWQ', 'NJD', 'UZY', 'HGF', 'JHO', 'IEK', 'YUG', 'TFT', 'NQL', 'NLS']
['TQM', 'PME', 'MIN', 'BZI', 'APD', 'POJ', 'QYA', 'YTQ', 'SDF', 'JMO', 'LWA', 'SCK', 'OVZ', 'ZRO', 'PAU', 'ELO', 'YYG', 'CRF', 'WGY', 'TUK', 'GXJ', 'ZPA', 'RBJ', 'WJS', 'XXQ']
