['044', '033', '000', '276', '350', '026', '101', '032', '037', '400', '025', '049', '076', '426', '401', '300', '325', '425', '041', '043', '151', '250', '150', '042', '200']
['177', '194', '182', '175', '190', '191', '186', '178', '348', '189', '195', '196', '187', '192', '198', '188', '181', '183', '184', '199', '197', '193', '185', '421', '180']
['441', '030', '028', '039', '046', '404', '413', '031', '038', '027', '374', '045', '040', '443', '254', '424', '361', '047', '036', '048', '360', '034', '029']
['050', '375', '475', '420', '351', '301', '376', '201', '226', '451', '051', '176', '326', '100', '251', '001', '406', '435', '225', '427', '476', '415', '075', '263', '126']
['377', '389', '347', '385', '398', '381', '387', '397', '388', '260', '437', '396', '393', '382', '379', '380', '384', '390', '383', '394', '391', '386', '378', '395', '392']
['241', '238', '416', '247', '243', '242', '244', '230', '228', '235', '237', '245', '268', '249', '233', '231', '246', '239', '240', '227', '232', '229', '236', '234', '248']
['363', '353', '372', '267', '343', '448', '418', '253', '349', '399', '428', '265', '271', '412', '431']
['277', '285', '290', '282', '287', '297', '288', '339', '294', '259', '284', '291', '283', '286', '298', '292', '289', '299', '278', '279', '275', '296', '281', '293', '295']
['461', '458', '444', '466', '471', '474', '457', '459', '472', '456', '453', '460', '467', '468', '473', '464', '469', '452', '462', '450', '454', '463', '470', '465', '455']
['024', '020', '023', '011', '005', '021', '012', '016', '333', '010', '013', '022', '015', '008', '009', '018', '007', '004', '402', '017', '003', '014', '019', '006', '002']
['129', '133', '146', '134', '141', '135', '407', '144', '137', '148', '145', '147', '131', '143', '128', '127', '130', '138', '149', '355', '132', '136', '140', '139', '142']
['320', '321', '308', '309', '302', '314', '439', '323', '310', '306', '311', '307', '305', '316', '313', '324', '319', '258', '317', '322', '304', '315', '303', '312', '318']
['482', '496', '489', '371', '477', '478', '487', '485', '486', '479', '495', '493', '483', '499', '492', '356', '497', '491', '494', '488', '480', '484', '481', '490', '498']
['262', '269', '328', '408', '179', '336', '403', '445', '449', '342', '358', '340', '346', '366', '345', '440', '446']
['154', '166', '174', '153', '173', '157', '160', '163', '170', '165', '430', '171', '162', '164', '167', '341', '169', '158', '155', '168', '152', '156', '161', '172', '159']
['357', '368', '338', '433', '370', '274', '272', '422', '432', '330', '035', '335', '417', '329', '367', '436']
['264', '344', '442', '337', '364', '447', '423', '256', '266', '359', '365', '438', '332', '354', '280', '273']
['409', '434', '405', '352', '410', '125', '373', '334', '255', '257', '261', '252', '429']
['055', '056', '057', '058', '065', '053', '070', '063', '419', '411', '064', '072', '074', '068', '061', '052', '059', '060', '062', '067', '073', '066', '071', '054', '069']
['414', '206', '222', '212', '331', '203', '204', '215', '205', '216', '224', '219', '213', '220', '210', '223', '202', '221', '211', '214', '208', '217', '209', '207', '218']
['103', '120', '369', '123', '102', '119', '122', '109', '116', '327', '106', '112', '108', '110', '113', '121', '118', '117', '104', '124', '114', '107', '111', '115', '105']
['088', '093', '078', '097', '079', '089', '085', '362', '270', '095', '090', '084', '092', '081', '091', '094', '077', '098', '096', '099', '080', '087', '083', '082', '086']
