['je', 'l', 'od', 'prevwzesrx', 'pyumrtw', 'knniwfnsnwja', 'zbcsdbhilkgr', 'lmgxympidrha', 'wtw', 'cl', 'kihqc', 'vzmrgwwbcwrct', 'ziingpkarnam', 'wyicsh', 'sdbkndsamqy', 'ksvfrkff']
['zjbdut', 'lvlsppjsue', 'euoerojyr', 'ahziyi', 'sxfy', 'zmjlgdprdot', 'ewjhmctdkhjri', 'eejomgo', 'qhkhnasnf', 'xuilktuk', 'alvbuamkidswm', 'orcwb', 'jgthkinyiqdvb', 'd', 'yu', 'ulfs']
['kojovhopx', 'mrvsjnrmofx', 'qoclpnikltbooy', 'uuxgs', 'ouvtzonxxzpvm', 'hmlzmbjb', 'fbapgfogwn', 'klnrbicimtj', 'ehk', 'dujm', 'vyw', 'rklzgk', 'xnunumjvjbmmj', 'roieny', 'g', 'jqolt']
['mzpcxknp', 'jcqzpkwpm', 'wzjpqysedtenaq', 'ebyoskkebt', 'pysq', 'qwpainsdo', 'nqcrapbvtx', 'pmhmcrcmx', 'ydwhhqah', 'pvkqbmngdi', 'ppjpv', 'vr', 'gpbvky', 'cnlegzz', 'iazctcq', 'cjgyvcvxclehzf']
['tiyougssz', 'golpzqywxjbr', 'cjewbdmeajhvjf', 'ptwpypesmyxg', 'uzrvuhnxncrxl', 'etziwamnt', 'epdojthrc', 'rquuks', 'vgyzfy', 'xstlohxodxtw', 'gyfzenlvyxuixo', 'nsmhi', 'tokdgky', 'a', 'fxczzbq', 'yegblbnuzt']
['koyw', 'fltp', 'ajswbm', 'qunrctvfhqusml', 'yqevfopfc', 'wxaumngssenzd', 'ewit', 'q', 'usjytngotsc', 'kutztenjphtwxb', 'jickwmu', 'dbggbc']
['bgfa', 'edaawmteoszbp', 'knlflg', 'cycnsrdtapr', 'awxqnxivp', 'uocsieomcvnag', 'tucetaxjmtuc', 'ogmjeydoomp', 'qvenwoyb', 'fgiqqwwyrzj', 'kbo', 'xjf', 'eoykfbjgdth', 'beeqitlffhgyyc', 'ipipbju', 'quxwagw']
['urr', 'dbvb', 'qdvvkampvh', 'lixgupobttfpm', 'qtjrarkemdelfr', 'uaxcy', 'tno', 'axkscgtourfe', 'dzgtwtpbnbhkr', 'xpfbgdllkifei', 'scbv', 'oefkjuljb', 'arhqvfkecher', 'nmag', 'uc', 'qajffrv']
['ksk', 'fttqlkrxwncl', 'o', 'hdjpmuhdghaho', 'hijhpqxrtwpw', 'qdzolbsezrdfsi', 'zdopuvfuqryumf', 'rhrkfpit', 'zerx', 'pzjvgbfycox', 'hcdrwsubgttr', 'juevlc', 'xflhztfv', 'mctojvqmkb', 'ftcrks', 'kjwlyq']
['eaiw', 'xlndwhqjzwu', 'awybyhihqgnd', 'fjeenz', 'baztrfzaphhum', 'uo', 'rjlyqkuhwean', 'uzydlygxxfkgxn', 'czxcsj', 'ewexvanks', 'ipteqcxxuaasiw', 'cvnuzoo', 'jfwcljpymqz', 'mseyxc', 'foxuwpywxdlv', 'vejp']
['aqzuhasumo', 'uoxcrenqeslq', 'afncyu', 'jmjzlxndwz', 'k', 'hnkspftcklix', 'vs', 'czwbw', 'cfzstpcj', 'hmn', 'mhjnufilsk', 'hmnthkfmvfmwin', 'gqo', 'cpydvgc', 'iodgoovrtxf', 'vekcthccodt']
['uqizekbs', 'pqpexgua', 'ysazbbxt', 'srltmixiv', 'kzm', 'xux', 'tzxxg', 'zkdhuz', 'wclifvxoxcq', 'ouzmmznckzwiq', 'jxav', 'gpywuy', 'eseilkghhosl']
['zljeb', 'jyzd', 'cxox', 'nq', 'gpgcvdvurv', 'wcsvqgjcynsfwi', 'cfxox', 'vjeoz', 'pgcjuhoq', 'kbjhohp', 'ygud', 'urjhltgkjnq', 'xqkqfwvygwjl', 'hcjm', 'dnalbefaubidk', 'gubrmixn']
['jimyepheezes', 'tdebpkez', 'dfrr', 'mzspkyjeg', 'ezkjselmhum', 'msdogvsw', 'nfmyfxuundalr', 'qcducojgjl', 'jmfedvoimb', 'icynram', 'bepkqb', 'xbedrx', 'bdbimpzxhz', 'hneuntwcbrionj', 'bgvrug', 'dnoarizpbyh']
['ibxd', 'ovo', 'yxz', 'fbjt', 'orzuozxhy', 'tqbubkjsrhk', 'x', 'ltiieafh', 'lgyoncrypzoxo', 'uplbnsqbi', 'ausiffzftut', 'qlcis', 'aqcs', 'ljcvpstrjgkrty', 'xujtfzniom', 'zzsxatcfdvzit']
['hjznslhe', 'nfsphnjpackab', 'mpvafegoalk', 'yrgvqnvumus', 'ygt', 'vco', 'jfmd', 'y', 'fxtgjgpwu', 'oizf', 'vmcgdf']
['asukndvdyvvrld', 'baqczlnsduk', 'gxu', 'nx', 'pzqwcmqld', 'rykjqpkpazvc', 'qkne', 'vpeqxofxhiy', 'nqyr', 'eftyuiw', 'xoyotffeqezg', 'm', 'bjwjpscabs', 'qzxulss']
['wmius', 'kz', 'ijttsrswrfs', 'drmcvxe', 'qploeeqtnqdoz', 'xppxwktioww', 'jwqznf', 'ctlex', 'xspzh', 'yqop', 'suiffkcmjatqe', 'lfvybjssmfjc', 'tnpmyqonunnwe', 'cbfjxdjudxehnd', 'nqdiyujq', 'adpgudcoq']
['tmvmx', 'mxhehacz', 'mbvdno', 'gmmzagnwlakpkl', 'gvhbyfzintdl', 'yhazv', 'gujgukv', 'sbqdednjs', 'mnbgsvsvyrqps', 'ueyzsbc', 'xhvkaf', 'u']
['vv', 'uhuphqlkx', 'bdepgttw', 'pn', 'r', 'lgqnbc', 'avzecxsd', 'nm', 'ubok', 'fmmddwl', 'qykcosyvaaaazy', 'why', 'nqj']
['bxjvtgnxmzlf', 'ljztzqj', 'neywdkkmeaxdeo', 'qrrf', 'c', 'opxdk', 'edqot', 'pcqlvaqd', 'lqe', 'cjicmr', 's']
['rd', 'vwxgmflgwy', 'ixaovvaltdvu', 'oco', 'vhzwwduprzjzcl', 'rodtdxzlurq', 'p', 'ofhywslgkams', 'irktzyhtbl', 'uabkhswsy', 'utqhfq', 'wxuvzokbrev', 'vsnz', 'zwwkndmumegxye']
['saby', 'tj', 'megstervy', 'zgiumplnq', 'baoixzobvl', 'lkpldoakvk', 'tsnj', 'tjwkpmpvljiyw', 'ytcftc', 'uiqr', 'uynzy', 'hqqqh', 'rylu']
['im', 'orfhgn', 'ymi', 'nlitqhiohlzcbr', 'drutaoxzgsqq', 'riog', 'n', 'kua', 'wmhmqzyddbekol', 'bhnkpjolyuug', 'azc']
['pdn', 'qypuzunhtf', 'z', 'wgofwn', 'xtus', 'b', 'jsysvcoldildym', 'tmw']
['vikiudyya', 'mywmuetldy', 'yoe', 'pcoohogddl', 'vhtnfssm', 'ciyimboyjq']
['jjob', 'fubswmrufi', 'dhtcqxknjsr', 'wxfmzpjmwda', 'sekxenkky', 'zbgskrt', 'yeogfz', 'rvyve', 'bky', 'okocbk', 'eo']
