['482', '475', '477', '466', '478', '471', '474', '472', '456', '467', '468', '473', '479', '464', '469', '462', '483', '463', '470', '480', '481', '465', '476', '126']
['206', '37', '17', '423', '212', '175', '203', '204', '389', '215', '78', '205', '216', '387', '201', '255', '310', '451', '219', '213', '210', '198', '202', '401', '92', '127', '211', '214', '208', '217', '199', '209', '383', '250', '207', '218', '200', '360', '77']
['414', '441', '54', '56', '44', '123', '58', '96', '235', '376', '45', '55', '64', '59', '63', '169', '239', '50', '46', '49', '344', '62', '355', '53', '336', '65', '52', '80', '57', '421', '47', '358', '48', '51', '60', '367']
['320', '328', '321', '337', '308', '133', '309', '79', '265', '440', '135', '459', '284', '122', '323', '311', '286', '329', '316', '429', '313', '324', '220', '326', '356', '143', '319', '258', '443', '317', '322', '325', '315', '312', '318', '114', '327']
['129', '405', '410', '403', '416', '297', '120', '86', '417', '398', '404', '413', '119', '407', '411', '397', '400', '430', '436', '112', '343', '267', '408', '396', '131', '125', '330', '128', '399', '406', '402', '449', '152', '390', '386', '253', '415', '68', '140', '111', '139', '115', '412']
['93', '91', '98', '146', '88', '103', '350', '102', '101', '109', '306', '90', '106', '89', '99', '95', '108', '162', '445', '100', '278', '232', '97', '427', '104', '107', '94', '105']
['277', '285', '269', '282', '266', '134', '276', '173', '347', '274', '301', '270', '272', '283', '116', '148', '280', '39', '264', '31', '32', '268', '393', '279', '300', '271', '138', '275', '273', '172', '281']
['154', '377', '166', '247', '174', '157', '237', '453', '163', '170', '307', '165', '171', '298', '164', '251', '167', '254', '158', '332', '155', '168', '156', '161', '296', '378', '159', '446']
['28', '290', '243', '244', '242', '345', '259', '460', '245', '260', '252', '262', '249', '121', '246', '261', '197', '82', '256', '150', '248', '257', '263', '142']
['357', '11', '370', '69', '444', '371', '369', '362', '366', '363', '353', '352', '373', '145', '372', '221', '435', '118', '361', '368', '354', '149', '364', '19', '359', '365', '136']
['1', '160', '110', '382', '147', '141']
['338', '331', '346', '339', '351', '457', '348', '333', '335', '137', '15', '38', '181', '349', '334', '341', '380', '293', '342', '340', '124', '180']
['177', '194', '182', '25', '190', '458', '191', '186', '431', '178', '189', '226', '195', '196', '176', '187', '179', '192', '188', '240', '183', '184', '193', '185', '392']
['30', '314', '303', '299', '236', '233', '238', '452', '224']
['117', '9', '3', '5', '294', '12', '13', '8', '16', '2', '6', '21', '113', '14', '10', '18', '7', '0', '20', '4', '425']
['420', '222', '433', '450', '434', '437', '422', '432', '439', '419', '418', '223', '426', '428', '288', '153', '424']
['22', '409', '34', '83', '395', '454', '130']
['379', '225', '461', '76', '381', '384', '394', '391', '438', '388', '374']
['241', '24', '375', '33', '40', '27', '43', '230', '228', '291', '144', '23', '42', '41', '26', '231', '227', '29', '132', '229', '234', '35']
['87', '84', '442', '85', '151', '81', '74', '287', '66', '73', '70', '67', '75', '72', '71']
['36']
['304', '292', '61', '448', '289', '447', '302', '295', '455', '305', '385']
