['222', '232', '347', '199', '235', '249', '192', '377', '348', '82', '281', '198', '128', '421', '247', '452', '140', '430', '147', '219', '46']
['313', '84', '324', '294', '217', '29', '83', '41', '342', '266', '40', '302', '79', '254', '107', '90', '406', '246', '77', '183', '39']
['357', '320', '22', '433', '269', '372', '12', '37', '356', '74', '146', '330', '66', '236', '334', '88', '451', '139', '148', '89', '118']
['368', '211', '412', '62', '277', '220', '363', '53', '179', '309', '283', '21', '331', '207', '70', '388', '382', '51', '48', '300', '240']
['264', '285', '328', '156', '187', '30', '312', '250', '394', '375', '349', '378', '358', '121', '365', '160', '75', '371', '173', '4', '385']
['43', '379', '32', '404', '237', '396', '189', '238', '185', '221', '124', '263', '47', '116', '23', '346', '373', '297', '260', '157', '186']
['64', '154', '5', '353', '85', '410', '81', '119', '19', '419', '13', '229', '308', '376', '197', '416', '110', '137', '224', '94', '392']
['15', '96', '59', '289', '112', '28', '413', '326', '303', '233', '167', '318', '366', '14', '56', '174', '454', '200', '279', '429', '50']
['95', '355', '230', '336', '271', '427', '17', '1', '407', '191', '444', '399', '255', '144', '80', '242', '153', '397', '20', '115', '105']
['214', '55', '184', '370', '101', '424', '403', '133', '125', '423', '92', '36', '455', '123', '369', '120', '389', '86', '329', '327', '362']
['304', '298', '3', '227', '245', '228', '456', '453', '432', '104', '258', '33', '57', '275', '426', '163', '265', '306', '402', '239', '171']
['420', '414', '31', '450', '305', '63', '194', '8', '166', '291', '73', '359', '218', '26', '428', '231', '42', '286', '127', '60', '71']
['338', '322', '87', '102', '259', '176', '61', '381', '34', '314', '296', '122', '333', '387', '16', '299', '443', '165', '158', '367', '436']
['9', '177', '351', '398', '241', '129', '360', '69', '321', '161', '270', '272', '439', '256', '98', '195', '44', '145', '261', '449', '99']
['409', '425', '405', '364', '315', '132', '188', '448', '440', '323', '91', '175', '25', '273', '18', '435', '106', '142', '280', '316', '361']
['225', '135', '210', '284', '24', '317', '143', '319', '2', '170', '27', '243', '35', '180', '136', '203', '332', '354', '78', '196', '141']
['117', '149', '206', '208', '274', '441', '408', '193', '437', '301', '52', '447', '345', '164', '100', '295', '288', '159', '204', '72', '446']
['168', '152', '178', '216', '442', '337', '162', '182', '422', '287', '391', '109', '395', '54', '278', '411', '438', '415', '138', '431']
['97', '268', '384', '352', '390', '209', '293', '181', '234', '393', '248', '341', '276', '400', '111', '307', '215']
['155', '11', '380', '76', '267', '290', '343', '93', '445', '131', '212', '150', '201', '252', '386', '134', '226', '67', '257', '0', '417']
['58', '49', '350', '205', '310', '108', '434', '282', '151', '223', '202', '45', '335', '244', '339', '374', '311', '401', '68', '130', '325']
['292', '172', '65', '6', '103', '126']
['344', '38', '383', '418', '251', '10']
['253', '340', '113', '114', '7', '262']
['213', '169', '190']
