['64', '53', '85', '394', '253', '167', '4']
['58', '177', '149', '437', '459', '443', '369', '118', '436']
['350', '482', '353', '28', '187', '235', '151', '403', '198', '188', '98', '376', '291', '45', '35', '317', '400', '43', '105']
['213', '232', '141', '289', '309', '411', '494', '137', '230']
['420', '184', '326', '179', '349', '110', '207']
['204', '107', '51']
['264', '197', '210', '413', '342', '2', '283']
['214', '301', '236', '104', '25', '462', '325', '471']
['315', '308', '8', '124', '103', '244', '203']
['487', '62', '112', '321', '133', '17', '74', '287', '160', '438']
['344', '259', '36', '460', '419', '490', '279', '83', '166', '455', '464', '451', '191', '311', '72']
['117', '338', '474', '135', '299', '82', '495']
['86', '439', '44']
['129', '96', '348', '491', '215', '327']
['84', '380', '465', '432', '66', '340', '498', '365', '416', '278', '359', '120', '80', '224', '240']
['168', '205', '234', '21', '246', '60']
['414', '267', '387', '467', '479', '6', '39', '262']
['293', '346', '26', '383', '89']
['453', '136']
['192', '32', '63']
['433', '282', '356', '223', '134', '402', '127']
['284', '145', '190', '449']
['212', '113', '180', '257', '417', '123']
['211', '499', '405', '337', '157', '164', '300', '73', '248', '20']
['488', '178', '377', '276', '305', '280', '126']
['461', '472', '496', '395', '40', '67', '221', '92']
['173', '226', '7', '183']
['228', '146', '263', '371', '0', '463', '138', '196']
['385']
['421', '379', '193', '306', '50']
['61', '170']
['154', '108', '296', '150', '435', '360']
['480', '303', '131', '418', '140', '106', '478']
['15']
['59', '336', '492', '249', '476', '68', '165', '322']
['367']
['100', '483']
['227', '386', '331', '75', '310', '406']
['99']
['320', '218', '273', '425']
['152', '208', '97', '427', '456', '209', '358', '144', '200', '111']
['155', '470', '335', '156', '452']
['222', '329', '481', '448', '316']
['220']
['225', '199', '13', '119', '19', '143', '469', '231', '139', '252']
['366', '12', '290']
['125']
['292', '428']
['206', '370', '410', '486', '375', '281', '181']
['357', '176', '182', '109', '297', '362']
['42', '475', '242']
['415']
['424', '27', '441', '30']
['33']
['256', '323', '116', '388', '392', '354']
['250', '426', '79', '243', '37']
['277', '3', '76', '172', '81', '121', '47']
['175', '422', '130', '217', '361']
['390', '78', '382', '295']
['265']
['271']
['393', '29', '447', '268', '195']
['368', '324', '201', '57', '334', '153', '142', '71', '332']
['22', '312', '373', '429', '389', '275']
['87', '102', '202', '1', '247', '90', '148']
['54', '162', '423', '412']
['241', '381', '396', '229', '399', '401']
['69', '497', '128', '238', '94', '446']
['434']
['9', '95', '409', '16', '454', '347']
['328', '132', '189', '258', '397', '159', '55']
['485']
['372', '5', '450', '333', '254', '255', '440']
['216', '407', '408']
['237']
['313', '363', '261', '23', '70']
['269', '302', '186', '355', '18']
['56']
['286', '468']
['161', '288']
['466']
['260', '158']
['185', '398']
['341']
['352', '270', '233', '458', '163', '245', '345', '430']
['304', '194', '251', '147', '307', '219', '169']
['49', '298', '442', '122', '91', '52', '318', '431', '46']
['285', '31', '24', '364', '38', '314', '266', '10', '48', '477']
['374', '65']
['114', '14']
['489']
['384', '351', '93']
['493', '445']
['41', '319', '88', '378', '101']
['77']
['391', '473', '294', '274', '343']
['34', '339']
['11', '484', '457', '404', '330', '444', '115', '174', '239', '171']
['272']
