['241', '441', '403', '238', '247', '174', '431', '141', '433', '457', '245', '41', '224', '307', '436', '437', '249', '198', '445', '251', '246', '435', '449', '380', '442', '390', '256', '248', '218', '415']
['206', '290', '405', '212', '416', '438', '339', '186', '385', '205', '459', '456', '453', '407', '45', '452', '219', '252', '15', '408', '396', '426', '10', '130', '424', '208', '85', '384', '383', '421']
['177', '222', '409', '410', '182', '33', '27', '265', '417', '440', '439', '189', '411', '397', '428', '451', '176', '448', '188', '181', '497', '6', '184', '193', '386', '395', '257', '165', '392', '446']
['277', '414', '28', '282', '243', '389', '44', '84', '102', '294', '381', '388', '310', '42', '148', '39', '95', '450', '30', '38', '143', '110', '121', '278', '399', '454', '132', '48', '367', '412']
['320', '423', '88', '444', '244', '230', '228', '387', '447', '116', '145', '430', '112', '326', '223', '432', '233', '393', '231', '406', '239', '158', '227', '62', '312', '296', '391', '236', '234', '455']
['154', '3', '97', '267', '210', '492', '125', '419', '361', '159', '73', '57', '429', '471', '7', '23', '136', '332', '169', '123', '354']
['328', '321', '36', '16', '287', '93', '17', '20', '215', '9', '22', '398', '96', '404', '413', '422', '464', '400', '316', '491', '443', '382', '151', '209', '418', '14', '180', '142', '77', '18']
['24', '242', '477', '86', '78', '235', '237', '21', '226', '311', '220', '59', '81', '402', '72', '240', '50', '117', '225', '232', '480', '481', '161', '427', '19', '394', '229', '318', '68', '75']
['285', '370', '434', '377', '91', '458', '371', '203', '366', '420', '485', '474', '373', '374', '171', '372', '12', '401', '183', '368', '379', '156', '364', '150', '378', '47', '365', '111', '139', '60']
['302', '297', '56', '103', '204', '43', '58', '259', '301', '314', '495', '137', '306', '305', '264', '298', '292', '499', '63', '299', '300', '304', '61', '303', '52', '293', '295']
['175', '146', '345', '153', '362', '466', '478', '351', '216', '333', '460', '323', '89', '313', '32', '179', '162', '131', '258', '341', '317', '325', '322', '425', '46', '155', '152', '315', '65', '281']
['357', '54', '489', '40', '276', '350', '363', '353', '284', '352', '348', '289', '187', '356', '26', '149', '355', '82', '66', '359', '358', '360', '105']
['274', '192', '308', '309', '166', '122', '476', '266', '272', '263', '346', '67', '494', '0', '327', '99']
['71', '199', '217', '194', '197', '490', '200', '202', '83', '201', '104', '221', '170', '190', '79', '473', '124', '195', '191', '196']
['487', '214', '49', '178', '135', '34', '70', '185', '126', '271', '463', '275']
['211', '337', '164', '498', '25', '493', '163', '144', '279', '286', '273']
['129', '134', '120', '76', '472', '486', '119', '109', '283', '291', '468', '329', '213', '64', '108', '118', '488', '53', '342', '114', '107', '115']
['270', '133', '8', '250', '496', '253', '1', '254', '255', '173', '4']
['338', '87', '343', '268', '349', '330', '340', '207', '334', '331', '288', '90', '261', '138', '347', '262']
['324', '101', '467', '157', '92', '128', '335', '127']
['344', '168', '484', '336', '319', '167', '147']
['11', '5', '470', '482', '37', '465', '98', '74', '2', '35', '469', '475', '80', '260', '51', '55']
['113', '483', '160', '69']
['31', '269', '461', '172', '29', '140', '94']
['13', '375', '376', '479', '100', '369', '106', '462', '280']
