['96', '312', '33', '421', '416', '234', '167', '438', '339', '0', '252']
['368', '289', '445', '236', '181', '391', '73', '233', '455', '254', '275']
['478', '62', '392', '166', '250', '295', '369', '429', '111', '440', '171']
['222', '290', '315', '210', '122', '490', '302', '41', '466', '325', '123']
['285', '102', '32', '193', '459', '38', '54', '238', '243', '75', '140']
['379', '22', '298', '156', '321', '489', '70', '113', '47', '388', '240']
['214', '482', '5', '381', '172', '65', '29', '293', '428', '94', '77']
['485', '213', '350', '149', '268', '85', '25', '67', '51', '4', '158']
['232', '384', '356', '202', '1', '319', '185', '476', '83', '255', '105']
['208', '119', '375', '473', '340', '110', '411', '226', '7', '331', '231']
['205', '324', '53', '314', '442', '272', '109', '283', '452', '389', '322']
['58', '225', '398', '37', '135', '456', '497', '266', '79', '44', '361']
['294', '63', '188', '16', '345', '273', '332', '136', '204', '106', '354']
['480', '355', '401', '376', '471', '495', '297', '56', '406', '307', '385']
['264', '49', '380', '353', '437', '146', '116', '169', '271', '55', '362']
['357', '206', '241', '390', '36', '21', '27', '454', '306', '224', '262']
['194', '132', '121', '40', '68', '242', '288', '180', '335', '142', '431']
['9', '313', '129', '301', '248', '107', '464', '311', '360', '430', '72']
['487', '228', '403', '52', '296', '160', '432', '6', '310', '43', '196']
['433', '217', '439', '17', '247', '415', '174', '400', '286', '329', '186']
['117', '414', '31', '370', '303', '8', '383', '258', '458', '45', '371']
['304', '292', '30', '187', '410', '465', '377', '182', '127', '424', '425']
['199', '101', '270', '453', '212', '418', '221', '35', '451', '449', '46']
['326', '448', '249', '265', '125', '299', '318', '80', '280', '126', '39']
['441', '308', '19', '447', '131', '341', '245', '90', '215', '463', '239']
['277', '152', '12', '267', '337', '342', '300', '365', '257', '462', '141']
['34', '179', '81', '82', '287', '201', '346', '244', '173', '148', '483']
['420', '28', '457', '15', '408', '467', '496', '237', '395', '444', '469']
['184', '409', '59', '197', '162', '229', '334', '23', '165', '139', '18']
['499', '42', '176', '13', '256', '291', '407', '358', '278', '200', '99']
['69', '93', '460', '223', '396', '253', '57', '443', '426', '475', '26']
['338', '95', '328', '230', '373', '114', '137', '260', '157', '327', '50']
['320', '168', '486', '364', '24', '150', '88', '276', '130', '412', '446']
['227', '363', '269', '481', '484', '413', '133', '386', '479', '491', '191']
['177', '154', '372', '64', '220', '404', '427', '309', '209', '423', '120']
['183', '434', '128', '170', '103', '195', '203', '60', '417', '71', '436']
['84', '61', '343', '161', '104', '92', '134', '494', '402', '145', '366']
['155', '3', '351', '76', '235', '492', '198', '175', '2', '89', '316']
['336', '284', '394', '468', '251', '399', '14', '382', '435', '78', '347']
['470', '259', '97', '333', '189', '98', '419', '281', '207', '163', '261']
['450', '112', '178', '108', '192', '422', '143', '74', '66', '263', '305']
['87', '461', '472', '387', '164', '330', '359', '498', '378', '493', '477']
['488', '474', '352', '348', '91', '124', '86', '279', '246', '219', '118']
['11', '274', '317', '405', '159', '393', '367', '190', '48', '374', '115']
['211', '216', '282', '323', '100', '397', '144', '138']
['151', '10', '20']
['218']
['344']
['147']
['153', '349']
