['9', '3', '5', '398', '15', '11', '12', '13', '19', '16', '396', '17', '6', '2', '14', '399', '10', '7', '400', '18']
['64', '62', '63', '61', '69', '65', '85', '81', '82', '74', '83', '70', '73', '79', '68', '75', '80', '78', '72', '71']
['214', '213', '206', '205', '208', '220', '199', '216', '210', '219', '217', '198', '209', '212', '202', '201', '207', '203', '215', '196']
['264', '277', '285', '261', '269', '274', '267', '268', '270', '272', '266', '283', '278', '265', '279', '263', '271', '280', '275', '273']
['368', '379', '372', '363', '364', '356', '377', '375', '361', '358', '359', '365', '373', '378', '371', '374', '360', '367', '362', '366']
['338', '357', '350', '351', '353', '344', '355', '343', '336', '352', '337', '342', '349', '340', '346', '341', '339', '345', '347', '354']
['117', '102', '112', '97', '96', '101', '119', '98', '104', '100', '110', '113', '107', '116', '115', '103', '120', '111', '118', '99']
['298', '294', '292', '28', '289', '282', '284', '296', '290', '281', '287', '291', '293', '299', '297', '295', '91', '276', '288', '286']
['246', '259', '249', '257', '250', '256', '237', '253', '251', '248', '247', '238', '243', '236', '242', '245', '244', '260', '252', '240']
['84', '232', '129', '76', '228', '37', '66', '33', '121', '67', '88', '221', '25', '255', '90', '86', '20', '77', '230']
['313', '320', '304', '324', '301', '317', '314', '303', '312', '309', '321', '319', '318', '325', '310', '306', '311', '307', '305', '316']
['154', '152', '149', '156', '148', '151', '157', '143', '146', '150', '160', '105', '144', '145', '147', '159', '153', '142', '158', '141']
['381', '387', '384', '390', '133', '383', '376', '391', '394', '395', '386', '393', '397', '21', '388', '382', '258', '389', '392', '385']
['95', '315', '308', '348', '131', '302', '109', '231', '137', '130']
['58', '49', '60', '59', '38', '52', '50', '54', '41', '36', '57', '47', '45', '48', '51', '42', '55', '43', '39', '46']
['227', '380', '370', '135', '369', '136', '92', '138', '126']
['184', '241', '194', '187', '192', '193', '197', '188', '181', '191', '189', '185', '235', '190', '195', '200', '106', '139', '186', '183']
['211', '22', '108', '30', '132', '8', '122', '218', '27', '35', '26', '134', '224', '204', '173', '89', '44', '123', '262']
['225', '326', '328', '333', '223', '323', '330', '125', '331', '334', '128', '229', '335', '327', '234', '140', '124', '329', '322', '332']
['87', '32', '127', '24', '93', '1', '40', '114', '226', '94', '300', '4']
['155', '222', '31', '53', '34', '29', '233', '254', '56', '23', '239']
['177', '168', '176', '178', '182', '179', '172', '161', '166', '175', '164', '162', '167', '170', '163', '180', '174', '165', '169', '171']
