['213', '261', '259', '267', '228', '85', '442', '13', '233', '411', '358', '278', '276', '428', '265', '286', '4', '72', '273']
['211', '168', '398', '154', '37', '434', '194', '132', '306', '209', '333', '291', '238', '444', '51', '200', '307', '478', '431']
['414', '177', '59', '63', '172', '465', '188', '283', '495', '67', '18', '45', '388', '180', '136', '157', '252', '275', '262']
['64', '31', '152', '320', '441', '390', '460', '383', '164', '130', '167', '73', '455', '464', '48', '339', '430', '449', '105']
['141', '199', '481', '178', '239', '492', '112', '237', '456', '1', '468', '70', '416', '226', '115', '329', '77', '71', '446']
['488', '294', '184', '499', '409', '216', '268', '290', '461', '52', '375', '489', '300', '297', '371', '203', '279', '263', '127']
['285', '380', '269', '480', '314', '312', '36', '394', '16', '302', '181', '340', '17', '341', '23', '345', '311', '360', '123']
['232', '32', '76', '408', '321', '303', '296', '309', '8', '376', '109', '386', '57', '361', '114', '100', '257', '137', '471']
['357', '379', '485', '102', '353', '372', '292', '299', '160', '202', '281', '443', '255', '144', '245', '260', '219', '367', '39']
['264', '49', '482', '208', '96', '385', '410', '336', '272', '348', '193', '34', '256', '113', '458', '7', '310', '392', '425']
['214', '84', '241', '370', '69', '308', '490', '125', '432', '476', '6', '319', '331', '134', '79', '254', '494', '389', '46']
['9', '338', '28', '140', '53', '24', '221', '40', '247', '47', '452', '399', '316', '41', '204', '401', '142', '138', '429']
['220', '328', '284', '91', '423', '74', '287', '2', '166', '107', '190', '54', '14', '369', '400', '86', '435', '55', '347']
['117', '95', '217', '30', '182', '192', '413', '119', '38', '467', '453', '170', '334', '163', '121', '454', '158', '412', '483']
['363', '324', '381', '404', '427', '19', '83', '323', '234', '21', '124', '365', '207', '366', '66', '378', '153', '327', '436']
['87', '351', '326', '135', '179', '486', '377', '445', '229', '270', '133', '295', '373', '493', '415', '174', '242', '0', '147']
['58', '350', '176', '129', '161', '65', '337', '99', '81', '419', '82', '407', '197', '185', '10', '56', '26', '402', '230']
['487', '155', '450', '274', '343', '195', '223', '189', '349', '33', '80', '439', '236', '382', '477', '165', '169', '145', '89']
['344', '364', '175', '143', '250', '342', '447', '159', '491', '88', '27', '475', '421', '317', '111', '305', '215', '322', '171']
['420', '227', '298', '457', '289', '282', '315', '29', '198', '122', '479', '473', '393', '418', '266', '248', '20', '462', '325']
['433', '187', '387', '101', '249', '210', '293', '212', '150', '251', '318', '218', '186', '75', '103', '139', '60', '118', '240']
['225', '11', '149', '301', '355', '437', '352', '151', '131', '422', '496', '498', '426', '397', '335', '90', '94', '271', '126']
['222', '206', '15', '22', '396', '201', '258', '395', '346', '35', '332', '288', '191', '173', '148', '280', '440', '196', '354']
['304', '62', '108', '472', '403', '497', '98', '391', '110', '243', '438', '68', '231', '469', '42', '92', '417', '424']
['277', '183', '405', '162', '93', '104', '451', '374', '106', '362']
['359', '470', '97', '156', '448']
['406', '246', '466']
['235', '5', '78']
['61']
['368', '474']
['356', '12']
['484']
['205']
['224']
['146']
['459']
['128']
['3']
['25']
['244']
['330']
['50']
['44']
['116']
['463']
['43']
['120']
['313']
['253']
['384']
