['335', '471']
['320', '285', '5', '194', '287', '33', '103', '369', '173', '215', '96', '453', '439', '376', '348', '411', '495', '306', '145', '89', '313', '292', '187', '299', '131', '110', '278', '26', '341', '334', '138', '425', '488', '152', '208', '61', '355', '315', '390', '19', '250', '383', '418', '82', '236', '124', '47', '68', '75', '327', '446']
['406', '361']
['264', '237', '259', '118', '268']
['206', '269', '129', '409', '24', '17', '423', '416', '297', '458', '444', '346', '276', '339', '203', '157', '3', '353', '178', '381', '486', '472', '101', '122', '479', '283', '493', '255', '374', '311', '451', '286', '430', '171', '262', '213', '31', '87', '220', '59', '437', '192', '38', '143', '94', '164', '10', '136', '402', '325', '332', '304', '199', '465', '150', '66', '234', '185', '318', '395', '73', '80', '0', '360', '367', '412']
['322', '324', '340', '328', '326']
['270', '125', '319', '266']
['398', '397', '223', '72', '392']
['62', '108', '336', '86', '440', '275', '105']
['132', '347', '130', '126']
['282', '388', '385']
['405', '403', '399', '91']
['249', '426', '489', '128', '473']
['343', '243', '240', '238']
['39']
['198', '196']
['433', '480', '210', '427', '422', '432', '429', '431']
['410', '377', '102', '4', '371']
['153', '160', '424']
['9', '11', '12', '8', '7', '265', '317']
['312', '467']
['414', '337', '36', '211', '309', '302', '98', '134', '190', '120', '477', '288', '204', '43', '169', '78', '417', '344', '351', '22', '274', '456', '413', '1', '407', '323', '428', '400', '106', '260', '148', '316', '71', '99', '64', '372', '15', '176', '239', '162', '330', '113', '393', '491', '246', '435', '92', '127', '183', '50', '463', '155', '225', '232', '484', '470', '379', '442', '197', '29', '386', '281', '253', '421', '295', '358', '218', '57']
['248', '391', '245']
['233', '48', '231', '42', '44', '46']
['461', '457', '459', '460', '455', '354']
['345', '151', '147']
['389', '119', '449', '349', '448']
['117', '97', '112', '251', '219', '77']
['14', '16', '20', '18']
['205', '301', '216', '333', '291', '454', '195', '307']
['172', '356', '168', '174']
['378', '384', '380', '382', '452']
['294', '256', '74', '258', '254', '257', '252']
['177', '179', '396', '175', '181', '180']
['137', '139', '133', '83', '135']
['420', '114', '261', '394', '100']
['487', '95', '6']
['296', '468', '104', '464', '462', '466']
['58', '186', '241']
['34', '227', '447']
['482', '32', '202', '476']
['483', '373', '30', '290']
['115', '212']
['111', '37']
['184', '434', '235', '492', '284', '490', '496', '494', '279']
['485', '450', '193', '189', '342', '2']
['65', '67', '63', '69']
['357', '359', '363', '362']
['263', '230']
['200', '289']
['474', '76', '182', '272', '475', '415', '469', '191']
['221', '121', '443', '79', '404']
['161', '166', '167', '163', '242', '165']
['13']
['156']
['207', '277', '271', '244', '408']
['49', '51', '55', '54', '53']
['481', '109']
['159', '154', '158', '70']
['146', '144', '140', '401', '142', '141']
['21', '25', '214', '23', '27']
['41', '40', '293', '35']
['368', '370', '364', '81', '365', '305', '366']
['52', '280']
['387', '222', '438', '217']
['308', '93', '209', '170']
['228', '229', '226', '224', '300', '436']
['338', '28', '201', '247', '107', '56', '310', '60']
['350', '149', '445', '375', '331', '329']
['85', '84', '188', '441', '478']
['88', '123']
['90', '303']
['298', '321', '352', '419', '116', '45']
['314', '273', '267']
