['3', '310', '1', '330', '359', '341', '265', '106', '300', '183']
['351', '274', '97', '376', '33', '253', '23', '191', '127', '219']
['149', '32', '249', '17', '212', '287', '100', '251', '393', '169']
['285', '380', '290', '390', '333', '70', '113', '45', '231', '71']
['161', '151', '8', '188', '19', '226', '14', '51', '41', '186']
['177', '108', '133', '209', '164', '254', '80', '215', '271', '280']
['350', '199', '194', '197', '91', '131', '229', '79', '120', '367']
['232', '328', '69', '267', '6', '67', '346', '388', '118', '362']
['22', '228', '386', '110', '57', '144', '103', '195', '43', '39']
['95', '187', '182', '192', '198', '281', '233', '378', '190', '317']
['277', '289', '321', '337', '238', '358', '221', '283', '203', '4']
['137', '38', '217', '165', '55']
['268', '101', '312', '119', '334', '306', '20', '316']
['216', '256', '114', '72', '279', '322']
['154', '53', '282', '284', '172', '396', '82', '21', '27', '224']
['206', '355', '352', '162', '74', '98', '295', '297', '399', '46']
['13', '223', '218', '10', '180', '262']
['155', '227', '11', '24', '93', '335', '371', '257', '148', '347']
['64', '304', '326', '59', '308', '116', '0', '230']
['168', '259', '237', '185', '243', '382']
['58', '370', '65', '107', '48', '60', '147', '361']
['381', '302', '2', '145', '77', '18']
['112', '83', '323', '234', '105', '373', '142', '240', '273']
['357', '356', '375', '342', '66', '201', '134', '397', '75', '44']
['368', '264', '225', '96', '37', '336', '260']
['343', '387', '392', '369', '123', '50']
['379', '184', '30', '135', '384', '377', '395', '25', '157', '261']
['73', '374', '398']
['353', '76', '179', '52', '175', '248', '327']
['117', '173', '272', '171']
['366', '305', '68', '385']
['331', '104', '158', '204']
['303', '88', '255', '189', '275']
['263', '208', '236']
['363', '315', '122', '383', '54', '26', '389', '94']
['12', '210', '81', '296', '143', '7', '136']
['121', '141']
['86', '40', '130', '202', '156']
['132', '15', '176', '174']
['163']
['61', '36', '196']
['124', '205']
['364']
['214', '294', '166', '56', '325', '332']
['311']
['5', '160', '291', '247', '329', '115']
['181', '150', '245']
['92']
['299']
['298', '250', '109', '47', '170', '252']
['42']
['211']
['314', '292', '78']
['246', '339']
['139']
['213', '87', '153', '167', '140', '111']
['84', '220']
['286', '394', '63']
['16']
['340', '239', '146', '266']
['126']
['207', '178']
['125']
['270']
['318', '28']
['35', '288']
['49']
['159']
['90', '62']
['193']
['313']
['200', '138']
['307', '269']
['293', '258']
['372']
['89']
['276']
['345']
['31']
['9']
['278']
['320', '354']
['365', '241', '391']
['348']
['85']
['222', '242', '128']
['129']
['360']
['319']
['29']
['301']
['235']
['349']
['344', '338', '99']
['102']
['309']
['324']
['152']
['34']
['244']
