['420', '3', '461', '30', '448', '465', '271', '122', '91', '392', '489', '443', '469', '494', '245', '140', '106', '142', '466', '431']
['408', '336', '194', '486', '188', '223', '479', '330', '6', '367', '233', '107', '147', '325', '373', '310', '191', '279', '316', '183']
['457', '178', '52', '1', '418', '283', '185', '26', '374', '196', '230']
['64', '488', '326', '220', '193', '36', '348', '287', '136', '68', '388', '257', '174', '428', '276', '322', '332']
['344', '9', '133', '159', '460', '389']
['357', '414', '117', '347', '76', '249', '427', '437', '456', '303', '275', '319', '238', '57', '349', '14', '311', '89', '123', '425']
['320', '22', '350', '37', '384', '333', '212', '70', '167', '200', '115']
['286', '227', '5', '59', '315', '161', '270', '299', '407', '476', '150', '40', '47', '395', '7', '307', '169', '130', '385']
['222', '481', '101', '29', '403', '312', '229', '54', '109', '201', '250', '382', '242', '231', '252', '436']
['60', '277', '324', '217', '370', '289', '81', '19', '17', '432', '496', '393', '243', '170', '165', '261', '440', '362']
['353', '197', '296', '411', '495', '88', '430', '449', '219']
['184', '268', '343', '386', '383', '113', '397', '224']
['372', '269', '97', '381', '119', '181', '100', '421', '266', '10', '72', '400', '401', '215', '158', '361']
['485', '176', '182', '387', '375', '202', '83', '295', '21', '323', '25', '79', '335', '345', '94', '360']
['155', '95', '470', '453', '74', '234', '378', '218', '464', '254', '75', '23', '463']
['168', '241', '156', '65', '221', '145', '366']
['87', '298', '363', '11', '210', '352', '490', '164', '331', '121', '491', '455', '144', '288', '20', '483']
['232', '474', '199', '301', '433', '321', '192', '282', '340', '334', '0', '305', '171']
['108', '434', '410', '284', '272', '131', '376', '256', '160', '207', '124', '146', '137', '477', '454', '42', '43', '18']
['405', '82', '190', '317', '44', '126']
['15', '216', '16', '468', '104', '240']
['85', '151', '394', '98', '251', '359', '339', '327', '412', '141']
['62', '484', '149', '69', '337', '413', '209', '281', '302', '452', '203', '153', '118']
['304', '285', '28', '2', '258', '73', '180', '406', '55']
['58', '314', '93', '423', '86', '435', '280']
['32', '409', '442', '467', '445', '439', '128', '371', '265', '173', '4', '239', '71']
['480', '274', '404', '426', '103', '306', '186', '138', '262']
['31', '398', '13', '492', '66', '458', '417', '424']
['214', '379', '24', '342', '291', '341', '255', '415', '139', '127']
['228', '356', '195', '110', '27', '444', '56', '51', '451', '260', '429', '471']
['338', '49', '225', '355', '99', '377', '162', '497', '293', '105', '163', '369', '157', '39']
['211', '487', '206', '380', '473', '67']
['499', '116', '346', '365', '120', '446', '354', '50']
['35']
['313', '259', '132', '309', '143', '253', '416', '297', '329', '92']
['482', '292', '235', '189', '33', '90', '462', '478']
['177', '213', '205', '102', '96', '179', '236', '134', '300']
['318', '447', '290', '63', '53']
['450', '441', '61', '34', '114', '45', '80']
['247', '267']
['358', '263', '475', '84', '498']
['264', '294', '129', '12', '391', '493', '111', '204']
['368', '459', '38', '8', '226', '48']
['402', '237', '399', '135']
['390', '198', '396', '244', '148', '78', '77']
['152', '172', '364', '166', '438', '246']
['351', '273']
['154', '208', '187', '308', '248', '278', '41', '46']
['472', '422']
['175', '112', '419', '125', '328']
