['211', '277', '154', '11', '208', '108', '81', '8', '146', '238', '278', '75', '244', '288', '165', '145', '39']
['87', '298', '225', '63', '135', '93', '181', '48', '92', '147', '105']
['299', '256', '254', '68', '200', '139', '239', '46']
['117', '155', '292', '182', '83', '150', '57', '207', '88', '255', '257', '43', '183', '141']
['177', '129', '17', '33', '242', '203', '191', '294', '259', '76', '189', '245', '264', '64', '95', '12', '268', '158', '240', '214', '217', '236', '35', '51', '94']
['9', '31', '269', '241', '194', '187', '193', '209', '159', '272', '6', '185', '67', '26', '126', '120', '137', '86', '138', '275', '50']
['213', '205', '69', '267', '65', '296', '270', '188', '295', '124', '103', '180', '106', '44']
['227', '176', '37', '210', '24', '281', '283', '258', '221', '128', '265', '111', '130']
['71', '274', '290', '235', '162', '52', '223', '82', '233', '70', '21', '77', '116', '104', '80', '140', '279', '55', '123', '99']
['5', '13', '91', '297', '79', '109', '23', '90', '224', '286', '148', '280', '252', '192', '10', '246', '149', '97', '53', '151', '20', '60']
['184', '216', '179', '132', '250', '212', '291', '234', '134', '107', '45', '231', '89']
['84', '28', '32', '30', '101', '161', '172', '249', '160', '66', '251', '114', '243', '163', '144', '190', '136', '218', '72']
['22', '220', '178', '34', '133', '1', '300', '143', '74', '14', '56', '276', '169', '127', '273']
['232', '152', '199', '59', '96', '36', '293', '166', '253', '73', '121', '248', '195', '153', '142', '230']
['58', '49', '15', '289', '282', '29', '38', '122', '131', '175', '19', '85', '226', '42', '4']
['156', '229', '47', '170', '204', '173', '215']
['3', '222', '287', '164', '2', '167', '7', '115', '262']
['206', '125', '98', '263', '110', '260', '78']
['285', '102', '219', '112', '119', '198', '202', '237', '100', '201', '40', '16', '247', '113', '261', '171']
['168', '62', '61', '228', '197', '284', '157', '54', '266', '25', '27', '174', '41', '271', '186', '118', '196', '18']
