['184', '235', '193', '29', '236', '207', '116', '7', '103', '137', '127', '271', '77', '183', '262']
['214', '222', '205', '152', '292', '197', '172', '66', '67', '226', '45', '136', '191', '148', '89']
['58', '95', '285', '208', '81', '19', '181', '238', '251', '167', '254', '153', '4', '252', '171']
['245', '34', '296', '162', '52', '299', '82', '283', '202', '100', '134', '291', '255', '170', '111']
['87', '206', '30', '229', '54', '131', '1', '57', '40', '253', '223', '118', '144', '286', '239']
['64', '298', '102', '220', '178', '187', '53', '112', '119', '293', '258', '280', '195', '186', '99']
['49', '227', '261', '62', '135', '17', '212', '150', '160', '185', '173', '55', '78', '169', '240']
['211', '28', '96', '76', '228', '101', '37', '85', '8', '192', '275', '33', '147', '123', '39']
['9', '60', '246', '32', '156', '12', '61', '94', '109', '247', '221', '278', '0', '157', '219']
['168', '154', '289', '216', '24', '209', '250', '83', '233', '70', '74', '41', '106', '20', '43']
['3', '241', '176', '268', '132', '104', '201', '295', '248', '107', '47', '56', '23', '231', '165']
['31', '199', '108', '210', '13', '93', '198', '237', '73', '124', '163', '68', '174', '90', '215']
['177', '5', '269', '129', '217', '182', '151', '284', '16', '218', '243', '75', '145', '115', '196']
['189', '287', '263', '234', '110', '164', '14', '35', '48', '244', '113', '200', '260', '72', '141']
['155', '232', '15', '274', '290', '267', '175', '128', '10', '276', '288', '159', '203', '44', '273']
['264', '11', '294', '97', '59', '265', '98', '21', '121', '297', '80', '42', '92', '51', '71']
['194', '249', '133', '91', '256', '266', '2', '6', '114', '26', '79', '242', '142', '130', '230']
['117', '22', '69', '179', '161', '38', '272', '188', '166', '50', '125', '120', '140', '204', '46']
['277', '213', '259', '149', '65', '36', '281', '143', '88', '257', '224', '158', '105']
['86', '139', '190', '279', '18']
['84', '225', '146']
['122']
['270']
['282']
['180']
['27']
['25']
['138']
['63']
['126']
