['241', '85', '29', '284', '93', '91', '36', '244', '257', '191', '86', '307', '51', '4', '138', '71']
['58', '49', '222', '155', '149', '97', '112', '65', '291', '167', '170', '280', '173', '279', '305', '271', '130', '158']
['3', '176', '76', '178', '30', '59', '290', '122', '16', '189', '212', '283', '110', '175', '188', '245', '139', '239']
['55', '177', '225', '22', '294', '217', '96', '24', '249', '192', '237', '250', '128', '297', '27', '92', '44', '230']
['61', '268', '172', '303', '8', '295', '80', '163', '26', '255', '231', '288', '226', '120', '18', '148', '240', '262']
['87', '232', '184', '208', '261', '194', '34', '19', '83', '40', '134', '88', '103', '306', '142', '60', '196', '46']
['313', '64', '62', '282', '98', '233', '311', '21', '201', '146', '79', '7', '278', '181', '111', '219', '118', '105']
['9', '277', '95', '298', '5', '12', '53', '151', '38', '198', '296', '209', '109', '82', '132', '25', '75', '42']
['121', '99', '292', '223']
['264', '154', '205', '15', '108', '187', '37', '101', '293', '236', '113', '243', '48', '242', '165', '260', '169']
['312', '11', '145', '156', '33']
['274', '220', '197', '210', '193', '119', '281', '229', '256', '2', '166', '131', '171', '180', '195', '203', '127', '123']
['227', '1', '67', '23', '137', '263', '43', '147']
['206', '289', '13', '159', '143', '164', '70', '247', '114', '276', '68', '140', '246', '20', '252', '50']
['117', '31', '285', '6', '47', '157']
['84', '102', '129', '161', '162', '133', '17', '74', '238', '73', '266', '218', '10', '254', '234', '0', '300', '77']
['259', '269', '28', '228', '267', '179', '270', '309', '52', '265', '235', '258', '202', '63', '310', '41', '215', '275']
['211', '286', '135', '153', '302', '253', '100', '150', '116', '107', '56', '72', '89', '224', '94', '186', '115', '183']
['152', '301', '90', '125', '54', '190', '14', '174', '200']
['304', '213', '199', '182', '81', '160', '287', '66', '251', '248', '207', '45', '35', '204', '144', '106', '78', '39']
['214', '308', '141', '69']
['124', '168', '299', '126', '273']
['32', '216', '272', '104', '57', '221', '185', '136']
