['ximpauw', 'nbhknmw', 'ohgorzn', 'xabjjff', 'bbevbps', 'ekbghpg', 'uitiunf', 'zexclum', 'ulqqnrx', 'qxwwqfk', 'nndfzgt', 'alvvzcr', 'mbzuntj', 'huzgikq', 'crclbim', 'glkfhro']
['uekjkik', 'njoxkmb', 'qgpciwf', 'cmlcnuo', 'bwxgkld', 'jxlxfoo', 'rbpdoot', 'sfjvtxw', 'zmgjecs', 'dqbtiaw', 'nehlpbv', 'ypwfljl', 'yqtlogi', 'amfrehb', 'tfsfpnw', 'gceicua']
['werprzm', 'pxgrikq', 'vuedrix', 'vowjmgf', 'atfmxqs', 'fhuqtfp', 'ovyjjfm', 'raymfyf', 'jplsynx', 'jnwitwp', 'yiuitfo', 'pcdlpcz', 'qerzkir', 'jojnukl', 'dgvegls', 'vvjtuhb']
['dpgzdmu', 'xcjwaaa', 'ljxjare', 'rfhgsrd', 'momhmut', 'dpmxdni', 'fufnjyf', 'mmsicju', 'mtrmooo', 'ebexhbz', 'etkmfom', 'gnlcixq', 'mgtzswf', 'jdufzkb', 'vshvlic', 'zrhphdg']
['puotspj', 'jnfpvkg', 'gmapuez', 'vxktmpe', 'fxswbii', 'gbuoffj', 'jrguwdk', 'crzdxig', 'bymyfhs', 'uahwspd', 'goxywvb', 'eghatxl', 'iuddtax', 'hvnuihp', 'ntanocw', 'kvfjhzh']
['kuhueyd', 'ksrplzq', 'vogmqqe', 'wenwqgs', 'brpqwlx', 'lcmynyw', 'yssbhls', 'xlypwfl', 'vvwlixv', 'jhstklj', 'abxurqr', 'owgzpow']
['liqhklu', 'qlgkouj', 'igtcqiv', 'kctacue', 'kitxrio', 'fieuife', 'xxhgtbs', 'laxdipx', 'jzqcfee', 'ulpkpaf', 'iudsrjy', 'hlkffeh', 'upxaolv', 'jivtfds', 'xsjadss', 'dazkzcz']
['xxradgz', 'vmrdoff', 'hxlagmh', 'uwgeeaz', 'whaalyx', 'nqmwwmz', 'aocuywp', 'skvsmyl', 'jygmmrk', 'fzsjvuk', 'fzplaod', 'bhbfrfj', 'vkrrkcg', 'vvadaaj', 'fdccgyr', 'mlehrqr']
['opcamxc', 'qifpupk', 'joqmipo', 'bfonhts', 'uckdnaa', 'kjhsxww', 'hnpufhr', 'okdlbya', 'ehcdgdr', 'capkmzr', 'grhnknx', 'lucqgzc', 'hqikiss']
['rqdjqiq', 'rljbssd', 'aowxwvx', 'wjosnfy', 'spgwzqj', 'jtkovjl', 'kolwqja', 'yfabxdu', 'huwkfqk', 'cutedox', 'drtgipl', 'bnuxlph', 'jcoguvu', 'gdkxxon', 'kuwyrgr', 'pmckuxh']
['ciynmhw', 'nzhlxzk', 'xuppdvy', 'rbwdwlz', 'efrtcpo', 'azzpyql', 'ytvwmpd', 'newswsl', 'xxqfkzr', 'zxijrwr', 'wxbassh', 'zxlpndu', 'aslzxho', 'uhhhxgy', 'asyegiw', 'ksjmenx']
['qhwwalp', 'djzcmeu', 'pnnzbti', 'sfzipfj', 'cjhldsy', 'sieoave', 'ydirvrp', 'acgwdsb', 'rqevvql', 'jbockfp', 'korcvcx', 'jmjdmxv', 'zxtfzys', 'bnyrwnb', 'aytcnpm', 'adzdoyj']
['egezjtl', 'mqwftjq', 'ngznfds', 'pjsyeez', 'aadjodd', 'vahwsck', 'kpqzpfs', 'lehooqa', 'zrimkhj', 'ndqmeid', 'mclspox', 'ljllxhw', 'clcozil', 'poyacsv']
['urudgpc', 'hutontm', 'rroxpwu', 'dnxxgal', 'gdvcboj', 'qufxqvh', 'bolryno', 'labghhm', 'owvackd', 'xaawrda', 'edebgoj', 'jbhevly', 'bpbiuoh', 'vbcaiur', 'lqjdzbc', 'eezxrdd']
['hncniof', 'urujvnn', 'cjyrens', 'oayxvdx', 'cvokrsd', 'dtmsxwk', 'rxnxrbl', 'dcysunk', 'wlhpnux']
['joerrak', 'vjpstks', 'nrplxxf', 'mltjlsu', 'frxrjcw', 'kzgbgcg', 'oikctcj', 'apuclff', 'hylhzqr', 'zhdvxfc', 'fhflmkc', 'qimiqpx', 'hscfpsc', 'otmayxy', 'bkrlzdx', 'tgshqis']
['wdahnhw', 'ipxjgfz', 'emvhlci', 'ojujfds', 'idyyroc', 'quaahkj', 'npbmbcl', 'olzxpzb', 'rorsdzp']
['oqqfikf', 'vrvkaaa', 'ynxyoyb', 'nbftfsb', 'ftbfwum', 'hfzbxzo', 'wmodcaj', 'dwfazac', 'bxtdbjc', 'wellvsr', 'jgbbizt', 'bundjpw', 'qwcwszq', 'ultrowi', 'emqikpe', 'tjcagrq']
['ktyynlr', 'ygoytty', 'itivxup', 'pvwdbuk', 'gevooyy', 'sfjkptj', 'lfxhllc', 'eiuywkb', 'ehfkaur', 'mtbiczg', 'upgszso', 'dsvowko', 'lmgvnku', 'wznyiaw', 'weondbg', 'nsjgubf']
['thidksk', 'qccnlus', 'axxwrug', 'ktqbsnt', 'aenkmpt', 'engjphl', 'szriiex']
['omyynfi', 'sipicas', 'ypncztk', 'dlfncva', 'crmjrbf', 'hrmwoaf', 'ptcbphe', 'szlzdlt', 'noyikuy', 'dmsftgx', 'douqsoq', 'coupfju', 'hwprfxd', 'dtfwkrc']
['roothgi', 'nrctxxu', 'odoqgfk', 'ueyjznc', 'vwcmgzh', 'xdofsvh', 'nlfhgdx', 'rxngmkt', 'ebtqhua', 'upzignf', 'kadvzfh', 'ckbpvbd', 'lpzovzo', 'znskrzx', 'awftunn', 'fhrabmr']
['cewygrc', 'gmultvj', 'tjtezbn', 'rnluyib', 'mcirxcd', 'vfebggx', 'lpzhylm', 'igvkuru', 'bwpwdoy', 'mirwseo', 'bvvitzv', 'ymwwchd', 'dubzmmn', 'pcrzoox']
['pojnkue', 'atvqyki', 'pkosxjv', 'egfbifk', 'upucitb', 'yvvwjem', 'ptpmisy', 'reolqff', 'jwpfwqz', 'ljxgjfb', 'qqeafqd', 'nvjeors', 'jaikykc', 'hlruggb', 'mbrlttj', 'uuqtrnp']
['ylnttkr', 'kiwoauy', 'yoqrhdw', 'uckaokp', 'ljqttnn', 'tqjelgo', 'fgubrui', 'nkylhqw', 'pwaalip']
['ylscqcm', 'afvpuoz', 'jigaagt', 'mnxptfo', 'zvuccyi', 'wqohgce', 'shztxik', 'ozoxsck', 'iiybggp', 'tdrolvx', 'zfqckzr', 'gmqbbof']
['ofsoyop', 'mqeymdi', 'ugpqnzn', 'sgrvtpg', 'wklasyt', 'oegoznu', 'qavmxlu']
