['338', '377', '496', '475', '86', '259', '452', '329', '4', '55', '83', '67', '426', '341', '382', '406', '425', '46', '62', '172', '218', '327']
['129', '410', '175', '91', '134', '120', '191', '440', '404', '216', '101', '352', '467', '160', '479', '473', '144', '374', '307', '171', '436', '31', '289', '164', '275', '168', '97', '315', '57', '14', '60']
['154', '482', '370', '166', '375', '33', '186', '478', '420', '381', '376', '109', '64', '108', '432', '491', '317', '130', '463', '488', '480', '193', '498', '35', '180', '80', '142']
['324', '76', '135', '442', '384', '187', '19', '468', '359', '318', '47', '310', '305', '322']
['28', '37', '346', '417', '362', '422', '411', '116', '165', '298', '408', '492', '7', '454', '424', '361', '336', '364', '229', '418', '66', '73', '340', '253', '200', '360']
['357', '222', '206', '416', '79', '385', '84', '474', '189', '226', '388', '450', '59', '30', '81', '223', '143', '128', '443', '138', '354', '368', '470', '61', '53', '394', '236', '136']
['58', '152', '461', '54', '74', '6', '251', '464', '444', '23', '204']
['320', '5', '69', '434', '266', '243', '203', '485', '3', '270', '119', '272', '419', '323', '255', '252', '429', '262', '264', '39', '87', '179', '38', '188', '131', '113', '10', '246', '261', '273', '355', '293', '82', '248', '263']
['337', '98', '339', '477', '345', '431', '366', '314', '237', '495', '316', '213', '401', '402', '127', '449', '214', '211', '250', '378', '159', '367']
['405', '36', '103', '153', '215', '363', '387', '21', '90', '260', '148', '210', '125', '330', '50', '49', '379', '199', '151', '390', '234', '185', '257', '94', '446']
['308', '27', '242', '389', '44', '351', '486', '413', '348', '291', '2', '397', '195', '224', '430', '499', '437', '396', '393', '344', '304', '225', '465', '490', '383', '256', '421', '392']
['155', '277', '227', '232', '328', '63', '441', '282', '235', '296', '249', '460', '202', '407', '100', '331', '455', '78', '196']
['285', '372', '292', '380', '194', '456', '8', '299', '391', '70', '458', '399', '288', '41', '451', '157', '219', '72', '347']
['22', '350', '176', '173', '228', '448', '321', '343', '445', '447', '233', '110', '40', '221', '335', '371', '174', '169', '300', '118']
['241', '269', '309', '276', '369', '230', '9', '433', '333', '137', '42', '280', '95', '220', '271', '332', '484', '132', '303', '358', '111', '139', '20']
['71', '205', '102', '24', '192', '427', '65', '16', '1', '99', '472', '26', '106', '435', '158', '123', '141']
['414', '184', '15', '274', '409', '267', '96', '34', '457', '13', '453', '265', '146', '17', '373', '56', '75', '231', '170', '43', '412']
['11', '290', '133', '212', '238', '438', '471', '353', '178', '459', '122', '483', '181', '319', '349', '167', '325', '183', '481', '85', '107', '365', '68', '115', '18']
['156', '161', '182', '386', '77', '423', '121', '247', '163', '126', '428', '469', '400', '0', '145', '147', '466']
['403', '297', '190', '244', '487', '398', '493', '45', '245', '311', '313', '112', '258', '334', '254', '494', '117', '197', '209', '281', '52', '476', '150', '207', '104', '114', '342', '51', '105']
['208', '217', '326', '268', '140', '312', '198', '439', '201', '124', '25', '88', '48', '306', '92', '89']
['177', '93', '287', '489', '302', '294', '301', '284', '283', '286', '462', '32', '12', '356', '162', '497', '278', '279', '239', '240', '149', '29', '295', '395', '415']
