['Mariana', 'Serena', 'Irene', 'Ashlynn', 'Melina', 'Eve', 'Naomi', 'Paris', 'Aliyah', 'Adrianna']
['Kelsey', 'Claire', 'Faith', 'Autumn', 'Makayla', 'Madeline', 'Mariah', 'Leah', 'Marissa', 'Alexa']
['Miriam', 'Carla', 'Tatiana', 'Yesenia', 'Molly', 'Clara', 'Ella', 'Kiersten', 'Carmen', 'Kyra']
['Heaven', 'Tia', 'Cameron', 'Krystal', 'Mikaela', 'Kaylee', 'Baylee', 'Jayla', 'Kamryn', 'Ashleigh']
['Ellen', 'Mia', 'Karissa', 'Kali', 'Lesley', 'Ivy', 'Chelsea', 'Serenity', 'Carley', 'Sadie']
['Liliana', 'Toni', 'Sage', 'Kendall', 'Ann', 'Macie', 'Lucia', 'Courtney', 'Tianna', 'Macey']
['Tierra', 'Jenna', 'Cara', 'Marisol', 'Carissa', 'Esperanza', 'Janelle', 'Athena', 'Luz', 'Chyna']
['Bridget', 'Addison', 'Camille', 'Jaqueline', 'Whitney', 'Tessa', 'Carolina', 'Nadia', 'Kailee', 'Priscilla']
['Lindsay', 'Katrina', 'Brooklyn', 'Jaden', 'Chasity', 'Sabrina', 'Gabriela', 'Camryn', 'Katelyn', 'Ariel']
['Mikayla', 'Eliana', 'Felicia', 'Zaria', 'Heidi', 'Kyla', 'Tania', 'Emilie', 'Lizbeth', 'Rylee']
['Maddison', 'Taryn', 'Deborah', 'Precious', 'Felicity', 'Kiley', 'Tyra', 'Jaclyn', 'Amelia', 'Regan']
['Sophie', 'Payton', 'Angelina', 'Deanna', 'Daniella', 'Karina', 'Gabriella', 'Chelsey', 'Cynthia', 'Angel']
['Alicia', 'Giselle', 'Casey', 'Dominique', 'Kiera', 'Aaliyah', 'Delaney', 'Aubrey', 'Kara', 'Janae']
['Shyanne', 'Makenna', 'Madeleine', 'Ellie', 'Alissa', 'Sydnee', 'Kiana', 'Reagan', 'Ariana', 'Natasha']
['Alison', 'Rachael', 'Trinity', 'Jazmin', 'Macy', 'Justine', 'Regina', 'Erika', 'Melanie', 'Brittany']
['Johanna', 'Skye', 'Jordan', 'Allie', 'Mckenna', 'Kaitlynn', 'Brandi', 'Caitlin', 'Jacqueline', 'Paulina']
['Yasmin', 'Katie', 'Aurora', 'Rose', 'Cheyenne', 'Kelly', 'Esmeralda', 'Alma', 'Mckenzie', 'Peyton']
['Claudia', 'Abby', 'Kylee', 'Kathleen', 'Karla', 'Kylie', 'Makenzie', 'Amaya', 'Tara', 'Alexus']
['Lindsey', 'Noelle', 'Gabrielle', 'Genevieve', 'Marilyn', 'Sonia', 'Tayler', 'Marlene', 'Piper', 'Kaylie']
['Amari', 'Kassandra', 'Cassie', 'Harley', 'Genesis', 'Skyler', 'Alana', 'Guadalupe', 'Julianna', 'Andrea']
['Linda', 'Ciara', 'Haylee', 'Cristal', 'Eva', 'Nora', 'Nichole', 'Riley', 'Kenya', 'Ruth']
['Theresa', 'Heather', 'Alice', 'Alina', 'Sharon', 'Lilly', 'Yasmine', 'Evelyn', 'Christine', 'Angela']
['Tiara', 'Raven', 'Brenda', 'Kaleigh', 'Natalia', 'Valeria', 'Tamia', 'Catherine', 'Kristina', 'Allyson']
['Brooke', 'Amber', 'Cristina', 'Zoey', 'Zoe', 'Iris', 'Shayla', 'Michelle', 'Danielle', 'Audrey']
['Bianca', 'Shelby', 'Monica', 'Celeste', 'Savanna', 'Mya', 'Cindy', 'Madelynn', 'Krista', 'Halle']
['Cassidy', 'Angie', 'Carlie', 'Sylvia', 'Elaina', 'Lacey', 'Kelli', 'Jayden', 'Carrie', 'Alanna']
['Charity', 'Fiona', 'Erica', 'Clare', 'Joy', 'Annabelle', 'Isabel', 'Emely', 'Marisa', 'Pamela']
['Jasmin', 'Selena', 'Imani', 'Leslie', 'Kendra', 'Jordyn', 'Julie', 'Kierra', 'Alejandra', 'Holly']
['Lydia', 'Ana', 'Helen', 'Brittney', 'Kristen', 'Daisy', 'Hope', 'Shannon', 'Bethany', 'Angelica']
['Katelynn', 'Elena', 'Margaret', 'Sasha', 'Nancy', 'Crystal', 'Lauryn', 'Paige', 'Valerie', 'Jacquelyn']
['Britney', 'Gianna', 'Veronica', 'Kennedy', 'Eliza', 'Barbara', 'Isabelle', 'Talia', 'Elisa', 'Tori']
['Jazmine', 'Madyson', 'Erin', 'Tamara', 'Jessie', 'Abbey', 'Rebekah', 'Hanna', 'Susan', 'Mercedes']
['Martha', 'Cheyanne', 'Julissa', 'Gisselle', 'Ava', 'Virginia', 'Marie', 'Larissa', 'Eleanor', 'Charlotte']
['April', 'Gracie', 'Brandy', 'Monique', 'Francesca', 'Meredith', 'Kathryn', 'Kaylin', 'Alisha', 'Kelsie']
['Emilee', 'Annie', 'Kassidy', 'Ashlee', 'Lisa', 'Anastasia', 'Brenna', 'Denise', 'Nia', 'Carolyn']
['Eden', 'Vanessa', 'Michaela', 'Brooklynn', 'Bryanna', 'Rhiannon', 'Sierra', 'Meagan', 'Miracle', 'Perla']
['Elise', 'Kaley', 'Sara', 'Lily', 'Breanna', 'Aileen', 'Caitlyn', 'Kristin', 'Cora', 'Arianna']
['Teresa', 'Tatyana', 'Carly', 'Viviana', 'Deja', 'Katlyn', 'Josie', 'Kirsten', 'Destinee', 'Esther']
['Tatum', 'Kasey', 'Daniela', 'Sofia', 'Lesly', 'Kaitlin', 'Briana', 'Diamond', 'Alyson', 'Lexi']
['Skylar', 'Tiana', 'Madelyn', 'Jillian', 'Meghan', 'Adriana', 'Colleen', 'Lillian', 'Marina', 'Kiara']
['Jenny', 'Mallory', 'Anne', 'Renee', 'Gloria', 'Sandra', 'Anahi', 'Gina', 'Mayra', 'Tyler']
['Hallie', 'Gillian', 'Tabitha', 'Karen', 'Paola', 'Jade', 'Lucy', 'Hailee', 'Wendy', 'Rosa']
['Hunter', 'Hayley', 'Logan', 'Kimberly', 'Miranda', 'Janet', 'Jada', 'Sidney', 'Haleigh', 'Melody']
['Leilani', 'Jamie', 'Julianne', 'Layla', 'Juliana', 'Joanna', 'Kaila', 'Kate', 'Ruby', 'Lorena']
['Ashton', 'Avery', 'Laura', 'Litzy', 'Tiffany', 'Alondra', 'Desiree', 'Ashlyn', 'India', 'Alexandria']
['Alaina', 'Breana', 'Bailee', 'Ayanna', 'Alayna', 'Mckayla', 'Brisa', 'Kailey', 'Georgia', 'Amy']
['Phoebe', 'Christina', 'Jayda', 'Diana', 'Arielle', 'Raquel', 'Madisyn', 'Cecilia', 'Caroline', 'Clarissa']
['Jocelyn', 'Callie', 'Devin', 'Malia', 'Cassandra', 'Bailey', 'Dana', 'Melissa', 'Mary', 'Asia']
['Elisabeth', 'Adrienne', 'Fatima', 'Alexia', 'Madalyn', 'Kira', 'Shania', 'Josephine', 'Nina', 'Summer']
['Maggie', 'Angelique', 'Kayleigh', 'Annika', 'Vivian', 'Jane', 'Patricia', 'Cierra', 'Maya', 'Dakota']
