['194', '321', '24', '36', '276', '44', '58', '323', '45', '23', '305', '292', '59', '125', '322', '361', '214', '273', '97', '394', '256', '281', '57', '60', '105']
['379', '350', '351', '3', '384', '65', '270', '198', '85', '66', '67', '397', '244', '219']
['211', '294', '96', '216', '179', '210', '235', '289', '162', '212', '249', '2', '358', '352', '160', '7', '142', '171']
['177', '176', '175', '159', '291', '253', '27', '25', '254', '255', '26', '174', '399', '153', '107', '280', '389']
['297', '242', '157', '76', '373', '310', '374', '64', '15', '108', '164', '382', '92', '183', '304', '172', '296', '383', '295', '395', '257', '77', '392']
['370', '133', '166', '93', '266', '134', '56', '204', '230', '135', '326', '70', '136', '130', '240', '332', '336', '114', '80', '263', '20', '0']
['9', '277', '205', '149', '184', '34', '193', '387', '272', '146', '251', '40', '248', '88', '14', '245', '191', '148', '89', '147', '126']
['168', '259', '208', '315', '314', '237', '1', '258', '47', '79', '18', '369', '170', '140', '260', '316', '385']
['69', '13', '308', '309', '17', '54', '302', '86', '123', '274', '388', '306', '311', '307', '41', '110', '113', '393', '117', '225', '232', '217', '355', '53', '303', '52', '207', '218', '68']
['227', '62', '372', '228', '348', '229', '275', '349', '201', '340', '278', '226', '180', '265', '90', '279', '224', '115', '347']
['357', '154', '328', '247', '190', '203', '84', '327', '329', '262', '264', '213', '187', '202', '330', '167', '261', '368', '364', '359', '165', '94', '367']
['338', '43', '363', '353', '199', '30', '78', '81', '390', '29', '391', '143', '376', '21', '339', '200', '271', '4', '366']
['320', '28', '375', '103', '371', '102', '178', '101', '109', '144', '42', '112', '63', '356', '231', '246', '300', '380', '161', '209', '236', '104', '139']
['313', '298', '398', '182', '299', '386', '238', '365', '163', '51', '173', '186', '239', '362']
['222', '220', '129', '290', '192', '122', '188', '98', '333', '33', '128', '121', '221', '243', '120', '325']
['11', '331', '215', '22', '335', '137', '95', '12', '396', '319', '10', '317', '169', '158', '46', '354', '50', '132', '234', '185', '318', '360']
['344', '49', '269', '301', '343', '267', '252', '74', '342', '189', '73', '138', '116', '334', '346', '345', '55', '72']
['206', '5', '241', '37', '282', '337', '381', '119', '195', '106', '196', '99', '39', '87', '324', '38', '131', '6', '100', '155', '8', '250', '293', '378', '111']
['31', '152', '32', '61', '197', '151', '377', '82', '83', '233', '150', '16', '181', '91', '283', '124', '48', '127', '118']
['285', '156', '268', '284', '312', '19', '223', '287', '341', '75', '35', '288', '286', '145', '71', '141']
