['137', '139', '138', '136']
['140', '143', '141']
['58', '63', '59', '162', '93', '57', '56']
['235', '331', '232', '233', '234']
['344', '301', '346', '345', '300', '347']
['284', '364', '365', '367', '366']
['117', '119', '118', '115', '123', '18']
['204', '79', '78', '77', '76']
['277', '278', '276']
['378', '379', '377', '376']
['179', '177', '176', '178']
['389', '390', '388', '391']
['41', '40', '43', '42']
['264', '266', '267', '265']
['285', '182', '181', '393', '180', '94', '183']
['9', '11', '8', '100']
['330', '360', '362', '361']
['47', '51', '45', '44', '46']
['290', '24', '289', '291', '295', '288']
['306', '304', '307', '263']
['132', '134', '133', '25', '303']
['229', '231', '230']
['340', '341', '342', '343']
['169', '168', '171', '170']
['73', '92', '72', '74', '75']
['64', '65', '67', '148', '66']
['218', '219', '217', '216']
['49', '102', '48', '50']
['398', '397', '399']
['239', '237', '236', '238']
['249', '250', '251', '247', '244', '245', '246']
['309', '310']
['352', '3', '353', '380', '354']
['81', '154', '83', '80']
['165', '166', '255', '164', '167']
['363']
['206', '62', '60', '382']
['172', '173', '175']
['329', '142']
['84', '305']
['13', '14', '15', '12']
['350', '351', '355', '348', '349', '86', '286']
['109', '111', '108']
['272', '274', '275', '273']
['214', '213', '215', '212', '248']
['282', '281', '287', '280', '283']
['22', '19', '21', '27', '23', '20']
['106', '107', '103', '104', '105']
['243', '241', '240', '242']
['85', '279']
['338', '337', '336', '292', '339']
['61']
['124', '127', '125', '126', '2']
['110']
['257', '259', '256', '258']
['82']
['321', '320', '322', '323']
['87', '324', '269', '268', '270', '271']
['34', '35', '32', '33']
['199', '101', '200', '202', '201', '207', '203']
['151', '91', '1', '150', '88', '90', '89']
['38', '36', '37', '39']
['153', '145', '144', '146', '147']
['294', '69', '68', '71', '70']
['221', '222', '223', '220', '302']
['113', '114', '112']
['5', '7', '4', '6']
['224', '226', '325']
['358', '356', '357']
['193', '195', '192', '392', '194']
['384', '387', '386', '385']
['359']
['368', '370', '371', '326']
['317', '318', '316', '319', '395']
['313', '315', '314', '312', '293', '311']
['308', '254']
['197', '198']
['52', '55', '54', '53']
['116']
['155', '152', '156', '163', '159', '157', '158']
['149', '297', '296', '299', '298']
['211', '209', '381']
['225']
['369', '262']
['185', '260', '184', '186', '187']
['396']
['205', '196']
['161', '16', '188', '189', '190', '191']
['10', '394', '261']
['121', '122', '120']
['17', '160', '228']
['29', '31', '28', '30']
['130', '131', '129', '128', '135']
['96', '95', '98', '97', '99']
['327', '334', '333', '335', '332']
['210', '0', '26']
['383', '208']
['227', '328', '253']
['174']
['374', '373', '372', '375', '252']
