['338', '320', '434', '13', '16', '146', '122', '272', '400', '106', '55', '32', '12', '63', '198', '181', '278', '7', '454', '240', '275', '368', '208', '380', '384', '150', '358', '185', '80', '159']
['37', '133', '91', '212', '350', '433', '274', '381', '216', '387', '323', '464', '170', '148', '99', '483', '298', '372', '499', '319', '406', '214', '211', '62', '152', '481', '161', '234', '124', '415']
['194', '182', '438', '347', '474', '228', '456', '479', '411', '283', '201', '41', '306', '311', '15', '343', '268', '38', '125', '233', '231', '232', '61', '336', '296', '490', '253', '200', '142', '446']
['24', '308', '247', '134', '444', '56', '244', '345', '204', '376', '226', '163', '23', '42', '374', '219', '324', '6', '121', '67', '26', '379', '488', '470', '132', '82', '318', '140', '0', '115']
['241', '328', '370', '321', '337', '175', '54', '369', '339', '86', '84', '301', '76', '419', '493', '388', '252', '71', '87', '448', '179', '192', '70', '443', '344', '149', '442', '455', '14', '139']
['177', '482', '269', '309', '346', '458', '25', '276', '174', '366', '101', '284', '237', '373', '195', '245', '95', '59', '437', '83', '426', '127', '118', '49', '225', '209', '383', '248', '207']
['277', '166', '98', '43', '478', '431', '362', '123', '230', '335', '452', '329', '305', '429', '450', '162', '497', '341', '254', '325', '97', '364', '427', '8', '229', '250', '498', '359', '395', '75']
['206', '398', '259', '353', '409', '119', '394', '496', '164', '407', '421', '100', '17', '10', '190', '137', '440', '354']
['285', '129', '403', '79', '371', '153', '205', '160', '316', '171', '262', '289', '202', '258', '128', '382', '402', '138', '183', '239', '304', '85', '193', '303', '391', '365', '51', '165', '263', '60']
['313', '155', '461', '69', '445', '188', '422', '109', '66', '266', '491']
['238', '243', '242', '288', '157', '466', '385', '58', '471', '487', '404', '333', '428', '4', '463', '72', '480', '355', '34', '65', '390', '197', '293']
['357', '11', '28', '326', '484', '290', '282', '178', '270', '92', '330', '113', '221', '475', '310', '203', '169', '145', '367', '141']
['154', '3', '53', '187', '151', '453', '281', '236', '489', '33', '110', '136', '255', '180', '257', '246', '271', '430', '360']
['420', '31', '5', '220', '96', '465', '375', '418', '295', '73', '167', '114', '451', '158', '44', '425']
['264', '227', '292', '441', '156', '199', '172', '356', '249', '352', '256', '432', '40', '331', '48', '120', '477', '89', '186', '449', '392']
['414', '405', '377', '93', '27', '78', '417', '22', '472', '439', '447', '473', '90', '436', '39', '108', '267', '396', '349', '317', '401', '435', '19', '386', '74', '340', '378', '218', '35', '18']
['88', '191', '102', '294', '235', '486', '413', '21', '45', '469', '307', '260', '462', '213', '30', '81', '492', '131', '393', '399', '261', '412', '217', '29', '47', '107', '68', '327', '126', '105']
['222', '112', '408', '410', '52', '468', '2', '116', '397', '265', '224', '130', '46']
['36', '423', '416', '297', '103', '173', '485', '351', '363', '135', '314', '459', '467', '460', '1', '291', '144', '147', '176', '210', '251', '279', '300', '322', '424', '50', '273', '342', '104', '111']
['287', '302', '389', '215', '9', '457', '348', '189', '495', '286', '280', '196', '64', '299', '143', '223', '334', '494', '361', '117', '332', '168', '184', '315', '312', '476', '57', '94', '20', '77']
