['350', '205', '482', '328', '409', '267', '82', '91', '407', '143', '6', '464', '142', '180', '288', '204', '402', '92']
['277', '298', '179', '390', '348', '122', '296', '323', '396', '378', '163', '75', '265', '159', '360', '171', '50']
['304', '3', '12', '268', '85', '413', '83', '54', '128', '399', '14', '455', '244', '224', '200', '153', '271', '60']
['338', '152', '336', '445', '229', '330', '57', '395', '443', '118', '103', '7', '45', '280', '39', '123', '105']
['368', '433', '5', '290', '472', '387', '456', '202', '489', '253', '491', '276', '469', '140', '392']
['326', '108', '228', '24', '133', '66', '366', '124', '495', '201', '56', '247', '40', '438', '126', '316', '347', '141']
['117', '450', '220', '208', '187', '492', '490', '439', '386', '16', '236', '21', '423', '144', '157', '219', '196', '18']
['485', '436', '480', '129', '42', '434', '132', '312', '113', '339', '243', '415', '310', '431', '263', '4', '147', '446']
['313', '64', '31', '194', '486', '459', '34', '442', '473', '248', '452', '340', '278', '23', '245', '165', '111', '300', '240', '46']
['62', '380', '63', '235', '29', '182', '352', '33', '411', '170', '477', '174', '51', '145', '44']
['214', '398', '28', '216', '314', '448', '98', '418', '291', '393', '444', '43', '77', '425']
['225', '178', '408', '437', '447', '287', '468', '498', '70', '391', '134', '293', '341', '362', '90', '451', '260', '0', '424', '471']
['286', '324', '241', '427', '162', '422', '189', '150', '258', '311', '266', '27', '80', '374', '279', '169', '20']
['11', '97', '197', '192', '303', '377', '237', '419', '13', '295', '309', '364', '190', '369', '306', '463']
['213', '481', '381', '76', '172', '81', '274', '428', '242', '494', '382', '130', '440', '183']
['372', '269', '301', '230', '315', '250', '432', '460', '110', '116', '226', '493', '305', '367', '361']
['357', '294', '15', '474', '161', '284', '467', '497', '223', '476', '175', '1', '234', '107', '10', '475', '388', '173', '322', '429']
['320', '95', '222', '155', '457', '32', '289', '405', '37', '30', '17', '74', '233', '238', '256', '318', '218', '88', '215']
['211', '177', '292', '461', '135', '210', '337', '308', '8', '453', '376', '167', '257', '406', '401', '186', '252', '478', '273']
['87', '96', '249', '375', '302', '146', '283', '297', '67', '185', '354']
['344', '227', '22', '78', '209', '125', '349', '430', '458', '137', '246', '148', '261', '449', '385']
['168', '363', '353', '217', '65', '479', '2', '104', '207', '47', '136', '325', '371', '231', '255', '72', '127', '329', '115']
['49', '270', '166', '188', '333', '212', '421', '454', '435', '412']
['420', '285', '69', '321', '356', '93', '394', '416', '251', '221', '397', '195', '345', '94', '158', '327', '71']
['487', '488', '351', '379', '149', '112', '470', '264', '41', '109', '358', '25', '26', '335', '120', '400', '307', '55', '99']
['84', '176', '59', '355', '370', '403', '373', '334', '426', '203', '86', '89']
['414', '206', '184', '262', '102', '61', '343', '198', '36', '181', '164', '275', '299', '331', '100', '317', '139', '389', '466', '483']
['58', '259', '199', '404', '53', '101', '410', '38', '272', '119', '365', '48', '417']
['9', '384', '19', '383', '131', '342', '319', '496', '52', '114', '79', '254', '35', '160', '106', '239']
['154', '232', '484', '441', '156', '499', '282', '151', '465', '193', '281', '73', '121', '346', '359', '68', '191', '462', '138', '332']
