['9752', '9753']
['9875', '9874', '9876']
['9808', '9807', '9806', '9809']
['9823', '9824', '9822']
['9997', '9998', '2']
['241', '240', '242']
['16', '15']
['9894', '9895', '9897', '9896', '9911']
['203', '204', '205', '9810', '202']
['122', '233', '234']
['9828', '9829', '9827', '9826']
['9954', '95', '9955']
['182', '181', '183']
['9907', '9906', '9908']
['9995', '5']
['9950', '51', '50']
['9856', '9857', '9855', '9854']
['9975', '9976']
['25', '26', '174', '201']
['9872', '9985', '9986']
['9860', '9772', '9858', '9859', '9861']
['9939', '9938']
['43', '9957', '9956']
['9893', '9892']
['28', '37', '69', '24', '13', '36', '17', '54', '40', '79', '56', '44', '58', '9', '3', '22', '76', '1', '23', '42', '55', '71', '39', '32', '12', '59', '30', '81', '83', '6', '70', '67', '10', '7', '72', '49', '53', '34', '29', '65', '52', '85', '82', '74', '66', '73', '19', '35', '80', '20', '77', '18']
['193', '192', '194']
['9937', '63']
['47', '9953']
['9838', '9839', '9837']
['9850', '9851', '9912', '9849']
['90', '108', '109']
['9941']
['9932', '68']
['57', '9943']
['9845', '9843', '9846', '9844']
['9885', '9886', '9884']
['117', '116', '119', '118']
['137', '138', '89', '135', '136']
['33']
['9934', '9935']
['9784', '9782', '9783']
['190', '9933']
['155']
['9798', '62']
['207', '148', '147']
['9883', '9882']
['9831', '9830', '9833', '9832', '134']
['247', '246', '244', '245']
['161', '9770', '162', '160']
['9923', '9922']
['149', '150']
['9919', '170']
['191', '9773', '9994', '9993']
['9787', '9873', '9786']
['9903', '9904']
['197', '196', '195']
['172', '173', '171']
['9924', '9925']
['9927', '9926']
['9966', '9965']
['9936', '64']
['97', '96', '98', '100', '99']
['9889', '9890']
['9819', '9818', '9820']
['9766', '9767', '9764', '9765']
['9836']
['9964', '9920', '9980', '9931', '9917', '9991', '9984', '9951', '9928', '9987', '9946', '9992', '9990', '9989', '9981', '9948', '9973', '9945', '9961', '9930', '9921', '9971', '9999', '9949', '9944', '9952', '9983', '9968', '9960', '9982', '9929', '9916', '9962', '9977', '9958', '9979', '9959', '9947', '104', '9970', '9821', '9974', '9978']
['9776', '9774', '9775', '212']
['9847', '9848']
['9812', '237', '9811']
['60']
['61']
['157', '156']
['151', '153', '152']
['179', '180']
['46']
['9778', '9777']
['145', '144']
['27']
['75', '9771']
['9758', '9757', '9756']
['9902']
['9801', '9800', '9802', '9799']
['124', '93', '123']
['9967', '163', '9881']
['9900', '9899', '9901', '94']
['9891']
['9803', '9804', '88', '9805']
['9910', '243']
['206', '9996']
['9780', '9781', '9779']
['142', '143']
['9866', '9865']
['9762', '9763']
['9905']
['227', '226', '228']
['84', '175']
['48']
['9963']
['9863', '9864', '9862']
['9915', '9914']
['9940']
['38']
['9817', '9816']
['45']
['235', '9853', '9898', '236', '9852']
['8']
['107', '9909']
['113', '114', '92', '115']
['11']
['87', '9972']
['111', '110']
['9988']
['9887', '9888']
['218', '219', '217', '216']
['9791', '9790']
['185', '184', '186', '229', '187']
['106', '105']
['146']
['130', '129', '128']
['224', '225', '223', '91']
['14']
['78']
['239', '238']
['198', '199']
['221', '220', '86']
['9870', '9869', '9871']
['9877', '9879', '9878']
['189', '9814', '9813']
['188', '9815']
['210', '211', '209', '208', '168']
['9760', '9761']
['9868', '9867']
['41']
['31']
['101', '102', '103']
['9785']
['165', '166', '164']
['121', '9918']
['9788']
['232', '9840', '231']
['154']
['132', '133', '131']
['214', '213', '215']
['9880', '9796', '9797']
['167', '177', '176', '178']
['4']
['222']
['9759']
['9751', '9750']
['112']
['9835', '9834']
['9842', '9841']
['9768', '9789']
['200', '125']
['159', '169', '158', '9769']
['230', '9795', '9794']
['21']
['127', '126']
['9825']
['9942']
['9793', '9792', '120']
['9969']
['140', '139', '9913', '141']
['249', '250', '248']
['9754', '9755']
