['370', '194', '166', '302', '141', '230', '398', '284', '270', '348', '201', '90', '99', '30', '268', '110', '330', '273', '227', '217', '384', '236', '66', '180']
['222', '28', '69', '33', '266', '43', '366', '84', '160', '283', '335', '15', '187', '167', '317', '325', '183', '232', '152', '199', '184', '14', '35', '126']
['175', '191', '353', '96', '352', '323', '21', '163', '224', '81', '143', '67', '341', '138', '239', '155', '62', '303', '312', '107', '218', '48', '136', '139']
['285', '79', '389', '385', '351', '294', '272', '41', '311', '148', '219', '372', '326', '12', '210', '113', '7', '279', '322', '46', '49', '19', '47', '111']
['36', '78', '350', '381', '101', '373', '397', '329', '280', '176', '343', '233', '6', '368', '214', '61', '53', '85', '296', '229', '340', '207', '165', '18']
['177', '331', '297', '346', '120', '203', '173', '186', '235', '374', '137', '179', '38', '198', '349', '97', '197', '336', '383', '281', '150', '318', '75', '77']
['154', '37', '377', '16', '375', '314', '237', '252', '196', '292', '83', '319', '26', '130', '275', '117', '380', '161', '132', '8', '68', '80', '94', '60']
['24', '243', '259', '274', '144', '23', '255', '306', '388', '171', '262', '298', '108', '162', '202', '393', '10', '158', '208', '149', '52', '293', '391', '263']
['13', '282', '190', '371', '244', '44', '362', '363', '301', '122', '42', '71', '87', '118', '211', '315', '209', '295', '358', '57', '365', '73', '200', '392']
['338', '290', '98', '25', '103', '345', '153', '204', '157', '22', '102', '333', '376', '310', '313', '220', '289', '356', '188', '125', '278', '50', '344', '151']
['357', '320', '129', '308', '309', '133', '88', '56', '86', '215', '228', '286', '145', '112', '192', '131', '92', '354', '225', '193', '172', '234', '257', '115']
['140', '9', '189', '109', '327', '213', '396', '223', '164', '231', '240', '332', '379', '355', '390', '253', '248', '378', '185', '359', '395', '159', '20', '367']
['5', '238', '27', '347', '58', '178', '387', '1', '260', '264', '95', '32', '121', '246', '304', '156', '34', '394', '386', '104', '124', '114', '0', '360']
['241', '17', '54', '146', '247', '276', '174', '288', '242', '123', '170', '195', '106', '305', '31', '59', '100', '128', '221', '254', '271', '65', '29', '74']
['269', '321', '212', '287', '40', '134', '205', '116', '45', '64', '324', '181', '251', '169', '300', '261', '168', '364', '82', '256', '51', '142']
['277', '63', '135', '182', '337', '299', '291', '226', '382', '265', '55', '147']
['76', '119', '91', '250', '334', '245', '4']
['3', '206', '11', '267', '249', '342', '399', '72', '39']
['328', '216', '93', '2', '307', '316', '361']
['258', '70', '369', '339', '127', '89', '105']
