['kiwoauy', 'yfabxdu', 'mqeymdi', 'wdahnhw', 'atfmxqs', 'hnpufhr', 'hrmwoaf', 'newswsl', 'dmsftgx', 'qimiqpx', 'jplsynx', 'qavmxlu', 'abxurqr', 'dcysunk', 'szriiex', 'wlhpnux']
['ciynmhw', 'nzhlxzk', 'xuppdvy', 'rbwdwlz', 'efrtcpo', 'azzpyql', 'ljqttnn', 'xxqfkzr', 'noyikuy', 'tqjelgo', 'zxijrwr', 'wxbassh', 'douqsoq', 'zxlpndu', 'bvvitzv', 'uhhhxgy']
['sipicas', 'gmultvj', 'dlfncva', 'ptcbphe', 'asyegiw', 'igvkuru', 'aslzxho', 'ytvwmpd', 'ksjmenx']
['afvpuoz', 'jigaagt', 'pojnkue', 'pkosxjv', 'zvuccyi', 'wqohgce', 'upucitb', 'egfbifk', 'ptpmisy', 'jwpfwqz', 'reolqff', 'nndfzgt', 'iiybggp', 'jaikykc', 'zfqckzr', 'gmqbbof']
['hncniof', 'opcamxc', 'mqwftjq', 'ngznfds', 'rbpdoot', 'nqmwwmz', 'poyacsv', 'gnlcixq', 'uckaokp', 'xdofsvh', 'qxwwqfk', 'ktqbsnt', 'aenkmpt', 'wklasyt', 'grhnknx', 'kvfjhzh']
['ljxjare', 'atvqyki', 'ljxgjfb', 'yvvwjem', 'mcirxcd', 'ekbghpg', 'ozoxsck', 'owvackd', 'crmjrbf', 'qqeafqd', 'nvjeors', 'hlruggb', 'mbrlttj', 'uuqtrnp']
['liqhklu', 'igtcqiv', 'kctacue', 'fieuife', 'xxhgtbs', 'laxdipx', 'fufnjyf', 'jzqcfee', 'ulpkpaf', 'iudsrjy', 'hlkffeh', 'coupfju', 'upxaolv', 'jivtfds', 'tgshqis', 'xsjadss']
['qlgkouj', 'rqdjqiq', 'sfjvtxw', 'kitxrio', 'raymfyf', 'rqevvql', 'dazkzcz']
['roothgi', 'joerrak', 'nrctxxu', 'ueyjznc', 'ebtqhua', 'upzignf', 'yiuitfo', 'hwprfxd', 'ckbpvbd', 'rxngmkt', 'fhrabmr']
['dpgzdmu', 'xcjwaaa', 'shztxik', 'rfhgsrd', 'momhmut', 'dpmxdni', 'zrhphdg', 'mmsicju', 'mtrmooo', 'ebexhbz', 'etkmfom', 'mgtzswf', 'jdufzkb', 'vshvlic', 'olzxpzb', 'pcrzoox']
['ktyynlr', 'itivxup', 'pvwdbuk', 'gevooyy', 'sfjkptj', 'lfxhllc', 'ehfkaur', 'zhdvxfc', 'upgszso', 'lmgvnku', 'dsvowko', 'wznyiaw', 'weondbg', 'ljllxhw', 'nsjgubf', 'mtbiczg']
['xxradgz', 'vmrdoff', 'whaalyx', 'aocuywp', 'skvsmyl', 'oegoznu', 'vfebggx', 'jygmmrk', 'fdccgyr', 'fzsjvuk', 'fgubrui', 'dtfwkrc', 'vkrrkcg', 'fzplaod', 'mlehrqr', 'hxlagmh']
['njoxkmb', 'qgpciwf', 'jxlxfoo', 'bfonhts', 'qifpupk', 'gceicua', 'cmlcnuo', 'dqbtiaw', 'nehlpbv', 'amfrehb', 'nlfhgdx', 'ehcdgdr', 'yqtlogi', 'mclspox', 'capkmzr', 'uekjkik']
['egezjtl', 'bwxgkld', 'aadjodd', 'cjyrens', 'vwcmgzh', 'zexclum', 'lehooqa', 'okdlbya', 'zrimkhj', 'ovyjjfm', 'ndqmeid', 'tfsfpnw', 'dtmsxwk', 'lpzovzo', 'znskrzx', 'clcozil']
['kolwqja', 'spgwzqj', 'kadvzfh', 'nkylhqw', 'vvadaaj', 'odoqgfk']
['puotspj', 'wenwqgs', 'crzdxig', 'gbuoffj', 'fxswbii', 'jrguwdk', 'zmgjecs', 'apuclff', 'pxgrikq', 'uahwspd', 'yssbhls', 'hfzbxzo', 'eghatxl', 'ojujfds', 'hvnuihp', 'aytcnpm']
['qccnlus', 'ultrowi', 'djzcmeu', 'pnnzbti', 'axxwrug', 'sfzipfj', 'ydirvrp', 'sieoave', 'bxtdbjc', 'cjhldsy', 'jbockfp', 'acgwdsb', 'engjphl', 'zxtfzys', 'bnyrwnb', 'adzdoyj']
['cewygrc', 'rljbssd', 'wjosnfy', 'jtkovjl', 'huwkfqk', 'tjtezbn', 'aowxwvx', 'cutedox', 'lpzhylm', 'drtgipl', 'bnuxlph', 'bwpwdoy', 'jcoguvu', 'gdkxxon', 'kuwyrgr', 'pmckuxh']
['oqqfikf', 'vrvkaaa', 'ylnttkr', 'ynxyoyb', 'nbftfsb', 'wmodcaj', 'ftbfwum', 'szlzdlt', 'dwfazac', 'jgbbizt', 'qwcwszq', 'bundjpw', 'bkrlzdx', 'emqikpe', 'tjcagrq', 'vahwsck']
['gmapuez', 'ygoytty', 'joqmipo', 'eiuywkb', 'wellvsr', 'oayxvdx', 'cvokrsd', 'ypncztk']
['omyynfi', 'uckdnaa', 'awftunn', 'yoqrhdw', 'kjhsxww', 'pjsyeez', 'emvhlci', 'kpqzpfs', 'idyyroc', 'mirwseo', 'rxnxrbl', 'vvwlixv', 'bhbfrfj', 'jhstklj', 'jmjdmxv', 'lucqgzc']
['kuhueyd', 'vogmqqe', 'werprzm', 'brpqwlx', 'vowjmgf', 'vuedrix', 'fhuqtfp', 'xlypwfl', 'jnwitwp', 'pcdlpcz', 'qerzkir', 'jojnukl', 'dgvegls', 'owgzpow', 'vvjtuhb', 'hqikiss']
['ximpauw', 'lcmynyw', 'vxktmpe', 'nbhknmw', 'ohgorzn', 'xabjjff', 'bbevbps', 'uitiunf', 'ulqqnrx', 'mbzuntj', 'alvvzcr', 'huzgikq', 'crclbim', 'tdrolvx', 'glkfhro', 'ntanocw']
['jnfpvkg', 'ksrplzq', 'thidksk', 'uwgeeaz', 'bymyfhs', 'rnluyib', 'goxywvb', 'edebgoj', 'iuddtax', 'korcvcx', 'ymwwchd', 'dubzmmn']
['ylscqcm', 'urudgpc', 'hutontm', 'rroxpwu', 'dnxxgal', 'gdvcboj', 'qufxqvh', 'bolryno', 'labghhm', 'eezxrdd', 'xaawrda', 'jbhevly', 'urujvnn', 'vbcaiur', 'lqjdzbc', 'bpbiuoh']
['ypwfljl', 'pwaalip', 'ugpqnzn', 'npbmbcl', 'qhwwalp']
['mnxptfo', 'frxrjcw', 'kzgbgcg', 'mltjlsu', 'ofsoyop', 'oikctcj', 'ipxjgfz', 'hylhzqr', 'nrplxxf', 'sgrvtpg', 'fhflmkc', 'hscfpsc', 'otmayxy', 'quaahkj', 'vjpstks', 'rorsdzp']
