['9', '8', '98', '150', '164', '68', '158']
['262', '22', '232', '292', '172', '81', '52', '82', '202', '291', '201', '21', '231', '51', '23', '111', '142', '261', '171', '141']
['49', '139', '199', '210', '19', '79', '204', '169', '280']
['264', '76', '209', '16', '256', '166', '287', '36', '279', '226', '106', '286', '196', '46']
['284', '47', '14', '86', '43', '44']
['213', '3', '112', '53', '93', '33', '67', '153', '183', '273']
['32', '96', '182', '270', '272', '212', '2', '0', '173', '92', '60', '240']
['214', '64', '154', '184', '274', '29', '263', '244', '136', '94', '4', '219']
['59', '114', '243', '155', '123']
['197', '152']
['95', '5', '269', '97', '69', '235', '65', '125', '229', '233', '100', '185', '221', '247', '113', '35', '120', '245', '203', '138']
['205', '24', '192', '17', '295', '25', '115', '265', '145', '55', '39']
['168', '102', '108', '228', '236', '258', '48', '288', '157', '78', '18']
['222', '12', '132', '299', '70', '72', '42', '252']
['58', '298', '28', '208', '178', '85', '175', '83', '238', '88', '148', '118']
['156', '216', '249', '6', '66', '107', '276', '174', '246', '127', '186']
['211', '87', '227', '241', '61', '181', '1', '121', '40', '10', '124']
['63', '290', '230', '104', '110', '170', '89', '80', '140', '260', '20', '130', '50']
['206', '149', '176', '217', '296', '146', '266', '253', '26', '56', '190', '159', '105']
['277', '34', '119', '160', '128', '73', '257', '215']
['225', '285', '15', '135', '109', '45', '255', '75', '195', '165']
['11', '187', '161', '267', '268', '116', '99']
['31', '30', '179', '151', '91', '223', '271']
['84', '38', '188', '293', '143', '281', '248', '278', '163', '218', '144', '224']
['220', '193', '13', '133', '250', '283', '7', '103']
['131', '191', '189', '275', '251', '167', '41', '239', '71']
['62', '294', '129', '90', '194', '282', '74', '134', '254', '180', '137', '77']
['101', '198', '122', '54', '242', '126']
['200', '162', '259', '289']
['117', '177', '37', '237', '234', '57', '297', '27', '207', '147']
