['ZTK', 'WBPB', 'TYQL', 'GUOYX', 'NTMT', 'HSHY', 'NMU', 'S', 'XVU', 'TXNP', 'MYN', 'ZYFXQ', 'U', 'ZHDBW', 'DVVKX', 'NBJL', 'AEV', 'ETSAG', 'E', 'NS']
['NJAA', 'JN', 'PBRPX', 'ERR', 'ZDYFZU', 'PRYXX', 'FGPZAA', 'IGSXN', 'HH', 'V', 'OVM', 'MISGHL', 'EWAZF', 'RQRWJT', 'TAN', 'KBV', 'PE', 'FVMBV', 'RWHILI', 'OYDEJ']
['BGB', 'LQ', 'LTHESD', 'UIUBC', 'DJS', 'FXAQ', 'USZM', 'ARYSPZ', 'CN', 'BQIFGG', 'TOR', 'KRXDGO', 'EM', 'FPPMUW', 'CCIYM', 'UXBDM', 'XS', 'ZQAULZ']
['ZTR', 'NDZ', 'NVLNXP', 'EP', 'CFG', 'UU', 'MYSMZ']
['TZTCA', 'YO', 'AW', 'OHZYQ', 'POL', 'NDLUNW', 'QBB', 'SRJZQ', 'VL', 'EYEWXP', 'RUC', 'DEXTSN', 'UBYG', 'FJTW', 'HDJL', 'PIGBG', 'BSAEQ', 'LY', 'IU', 'BJ']
['KMU', 'PQ', 'QNN', 'ZIIN', 'ZVWR', 'MPYJWG', 'EHXPLS', 'COYVMU', 'SGY', 'MLDT', 'KW', 'EU', 'W', 'L', 'ETBLO', 'HO', 'EMP', 'M', 'ZULMQ', 'AZN']
['Y', 'JP', 'NAIN', 'RKCPEP', 'N', 'WK', 'IWP', 'VHUHI', 'BAVHR', 'QREJV', 'GI', 'OYJLB', 'BBB', 'ACYQN', 'GDGZN', 'XLVUF', 'JBJS', 'WFWU', 'CRAQYE', 'LZLFY']
['TCBKQ', 'NDF', 'OIA']
['TSSNJ', 'UK', 'QNKIQE', 'BHT', 'BHKK', 'YOGJ', 'ET', 'ZW', 'TXCK', 'JNJNE', 'YDDS', 'XU', 'AB', 'WTGA', 'JUXOIJ', 'UI', 'WELF', 'OTXCZH', 'D']
['SHT', 'G', 'MWKWWN', 'QKT', 'CVSPP', 'DQQ', 'JL']
['I', 'DCBWSF', 'WCZSB']
['BPZAJ', 'MMUK', 'CMB', 'JMYQEA', 'SBM', 'HDJIQ', 'KPXJFJ', 'RM', 'KJHR', 'TRXUD', 'YQ', 'UJ', 'GBSI', 'YII', 'QREJG', 'MK', 'AJDT', 'JJ', 'XLWRB', 'PJG']
['HLT', 'H', 'TGKUE', 'XFGUIZ', 'KAZEK', 'QDMX']
['XEAARR', 'KLQR', 'KCQRDN', 'P', 'JSMAHJ', 'HMURVX', 'DFGWZZ', 'NZDAU', 'MXSFK', 'TN', 'FBW', 'UBWSTW', 'YK', 'LWIA', 'VYGES', 'YXEJT', 'RWO']
['VWK', 'FSZNT', 'HGT', 'BX', 'IYCHS', 'UXXBYF', 'WVHKC', 'UVUBDR', 'TGDTND', 'YEBV', 'UEKXJH', 'LNMCTV', 'WWF', 'QE', 'GCSAZH', 'VOLULU', 'EYVVY', 'NDMQJ', 'HOQPX', 'AH']
['VYBQIM', 'PHS', 'QYC', 'IE', 'FLLJ', 'OFIPP', 'MRT', 'DJC', 'B', 'AFH', 'BFZ', 'GFNZL', 'JCEYOL', 'A', 'EVTLXI', 'CNYXMO', 'NP', 'LZQ', 'MICOE', 'KFYTH']
['FP', 'O', 'OC', 'ZAP', 'CHR', 'Z', 'THMU', 'ZVKC', 'RZU', 'AZGCQ', 'LHILT', 'EDAKUV', 'IMB', 'FAF', 'CAED', 'ZJUCNC', 'NO', 'XINMR', 'OQV', 'TB']
['WAXWZU', 'BNC', 'GDFI', 'T', 'MV', 'X', 'AL', 'J', 'SY', 'EVDQNK', 'QGUYKQ', 'TUB', 'WZ', 'HJW', 'MM', 'C', 'CTRFIJ', 'NGUN', 'ZHCQG', 'ICLIT']
['JCM', 'OL', 'HTA', 'KFBC', 'SEWIVO', 'SUPLJO', 'QROYGT', 'TQWWLG', 'HHCPMB', 'TJU', 'LJSX', 'YFFNQ', 'SU', 'DRLM', 'AY', 'BW', 'FCB', 'LW', 'AR', 'TTV']
['EJOR', 'VCFLXV', 'QIZWG', 'UHTMG', 'MY', 'AQDX', 'DBGM', 'SK', 'ODIF', 'DLJMZC', 'MOOKF', 'WPRTBZ', 'KKFPQ', 'XT', 'ORJB', 'FAL', 'OEJ', 'FWRV', 'ANW', 'HPXSSF']
