['76', '265', '74', '73', '79', '72', '80', '78', '77', '141']
['259', '258', '253', '207', '254', '255', '257', '260', '252', '183']
['285', '282', '24', '287', '146', '266', '297', '276', '204', '157', '294', '122', '226', '42', '219', '196', '262', '12', '289', '59', '299', '181', '131', '100', '70', '221', '278', '279', '92', '275', '50', '208', '61', '34', '132', '65', '281', '47', '126']
['91', '212', '25', '288', '186', '215', '284', '237', '201', '45', '280', '39', '264', '298', '31', '15', '268', '192', '162', '38', '164', '113', '169', '246', '130', '239', '62', '149', '161', '151', '19', '107', '48', '136', '139']
['177', '176', '178', '179', '172', '175', '174', '173', '55', '171']
['222', '290', '166', '98', '134', '216', '235', '270', '272', '119', '200', '283', '144', '245', '41', '195', '64', '30', '249', '210', '125', '202', '6', '167', '26', '49', '184', '197', '193', '150', '295', '66', '75', '140', '94']
['206', '11', '269', '37', '69', '247', '190', '56', '230', '189', '4', '147', '187', '10', '271', '273', '214', '168', '296', '52', '248', '185', '14', '180', '159']
['277', '241', '129', '32', '194', '93', '16', '54', '120', '51', '60', '115', '105']
['156', '228', '209', '250', '188', '238', '263', '111', '224', '106', '286', '127']
['17', '40', '36', '43', '152']
['90', '95', '274', '293', '96']
['117', '121']
['3', '5', '8', '1', '2', '7', '0', '261']
['153', '154', '158']
['143', '291', '116', '114', '35', '103', '231', '170', '23', '123']
['251', '243', '33']
['160']
['112', '108']
['137', '63', '135']
['102', '229', '99']
['128']
['182', '133', '244', '203', '191', '20', '44', '22', '205', '84', '101', '109', '163', '148', '89', '145', '71', '213', '292', '267', '223', '233', '110', '67', '118', '240', '46', '211', '155', '232', '97', '53', '29', '104', '57', '124', '218', '165', '142']
['138', '256']
['13', '9', '28', '68', '27']
['227', '225']
['87', '217', '85', '81', '82', '83', '88', '86']
['242', '234']
['58', '236']
['21', '220', '18']
['198', '199']
