['AllenCrabbe', 'DeMarreCarroll']
['JamesJohnson', 'HassanWhiteside']
['ChrisPaul', 'PJTucker']
['DavidNwaba', 'CristianoFelicio']
['TorreyCraig', 'EmmanuelMudiay']
['GaryHarris', 'TreyLyles']
['KyleKuzma', 'BrookLopez']
['ShabazzMuhammad', 'NemanjaBjelica']
['KentaviousCaldwellPope', 'JoshHart']
['GiannisAntetokounmpo', 'MalcolmBrogdon']
['JeffTeague', 'GorguiDieng']
['MarcusMorris', 'AlHorford']
['JJBarea', 'DirkNowitzki']
['TimotheLuwawuCabarrot', 'JerrydBayless']
['JohnHenson', 'TonySnell']
['TreveonGraham', 'FrankKaminsky']
['JonathonSimmons', 'BismackBiyombo']
['DelonWright', 'OGAnunoby']
['RussellWestbrook', 'StevenAdams']
['JasonTerry', 'ThonMaker']
['PatrickPatterson', 'JoshHuestis']
['MilosTeodosic', 'MontrezlHarrell']
['JamalCrawford', 'TyusJones']
['JoeHarris', 'CarisLeVert']
['AndreIguodala', 'KlayThompson']
['JuliusRandle', 'BrandonIngram']
['MasonPlumlee', 'WillBarton']
['CourtneyLee', 'TimHardaway']
['JustiseWinslow', 'KellyOlynyk']
['JamalMurray', 'NikolaJokic']
['KarlAnthonyTowns']
['JamesEnnis', 'AndrewHarrison']
['AronBaynes', 'TerryRozier']
['MarkieffMorris', 'KellyOubre']
['GarrettTemple', 'KostaKoufos']
['MarqueseChriss', 'DraganBender']
['DariusMiller', 'RajonRondo']
['PascalSiakam', 'CJMiles']
['MaxiKleber', 'DwightPowell']
['KyrieIrving', 'MarcusSmart']
['LangstonGalloway', 'StanleyJohnson']
['DillonBrooks', 'MarioChalmers']
['DougMcDermott', 'LanceThomas']
['GeorgeHill', 'JimmyButler']
['TJMcConnell', 'DarioSaric']
['ShabazzNapier', 'AlFarouqAminu']
['TajGibson', 'PauGasol']
['JustinHoliday', 'JerianGrant']
['RichaunHolmes', 'BenSimmons']
['JoshRichardson', 'GoranDragic']
['JodieMeeks', 'OttoPorter']
['BuddyHield', 'AndrewWiggins']
['MalikMonk', 'JeremyLamb']
['KristapsPorzingis', 'FrankNtilikina']
['PaulMillsap', 'NicolasBatum']
['EdDavis', 'JusufNurkic']
['SemiOjeleye', 'JonasJerebko']
['BojanBogdanovic', 'LanceStephenson']
['LonzoBall', 'CoreyBrewer']
['PaulZipser', 'KrisDunn']
['SalahMejri', 'DevinHarris']
['RodneyHood', 'EricBledsoe']
['IshSmith', 'AnthonyTolliver']
['DonovanMitchell', 'JoeIngles']
['TobiasHarris', 'SamDekker']
['ETwaunMoore', 'DanteCunningham']
['DeAaronFox', 'ZachRandolph']
['KembaWalker', 'MichaelCarterWilliams']
['WesleyMatthews', 'YogiFerrell']
['MarcGasol', 'TyrekeEvans']
['ClintCapela', 'LucMbahaMoute']
['DeMarcusCousins', 'AnthonyDavis']
['EkpeUdoh', 'RudyGobert']
['JonasValanciunas', 'SergeIbaka']
['WayneEllington', 'TylerJohnson']
['GeraldGreen', 'LauriMarkkanen']
['NickYoung', 'KevinDurant']
['MikeMuscala', 'KentBazemore']
['MylesTurner', 'DomantasSabonis']
['MarcinGortat', 'BradleyBeal']
['JamesHarden', 'RyanAnderson']
['ManuGinobili', 'RobinLopez']
['DionWaiters', 'BamAdebayo']
['NeneHilario', 'KyleOQuinn']
['AustinRivers', 'DeAndreJordan']
['EvanTurner', 'CJMcCollum']
['KevinLove', 'LeBronJames']
['PatConnaughton', 'ZachCollins']
['JaMychalGreen', 'DraymondGreen']
['DanielTheis', 'DarrenCollison']
['LarryNance', 'ThaddeusYoung']
['EnesKanter', 'JoelEmbiid']
['DwightHoward', 'MarvinWilliams']
['JarrettJack', 'ShelvinMack']
['JarellMartin', 'KyleAnderson']
['AlJefferson', 'JoeYoung']
['RudyGay', 'DavisBertans']
['NikolaMirotic', 'JameerNelson']
['MikeScott', 'JohnWall']
['SkalLabissiere', 'WillieCauleyStein']
['AlexLen', 'TroyDaniels']
['TomasSatoransky', 'IanMahinmi']
['MichaelKiddGilchrist', 'BenMcLemore']
['MauriceHarkless', 'DamianLillard']
['ShaunLivingston', 'PatrickMcCaw']
['KyleLowry', 'DeMarDeRozan']
['TJWarren', 'TysonChandler']
['RoyceONeale', 'DeyontaDavis']
['WesleyIwundu', 'AaronGordon']
['BobbyPortis', 'DerrickFavors']
['TylerZeller', 'DAngeloRussell']
['TylerUlis', 'JoshJackson']
['LukeKennard', 'AndreDrummond']
['BrynForbes', 'LaMarcusAldridge']
['BlakeGriffin', 'LouWilliams']
['KhrisMiddleton', 'DavidWest']
['StephenCurry', 'ZazaPachulia']
['MichaelBeasley', 'JoseCalderon']
['AndreRoberson', 'PaulGeorge']
['DevinBooker', 'DannyGreen']
['ReggieJackson', 'AveryBradley']
['ReggieBullock', 'JustinJackson']
['ErsanIlyasova', 'DewayneDedmon']
['JeffGreen', 'TristanThompson']
['SindariusThornwell', 'WesleyJohnson']
['DennisSmith', 'RickyRubio']
['ElfridPayton', 'JaylenBrown']
['WilsonChandler', 'JaeCrowder']
['JordanClarkson', 'EricGordon']
['PattyMills', 'DejounteMurray']
['AmirJohnson', 'DenzelValentine']
['JabariParker', 'KyleKorver']
['RondaeHollisJefferson', 'JarrettAllen']
['RaymondFelton', 'AlexAbrines']
['CarmeloAnthony', 'JeramiGrant']
['MalcolmDelaney', 'TaureanWallerPrince']
['DwyaneWade', 'JaredDudley']
['JrueHoliday', 'IanClark']
['QuincyAcy', 'SpencerDinwiddie']
['BogdanBogdanovic', 'HarrisonBarnes']
['DennisSchroder', 'JohnCollins']
['JakobPoeltl', 'FredVanVleet']
['CoryJoseph', 'VictorOladipo']
['MarcoBelinelli', 'IsaiahTaylor']
['SterlingBrown', 'TrevorAriza']
['RobertCovington', 'JJRedick']
['AlecBurks', 'JaysonTatum']
['EvanFournier', 'MarioHezonja']
['CediOsman', 'JRSmith']
['DJAugustin', 'NikolaVucevic']
