['PY', 'OC', 'CD', 'X', 'CX', 'GI', 'GR', 'GB', 'LV']
['BQ', 'PU', 'PO', 'SC', 'OB', 'PK', 'CN', 'JO', 'KH', 'KC']
['JA', 'NT', 'ER', 'BH', 'KT', 'JK', 'OJ', 'JU', 'KO', 'OS']
['H', 'PB', 'DE', 'NG', 'IF', 'RA', 'RV', 'ML', 'GY', 'PE']
['FP', 'RO', 'HQ', 'SS', 'RR', 'DQ', 'MR', 'DM', 'NP']
['ME', 'BK', 'DC', 'MW', 'JS', 'SG', 'EO', 'SI', 'QG', 'LH']
['EH', 'BU', 'PN', 'HB', 'SA', 'CU', 'CA', 'HN']
['RQ', 'NW', 'LT', 'HK', 'SU', 'DU', 'MK', 'QX', 'FS', 'RP']
['JY', 'QA', 'BE', 'HG', 'EX', 'LD', 'LG', 'NB', 'KP', 'PS']
['OL', 'RY', 'BO', 'FQ', 'MS', 'JF', 'DS', 'RB', 'EU', 'GZ']
['EZ', 'SX', 'EY', 'SF', 'CW', 'TA', 'IE', 'JM', 'IN', 'GX']
['OV', 'JZ', 'BY', 'RE', 'BP', 'GD', 'GW', 'QP', 'BW', 'KQ']
['CE', 'MA', 'GU', 'NH', 'SN', 'HE', 'LN', 'RU', 'DO']
['PH', 'KJ', 'HZ', 'SZ', 'PC', 'DJ', 'QR', 'FL']
['QL', 'EL', 'FT', 'FN', 'O', 'BC', 'NQ', 'GA', 'PI']
['KE', 'FD', 'Z', 'GF', 'IK', 'CP', 'LX', 'L', 'TE', 'CV']
['JP', 'QK', 'NC', 'QI', 'DI', 'DZ', 'JQ', 'BF']
['IH', 'LE', 'QC', 'GN', 'NN']
['CR', 'HC', 'SM', 'EW', 'OX']
['BG', 'GT', 'JD', 'CS', 'JV', 'QY', 'CG', 'HW', 'KB', 'HD']
['PR', 'CM', 'P', 'OR', 'LO', 'FG', 'IB', 'HA', 'OI', 'RL']
['RW', 'GJ', 'BR', 'A', 'RZ', 'OA']
['LQ', 'IP', 'SD', 'T', 'FE', 'ED', 'CZ', 'CF', 'KI', 'IL']
['KV', 'S', 'QB', 'PX', 'SQ', 'CB', 'IA', 'GV']
['DX', 'CQ', 'NX', 'BM', 'MO', 'EV', 'BL', 'ON', 'JL', 'BJ']
['MV', 'HY', 'OE', 'Q', 'FM', 'BZ', 'JI', 'LL']
['HR', 'MU', 'DD', 'NE', 'D', 'HI']
['JN', 'CL', 'HX', 'FU', 'JW', 'HH', 'ID']
['N', 'KX', 'BN', 'HJ']
['JB', 'NZ', 'GL', 'GC', 'CI', 'SW', 'JG', 'IO', 'NF', 'GM']
['LR', 'DB', 'BT', 'IS', 'MF', 'NO', 'LF']
['IX', 'EP', 'CY']
['LM', 'OH', 'OP', 'DY', 'MY', 'CH', 'QD', 'OF', 'E']
['OM', 'IG', 'RK', 'MX', 'RJ', 'JT']
['PF', 'BX', 'IV', 'SY', 'FI', 'DA', 'C', 'QS']
['DF', 'HM', 'G', 'LS', 'U', 'BI', 'FK']
['FW', 'CO', 'GP', 'J', 'SL', 'EN', 'JH', 'MM', 'PP', 'SV']
['IM', 'EG', 'GO', 'LC', 'QZ', 'FC']
['QW', 'NU', 'OU', 'NJ', 'PJ', 'RD', 'NA', 'GK', 'KW', 'OK']
['KN', 'LZ', 'V', 'NS']
['TD', 'EK', 'KL']
['KA', 'OG', 'DN', 'CJ', 'KZ', 'LI', 'MC', 'OZ', 'DK']
['RM', 'RS', 'RG', 'MQ']
['SJ', 'LA']
['DL', 'IJ', 'PG', 'KG']
['RT', 'OD', 'IQ', 'FR', 'EM', 'QE', 'EB']
['QT', 'NK']
['JE']
['FZ', 'FJ', 'IC']
['NM', 'EE', 'QO', 'IR', 'FO', 'BD']
['GQ']
['RH', 'QN', 'GG', 'QF']
['TB', 'SB', 'KK', 'NL']
['OY', 'QH', 'DP', 'PV', 'FH']
['RC', 'MZ', 'ET', 'OQ', 'FF', 'IU']
['I', 'PL', 'K']
['KS', 'LJ', 'MB', 'PT']
['KU', 'RI', 'OW', 'BB']
['PZ', 'SO']
['FV', 'HO', 'DR']
['MT', 'QV', 'SE']
['RX', 'BA', 'MH', 'ST']
['JC', 'R']
['OO', 'II', 'CK', 'KM', 'EQ']
['B', 'NY']
['PD']
['NI', 'FX', 'HP', 'M', 'LB']
['EJ', 'SK', 'QJ', 'IW', 'OT', 'QQ']
['LU']
['KR', 'FB', 'KY', 'ES', 'QM']
['MI', 'LP']
['FA', 'HU', 'HS', 'IZ']
['DG', 'HT', 'KF', 'PM']
['RN', 'W']
['EI']
['CT', 'LW', 'LK', 'LY']
['DV', 'KD']
['PQ', 'CC']
['RF', 'MG', 'MD', 'BS', 'SR']
['TC']
['QU', 'GE']
['EC', 'SP', 'MP']
['MN', 'Y', 'DH']
['EA']
['HV', 'BV']
['DW', 'JX']
['IT', 'JJ']
['GH']
['GS']
['JR', 'PW']
['FY', 'HF']
['EF']
['NV', 'TF']
['DT']
['HL']
['F', 'PA', 'ND']
['SH']
['IY']
['MJ']
['NR']
