['Adam', 'Gilbert', 'Antonietta', 'Diane', 'Arturo', 'Lester', 'Andrea']
['Matilda', 'Kathleen', 'Carole', 'Esperanza', 'Merle', 'Megan', 'Susan']
['Kyle', 'Patsy', 'Jessica', 'Dorothy', 'Tom', 'Jonathon', 'Maybell']
['Claire', 'Gerald', 'Albert', 'Isabelle', 'Patricia', 'Colleen', 'Bernice']
['Cesar', 'Darryl', 'Crystal', 'Donald', 'Anthony', 'Lorene', 'Jasmine']
['Heather', 'Colin', 'Marcus', 'Barry', 'Josie', 'Clifford', 'Aileen']
['Claudia', 'Gordon', 'Bruce', 'George', 'Marie', 'Joshua', 'Harriet']
['Erma', 'Stephanie', 'Eva', 'Jodi', 'Antoinette', 'Gloria', 'Roger']
['Theresa', 'Byron', 'Aron', 'Porfirio', 'Gale', 'Oscar', 'Carol']
['Ray', 'Darrin', 'Frances', 'Sheila', 'Juan', 'Lowell', 'Jayne']
['Kenneth', 'Austin', 'Carlos', 'Charles', 'Vera', 'Ella', 'Chester']
['Jennifer', 'Jewel', 'Debra', 'Tim', 'Jeffrey', 'James', 'Rueben']
['Adrian', 'Lawrence', 'Carroll', 'Debbie', 'Tomas', 'Lakesha', 'Terry']
['Carl', 'Kim', 'Lillie', 'Olive', 'Cyndy', 'Felipe', 'Ivan']
['Lauren', 'Robert', 'Sandra', 'Victor', 'Dena', 'Daphne', 'Wilfredo']
['Shawn', 'Vicky', 'Randall', 'Lacey', 'Patrick', 'Carlton', 'Gregory']
['Victoria', 'Pauline', 'Tommie', 'Larry', 'Henry', 'Keith', 'Kathryn']
['Alonzo', 'Carla', 'Peter', 'Kay', 'Janet', 'Walter', 'Joyce']
['Lexie', 'Jeffery', 'Arline', 'Sharon', 'Hugo', 'Nicholas', 'Mary']
['Tanya', 'Fay', 'Allen', 'Ernest', 'Elvera', 'Regina', 'Cedric']
['Emilee', 'Melvin', 'Cynthia', 'Bessie', 'Mae', 'Eric', 'Carolyn']
['Wilbur', 'Vickie', 'Samuel', 'Jessie', 'Delia', 'John', 'Stephen']
['Nellie', 'Joy', 'Alberta', 'Clara', 'Brett', 'Jerome', 'Stanley']
['Devon', 'Lisa', 'Jami', 'Jeremy', 'Minnie', 'Bernie', 'Anna']
['Louis', 'Clyde', 'Earl', 'Nathaniel', 'Russel', 'Eduardo', 'Rebecca']
['Doris', 'Sally', 'Maxine', 'Dewayne', 'Esther', 'Doretha', 'Cheri']
['Emily', 'Benjamin', 'Alan', 'Dennis', 'Melissa', 'Kristina', 'Julia']
['Katrina', 'Margaret', 'Corinne', 'Janice', 'Rod', 'Michael', 'Mona']
['Norma', 'Reggie', 'Kathryne', 'Gene', 'Jeanette', 'Melanie', 'Sheldon']
['Steve', 'Teresa', 'Erica', 'Dottie', 'Mari', 'Ashley', 'Roberto']
['Hector', 'Casandra', 'Zachary', 'Bonita', 'Guadalupe', 'Latonya', 'Johnnie']
['Miriam', 'Thelma', 'Harold', 'Jeff', 'Raquel', 'Catherine', 'Octavia']
['Shelly', 'Helen', 'Noma', 'Jewell', 'Johnathan', 'Kelly', 'Tommy']
['Shaun', 'Damian', 'Richard', 'Justine', 'Fred', 'Ladonna', 'Rachel']
['Stacy', 'Shane', 'Rick', 'Michelle', 'Hildegard', 'Erik', 'Argentina']
['Cara', 'Shawna', 'Laura', 'Leo', 'Gary', 'Peggy', 'Bernadette']
['Tabatha', 'Toni', 'Marjorie', 'Esta', 'Ted', 'Chris', 'Mario']
['Justin', 'Ada', 'Levi', 'Ralph', 'Shirley', 'Billie', 'Frank']
['Matthew', 'Donna', 'Lucille', 'Johnny', 'Betty', 'Gerard', 'Rafael']
['Edward', 'Beverly', 'Jacqueline', 'Mitchell', 'Marybeth', 'Julius', 'Alex']
['David', 'Fletcher', 'Vanessa', 'Virginia', 'Luis', 'Beatriz', 'Frida']
['Maryann', 'Martin', 'Daniel', 'Christopher', 'Jean', 'Josephine', 'Mei']
['Weldon', 'Molly', 'Melony', 'Jane', 'Renee', 'Cathleen', 'Lidia']
['Sarah', 'Mavis', 'William', 'Evan', 'Lorena', 'Barbra', 'Mamie']
['Ericka', 'Matt', 'Alice', 'Irene', 'Tonya', 'Isaac', 'Curtis']
['Loretta', 'Sara', 'Kristine', 'Hillary', 'Krista', 'Ricardo', 'Harriett']
['Linda', 'Quentin', 'Kimberly', 'Blanche', 'Dawn', 'Lucy', 'Ruth']
['Iris', 'Dwayne', 'Bobby', 'Jonathan', 'Julie', 'Anne', 'Jim']
['Brenda', 'Douglas', 'Katherine', 'Deandre', 'Marge', 'Myra', 'Carmen']
['Warren', 'Emerson', 'Kristen', 'Horace', 'Roberta', 'Derrick', 'Roy']
['Houston', 'Scotty', 'Pamela', 'Desiree', 'Marion', 'Carrie', 'Joseph']
['Raymond', 'Deborah', 'Geraldine', 'Trenton', 'Rhonda', 'Judith', 'Lorenzo']
['Newton', 'Tracy', 'Marla', 'Patrice', 'Hilton', 'Carina', 'Jerry']
['Rocio', 'Chelsea', 'Manuel', 'Arthur', 'Joel', 'Lori', 'Leigh']
['Milton', 'Philip', 'Kelvin', 'Nancy', 'Christine', 'Christiana', 'Randy']
['Eunice', 'Sheryl', 'Katie', 'Brian', 'Ronald', 'Charlotte', 'Angel']
['Paul', 'Brandon', 'Lizzie', 'Jammie', 'Leola', 'Rory', 'Elizabeth']
['Dolores', 'Heidi', 'Amanda', 'Todd', 'Laurie', 'Dan']
['Danielle', 'Andre', 'Alvin', 'Steven']
['Samantha']
['Gladys', 'Paula']
['Phillip', 'Monica']
['Pat']
['Kenny']
['Tiara']
['Gail']
['Martha']
['Barbara']
['Sam']
['Mark']
['Thomas']
['Vicente']
['Joe']
['Tammy']
['Fredrick']
['Maureen']
['Wade']
['Abdul']
['Cindy']
['Antonio']
['Lela']
['Mildred']
['Shante']
['Ruthie']
['Anita']
['Maria']
['Rena']
['Kurt']
['Cheryl']
['Kelli']
['Evelyn']
['Virgie']
['Phyllis']
['Craig']
['Harry']
['Grace']
['Lottie']
['Vance']
['Wanda']
['Robin']
['Beatrice']
['Brooks']
['Timothy']
['Ethel']
['Annie']
['Cleo']
['Karen']
['Brittany']
['Joan']
['Jason']
['Hazel']
['Pearl']
['Sulema']
['Salvatore']
['Edwin']
['Mireya']
['Cameron']
['Marta']
['Lena']
['Louise']
['Bernard']
['Lucia']
['Christian']
['Lydia']
