['154', '5', '208', '194', '210', '93', '128', '57', '247', '107', '126', '100', '371', '153', '77', '71']
['344', '320', '217', '29', '131', '181', '202', '66', '124', '297', '123', '7', '111', '94', '196', '183']
['292', '182', '284', '308', '309', '250', '83', '146', '234', '358', '167', '19', '142', '85', '286', '360']
['289', '314', '321', '119', '17', '293', '166', '253', '150', '91', '365', '223', '73', '120', '329', '130']
['95', '301', '267', '235', '76', '337', '200', '125', '319', '134', '116', '48', '369', '90', '219', '171']
['9', '155', '241', '178', '135', '59', '296', '36', '248', '121', '35', '75', '288', '127', '240', '354']
['214', '177', '168', '322', '277', '32', '30', '216', '101', '133', '209', '212', '340', '242', '137', '147']
['3', '205', '184', '249', '160', '109', '238', '186', '190', '115', '276', '23', '224', '215', '138', '361']
['225', '363', '324', '274', '149', '290', '336', '13', '38', '312', '236', '41', '10', '195', '306', '275']
['152', '28', '220', '12', '108', '129', '352', '326', '348', '2', '185', '373', '278', '359', '145', '261']
['370', '69', '303', '162', '74', '323', '345', '163', '280', '265', '165', '86', '271', '89', '118', '141']
['58', '49', '227', '22', '84', '61', '228', '24', '252', '82', '98', '16', '257', '169', '72', '50']
['357', '64', '42', '268', '193', '229', '291', '266', '283', '67', '45', '56', '174', '255', '203', '106']
['117', '232', '259', '355', '315', '192', '54', '349', '70', '201', '6', '256', '88', '110', '246', '55']
['222', '269', '353', '78', '65', '375', '47', '25', '341', '243', '254', '170', '159', '103', '305', '327']
['264', '102', '328', '63', '37', '197', '132', '333', '189', '233', '231', '310', '279', '4', '362', '230']
['313', '368', '87', '372', '11', '112', '356', '270', '122', '342', '80', '335', '144', '51', '140', '46']
['211', '350', '294', '97', '53', '161', '272', '52', '113', '40', '27', '26', '207', '68', '20', '332']
['338', '304', '15', '156', '282', '8', '281', '143', '300', '221', '334', '14', '339', '139', '148', '347']
['96', '199', '179', '364', '237', '164', '295', '330', '318', '21', '226', '244', '311', '99']
['262', '176', '343', '151', '33', '331', '346', '114', '273', '245', '374', '173', '157', '158', '39']
['206', '187', '172', '104', '251', '317', '263', '92', '316', '18']
['298', '175', '287', '258', '367', '218', '60', '325']
['351', '81', '188', '1', '302', '79', '136', '44', '239']
['213', '307', '62', '105']
['191', '180']
['366']
['260', '43']
['31', '198']
['299']
['34', '204']
['285']
