['241', '237', '238', '242', '92', '239', '240']
['41', '40', '193', '37', '39']
['117', '87', '135', '91', '88', '90', '86', '89']
['108', '110', '113', '201', '107', '106', '115']
['249', '236', '248', '247', '243', '244', '245', '246']
['64', '154', '62', '63', '65', '8', '66', '56', '55']
['43', '84', '82', '83', '32']
['155', '152', '29', '151', '175', '150', '163']
['112', '119', '109', '114', '116', '35', '103', '111', '4', '118']
['227', '225', '228', '229', '226', '230']
['95', '97', '96', '93', '223', '98', '33']
['9', '11', '22', '24', '19', '21', '10', '23', '20', '18']
['199', '194', '197', '198', '195', '186', '196']
['143', '134', '145', '144', '147']
['168', '172', '170', '27', '218', '174', '173', '169', '171']
['140', '131', '136', '137', '139', '142', '138', '141']
['99']
['166', '148', '149', '146']
['69', '74', '73', '165', '72', '71']
['30', '85', '188', '189', '181', '190', '180', '219']
['58', '59', '61', '53', '57', '60']
['38', '52', '133', '54', '51', '50']
['49', '31', '36', '45', '44', '46']
['156', '161', '162', '160', '164', '1', '159', '153', '157', '158']
['200', '204', '70']
['122', '121', '124', '7', '120', '123']
['3', '132', '94', '26', '81']
['47', '48']
['182', '42', '184', '183', '185']
['203', '68']
['76', '221', '79', '75', '80', '224', '78', '77']
['191', '25', '187']
['192', '67', '28']
['5', '15', '12', '13', '16', '17', '6', '2', '14', '0']
['102', '101', '34', '104', '100', '167', '105']
['222', '232', '235', '233', '234', '231']
['129', '125', '128', '127', '130', '126']
['214', '213', '211', '205', '217', '220', '216', '212', '215']
['179', '177', '202', '176', '178']
['207', '206', '209', '208', '210']
