['206', '5', '129', '93', '242', '120', '203', '58', '178', '122', '109', '21', '163', '4', '219', '64', '95', '112', '108', '179', '233', '110', '100', '221', '121', '10', '127', '130', '62', '161', '151', '29', '209', '82', '250', '150', '66', '207', '57', '47', '114', '35', '200', '165', '159', '20', '60', '11', '133', '166', '212', '33', '40', '27', '191', '173', '43', '3', '205', '96', '76', '201', '226', '195', '145', '147', '31', '220', '12', '38', '143', '70', '7', '92', '239', '240', '199', '156', '193', '172', '8', '19', '48', '180', '111', '177', '222', '182', '25', '88', '78', '44', '9', '22', '235', '119', '237', '23', '137', '224', '106', '89', '55', '171', '71', '32', '192', '125', '202', '128', '26', '169', '158', '211', '149', '208', '61', '132', '229', '14', '94', '142', '77', '126', '115', '241', '28', '24', '175', '16', '54', '146', '247', '243', '190', '174', '153', '123', '228', '101', '160', '1', '45', '170', '42', '99', '164', '113', '231', '246', '138', '183', '214', '155', '227', '232', '152', '97', '225', '53', '85', '117', '236', '74', '234', '185', '124', '218', '136', '139']
['154', '13', '36', '98', '238', '56', '186', '215', '141', '230', '84', '102', '135', '245', '196', '213', '59', '249', '162', '131', '181', '167', '67', '118', '72', '50', '49', '168', '197', '34', '248', '107', '75', '51', '140', '105']
['217', '30', '69', '198', '223', '188', '91', '6', '103', '244', '80', '68', '86', '39']
['194', '116', '176', '189', '187']
['2']
['148', '17', '37', '52']
['73', '104']
['144']
['134']
['18']
['184']
['204']
['81']
['65']
['210']
['90']
['46']
['87']
['216']
['83']
['63']
['79']
['157']
['15']
['41']
