['2F584A', '565E46', '77EB41', 'C1CAB9', 'EB90EE', '420711', '72D023', '7C8A3D', '0AC7A0', 'AD6105', '3B6837', '292CB3', 'FE7E47', 'D50881', 'FD1DAC', '5451FF', '5E4F6B', '177A03', '206150', 'C0A19A']
['73271F', 'A89402', 'A4FCD1', '273165', '923B8C', 'FECCAB', 'B6FA16', '1D4417', 'F13455', '0C3AFF', '88E0AE', '052CC7', '5BEDDF', '3963FC', '4DBE20', 'C07CCC', '46371B', '74ADA7', '628552', '5C5B8D']
['8883AC', '3235BA', 'F9EB1F', 'F3EDD7', 'CC9A13', '0C4437', '66F8EA', '56B4C2', 'F32B0B', '1D39ED', '846154', 'EE9200', '4BBAFA', '187923', '1C3933', '76131B', 'D0E36A', '42EE34', 'B32674', 'D2BDB6']
['D78522', 'E277CB', '9C0B9D', '7647CD', 'FD33F7', '6C1A62', 'EF37A6', '75C017', 'AC34B5', '8F75EC', '1743CD', '5AF312', 'F7F9CB', 'D2EB79', '3E7F60', '49EEB4', 'D8492F', 'B38307', 'C3678B', 'E0044F']
['DDB7C8', '0CFFC9', '099A40', '2EDC82', '99E133', 'BE5B1D', '2215AE', 'DBF47C', 'E1B665', 'BCD2F5', '6C5208', '6BF4D3', '5A3E90', '30C157', '43FE78', '71AC6D', 'EB3718', '1F6554', '1350AD', 'B2C529']
['8963E1', '398310', '5BC875', '99392B', 'BB986B', '94C20E', '9D6554', 'D8A834', '929578', 'E7EFA5', '26DA83', 'F37211', '1330B3', '6246E1', 'A34095', 'DF44F5', 'E3583F', 'FFD642', 'F8B91A', '98B1CA']
['7FE1F2', '5ABFA9', '9330C0', 'CD5322', '78DB65', '33ABEE', '22394B', '1D9893', '9B09E5', 'D65E29', '62BC31', '45CE10', 'A911EF', '82B105', '5C016B', 'B49939', '3D830C', 'BA7ED0', 'C2A74D', '38515C']
['5F88E7', '60B803', 'F1B367', '41AFC9', '3D046E', '369765', '09FFA6', '2D56C1', 'D8849E', '20C0D0', 'CD374A', '73F93C', 'AB96B9', '05F2DC', '7B306C', '5C4F81', '36FCBF', 'F545E1', 'C34593', '25B295']
['71AE93', '2E4B9D', 'C69699', 'A4EAD9', '4C0FCD', '4A32EA', '7FADE3', '8EC8D8', '81DA52', '940AC5', 'EEF23E', 'CED5FC', 'FCD63D', '3E6399', 'B0C2D3', '0FE5DD', 'DFE9C6', '920715', 'BB9072', '861E09']
['8E8C76', 'CC66B0', '66C38E', '118FE2', '601CA7', '6E7E64', '0525B9', 'D98FB6', '037831', '552199', '0AFD91', '4C1D36', '2D2248', 'CC08F5', 'EB9D60', '415552', 'EDB261', '14A3E7', '0E78AA', '2BEC39']
['539972', 'C9EF6D', '90E78E', '31B801', '81E0FA', '865328', '770A4C', 'FCB503', '380FF7', 'F4C13E', 'E4C3BA', '6833E8', '8DF985', '4E8355', '823C51', '94AED5', 'E191B0', 'EED7BB', 'D2F8E5', '0264AF']
['95F017', 'CC4384', 'D31361', '43F505', 'FBF275', '593AF4', '4BC7D0', '34ACF3', 'DCB902', '608F21', '5B4152', '3F75A9', '39CAB7', 'FC75E7', 'A03FB7', '9CE56C', '29BFBC', '2F46CD', '3EF396', '7D4045']
['C8F1A7', 'EFBA0C', '7AADBC', 'DBDDB5', '1600AD', '83ACF7', '9C5DCF', '7848BA', '326662', 'C0EA59', '3FAE1E', '7C730C', '0231A4', '5C0D69', '1866E0', '316244', '54C37C', '3CB50A', '92C42A', '593840']
['4AC817', 'C54164', '1D528C', '1A770B', 'E77DD8', '8806E7', 'F28C7F', 'E33128', '3A0D10', '18AEFC', '52BFE5', '6D4DDC', '8254EB', '7CC3A7', '5D4F2F', 'B00B7F', 'ABE83F', 'B0F05D', 'BC38A8', 'AF83FA']
['75002A', '26C6B9', 'D9180C', '66B93A', '19EFAF', '18D668', 'D79D49', '69FD70', '47063A', '739ABF', 'E93252', '6E3DED', 'C96CD6', '15AA36', '2B3DD7', 'D363AB', '8BEC15', '03B42D', '4D74EB', 'B2C27D']
['0B99EF', 'A4F4BB', '511040', 'B78EF9', '8D43AD', '9D8AD8', 'E46F9E', '31C6A3', '255208', 'EC2626', '9FCB42', 'CA893B', '943005', '9BAC71', '5A5DE8', '2C02B7', '0E6FA7', 'D78532', '935873', '1CAAAC']
['0D6A28', 'CE0D10', '26DB4C', 'A1D29E', '1E0B30', 'B6ACFC', 'F448AE', 'F4EDF8', 'B166D1', '1D216B', '34E9FE', 'DB6CBF', '85CFC7', '917501', '66547C', '88FFF8', 'AAAF0B', '400D20', '31B17E', 'C4882F']
['189812', '4FCF52', 'E9F19A', '4BD8B1', '0FC6EE', 'EB7E6A', 'F2B7FD', 'D883C0', '1FBE40', 'DE6241', '4EBF50', '29267F', '4AE7C7', '244528', '9923B4', '9ABAFB', '026256', '6DCBC8', '9C4F00', '5ADC6D']
['80F9BC', '82F466', 'B4BD91', '2E6B38', '893D61', '2D4D61', '1D0C35', '6C3CD5', 'A5F27A', '5E2607', '09CFE9', '029563', '5248A9', '87EE7F', 'EC35B5', '00C269', '35DA72', '414B77', '24A4D1', '8FF839']
['7334F9', '605983', 'D324E7', '113E1F', '9DF876', '6D4C8F', '478A7C', '718436', '1F4650', '28CCA5', '882258', 'E8C5B8', '81A856', 'E492E0', '29D22B', 'B4257C', 'E2701A', '51197D', 'D0E5BE', '00CD58']
['F33ACF', 'E8A38A', 'B2CB4D', 'FAB638', 'B2A692', 'B56D74', '992AEE', '160ED4', 'BA6187', 'BE3703', '5D5C76', '1656DC', '93D432', 'B8B01F', '7F8E1D', '49EB71', 'DF5F9C', '2B8F4B', '463E2C', 'F1DB81']
['9C4CA5', 'CBE0EA', '4430C2', '30EA83', '0A3E48', '2B8E0B', '8AC55C', '068D28', 'D6F426', 'E1A380', '6AFCAC', 'C19610', '04279E', '2961DB', 'C60FE7', 'D049CD', '83752D', '6EEE66', '40C7FF', '52FB79']
['89A551', '58ED2B', '77042F', 'E81232', '1E571E', '55B952', '672145', 'E15D93', '503A55', '81A0D3', '97D861', 'DDA295', '5A681E', 'B85F11', '5C91EE', 'D83AF7', 'CB5EDA', '98497D', '747199', 'C5416A']
['364B78', '38EA17', '848C87', '3D4600', '1986A0', '01E026', '1B06C5', '468F31', '219F75', '035E05', '2819EE', 'F85131', 'B13536', '7B325B', '833C34', '09944C', '82BD08', '57FCD8', 'FBB00D', '1DD8D0']
['E479C8', '05473A', '2DE42A', 'D6DD9E', '3228BB', '26B294', 'FB3B86', '89372A', 'A0DDCD', 'C748A2', '8ECA84', 'FF3177', 'F61AD7', '78E144', 'E4F6EF', '5332A9', 'F9011B', '10BBE1', '77B9A5', '696B37']
