['25', '244', '43', '84', '22', '96', '101', '42', '137', '12', '210', '162', '164', '6', '110', '113', '183', '211', '62', '97', '8', '248', '73', '139', '142']
['154', '194', '54', '40', '134', '243', '173', '186', '205', '1', '32', '59', '81', '143', '70', '67', '10', '169', '158', '149', '34', '66', '51', '60', '77']
['5', '129', '238', '190', '78', '228', '200', '21', '116', '170', '165', '108', '249', '38', '83', '121', '231', '50', '49', '152', '124', '136', '140', '115', '126']
['206', '17', '175', '174', '9', '3', '76', '135', '99', '95', '112', '181', '202', '128', '26', '92', '72', '65', '52', '82', '236', '47', '159', '20', '105']
['37', '88', '44', '102', '160', '41', '106', '71', '220', '63', '188', '167', '118', '155', '225', '184', '61', '85', '151', '19', '229', '209', '57', '107', '14']
['222', '241', '24', '212', '56', '120', '157', '123', '141', '237', '224', '145', '89', '15', '187', '179', '7', '246', '117', '232', '199', '29', '104', '234', '68']
['177', '53', '93', '233', '33', '114', '218', '27', '75', '242', '180', '191', '204', '196', '39']
['182', '133', '166', '91', '247', '153', '215', '58', '189', '109', '45', '144', '245', '148', '4', '147', '55', '31', '125', '221', '130', '138', '227', '156', '111']
['213', '176', '30', '230', '161', '36', '74', '146', '79', '48', '94', '219', '239', '18']
['214', '64', '168', '192', '122', '119', '100', '207', '185', '35', '195', '203']
['178', '193', '197', '132', '16', '240']
['235', '87', '150', '86']
['11', '28']
['172', '217', '46']
['163', '198', '208', '69', '216']
['13', '223', '2', '201', '23', '90', '0']
['98']
['226', '80']
['171']
['127', '131', '103']
