['277', '298', '281', '250', '293', '258', '263', '276', '257', '286', '261', '275']
['338', '320', '313', '303', '308', '312', '342', '349', '339', '306', '307', '322']
['357', '351', '363', '355', '384', '364', '356', '387', '361', '378', '397', '385']
['49', '22', '31', '15', '34', '8', '40', '26', '45', '0', '43', '4']
['441', '410', '427', '403', '445', '422', '432', '411', '416', '426', '428', '431']
['485', '480', '467', '496', '468', '479', '495', '458', '475', '452', '478', '471']
['420', '414', '433', '447', '423', '418', '429', '446', '400', '440', '424', '436']
['214', '461', '216', '91', '181', '233', '113', '170', '103', '51', '41', '142']
['285', '274', '265', '296', '272', '287', '266', '295', '297', '278', '288', '280']
['350', '372', '353', '394', '383', '358', '395', '371', '388', '367', '392', '366']
['294', '269', '267', '282', '270', '299', '253', '251', '279', '260', '252', '262']
['488', '470', '450', '482', '490', '453', '498', '491', '469', '494', '463', '483']
['28', '37', '24', '19', '17', '36', '218', '10', '35', '42', '219', '39']
['58', '149', '82', '98', '2', '221', '88', '118', '203', '215', '72', '171']
['222', '241', '83', '120', '60', '240', '50']
['379', '398', '370', '381', '352', '377', '396', '375', '393', '359', '365', '374']
['264', '292', '289', '290', '284', '268', '256', '291', '283', '254', '255', '271']
['154', '108', '202', '66', '70', '247', '27', '57', '56', '159', '173', '183']
['117', '95', '232', '63', '85', '162', '131', '248', '455', '90', '246', '92']
['32', '30', '38', '16', '1', '6', '47', '7', '23', '20', '123', '18']
['368', '380', '390', '386', '391', '376', '373', '399', '389', '360', '362', '354']
['404', '448', '442', '405', '449', '402', '443', '444', '401', '435', '417', '412']
['304', '315', '337', '321', '348', '333', '323', '330', '334', '325', '347', '332']
['409', '434', '437', '413', '439', '419', '407', '421', '438', '415', '430', '425']
['228', '65', '223', '160', '245', '140']
['168', '11', '102', '220', '178', '13', '29', '166', '167', '169', '130', '44']
['344', '328', '301', '326', '309', '319', '302', '340', '310', '345', '305', '327']
['211', '129', '239', '52', '125', '164', '110', '106', '78', '138']
['9', '3', '5', '12', '235', '33', '21', '234', '25', '14', '48', '46']
['474', '486', '492', '465', '497', '460', '476', '489', '493', '464', '477', '466']
['177', '81', '382', '369', '165', '224', '139', '115', '71']
['199', '151', '157', '146', '79', '145', '196']
['87', '182', '210', '209', '189', '150', '109', '121', '137', '126']
['225', '53', '249', '143', '144', '231', '80', '204', '127', '99']
['155', '206', '408', '197', '237', '244', '136', '191', '148', '186', '158']
['205', '62', '61', '135', '101', '172', '192', '104', '128', '116', '141']
['324', '343', '314', '318', '346', '331', '329', '335', '317', '311', '300', '316']
['213', '227', '259', '217', '156', '187', '193', '133', '188', '119', '180', '89']
['84', '176', '112', '336', '93', '175', '212', '73', '226', '153', '94']
['194', '69', '161', '198', '229', '77', '54', '67', '190', '86', '111', '55']
['487', '484', '481', '499', '457', '472', '459', '456', '473', '454', '451', '462']
['97', '76', '179', '132', '122', '236', '200', '273']
['64', '230', '201', '207', '124', '114', '163', '75', '195', '147', '105']
['74', '238', '185', '134', '243', '68', '174', '242', '406']
['184', '208', '96', '59', '152', '100', '107', '341']
