['199', '37', '296', '162', '122', '54', '302', '257', '91', '170', '186', '14', '88', '276', '180', '136', '173', '43', '147', '141']
['211', '64', '95', '102', '154', '3', '205', '15', '268', '34', '212', '189', '233', '164', '121', '247', '143', '86', '148', '280']
['49', '84', '62', '285', '152', '178', '172', '85', '193', '131', '17', '166', '234', '2', '218', '107', '255', '39', '123', '18']
['225', '112', '274', '194', '210', '81', '132', '153', '223', '16', '293', '52', '187', '10', '35', '279', '78', '138', '275', '50']
['117', '304', '168', '177', '129', '30', '216', '290', '192', '101', '82', '299', '146', '100', '124', '254', '111', '118', '240', '230']
['286', '176', '217', '156', '265', '239', '77', '109', '33', '202', '70', '278', '116', '115', '51', '306', '305', '157', '89', '158']
['11', '140', '97', '12', '235', '8', '150', '300', '167', '258', '114', '47', '207', '144', '23', '288', '200', '204', '145', '6']
['222', '227', '149', '31', '61', '53', '125', '201', '251', '25', '163', '243', '120', '307', '224', '0', '60', '55', '126', '105']
['214', '213', '282', '284', '270', '237', '36', '13', '99', '130', '113', '66', '283', '57', '45', '80', '139', '142', '4', '46']
['264', '298', '184', '245', '76', '69', '179', '65', '38', '182', '19', '256', '104', '297', '260', '90', '263', '271', '44', '171']
['277', '206', '5', '22', '208', '161', '249', '272', '159', '160', '98', '110', '287', '221', '67', '250', '75', '137', '94', '252']
['220', '42', '267', '301', '133', '188', '229', '83', '253', '128', '295', '236', '119', '7', '26', '174', '191', '106', '169', '165']
['294', '292', '32', '29', '198', '175', '281', '74', '248', '40', '27', '134', '190', '68', '242', '48', '41', '203', '21', '127']
['9', '232', '259', '261', '108', '63', '24', '289', '151', '209', '181', '291', '238', '185', '226', '79', '246', '92', '215', '219']
['58', '59', '28', '231', '244']
['155', '269', '1', '273', '195', '183', '262']
['241']
['303', '266']
['96', '71', '228']
['20']
['56']
['93']
['197']
['73']
['72']
['87']
['135']
['196']
['103']
