['37', '434', '24', '91', '496', '302', '120', '274', '456', '21', '196', '436', '264', '39', '268', '10', '72', '449', '227', '184', '65', '209', '0', '412']
['11', '482', '28', '441', '370', '182', '17', '287', '444', '381', '459', '122', '2', '428', '90', '316', '71', '233', '113', '393', '92', '197', '427', '8', '250', '73', '124', '218', '136', '392']
['269', '203', '3', '433', '353', '96', '314', '472', '348', '305', '213', '179', '83', '330', '26', '231', '463', '118', '273', '488', '156', '312', '394', '476', '185', '20', '327']
['338', '414', '186', '366', '216', '101', '160', '479', '388', '170', '42', '499', '121', '406', '199', '193', '293', '386', '256', '74', '418', '455']
['5', '321', '33', '242', '288', '157', '44', '486', '283', '163', '493', '310', '148', '4', '6', '251', '278', '7', '130', '138', '155', '232', '480', '442', '66', '359', '107', '80', '111', '18']
['328', '133', '458', '440', '420', '135', '119', '452', '374', '451', '311', '430', '292', '299', '399', '494', '454', '239', '361', '217', '336', '151', '200']
['282', '212', '146', '27', '174', '347', '471', '362', '351', '294', '245', '400', '329', '298', '31', '289', '492', '128', '50', '152', '132', '52', '391', '342', '318']
['166', '266', '25', '243', '265', '58', '457', '272', '473', '226', '224', '450', '326', '187', '349', '110', '127', '117', '82', '236', '104', '142', '367']
['241', '461', '337', '175', '375', '238', '416', '88', '103', '244', '204', '487', '102', '404', '407', '81', '198', '202', '181', '70', '491', '325', '368', '304', '303', '378', '365', '139', '77', '446']
['339', '345', '417', '205', '363', '387', '237', '469', '195', '55', '64', '408', '437', '300', '271', '158', '322', '183', '85', '295', '498', '253']
['177', '13', '134', '389', '173', '215', '478', '350', '352', '376', '373', '255', '280', '89', '108', '448', '169', '240', '379', '53', '19', '75', '115']
['93', '346', '369', '477', '431', '398', '301', '453', '439', '260', '99', '313', '59', '63', '38', '167', '254', '149', '208', '384', '29', '358', '207', '35', '48']
['206', '405', '377', '423', '54', '247', '371', '123', '466', '485', '76', '23', '131', '432', '143', '223', '168', '62', '481', '172', '315', '415', '60']
['357', '69', '308', '403', '331', '9', '270', '447', '411', '495', '335', '137', '145', '87', '324', '15', '12', '30', '192', '162', '341', '246', '425', '211', '61', '465', '234', '395', '14', '51']
['409', '194', '36', '40', '190', '191', '22', '474', '235', '1', '468', '464', '144', '286', '372', '210', '258', '261', '275', '214', '355', '383', '47', '68', '257']
['79', '86', '230', '84', '178', '41', '106', '171', '112', '249', '497', '125', '319', '67', '334', '382', '317', '46', '332', '380', '490', '281', '150', '340', '114', '159', '263']
['320', '290', '410', '309', '98', '438', '475', '78', '284', '419', '291', '201', '109', '397', '307', '147', '279', '402', '435', '344', '470', '161', '421', '248']
['49', '154', '225', '484', '129', '220', '296', '467', '333', '188', '116', '165', '94', '360', '252']
['285', '489', '297', '56', '153', '141', '385', '228', '413', '189', '323', '45', '462', '429', '262', '95', '176', '267', '343', '356', '221', '443', '426', '354', '97', '229', '180', '140', '126', '105']
['277', '222', '16', '276', '43', '259', '422', '460', '306', '219', '483', '32', '396', '445', '164', '100', '401', '424', '34', '364', '390', '57']
