['102', '208', '112', '113', '114', '180', '265']
['154', '152', '151', '162', '293', '1', '136', '137', '153', '130', '138']
['9', '222', '241', '217', '228', '229', '223', '91', '16', '17', '167', '242', '89', '219', '240']
['129', '135', '148', '133', '19', '146', '128', '134', '144', '231', '263', '145', '147', '126']
['64', '62', '63', '69', '74', '66', '73', '67', '56', '68', '307']
['227', '294', '220', '93', '281', '54', '238', '221', '218', '140', '92', '239']
['225', '22', '76', '235', '237', '166', '236', '234', '226', '224', '46']
['11', '5', '28', '30', '13', '249', '98', '2', '6', '14', '10', '300', '4']
['211', '213', '199', '187', '192', '198', '188', '212', '248', '191', '20', '186']
['49', '96', '97', '101', '210', '99', '160', '109', '100', '110', '107', '255', '111', '94', '18']
['177', '176', '178', '172', '175', '164', '185', '163', '79', '174', '165', '173']
['193', '202', '266', '201', '124', '203']
['214', '216', '233', '253', '21', '88', '48', '200', '246', '215', '123']
['274', '12', '24', '282', '25', '27', '26', '75', '23', '105']
['270', '271', '272', '259', '273']
['117', '299', '104', '116', '115', '72', '170', '279', '118']
['58', '149', '132', '131', '143', '250', '142', '127', '158', '141']
['168', '301', '182', '209', '181', '43', '183']
['32', '34', '38', '150', '70', '35', '157', '39']
['304', '95', '155', '292', '290', '284', '303', '8', '291', '305']
['31', '184', '232', '179', '47', '243', '7', '244', '245', '0', '171', '230']
['119', '122', '251', '121', '120', '106']
['3', '81', '29', '82', '83', '302', '80', '247', '288', '71']
['87', '84', '285', '85', '86', '260', '77']
['269', '156', '268', '267', '256', '258', '257', '252']
['277', '161', '33', '278', '254', '276', '306', '261', '275', '262']
['298', '65', '296', '309', '125', '287', '295', '297', '103', '78']
['286', '61', '37', '36', '45', '169', '60', '44']
['15', '59', '42', '108', '159', '57', '40', '51', '41', '55', '50']
['289', '197', '53', '52', '283', '90', '139', '280']
['264', '206', '205', '194', '308', '189', '207', '190', '195', '204', '196']
