['15', '346', '56', '7', '494', '242', '345', '263', '219', '431']
['102', '245', '312', '395', '107', '144', '51', '106', '260', '280']
['313', '480', '448', '410', '250', '251', '359', '329', '325', '385']
['9', '474', '16', '123', '115', '254', '41', '252', '478', '483']
['470', '141', '308', '166', '247', '134', '493', '469', '39', '230']
['208', '425', '343', '53', '447', '468', '444', '397', '157', '273']
['485', '211', '232', '441', '108', '434', '164', '21', '20', '417']
['414', '227', '372', '196', '3', '66', '438', '191', '43', '183']
['353', '427', '209', '500', '110', '311', '163', '224', '392', '105']
['436', '205', '484', '32', '37', '85', '210', '383', '190', '99']
['154', '5', '135', '290', '375', '136', '165', '169', '148', '449']
['487', '338', '298', '350', '206', '225', '301', '419', '238', '258']
['457', '409', '391', '113', '124', '142', '452', '435', '367', '446']
['420', '177', '176', '355', '453', '283', '341', '415', '120', '195']
['24', '492', '384', '197', '477', '401']
['304', '285', '381', '249', '423', '143', '473', '495', '402']
['194', '352', '309', '212', '79', '451', '127']
['11', '465', '272', '233', '57', '458', '360', '186', '327']
['331', '296', '316']
['168', '30', '182', '390', '467', '348', '189', '365', '153', '271']
['368', '12', '187', '336', '65', '70', '340', '231', '137', '44']
['287', '150', '77', '342', '373', '388', '180', '257', '158', '71']
['321', '456', '349', '411', '243', '226', '430', '262']
['433', '241', '149', '403', '281', '125', '253', '201', '221', '170']
['58', '379', '64', '482', '112', '464', '200', '173', '55', '412']
['155', '408', '405', '337', '377', '54', '330', '167', '246', '463']
['28', '328', '156', '161', '38', '19', '421', '48', '310']
['450', '69', '181', '266', '416', '278', '114', '239', '275', '50']
['387', '394', '1', '33', '80', '362']
['214', '292', '497', '236', '334', '14', '147', '138']
['289', '34', '356', '445', '131', '318', '428', '159', '204', '78']
['357', '87', '351', '222', '274', '282', '162', '174', '90', '72']
['344', '97', '59', '101', '29', '489']
['217', '199', '234', '203', '215', '424']
['63', '267', '151', '302', '25', '88', '399', '300', '440', '18']
['95', '442', '13', '192', '396', '202', '323', '432', '426', '126']
['129', '178', '119', '237', '91', '256', '133', '109', '10', '244']
['27', '17', '288']
['488', '22', '235', '498', '47', '382', '361']
['320', '213', '437', '193', '486', '35', '75', '68', '332']
['220', '481', '216', '188', '291', '128', '121', '23', '60']
['31', '152', '324', '370', '184', '96', '270', '422']
['62', '76', '223', '74', '479', '295', '443', '475', '335', '406']
['117', '61', '122', '439', '73', '185', '116', '255', '374', '130']
['268', '8', '496', '83', '98', '378', '103', '145', '4']
['264', '326', '386', '407', '104', '455', '26', '306', '286', '92']
['279', '261']
['314', '284', '52', '376', '198']
['363', '404', '179', '364', '229', '218', '67', '305']
['398', '380', '276']
['460', '175', '319', '369', '454', '389']
['84', '461', '111', '462', '89', '366']
['172', '413', '269', '471']
['472', '303', '265', '40', '339', '347', '354']
['400', '49', '36', '171', '46']
['293', '146', '100', '248', '393', '491', '207', '118', '466']
['228', '82', '333', '160', '297', '45']
['132', '490', '371']
['277', '259', '459', '299', '307', '240']
['317', '139', '322', '499', '2']
['315', '81', '93', '418', '6', '358', '140', '94', '429']
['42', '86', '294', '476']
