['Krissy', 'Rivkah', 'Cassandra', 'Sheila', 'Chelsy', 'Collete', 'Monique', 'Joanna', 'Sile', 'Fernande', 'Kellie', 'Livy', 'Tiphanie', 'Harriet', 'Casi']
['Stesha', 'Kania', 'Marcella', 'Jemie', 'Rita', 'Starlin', 'Gwennie', 'Desiri', 'Birgitta', 'Opal', 'Cherilynn', 'Alyson', 'Estella', 'Ronnica', 'Pammy']
['Daphene', 'Morena', 'Britney', 'Cathryn', 'Debora', 'Melloney', 'Karie', 'Georgeanne', 'Marris', 'Anabel', 'Kaitlin', 'Brook', 'Stefa', 'Camala', 'Anabal']
['Lotte', 'Kala', 'Joelly', 'Melinde', 'Andromache', 'Dita', 'Veradis', 'Quintana', 'Lesly', 'Brigitte', 'Clemence', 'Sada', 'Lulu', 'Gale', 'Bernice']
['Lynnet', 'Lisette', 'Gavra', 'Drusy', 'Elvera', 'Tiffy', 'Beatrice', 'Shanie', 'Tim', 'Hedwiga', 'Julie', 'Charmine', 'Kara', 'Angelica', 'Sandie']
['Vanni', 'Orsa', 'Sonni', 'Ansley', 'Diane', 'Lani', 'Mair', 'Sherrie', 'Paige', 'Dena', 'Helyn', 'Nedda', 'Anabelle', 'Cassondra', 'Brunhilda']
['Danni', 'Bridgette', 'Erica', 'Britteny', 'Corinne', 'Antonietta', 'Conchita', 'Cindie', 'Marlena', 'Matilde', 'Idelle', 'Meggi', 'Marisa', 'Ramonda', 'Latisha']
['Nancie', 'Stormi', 'Tamra', 'Cristabel', 'Lira', 'Fran', 'Rhody', 'Leda', 'Kathryn', 'Kaitlynn', 'Anette', 'Hortense', 'Lorie', 'Netty', 'Austina']
['Valli', 'Euphemia', 'Moyna', 'Gerry', 'Rhodia', 'Marlie', 'Athena', 'Yolanda', 'Fania', 'Eve', 'Xylina', 'Tani', 'Sofie', 'Lorena', 'Gaby']
['Silva', 'Jessamyn', 'Mirna', 'Idalina', 'Bekki', 'Laverne', 'Agatha', 'Allie', 'Adriane', 'Tamara', 'Teddi', 'Mechelle', 'Noell', 'Kittie', 'Avivah']
['Rosene', 'Kathy', 'Fredericka', 'Annice', 'Alexandrina', 'Eulalie', 'Clemmie', 'Sula', 'Sileas', 'Madelena', 'Doroteya', 'Charita', 'Rosamond', 'Brear', 'Malva']
['Haley', 'Gabbie', 'Erminia', 'Row', 'Roslyn', 'Tiffany', 'Vonni', 'Eolanda', 'Martina', 'Brittan', 'Cristionna', 'Rowena', 'Frankie', 'Janice', 'Nelie']
['Kiele', 'Anastassia', 'Jacqui', 'Vicky', 'Agnes', 'Marijo', 'Nanon', 'Diahann', 'Amalee', 'Shoshana', 'Cristen', 'Yetta', 'Terese', 'Mei', 'Katti']
['Ranice', 'Reggi', 'Agnese', 'Belle', 'Bertie', 'Zulema', 'Nicki', 'Jolie', 'Aviva', 'Korney', 'Jaynell', 'Missy', 'Kellsie', 'Patty', 'Allene']
['Mariellen', 'Natalya', 'Inga', 'Mufinella', 'Gianina', 'Yoshi', 'Faythe', 'Estele', 'Neile', 'Maxie', 'Bonita', 'Dotti', 'Addi', 'Della', 'Vinni']
['Josepha', 'Carla', 'Gae', 'Serena', 'Marabel', 'Carri', 'Ingunna', 'Marcie', 'Else', 'Andie', 'Mella', 'Tallie', 'Risa', 'Randie', 'Oliy']
['Stephannie', 'Claudie', 'Johanna', 'Edith', 'Sadye', 'Millisent', 'Delly', 'Kathleen', 'Agneta', 'Adiana', 'Flory', 'Roxane', 'Tarra', 'Shirl', 'Oralee']
['Doris', 'Dyane', 'Winifred', 'Dee', 'Maddalena', 'Ruperta', 'Jen', 'Lydie', 'Jesse', 'Demetria', 'Rosana', 'Dominica', 'Selinda', 'Zenia', 'Lyda']
['Peg', 'Thia', 'Lorain', 'Alia', 'Myrtle', 'Caryn', 'Babara', 'Briny', 'Carroll', 'Tanitansy', 'Leanora', 'Fawnia', 'Catha', 'Nicoli', 'Clarissa']
['Corly', 'Willi', 'Colline', 'Eran', 'Arlee', 'Dorine', 'Noreen', 'Cheslie', 'Ulrike', 'Yovonnda', 'Jorrie', 'Emelda', 'Georgiana', 'Nissie', 'Paulina']
