['338', '320', '28', '182', '308', '93', '91', '175', '190', '120', '242', '191', '244', '259', '96', '272', '21', '373', '144', '41', '306', '71', '196', '95', '324', '292', '31', '343', '210', '289', '187', '83', '143', '110', '330', '26', '399', '325', '273', '117', '379', '172', '85', '384', '74', '104', '295', '234', '358', '263']
['154', '13', '282', '337', '257', '166', '287', '103', '174', '288', '389', '43', '230', '135', '314', '352', '387', '237', '333', '1', '109', '201', '195', '137', '170', '99', '15', '326', '30', '356', '164', '128', '167', '334', '231', '271', '138', '152', '149', '97', '355', '34', '336', '151', '19', '386', '136', '20', '126', '18']
['222', '5', '377', '375', '212', '40', '134', '27', '243', '247', '369', '78', '44', '351', '205', '353', '274', '235', '2', '224', '286', '4', '55', '280', '64', '87', '372', '162', '198', '233', '258', '382', '130', '72', '158', '304', '184', '62', '199', '315', '364', '132', '82', '253', '218', '48', '80', '159', '115', '105']
['139', '11', '290', '133', '54', '331', '297', '371', '339', '153', '173', '215', '84', '363', '119', '163', '397', '45', '23', '219', '147', '316', '171', '264', '213', '165', '112', '176', '12', '181', '319', '121', '7', '341', '317', '246', '300', '169', '183', '240', '361', '354', '227', '46', '217', '197', '29', '107', '200', '0']
['177', '206', '129', '17', '16', '88', '276', '347', '366', '9', '3', '323', '255', '106', '148', '89', '39', '299', '113', '278', '254', '239', '275', '49', '380', '53', '193', '312', '209', '250', '256', '207', '318', '47', '114', '365', '57', '51']
['360', '216', '228', '303', '70', '10', '374', '203', '329', '392', '262']
['268', '6', '125', '332', '283']
['277', '376', '202']
['349', '342']
['395']
['92']
['378']
['161']
['90']
['368']
['398']
['14']
['367']
['232']
['344']
['86']
['124']
['38']
['362']
['52']
['59']
['245']
['141']
['36']
['396']
['111']
['291']
['350']
['311']
['102']
['260']
['77']
['65']
['81']
['296']
['145']
['385']
['116']
['249']
['66']
['127']
['122']
['322']
['63']
['305']
['309']
['25']
['168']
['155']
['194']
['118']
['285']
['294']
['270']
['345']
['24']
['321']
['100']
['22']
['359']
['313']
['327']
['391']
['75']
['160']
['388']
['226']
['298']
['293']
['328']
['156']
['252']
['68']
['214']
['69']
['76']
['229']
['58']
['241']
['123']
['179']
['269']
['178']
['281']
['225']
['248']
['146']
['33']
['381']
['265']
['94']
['35']
['394']
['101']
['238']
['346']
['50']
['37']
['186']
['188']
['67']
['393']
['98']
['302']
['211']
['267']
['370']
['192']
['140']
['335']
['251']
['108']
['204']
['279']
['223']
['383']
['221']
['32']
['61']
['284']
['266']
['307']
['8']
['357']
['73']
['180']
['301']
['42']
['208']
['131']
['189']
['340']
['185']
['236']
['220']
['348']
['56']
['60']
['310']
['261']
['79']
['150']
['142']
['390']
['157']
