['379', '259', '199', '59', '112', '179', '119', '19', '299', '319', '359', '79', '115', '339', '159', '279', '139', '219', '39', '99']
['372', '292', '12', '172', '132', '352', '272', '52', '240', '250', '192', '248', '72', '254', '244', '257', '92', '252', '392', '332']
['225', '363', '232', '3', '63', '235', '303', '223', '236', '143', '383', '234', '323', '83', '243', '163', '23', '203', '263', '43']
['350', '370', '30', '290', '210', '230', '390', '270', '310', '348', '150', '70', '110', '330', '10', '190', '170', '90', '130', '50']
['22', '102', '62', '182', '282', '162', '122', '82', '202', '302', '342', '2', '116', '242', '382', '42', '142', '322', '362', '262']
['357', '177', '117', '277', '217', '37', '97', '197', '337', '317', '237', '17', '377', '355', '57', '297', '397', '137', '157', '77']
['87', '241', '141', '61', '301', '101', '81', '161', '321', '1', '181', '201', '21', '221', '121', '341', '41', '86', '261', '361']
['313', '320', '213', '338', '353', '326', '328', '53', '133', '333', '293', '93', '233', '393', '113', '73', '335', '153', '173', '273']
['211', '71', '31', '227', '351', '220', '151', '91', '131', '391', '291', '251', '331', '226', '231', '51', '191', '111', '271', '171']
['344', '304', '11', '84', '64', '324', '24', '384', '308', '312', '364', '315', '164', '104', '371', '144', '311', '300', '4', '44']
['222', '228', '135', '195', '229', '33', '340', '40', '373', '399', '75', '120', '68', '200', '215', '239', '123']
['246', '206', '28', '166', '386', '146', '266', '66', '6', '346', '26', '366', '175', '260', '306', '106', '286', '186', '126', '46']
['9', '49', '149', '129', '269', '289', '69', '29', '249', '209', '309', '281', '109', '349', '388', '369', '389', '169', '329', '89']
['176', '156', '216', '336', '356', '96', '396', '36', '256', '376', '258', '16', '296', '253', '136', '56', '255', '245', '316', '196']
['264', '267', '387', '187', '268', '287', '207', '247', '27', '67', '7', '47', '167', '367', '107', '147', '307', '127', '327', '347']
['285', '205', '85', '65', '284', '125', '345', '105', '283', '185', '25', '365', '45', '280', '265', '165', '145', '305', '325', '385']
['58', '298', '398', '178', '38', '198', '98', '54', '238', '358', '138', '318', '278', '118', '378', '48', '224', '78', '158', '18']
['155', '168', '380', '343', '193', '8', '189', '160', '128', '124', '20', '288', '0', '148', '60', '183']
['214', '154', '294', '208', '274', '194', '34', '394', '212', '74', '218', '334', '134', '114', '174', '14', '374', '204', '94', '354']
['184', '15', '32', '108', '76', '375', '100', '395', '88', '35', '276', '180', '140', '55', '275']
['368', '95', '5', '152', '381', '314', '13', '188', '295', '103', '80', '360']
