['60', '208', '199', '13', '210', '413', '384', '284', '81', '236', '188', '207', '333', '116', '444', '369', '263', '43']
['87', '84', '168', '24', '34', '172', '293', '82', '418', '33', '340', '373', '27', '68', '48', '106', '260', '262']
['350', '274', '42', '96', '321', '364', '460', '166', '1', '146', '476', '16', '323', '23', '288', '90', '219', '449']
['214', '379', '304', '370', '387', '352', '38', '456', '70', '395', '7', '45', '494', '452', '332', '153', '157', '385']
['259', '303', '309', '490', '250', '150', '411', '359', '318', '167', '88', '251', '134', '203', '279', '400', '275', '273']
['285', '232', '433', '220', '156', '442', '282', '465', '216', '122', '109', '21', '365', '190', '397', '107', '111', '412']
['277', '5', '176', '409', '178', '396', '272', '256', '376', '66', '114', '346', '388', '362', '173', '430', '466', '425']
['398', '294', '32', '30', '59', '472', '237', '497', '98', '299', '473', '445', '495', '6', '136', '345', '0', '392']
['225', '184', '62', '298', '53', '85', '148', '390', '19', '182', '235', '302', '212', '73', '162', '142', '72', '354']
['344', '97', '135', '314', '197', '492', '348', '422', '377', '104', '143', '443', '67', '56', '118', '265', '300', '158']
['328', '355', '481', '404', '375', '330', '113', '295', '126', '243', '416', '371', '331', '310', '360', '78', '316', '4']
['264', '414', '95', '211', '187', '69', '8', '223', '160', '189', '393', '334', '306', '401', '329', '147', '183', '361']
['117', '227', '196', '450', '480', '326', '459', '151', '296', '486', '17', '201', '255', '257', '140', '224', '280', '123']
['241', '230', '65', '308', '453', '209', '419', '319', '489', '253', '278', '426', '335', '242', '245', '200', '463', '39']
['485', '154', '372', '482', '217', '336', '437', '29', '496', '83', '493', '75', '231', '86', '159', '311', '367', '105']
['177', '206', '363', '380', '108', '427', '133', '229', '191', '202', '421', '10', '399', '80', '389', '204', '271', '261']
['9', '49', '351', '484', '101', '57', '221', '491', '163', '254', '186', '40', '327', '435', '89', '462', '347', '483']
['420', '324', '152', '112', '12', '63', '315', '52', '125', '25', '218', '47', '35', '120', '130', '446']
['320', '11', '31', '474', '37', '131', '432', '164', '479', '391', '2', '383', '137', '139', '478']
['58', '3', '205', '353', '499', '381', '102', '193', '36', '394', '91', '407', '358', '185', '248', '26', '454', '325']
['488', '155', '301', '410', '386', '233', '100', '498', '297', '121', '451', '115']
['64', '292', '289', '290', '132', '356', '74', '79', '469', '174', '339', '46']
['338', '313', '447', '41', '234', '110', '247', '475', '144', '180', '317', '406', '239', '171', '18']
['436', '141', '61', '270', '312', '281', '423', '438', '195', '366']
['368', '269', '408', '249', '175', '266', '428']
['192', '119', '128', '226', '440', '424', '50']
['337', '429', '283']
['357']
['76', '194', '291', '349', '51', '44']
['252', '455', '55', '287', '431']
['467', '149', '471']
['213', '28', '343', '198', '181', '103', '170', '307', '138']
['286', '228']
['129', '470', '322', '258']
['403', '464']
['405', '169', '145', '382', '238']
['378']
['402', '22']
['458', '341']
['77', '477']
['71']
['222', '215', '441']
['15', '457']
['246', '276']
['93', '305']
['165', '127', '415', '240']
['461', '468', '99']
['342']
['268']
['374', '161']
['94']
['20', '267', '434']
['54', '417']
['179', '14', '92', '448']
['124']
['487']
['244']
['439']
