['Y', 'YYYYYYY', 'ZZZ', 'JJJJJJJ', 'ZZZZ', 'Z', 'YYYYYY', 'YYYY', 'ZZZZZZZZ', 'YY', 'ZZZZZZZ', 'ZZZZZ', 'z', 'YYYYY', 'YYY', 'UUUUU']
['AAA', 'BBBBBBBB', 'GGGGG', 'B', 'AAAA', 'BBB', 'mmm', 'AA', 'A', 'VVVV', 'BBBBBBB', 'BBBB', 'AAAAA', 'AAAAAAA', 'AAAAAAAA', 'BBBBBB']
['ttttttt', '44444', 'O', 'OOOO', 'PPPPPP', 'ss', 'sssss', 'ssssss', 'sssssss', 'tttt', 'ssssssss', 't', 'tt', 'sss', 'tttttt', 'ssss', 'bbb', 'ttt', 'ttttt', 'jjjjj', 's']
['hhhhh', 'H', 'gggggggg', 'wwwwww', 'ggg', 'ggggg', 'hh', 'g', 'hhh', 'ggggggg', 'hhhhhhhh', 'hhhhhhh', 'BBBBB', 'hhhh', 'gg', 'iiiii']
['FFFF', 'BB', 'OOOOO', 'EEEE', 'EE', 'FFF', 'cccc', 'dd', 'EEE', 'FFFFFF', 'FFFFF', 'F', 'OOOOOOOO', 'EEEEE', 'jjjjjjjj', 'JJJJJJ', 'EEEEEEE', 'FFFFFFFF', 'EEEEEEEE', 'FF']
['KKKKK', 'KKKK', 'LLLLLLL', 'LLLLLLLL', 'mmmm', 'KKKKKKK', 'iiiiiiii', 'ii', 'K', 'KKK', 'KKKKKK', 'RRRR', 'LLLLL', 'KK', 'LL', 'L', 'KKKKKKKK', 'LLLLLL', 'LLLL']
['CCC', 'OOOOOO', 'JJJ', 'DDDDDDD', 'OO', 'www', 'CCCC', 'DDDDDD', 'CCCCCCC', 'I', 'CCCCCC', 'xxxxxx', 'CCCCC', 'EEEEEE', 'IIIII', 'CCCCCCCC', '1111', 'DDDDDDDD']
['TTT', 'j', 'T', 'SSSSSSS', 'SS', 'GGGGGGG', 'TTTTTT', 'S', 'TTTTTTTT', 'SSSSSSSS', 'TTTTT', 'y', 'SSSSSS', 'SSSS', 'TT', 'SSSSS']
['qqqqqqqq', 'rrr', 'r', 'rrrrr', 'qqqqqq', 'rrrrrrr', 'q', 'rr', 'qqqqqqq', 'rrrr', 'qq', 'qqq', 'qqqq', 'rrrrrrrr']
['vv', 'uuuuu', 'uuuuuuuu', 'uuu', 'vvvvv', 'ZZZZZZ', 'v', 'nnn', 'uuuu', 'vvvvvv', 'vvvvvvvv', 'vvvvvvv', 'uuuuuuu', 'vvvv', 'uuuuuu', 'p', 'uu', 'jjjjjj', 'vvv', 'mmmmmmm']
['lll', 'kk', 'lllll', 'kkkkkkk', 'k', 'kkkkk', 'kkkk', 'llll', 'nn', 'hhhhhh', 'll', 'llllll', 'kkkkkk', 'kkk', 'w', 'ww']
['eeeee', 'CC', 'eee', 'fff', 'eeee', 'eeeeee', 'eeeeeee', 'fffff', 'ffffffff', 'f', 'ffff']
['UUUUUUU', 'VVV', 'HHHHH', 'UUU', 'VVVVV', 'llllllll', 'VV', 'UUUUUU', 'VVVVVV', 'UUUUUUUU', 'VVVVVVVV', 'U', 'nnnnnn', 'VVVVVVV', 'UUUU', 'UU', 'HHHHHHH', 'V']
['nnnnn', '222', '1111111', '11', '11111111', '22222222', '22', 'wwwwwww', 'o', '2222222', '1', '2', 'rrrrrr', '111111', '222222', '111', 'tttttttt', 'zzz']
['xxxxx', 'MMM', 'NNNNN', 'lllllll', 'IIIIIIII', 'QQQQQ', 'NNN', 'NNNNNNNN', 'NN', 'NNNN', 'NNNNNN', 'MMMMM', 'M', 'MMMMMMM', 'MM', 'NNNNNNN', 'GG', 'MMMMMM', 'E']
['777', '8888888', 'AAAAAA', '7777777', 'xxxxxxxx', '8', '888', '88888888', 'DDDDD', 'jjj', '88888', '777777', 'TTTTTTT', '7', 'XXXXX', '8888', '77', 'PPPPPPP']
['cccccc', 'iiiiiii', 'dddd', 'ddddd', 'ccccccc', 'cccccccc', 'G', 'dddddd', 'ddd', 'cc', 'x', 'ccc', 'd', 'III', 'ccccc', 'dddddddd', 'ddddddd']
['l', 'SSS', 'mmmmmmmm', 'PPPPPPPP', 'gggg', '22222', 'YYYYYYYY', 'PPPP', 'mm', 'ZZ', 'u']
['77777777', 'JJJJJ', '888888', 'OOOOOOO', '7777', 'xxxxxxx', 'TTTT']
['66666', '5', 'IIIIII', '5555555', 'PP', '6666', '66', '6', '666', '555555', 'c', '6666666', '55555', '55555555', '555', '666666', '55', '66666666', 'D']
['wwww', '3', '444444', '333333', '33333', '3333333', '3333', '333', '4444', 'GGGGGGGG', '33', '4444444', '33333333', '444', 'iiiiii', 'mmmmm', '44444444', 'xxxx', '4', '44']
['yyyyyyyy', 'GGGGGG', 'i', 'zzzz', 'zzzzzzzz', 'zzzzzzz', 'HHHH', 'yyyyyy', 'yyyyy']
['gggggg', 'qqqqq', 'II', 'P', 'zzzzzz', 'nnnnnnn', 'MMMMMMMM', 'zzzzz', 'yyyyyyy', 'yy', 'yyy', 'IIII', 'zz', 'wwwwwwww', 'yyyy', 'DDD']
['jjjjjjj', 'HHH', 'jj', '77777', 'GGG', '88']
['pppppppp', 'N', 'ooooooo', 'DDDD', '5555', 'GGGG', 'pp', 'pppp', 'J', 'ppppppp', 'HH', 'oooooo', 'oo', 'n', 'iiii', 'ppppp', 'ppp', 'mmmmmm', 'oooo', 'DD', 'ooooo', 'oooooooo', 'XXXXXX', 'ooo']
['QQQQ', 'RRRRR', 'nnnn', 'Q', 'RRRRRRR', 'nnnnnnnn', 'QQQQQQQ', 'RR', 'wwwww', 'IIIIIII', 'RRRRRR', 'RRRRRRRR', 'QQQQQQQQ', 'R', 'QQ', 'QQQQQQ', 'h', 'QQQ']
['FFFFFFF', 'bbbbbbb', 'm', 'bbbbbbbb', 'aaaaaaaa', 'aaaaa', 'aaa', 'LLL', 'WWWW', 'PPPPP', 'HHHHHHHH', 'aaaaaaa', 'C', 'aa', 'MMMM', 'bbbbb', 'a', 'aaaa']
['X', 'WWWWWWWW', 'XX', 'XXX', 'WW', 'XXXXXXXX', 'WWWWWW', 'jjjj', 'WWWWWWW', 'xx', 'WWWWW', 'XXXXXXX', 'RRR', 'JJ', 'JJJJ', 'XXXX', 'WWW']
['e', 'eeeeeeee', 'HHHHHH', 'ff', 'xxx', 'fffffff', 'ee', 'ffffff', 'W', 'kkkkkkkk', '2222']
['JJJJJJJJ', 'bb', 'PPP', 'aaaaaa', '11111', 'pppppp', 'iii', 'OOO', 'b', 'bbbb', 'bbbbbb']
