['87', '372', '384', '284', '179', '13', '223', '234', '238', '365', '190', '494', '195', '140', '224', '44', '471']
['499', '37', '198', '188', '36', '407', '394', '138', '358', '393', '221', '72', '120', '306', '130', '158', '478']
['31', '222', '15', '328', '194', '29', '189', '291', '349', '240', '116', '79', '14', '428', '186', '183', '230']
['193', '427', '352', '160', '70', '498', '110', '107', '341', '257', '402']
['227', '351', '217', '409', '312', '209', '460', '432', '489', '128', '411', '185', '47', '464', '45', '325', '171']
['487', '298', '176', '162', '490', '38', '299', '73', '124', '421', '7', '371', '51', '42', '451', '215', '118']
['214', '320', '58', '277', '355', '108', '12', '153', '309', '164', '167', '318', '346', '444', '106', '169', '322']
['184', '290', '249', '439', '125', '319', '376', '331', '115', '203', '401', '449', '99']
['313', '380', '28', '210', '336', '229', '150', '251', '495', '373', '243', '254', '415', '163', '440']
['71', '482', '301', '408', '337', '98', '342', '295', '359', '426', '399', '123', '68', '288', '86', '300', '424']
['292', '129', '486', '492', '467', '453', '181', '323', '340', '395', '134', '493', '455', '21', '145', '89', '429']
['62', '442', '235', '85', '93', '423', '100', '366', '335', '94', '148', '105']
['211', '285', '289', '267', '343', '122', '422', '54', '74', '473', '253', '396', '469', '406', '260', '392', '262']
['488', '96', '403', '8', '386', '293', '6', '443', '475', '56', '180', '242', '137', '305', '412', '273']
['344', '213', '177', '64', '353', '326', '178', '314', '172', '233', '104', '378', '25', '226', '75', '430', '417']
['49', '225', '433', '480', '208', '381', '101', '81', '175', '419', '17', '266', '113', '334', '276', '157', '147']
['338', '398', '76', '161', '151', '387', '119', '272', '109', '66', '67', '345', '111', '463', '4', '252', '360']
['205', '53', '270', '82', '236', '302', '202', '146', '114', '35', '255', '339', '462', '425']
['206', '484', '269', '149', '281', '418', '27', '454', '159', '271']
['9', '414', '168', '470', '357', '481', '63', '434', '448', '364', '456', '420', '131', '250', '88', '245', '431']
['117', '97', '437', '315', '52', '375', '1', '201', '388', '244', '92']
['259', '370', '173', '34', '258', '263', '40', '278', '144', '174', '265', '317', '307', '435', '77', '126', '332']
['264', '241', '450', '228', '472', '303', '348', '391', '468', '416', '218', '231', '136', '400', '43', '362', '39']
['154', '5', '232', '294', '404', '112', '95', '132', '356', '296', '133', '237', '476', '383', '390', '246', '50']
['368', '11', '3', '199', '69', '197', '65', '447', '248', '247', '57', '207', '26', '127', '196']
['155', '363', '457', '461', '59', '268', '182', '308', '61', '220', '256', '479', '477', '311', '55', '347', '436']
['350', '187', '239', '192', '377', '497', '83', '121', '458', '316', '382', '80', '165', '369', '286', '327', '483']
['141', '32', '441', '274', '282', '405', '459', '166', '212', '10', '397', '374', '204', '142', '261', '367', '361']
['22', '324', '102', '156', '135', '410', '287', '41', '283', '330', '170', '191', '279', '78', '46']
['485', '60', '379', '152', '30', '24', '16', '333', '33', '297', '491', '103', '310', '200', '329', '280', '354']
['304', '139', '474', '216', '445', '91', '275', '496', '48', '23', '389', '0', '219', '466', '446']
['84', '321', '465', '413', '19', '143', '2', '18', '438', '452', '90', '20', '385']
