['320', '321', '309', '297', '475', '385', '294', '381', '314', '387', '323', '388', '316', '324', '326', '299', '319', '382', '317', '300', '325', '322', '304', '379', '380', '315', '296', '383', '378', '318']
['91', '56', '86', '78', '43', '44', '58', '84', '96', '76', '55', '64', '95', '59', '83', '67', '92', '46', '49', '97', '85', '65', '52', '66', '73', '57', '80', '140', '94', '77']
['11', '139', '28', '37', '146', '33', '134', '102', '122', '119', '1', '42', '41', '145', '4', '63', '38', '100', '128', '72', '50', '62', '132', '29', '82', '104', '48', '51', '0', '142']
['214', '205', '292', '470', '229', '212', '256', '150', '449', '218', '136', '219', '147']
['338', '308', '377', '375', '458', '477', '474', '457', '404', '486', '472', '467', '333', '479', '373', '311', '305', '298', '393', '399', '354', '361', '344', '480', '355', '390', '340', '365', '327', '392']
['154', '69', '133', '166', '98', '40', '25', '79', '153', '157', '123', '45', '90', '148', '30', '12', '125', '143', '6', '110', '7', '117', '155', '61', '34', '19', '8', '47', '107', '159']
['211', '277', '482', '259', '223', '236', '281', '266', '207', '273', '455', '245', '271', '478', '483']
['36', '93', '54', '175', '27', '88', '101', '160', '144', '137', '89', '71', '39', '87', '31', '32', '176', '81', '181', '70', '168', '156', '53', '74', '124', '114', '35', '75', '68', '60']
['328', '461', '409', '405', '403', '302', '489', '389', '471', '485', '301', '468', '473', '464', '469', '310', '306', '307', '313', '396', '406', '401', '488', '384', '303', '312', '386', '391', '476', '295']
['213', '225', '222', '152', '481', '274', '249', '465', '272', '121', '247', '243', '221', '254', '230']
['264', '206', '290', '282', '198', '250', '233', '283', '242', '288', '231', '224', '127', '261', '239', '275']
['246', '217', '228', '284', '287', '201', '238', '276', '120', '265', '263', '463', '215']
['410', '337', '416', '331', '339', '417', '431', '487', '413', '407', '397', '335', '329', '430', '429', '432', '330', '334', '426', '341', '425', '332', '336', '490', '342', '418', '395', '421', '415', '412']
['357', '414', '441', '346', '444', '347', '366', '398', '363', '433', '456', '453', '422', '419', '439', '452', '400', '451', '436', '372', '450', '408', '454', '402', '424', '368', '442', '427', '394', '359']
['241', '149', '269', '135', '267', '289', '237', '131', '293', '253', '126', '226', '204', '279', '240']
['24', '190', '191', '186', '22', '21', '116', '23', '170', '196', '99', '171', '112', '108', '187', '192', '188', '251', '26', '118', '183', '184', '193', '185', '18', '180', '111', '20', '115', '105']
['177', '5', '194', '13', '182', '16', '17', '103', '174', '173', '9', '3', '178', '189', '2', '163', '195', '106', '15', '179', '162', '164', '167', '10', '169', '158', '172', '161', '14', '165']
['285', '244', '203', '141', '459', '235', '291', '109', '255', '260', '462', '210', '258', '113', '130', '227', '484', '208', '199', '151', '209', '234']
['370', '434', '423', '438', '371', '369', '345', '440', '362', '351', '350', '353', '352', '348', '376', '411', '428', '374', '343', '437', '356', '445', '349', '443', '435', '364', '358', '360', '367', '446']
['129', '466', '420', '216', '270', '460', '447', '286', '280', '252', '262', '220', '268', '448', '202', '278', '138', '232', '197', '248', '257', '200']
