['277', '285', '290', '182', '309', '146', '88', '120', '339', '191', '345', '173', '366', '471', '22', '363', '433', '96', '352', '419', '473', '464', '306', '313', '450', '249', '334', '399', '402', '325', '240', '368', '470', '427', '295', '421', '124', '318', '455', '111']
['154', '129', '337', '297', '25', '27', '174', '244', '203', '86', '141', '474', '76', '422', '323', '335', '137', '224', '430', '71', '436', '39', '95', '408', '188', '202', '164', '349', '454', '127', '449', '118', '211', '117', '232', '161', '197', '132', '315', '340']
['37', '410', '287', '489', '43', '215', '123', '431', '420', '417', '230', '102', '459', '270', '237', '1', '462', '305', '196', '171', '59', '108', '396', '432', '100', '317', '279', '463', '273', '155', '225', '152', '61', '19', '185', '218', '75', '139', '412', '105']
['241', '328', '24', '423', '79', '265', '487', '314', '189', '283', '201', '495', '397', '45', '23', '170', '311', '260', '219', '483', '213', '112', '437', '162', '198', '83', '233', '70', '6', '330', '258', '26', '426', '406', '65', '82', '391', '51', '327', '126']
['482', '269', '409', '69', '377', '17', '166', '302', '33', '444', '243', '475', '485', '84', '259', '404', '381', '235', '456', '467', '90', '148', '31', '326', '179', '38', '223', '181', '319', '110', '278', '136', '341', '138', '480', '217', '364', '257', '140', '94']
['414', '11', '321', '403', '276', '466', '301', '216', '472', '122', '333', '469', '41', '286', '64', '87', '220', '63', '343', '12', '499', '268', '299', '143', '10', '254', '231', '130', '275', '183', '49', '355', '172', '465', '395', '365', '68', '415', '360', '367']
['405', '308', '496', '16', '186', '205', '353', '274', '228', '413', '348', '119', '493', '226', '144', '374', '106', '307', '451', '372', '81', '192', '497', '393', '121', '435', '354', '344', '227', '149', '156', '53', '384', '336', '209', '383', '250', '358', '359', '142']
['177', '320', '194', '238', '40', '134', '242', '288', '153', '58', '3', '457', '284', '468', '411', '245', '195', '316', '99', '292', '30', '448', '356', '443', '67', '246', '169', '92', '72', '424', '361', '488', '168', '85', '390', '52', '490', '256', '57', '77']
['441', '370', '13', '346', '438', '204', '440', '9', '351', '294', '350', '398', '178', '486', '101', '447', '439', '163', '388', '145', '262', '324', '267', '131', '113', '167', '491', '322', '62', '380', '97', '208', '442', '481', '8', '150', '104', '207', '0', '446']
['338', '461', '133', '91', '247', '190', '389', '200', '160', '116', '89', '252', '429', '15', '176', '289', '492', '159', '125', '128', '251', '221', '382', '401', '300', '271', '158', '46', '199', '193', '151', '296', '29', '394', '386', '293', '234', '476', '114', '165']
['206', '222', '28', '5', '434', '36', '212', '458', '371', '369', '477', '478', '385', '135', '453', '272', '109', '2', '21', '479', '310', '452', '55', '32', '7', '332', '425', '484', '312', '66', '248', '73', '378', '14', '35', '47', '180', '20', '60', '115']
['357', '375', '175', '416', '157', '78', '44', '362', '347', '387', '291', '407', '373', '255', '147', '264', '298', '445', '239', '50', '214', '281', '236', '418', '498', '107', '18']
['304', '210', '34', '376', '56', '494', '80', '42', '280', '4']
['379', '187', '282', '460', '229', '98', '329', '261']
['184', '263', '253', '428', '266']
['400', '303', '74', '54']
['331', '93', '392']
['48']
['342']
['103']
