['357', '414', '154', '405', '309', '416', '346', '362', '420', '398', '353', '411', '400', '429', '313', '372', '110', '393', '426', '341', '406', '72', '325', '361', '424', '29', '364', '383', '394', '476', '421', '378', '114', '35', '200', '327', '409', '287', '331', '56', '345', '389', '173', '186', '417', '43', '366', '351', '404', '352', '456', '348', '422', '439', '473', '260', '324', '220', '356', '349', '330', '382', '401', '273', '168', '156', '342', '395', '318', '48', '360', '392', '18', '320', '370', '328', '403', '36', '423', '78', '387', '314', '237', '333', '376', '407', '373', '388', '374', '451', '106', '329', '408', '396', '319', '334', '332', '368', '379', '425', '355', '384', '132', '391', '418', '340', '365', '415', '115', '412', '338', '321', '337', '377', '375', '371', '339', '347', '385', '363', '381', '413', '1', '323', '397', '428', '335', '15', '326', '63', '343', '249', '499', '445', '399', '317', '402', '322', '354', '344', '380', '34', '315', '390', '336', '386', '74', '234', '359', '358', '218', '139', '367']
['206', '129', '290', '93', '98', '458', '242', '203', '259', '178', '122', '189', '109', '163', '310', '148', '219', '39', '95', '179', '188', '181', '233', '100', '83', '121', '221', '127', '130', '118', '184', '197', '161', '209', '250', '150', '207', '75', '165', '159', '105', '194', '133', '166', '212', '91', '496', '40', '191', '157', '485', '96', '216', '201', '116', '226', '195', '307', '145', '147', '196', '187', '210', '198', '131', '143', '92', '239', '275', '240', '199', '193', '172', '180', '111', '177', '222', '182', '302', '238', '25', '88', '204', '86', '141', '102', '235', '119', '144', '137', '224', '89', '55', '171', '71', '87', '176', '192', '162', '125', '202', '128', '169', '158', '211', '304', '470', '149', '208', '217', '442', '142', '126', '241', '410', '175', '146', '247', '134', '190', '103', '174', '153', '215', '123', '230', '294', '228', '101', '160', '170', '90', '99', '213', '113', '167', '231', '138', '183', '117', '155', '225', '232', '152', '97', '227', '236', '104', '185', '124', '107', '136']
['269', '69', '120', '244', '9', '301', '464', '493', '245', '306', '292', '108', '38', '223', '164', '278', '67', '254', '491', '50', '214', '151', '68', '60']
['5', '461', '37', '282', '489', '288', '477', '58', '274', '284', '460', '291', '2', '311', '4', '64', '30', '268', '6', '251', '443', '10', '271', '480', '293', '281', '82', '498', '66', '73', '57', '455', '20', '446', '11', '33', '27', '265', '466', '471', '3', '433', '474', '76', '472', '467', '453', '495', '41', '462', '430', '316', '436', '31', '432', '70', '300', '261', '46', '488', '481', '65', '312', '296', '19', '248', '308', '266', '438', '276', '475', '44', '487', '84', '457', '468', '255', '280', '32', '289', '267', '449', '484', '61', '465', '303', '14', '80', '0', '28', '441', '434', '13', '17', '54', '297', '79', '243', '444', '440', '478', '431', '350', '270', '272', '447', '469', '452', '286', '305', '483', '437', '81', '299', '258', '279', '246', '49', '53', '85', '52', '490', '256']
['298', '285', '419', '454', '257', '463']
['277', '59', '486', '459', '295', '283']
['21', '62', '7', '229', '252']
['263', '205']
['264', '22', '24', '262']
['448', '8', '16', '47', '26', '45', '42']
['492', '482', '494']
['450', '135']
['497', '253']
['479']
['112']
['427', '77']
['140']
['94', '435']
['23', '12', '51']
['369']
