['Folco4', 'Tolomeo6', 'Erminia2', 'Isabel6', 'Benedetta5', 'Caio6', 'Oretta5', 'Walter1', 'Lorenzo9', 'Genziana8', 'Lidia0', 'Armando0', 'Fatima2', 'Furio5', 'Alighieri1', 'Bettino1', 'Mariagiulia3', 'Eustachio1', 'Sue2', 'Jole3']
['Eriberto7', 'Patrizio4', 'Osea9', 'Celeste3', 'Nathan3', 'Edilio6', 'Enrico1', 'Cira8', 'Alighiero7', 'Umberto0', 'Giorgio3', 'Fatima0', 'Luigi7', 'Arturo8', 'Nestore3', 'Noah0', 'Lauro3', 'Santo3', 'Iacopo1', 'Fabio9']
['Eliziario6', 'Samira4', 'Santo9', 'Ursula5', 'Valdo2', 'Hector0', 'Sue0', 'Mecren9', 'Concetta1', 'Audenico0', 'Eriberto1', 'Gilda2', 'Guido6', 'Demi9', 'Anselmo9', 'Laura1', 'Marcella3', 'Flaviana6', 'Italo9', 'Secondo5']
['Rebecca2', 'Caio2', 'Concetta5', 'Antonino6', 'Laerte5', 'Amedeo5', 'Clodovea2', 'Isabel1', 'Baldassarre3', 'Loris4', 'Primo3', 'Orfeo4', 'Joannes5', 'Jelena1', 'Arcibaldo8', 'Claudia1', 'Sesto4', 'Odino6', 'Diamante4', 'Joseph7']
['Albino1', 'Eustachio2', 'Aroldo4', 'Radames1', 'Tristano8', 'Cira7', 'Marvin0', 'Ethan3', 'Pacifico5', 'Nestore7', 'Umberto9', 'Bibiana4', 'Marieva7', 'Cleros7', 'Elda2', 'Damiana2', 'Ercole2', 'Ariel9', 'Mirko4', 'Filomena4']
['Marieva8', 'Benedetta4', 'Piersilvio3', 'Cleopatra8', 'Dante5', 'Gelsomina6', 'Terzo7', 'Primo9', 'Jari2', 'Eriberto9', 'Quirino1', 'Gavino8', 'Silvano4', 'Davide8', 'Ermes4', 'Gioacchino7', 'Marina6', 'Antimo9', 'Kai5', 'Renato5']
['Odino9', 'Sarita4', 'Folco8', 'Costanzo6', 'Teseo4', 'Vera2', 'Giorgio6', 'Jacopo4', 'Mietta0', 'Ludovico9', 'Brigitta5', 'Erminio4', 'Erminia8', 'Edipo5', 'Sebastian2', 'Davide5', 'Giacinto6', 'Jari0', 'Folco0', 'Clodovea1']
['Rosita1', 'Fiorentino3', 'Lidia4', 'Antonio9', 'Kris3', 'Mietta1', 'Odone4', 'Demis3', 'Ruth1', 'Elsa0', 'Fatima9', 'Domiziano7', 'Pablo9', 'Pietro1', 'Nazzareno0', 'Loretta4', 'Nathan9', 'Emanuel1', 'Timoteo5', 'Trevis8']
['Amerigo5', 'Karim8', 'Lino4', 'Danuta0', 'Radames4', 'Gianriccardo3', 'Laerte9', 'Kayla3', 'Marcella4', 'Demi6', 'Marino4', 'Artes8', 'Moreno5', 'Fabiano3', 'Claudia6', 'Secondo0', 'Rita6', 'Eusebio3', 'Jacopo3', 'Concetta9']
['Egisto1', 'Monia8', 'Alessio7', 'Ilario9', 'Cleopatra1', 'Karim1', 'Pablo7', 'Benedetta1', 'Gerlando9', 'Nathan2', 'Maika9', 'Doriana2', 'Carmela6', 'Timoteo4', 'Sasha7', 'Ausonio0', 'Rosalino0', 'Cesidia8', 'Max1', 'Alessio3']
['Nestore8', 'Vania2', 'Vania3', 'Diamante6', 'Nayade9', 'Michele7', 'Enzo0', 'Armando8', 'Sirio1', 'Marianita1', 'Renzo5', 'Lazzaro2', 'Marina4', 'Xavier5', 'Thea5', 'Marianita7', 'Priamo0', 'Priamo8', 'Giorgio2', 'Cleros5']
['Osea0', 'Marzio5', 'Gaetano4', 'Cosetta2', 'Mariagiulia9', 'Anselmo3', 'Azue3', 'Gregorio2', 'Gilda5', 'Tancredi6', 'Alessandro3', 'Guendalina3', 'Cleopatra5', 'Luce0', 'Nico6', 'Marzio4', 'Leonardo7', 'Celeste4', 'Jarno1', 'Caligola0']
['Maggiore3', 'Marzio7', 'Ercole1', 'Prisca2', 'Gianriccardo2', 'Maggiore2', 'Oreste0', 'Rosaria8', 'Luce6', 'Marianita5', 'Donatella7', 'Fabiano1', 'Ubaldo1', 'Giancarlo3', 'Liborio8', 'Mariano0', 'Ettore0', 'Brigitta8', 'Mauro7', 'Siro8']
['Trevis2', 'Elsa1', 'Noel4', 'Loredana6', 'Siro3', 'Eusebio6', 'Fortunata0', 'Marianita8', 'Primo1', 'Ferdinando0', 'Orfeo1', 'Bortolo5', 'Gaetano5', 'Manfredi5', 'Vinicio8', 'Deborah4', 'Fernando8', 'Anselmo8', 'Alan9', 'Rosolino0']
['Folco6', 'Miriam8', 'Armando5', 'Gianantonio6', 'Enzo3', 'Dylan9', 'Demis1', 'Quarto3', 'Sarita7', 'Ione9', 'Liborio4', 'Monia6', 'Cleros2', 'Valdo9', 'Nabil5', 'Siro9', 'Filomena3', 'Ivano3', 'Assia0', 'Tazio7']
['Battista3', 'Gianleonardo6', 'Ludovico2', 'Giovanna5', 'Damiana9', 'Sesto8', 'Caligola7', 'Rodolfo9', 'Fabio8', 'Soriana6', 'Arduino5', 'Lisa0', 'Gianmaria7', 'Siro2', 'Tristano5', 'Italo5', 'Gregorio7', 'Siro0', 'Oretta9', 'Trevis3']
['Ferdinando6', 'Adriano1', 'Matilde9', 'Edilio2', 'Laerte0', 'Odone8', 'Mattia9', 'Radames7', 'Rosalba1', 'Sebastian4', 'Rosalino2', 'Modesto4', 'Maruska3', 'Amerigo1', 'Miriana4', 'Xavier7', 'Enzo7', 'Elga3', 'Prisca3', 'Serse1']
['Miriana9', 'Deborah9', 'Lia2', 'Cleros6', 'Folco3', 'Fiorenzo1', 'Amedeo1', 'Marzio6', 'Sabatino1', 'Lidia6', 'Loretta1', 'Sibilla4', 'Cirino1', 'Demis2', 'Emidio9', 'Cassiopea3', 'Bortolo9', 'Nestore6', 'Ulrico6', 'Edilio5']
['Muzio8', 'Lamberto6', 'Raoul7', 'Emanuel3', 'Ian2', 'Marcella0', 'Gioacchino6', 'Tancredi5', 'Nestore4', 'Enzo6', 'Arduino8', 'Sasha9', 'Leonardo1', 'Evangelista9', 'Erminia5', 'Mietta2', 'Elda4', 'Umberto6', 'Gianantonio5', 'Nico1']
['Danthon5', 'Giulio2', 'Erminio9', 'Ileana5', 'Luigi4', 'Sandro2', 'Giordano5', 'Walter3', 'Elio3', 'Sesto2', 'Avide3', 'Piersilvio0', 'Cleopatra7', 'Leonardo0', 'Gianmarco5', 'Joshua3', 'Ermes9', 'Tolomeo0', 'Rebecca5', 'Akira3']
['Cassiopea9', 'Pierfrancesco0', 'Mariagiulia4', 'Anastasio7', 'Zelida4', 'Mariagiulia0', 'Augusto8', 'Fortunata6', 'Miriam7', 'Mecren5', 'Renzo6', 'Raniero0', 'Rosalba8', 'Loredana0', 'Alberto5', 'Ubaldo2', 'Ethan9', 'Guido1', 'Tommaso8', 'Kayla9']
['Nicoletta3', 'Fiorenzo8', 'Osvaldo5', 'Olimpia3', 'Anastasio3', 'Ercole9', 'Bibiana6', 'Giacobbe7', 'Orfeo7', 'Irene7', 'Sabino2', 'Michael9', 'Giobbe6', 'Jack2', 'Orfeo5', 'Costanzo4', 'Tazio1', 'Nestore5', 'Edipo4', 'Miriana7']
['Marino8', 'Rocco9', 'Pacifico0', 'Gianantonio3', 'Iacopo2', 'Amedeo6', 'Samira6', 'Costantino7', 'Penelope7', 'Marina7', 'Thea4', 'Penelope5', 'Kris2', 'Graziano0', 'Timoteo9', 'Joshua0', 'Orfeo9', 'Elio8', 'Matteo9', 'Sirio6']
['Cassiopea8', 'Ethan7', 'Emanuel7', 'Romeo2', 'Elga8', 'Ercole8', 'Rebecca6', 'Giovanna3', 'Ian0', 'Joseph3', 'Adriano0', 'Deborah2', 'Cleros4', 'Giulietta7', 'Ercole4', 'Lauro5', 'Maika6', 'Laura9', 'Odone9', 'Davide1']
['Dante0', 'Carmelo4', 'Carlo1', 'Bettino8', 'Tancredi4', 'Fiorenzo7', 'Assia4', 'Carmela3', 'Zaccaria2', 'Mattia6', 'Romeo4', 'Rufo5', 'Michael4', 'Mattia1', 'Noah6', 'Osea1', 'Walter7', 'Quasimodo0', 'Violante6', 'Mirko6']
