['Lorraine', 'Lila', 'Emilee', 'Bonnee', 'Honey', 'Carlye', 'Phillis', 'Cordy', 'Ula', 'Nevsa', 'Joannes', 'Siobhan', 'Ivie', 'Jeralee', 'Hendrika', 'Aubrette', 'Philomena', 'Pippy', 'Paula']
['Idalina', 'Paulette', 'Harriett', 'Vonny', 'Serena', 'Daisi', 'Raine', 'Erinna', 'Susi', 'Anthe', 'Tressa', 'Di', 'Ethelind', 'Marjie', 'Tessy', 'Devinne', 'Dulcea', 'Kial', 'Corey']
['Lona', 'Vickie', 'Sofia', 'Debby', 'Thomasina', 'Uta', 'Constantia', 'Penny', 'Sephira', 'Neilla', 'Rasla', 'Randene', 'Cammie', 'Fayth', 'Hyacinth', 'Nerissa', 'Eve', 'Genna', 'Carmelia']
['Gwendolen', 'AnnaDiane', 'Ealasaid', 'Tersina', 'Jeniffer', 'Laverne', 'Idell', 'Zorana', 'Lacey', 'Donella', 'Kippy', 'Cecelia', 'Lynnett', 'Goldi', 'Shayne', 'Marcia', 'Katha', 'Carline', 'Cate']
['Bell', 'Sue', 'Henriette', 'Annie', 'Maryl', 'Mehetabel', 'Brynna', 'Mariette', 'Costanza', 'Marigold', 'Renelle', 'Marla', 'Denyse', 'Rosalinde', 'Henrietta', 'Jeannie', 'Noelyn', 'Constantina', 'Joly']
['Tanya', 'Madalena', 'Zoe', 'Harrie', 'Trude', 'Christabel', 'Livia', 'Raye', 'Sheena', 'Evangeline', 'Shayna', 'Jodi', 'Billy', 'Fawne', 'Jeannine', 'Karlotta', 'Lorrin', 'Lori', 'Elayne']
['Lorinda', 'Katleen', 'Heidie', 'Fredelia', 'Dayle', 'Nolana', 'Kalindi', 'Madelyn', 'Kaylyn', 'Nelia', 'Tamarah', 'Barbe', 'Janette', 'Silva', 'Elinor', 'Freda', 'Leilah', 'Cordie', 'Libby']
['Madonna', 'Corella', 'Courtnay', 'Eadie', 'Vivia', 'Lisabeth', 'Herminia', 'Ellie', 'Imogen', 'Genni', 'Clari', 'Veronike', 'Geralda', 'Crystie', 'Jolie', 'Vilma', 'Shay', 'Janey', 'Ginger']
['Emmy', 'Christina', 'Therine', 'Shelby', 'Tammy', 'Gerrilee', 'Camille', 'Anya', 'Sallyanne', 'Laraine', 'Fayina', 'Robena', 'Andriette', 'Una', 'Megan', 'Starr', 'Ortensia', 'Shelia', 'Liz']
['Inna', 'Lina', 'Annalee', 'Renae', 'Raven', 'Vanessa', 'Andree', 'Ardine', 'Lisbeth', 'Keri', 'Jobina', 'Wendeline', 'Katalin', 'Gabriell', 'Loria', 'Maryjo', 'Feliza', 'Jaclyn', 'Rachel']
['Zita', 'Jacquenette', 'Kata', 'Laurice', 'Shelli', 'Eddi', 'Rosina', 'Willabella', 'Jsandye', 'Lindsy', 'Toma', 'Libbi', 'Lilla', 'Jada', 'Johnette', 'Viva', 'Lanni', 'Delila', 'Barbaraanne']
['Erma', 'Bobbie', 'Nerta', 'Joleen', 'Saundra', 'Meggy', 'Nadine', 'Natka', 'Trista', 'Debbie', 'Eula', 'Isabelle', 'Stefa', 'Moyra', 'Lorena', 'Siusan', 'Ondrea', 'Camilla', 'Tobi']
['Cristina', 'Helenka', 'Tova', 'Ardenia', 'Tiffani', 'Gussy', 'Rozanna', 'Analise', 'Gwenette', 'Cherry', 'Vallie', 'Gigi', 'Kristin', 'Kora', 'Erna', 'Rebbecca', 'Bria', 'Midge', 'Rosalind']
['Jessamyn', 'Marice', 'Hatty', 'Lyn', 'Kinna', 'Maddalena', 'Lita', 'Edi', 'Reta', 'Callie', 'Neila', 'Lauretta', 'Gerianna', 'Lorna', 'Pansie', 'Edeline', 'Cayla', 'Lois', 'Pandora']
['Kerstin', 'Heather', 'Sara', 'Riannon', 'Leona', 'Ashlen', 'Vi', 'Lettie', 'Roseann', 'Jane', 'Christin', 'Bessy', 'Kettie', 'Essa', 'AnnaDiana', 'Prudi', 'Jaime', 'Giralda', 'Kathlin']
['Nomi', 'Reggi', 'Faith', 'Flori', 'Verina', 'Natala', 'Cory', 'Blake', 'Catina', 'Susana', 'Melodie', 'Patience', 'Jorey', 'Valerie', 'SheilaKathryn', 'Chrystel', 'Oliy', 'Marylou', 'Thalia']
['Wilow', 'Sharla', 'Carree', 'Kellen', 'Kay', 'Karol', 'Misti', 'Patti', 'Betteanne', 'Clemmy', 'Jessika', 'Romonda', 'Mina', 'Jennica', 'Biddie', 'Frankie', 'Wilone', 'Minnnie', 'Geri']
['Jenna', 'Kania', 'Kassia', 'Tresa', 'Gayle', 'Meris', 'Dana', 'Chelsea', 'Myrilla', 'Jeannette', 'Cynde', 'Laverna', 'Kiersten', 'Brynne', 'Sibylle', 'Deny', 'Natalina', 'Jess', 'Ashely']
['Grazia', 'Alvina', 'Milena', 'Tatiana', 'Stepha', 'Laura', 'Gaynor', 'Lillis', 'Pollyanna', 'Claudina', 'Laureen', 'Mable', 'Dianna', 'Pierrette', 'Chris', 'Brenn', 'Amabel', 'Vin', 'Merline']
['Marlyn', 'Drucill', 'Matilda', 'Sharron', 'Esmaria', 'Brandie', 'Marley', 'Bibbie', 'HelenElizabeth', 'Leora', 'Shaina', 'Darcee', 'Cinnamon', 'Mariejeanne', 'Joycelin', 'Alyce', 'Nicoli', 'Jasmin', 'Allsun']
['Suellen', 'Rosene', 'Tanhya', 'Giselle', 'Dolores', 'Coretta', 'Kylen', 'Pavla', 'Phil', 'Brandise', 'Madelin', 'Ashli', 'Goldina', 'Sheeree', 'Merrielle', 'Emelina', 'Avivah', 'Brigid', 'Terra']
['Phedra', 'Toni', 'Yalonda', 'Pia', 'Winifred', 'Charis', 'Sherline', 'Miquela', 'Kelcey', 'Tilda', 'Caryn', 'Sheilah', 'Dulcia', 'Corinna', 'Evvy', 'Nora', 'Karisa', 'Coral']
['Martguerita', 'Sophie', 'Tamarra', 'Koressa', 'Kacey', 'Melva', 'Clemmie', 'Sheree', 'Lia', 'Dulcie', 'Mia', 'Shani', 'Emmalynne', 'Arleyne', 'Arliene', 'Garland', 'Anjanette', 'Paulina']
['Ray', 'Amitie', 'Deeann', 'Elisabet', 'Linette', 'Tybi', 'Almeda', 'Danell', 'Valentine']
['Licha', 'Mareah', 'Lavinia', 'Sayre', 'Reeva', 'Magdaia']
