['37', '287', '190', '259', '274', '228', '352', '376', '373', '307', '59', '30', '202', '258', '128', '261', '118', '72', '240', '155', '232', '193', '151', '29', '365', '200', '126']
['238', '266', '88', '265', '58', '2', '388', '148', '329', '220', '70', '341', '246', '271', '332', '380', '156', '34', '303', '296', '185', '51', '60', '327']
['211', '64', '379', '350', '3', '351', '301', '101', '356', '162', '386', '74', '229', '283', '383', '221', '116', '330', '41', '347']
['320', '277', '294', '398', '353', '108', '213', '384', '337', '182', '152', '54', '295', '395', '195', '106', '169']
['168', '268', '235', '396', '333', '83', '91', '33', '251', '131', '48', '170', '311', '92', '186', '361']
['328', '93', '133', '242', '389', '44', '84', '255', '306', '99', '372', '26', '325', '354', '53', '364', '281', '391', '82', '104', '114', '263', '367']
['222', '292', '132', '209', '394', '234', '393', '247', '57', '120', '257', '360', '55', '171', '385']
['264', '149', '129', '69', '314', '249', '377', '19', '175', '210', '342', '378', '359', '67', '25', '318', '345', '89', '230']
['305', '217', '15', '219', '302', '146', '167', '40', '124', '56', '103', '244', '173', '280', '71']
['154', '370', '243', '153', '43', '215', '123', '366', '102', '387', '291', '109', '226', '90', '374', '224', '324', '112', '233', '130', '61', '161', '390', '293', '66', '75', '80']
['308', '157', '76', '237', '189', '144', '137', '145', '252', '196', '326', '12', '38', '299', '125', '110', '317', '138', '336', '236', '150', '47']
['368', '87', '22', '176', '97', '289', '343', '312', '181', '105', '164', '256', '115', '254', '165', '94', '77', '141']
['177', '194', '166', '212', '331', '134', '369', '204', '78', '205', '178', '216', '348', '160', '397', '42', '262', '313', '39', '95', '223', '349', '121', '322', '183', '225', '250', '218', '159', '392']
['338', '304', '31', '5', '32', '267', '13', '192', '119', '323', '113', '278', '174', '136', '191', '86', '382', '127', '147', '46']
['357', '355', '135', '282', '63', '81', '122', '16', '98', '300', '201', '73', '107', '10', '45', '20', '180', '288', '7', '23', '142']
['214', '363', '28', '96', '172', '65', '272', '8', '52', '309', '14', '231', '245']
['9', '49', '62', '208', '241', '179', '24', '270', '17', '253', '21', '297', '27', '79', '35', '340', '310', '400', '260', '362', '18']
['285', '184', '187', '290', '239', '188', '143', '6', '358', '100', '248', '207', '273', '339', '111', '286', '316', '275', '50']
['206', '227', '269', '197', '321', '36', '198', '334', '163', '371', '276', '335', '140', '68', '139', '4', '158']
['117', '344', '298', '11', '199', '381', '315', '284', '85', '375', '1', '319', '346', '399', '203', '279']
