['Vertex256', 'Vertex248', 'Vertex434', 'Vertex375', 'Vertex216', 'Vertex232', 'Vertex336', 'Vertex238', 'Vertex409', 'Vertex261', 'Vertex439', 'Vertex376', 'Vertex255', 'Vertex403', 'Vertex263', 'Vertex193', 'Vertex100', 'Vertex304', 'Vertex433', 'Vertex226']
['Vertex267', 'Vertex364', 'Vertex276', 'Vertex43', 'Vertex328', 'Vertex327', 'Vertex424', 'Vertex126', 'Vertex217', 'Vertex235', 'Vertex97', 'Vertex342', 'Vertex242', 'Vertex68', 'Vertex418', 'Vertex247', 'Vertex137', 'Vertex420', 'Vertex296', 'Vertex88']
['Vertex159', 'Vertex325', 'Vertex144', 'Vertex427', 'Vertex122', 'Vertex194', 'Vertex287', 'Vertex76', 'Vertex318', 'Vertex63', 'Vertex229', 'Vertex373', 'Vertex138', 'Vertex156', 'Vertex315', 'Vertex172', 'Vertex320', 'Vertex224', 'Vertex310', 'Vertex436']
['Vertex305', 'Vertex341', 'Vertex231', 'Vertex370', 'Vertex392', 'Vertex44', 'Vertex269', 'Vertex407', 'Vertex77', 'Vertex199', 'Vertex41', 'Vertex241', 'Vertex396', 'Vertex406', 'Vertex339', 'Vertex107', 'Vertex129', 'Vertex168', 'Vertex112', 'Vertex268']
['Vertex93', 'Vertex357', 'Vertex352', 'Vertex81', 'Vertex55', 'Vertex61', 'Vertex99', 'Vertex184', 'Vertex388', 'Vertex155', 'Vertex198', 'Vertex98', 'Vertex313', 'Vertex109', 'Vertex171', 'Vertex85', 'Vertex219', 'Vertex158', 'Vertex69', 'Vertex322']
['Vertex151', 'Vertex148', 'Vertex286', 'Vertex152', 'Vertex337', 'Vertex302', 'Vertex49', 'Vertex372', 'Vertex355', 'Vertex319', 'Vertex210', 'Vertex404', 'Vertex178', 'Vertex113', 'Vertex201', 'Vertex220', 'Vertex285', 'Vertex245', 'Vertex402', 'Vertex157']
['Vertex419', 'Vertex67', 'Vertex200', 'Vertex326', 'Vertex254', 'Vertex213', 'Vertex86', 'Vertex343', 'Vertex368', 'Vertex307', 'Vertex260', 'Vertex87', 'Vertex306', 'Vertex221', 'Vertex387', 'Vertex139', 'Vertex96', 'Vertex426', 'Vertex236', 'Vertex428']
['Vertex324', 'Vertex154', 'Vertex183', 'Vertex237', 'Vertex349', 'Vertex331', 'Vertex389', 'Vertex125', 'Vertex189', 'Vertex284', 'Vertex60', 'Vertex215', 'Vertex166', 'Vertex65', 'Vertex371', 'Vertex150', 'Vertex181', 'Vertex329', 'Vertex422', 'Vertex288']
['Vertex101', 'Vertex283', 'Vertex153', 'Vertex340', 'Vertex145', 'Vertex214', 'Vertex338', 'Vertex143', 'Vertex195', 'Vertex223', 'Vertex295', 'Vertex321', 'Vertex161', 'Vertex182', 'Vertex54', 'Vertex196', 'Vertex367', 'Vertex233', 'Vertex382', 'Vertex369']
['Vertex411', 'Vertex415', 'Vertex417', 'Vertex314', 'Vertex179', 'Vertex72', 'Vertex416', 'Vertex330', 'Vertex356', 'Vertex208', 'Vertex366', 'Vertex334', 'Vertex50', 'Vertex90', 'Vertex275', 'Vertex297', 'Vertex405', 'Vertex207', 'Vertex82', 'Vertex45']
['Vertex274', 'Vertex244', 'Vertex423', 'Vertex303', 'Vertex258', 'Vertex190', 'Vertex104', 'Vertex149', 'Vertex293', 'Vertex298', 'Vertex251', 'Vertex130', 'Vertex132', 'Vertex385', 'Vertex127', 'Vertex80', 'Vertex311', 'Vertex363', 'Vertex52', 'Vertex265']
['Vertex222', 'Vertex400', 'Vertex289', 'Vertex347', 'Vertex169', 'Vertex187', 'Vertex429', 'Vertex89', 'Vertex394', 'Vertex401', 'Vertex430']
['Vertex51', 'Vertex358', 'Vertex240', 'Vertex197', 'Vertex414', 'Vertex134', 'Vertex249', 'Vertex277', 'Vertex294', 'Vertex115', 'Vertex165', 'Vertex188', 'Vertex111', 'Vertex379', 'Vertex408', 'Vertex239', 'Vertex136', 'Vertex399', 'Vertex95', 'Vertex116']
['Vertex393', 'Vertex308', 'Vertex102', 'Vertex79', 'Vertex280', 'Vertex131', 'Vertex312', 'Vertex64', 'Vertex234', 'Vertex124', 'Vertex300', 'Vertex292', 'Vertex140', 'Vertex264']
['Vertex170', 'Vertex346', 'Vertex84', 'Vertex105', 'Vertex390', 'Vertex176', 'Vertex59', 'Vertex271', 'Vertex270', 'Vertex323', 'Vertex206', 'Vertex253', 'Vertex180', 'Vertex110', 'Vertex273', 'Vertex252', 'Vertex246', 'Vertex257']
['Vertex91', 'Vertex345', 'Vertex147', 'Vertex204', 'Vertex391', 'Vertex431', 'Vertex290', 'Vertex412', 'Vertex384', 'Vertex40', 'Vertex46', 'Vertex92']
['Vertex123', 'Vertex250', 'Vertex94', 'Vertex225', 'Vertex230', 'Vertex162', 'Vertex353', 'Vertex218', 'Vertex344', 'Vertex117']
['Vertex317', 'Vertex383', 'Vertex78', 'Vertex119', 'Vertex118', 'Vertex377', 'Vertex361', 'Vertex437', 'Vertex167', 'Vertex335', 'Vertex57', 'Vertex191', 'Vertex279', 'Vertex83']
['Vertex378', 'Vertex114', 'Vertex309', 'Vertex70', 'Vertex160', 'Vertex103', 'Vertex432', 'Vertex350', 'Vertex128', 'Vertex202', 'Vertex75', 'Vertex362', 'Vertex410', 'Vertex259']
['Vertex301', 'Vertex58', 'Vertex421', 'Vertex397', 'Vertex205', 'Vertex66', 'Vertex185']
['Vertex282', 'Vertex359', 'Vertex438', 'Vertex121']
['Vertex374', 'Vertex71', 'Vertex413']
['Vertex360', 'Vertex141', 'Vertex164']
['Vertex316', 'Vertex133', 'Vertex211', 'Vertex135', 'Vertex354']
['Vertex73', 'Vertex48', 'Vertex53', 'Vertex351', 'Vertex291', 'Vertex175', 'Vertex146']
['Vertex272', 'Vertex278', 'Vertex212', 'Vertex120', 'Vertex227', 'Vertex108']
['Vertex42', 'Vertex386', 'Vertex186']
['Vertex228', 'Vertex299', 'Vertex142']
['Vertex74', 'Vertex177', 'Vertex435', 'Vertex332']
['Vertex243', 'Vertex348', 'Vertex266', 'Vertex203']
['Vertex365', 'Vertex398']
['Vertex173']
['Vertex192', 'Vertex209']
['Vertex395', 'Vertex163', 'Vertex56']
['Vertex381', 'Vertex380']
['Vertex262']
['Vertex106']
['Vertex425', 'Vertex174']
['Vertex333', 'Vertex47']
['Vertex281', 'Vertex62']
