['Mason', 'David', 'Alice', 'Carly', 'Willy', 'Irvin', 'Hazel', 'Ilene', 'Timmy', 'Lanny', 'Jacob', 'Helga', 'Sandy', 'Micah', 'Holly']
['Tanya', 'Dario', 'Clyde', 'Annie', 'Sheri', 'Britt', 'Greta', 'Brant', 'Shane', 'Patti', 'Sammy', 'Arlen', 'Dwain', 'Mable', 'Benny', 'Naomi', 'Jayne', 'Karen', 'Julia']
['Randi', 'Julio', 'Louis', 'Ebony', 'Tasha', 'Jared', 'Bryan', 'Mitch', 'Ahmad']
['Emily', 'Lydia', 'Cindy', 'Jamar', 'Barry', 'Mitzi', 'Aline', 'Paige', 'Betsy', 'Darin', 'Lauri']
['April', 'Maura', 'Shaun', 'Twila', 'Gayle', 'Peter', 'Ellen', 'Devin', 'Sonja', 'Elias', 'Sonny', 'Daisy', 'Tammi', 'Tyron', 'Wilma', 'Tracy', 'Fidel']
['Rhett', 'Cliff', 'Randy', 'Pansy', 'Elsie', 'Clara', 'Leila', 'Mario', 'Ollie', 'Dante']
['Eddie', 'Carla', 'Nikki', 'Rusty', 'Marci', 'Grant', 'Misty', 'Tessa', 'Emery']
['James', 'Craig', 'Laura', 'Erica', 'Leona', 'Tonya', 'Jonah', 'Kevin', 'Homer', 'Kelly', 'Odell', 'Terry', 'Aaron', 'Deann', 'Adela', 'Quinn']
['Davis', 'Candy', 'Wally', 'Claud', 'Brian', 'Jamel', 'Lyman', 'Alvin', 'Ariel', 'Chase']
['Kayla', 'Steve', 'Doris', 'Percy', 'Josef', 'Rhoda', 'Melba', 'Dixie', 'Wendi', 'Tommy', 'Pedro', 'Brent', 'Margo']
['Allan', 'Edwin', 'Wanda', 'Nancy', 'Major', 'Olive', 'Josie', 'Merle', 'Bruno', 'Lorna', 'Trent', 'Chong', 'Maude', 'Lorie', 'Cesar', 'Mandy', 'Hyman', 'Marty', 'Mamie']
['Bryon', 'Staci', 'Cyrus', 'Teddy', 'Kathy', 'Elmer', 'Lacey', 'Myron', 'Erick', 'Janet', 'Joyce', 'Terri', 'Robin', 'Robyn', 'Janis']
['Linda', 'Roman', 'Donna', 'Katie', 'Brock', 'Sybil', 'Basil', 'Issac', 'Lucio']
['Amber', 'Flora', 'Freda', 'Hilda', 'Marcy', 'Debra', 'Chris', 'Bette', 'Tonia', 'Chang', 'Joann', 'Leroy', 'Roger']
['Rufus', 'Orval', 'Elena', 'Felix', 'Donny', 'Renee', 'Zelma', 'Verna', 'Audra', 'Sadie', 'Billy', 'Clint', 'Brady']
['Ruben', 'Daron', 'Marla', 'Roxie', 'Vilma', 'Bobbi']
['Ernie', 'Casey', 'Danny', 'Alton', 'Moses', 'Kirby', 'Fritz', 'Effie', 'Becky', 'Ronny', 'Wendy']
['Avery', 'Buddy', 'Leann', 'Elvia', 'Wyatt', 'Jason', 'Ervin', 'Nadia', 'Queen', 'Della', 'Dusty']
['Perry', 'Viola', 'Bryce', 'Berta', 'Amado', 'Karin', 'Erika', 'Pearl']
['Clark', 'Garry', 'Maria', 'Vicky', 'Sofia', 'Sally', 'Nelda', 'Mikel', 'Essie', 'Adele', 'Moshe', 'Malik', 'Elvin', 'Monty', 'Jaime', 'Corey']
