['13', '192', '163', '88', '165', '169']
['205', '217', '135', '93', '223', '231']
['210', '65', '54', '167', '190', '147']
['220', '24', '104', '124', '134', '245']
['152', '199', '112', '187', '170', '138']
['117', '228', '179', '161', '70', '20']
['149', '59', '81', '132', '89', '215']
['198', '175', '128', '6', '80', '137']
['232', '40', '174', '120', '204', '123']
['11', '122', '19', '212', '207', '121']
['107', '83', '71', '46']
['206', '172', '38', '221', '136', '86']
['36', '133', '8', '35', '0', '130']
['69', '98', '248', '25', '226', '173']
['87', '64', '188', '202', '150', '143']
['235', '52', '66', '114', '48', '159']
['214', '184', '97', '85', '182', '131']
['9', '16', '234', '7', '239', '171']
['241', '119', '125', '153', '60', '118']
['12', '108', '109', '45', '103', '191']
['29', '181', '33', '2', '247', '47']
['162', '82', '189', '243', '244', '39']
['139', '63', '27', '246', '148', '115']
['79', '166']
['168', '5', '76', '1', '23', '196']
['28', '129', '37', '195', '106', '230']
['77', '67', '200', '186', '158', '219']
['58', '53', '209', '17', '242', '72']
['42', '225', '4', '233', '216']
['203', '31', '229', '61', '116']
['197', '213', '44', '91', '96']
['127', '157', '236', '100', '105']
['113', '177', '21', '34', '201']
['211', '218', '15', '95', '101']
['57', '55', '178', '249']
['154', '22', '176', '227']
['84', '14', '144', '126', '50']
['155', '222', '238', '41', '92', '99']
['62', '32', '74', '146', '111', '142']
['90', '193', '18']
['3', '94', '237', '180']
['102', '250', '75', '160']
['208', '164']
['49', '110', '185', '10', '145', '240']
['26', '51']
['73', '140']
['156', '30', '141']
['151']
['224', '56', '68']
['43', '78', '183', '194']
