['Jesus', 'Avery', 'Brantley', 'Rowan', 'Paxton', 'Bryan', 'Zayden', 'Bryson', 'Gunner', 'Kai']
['Chance', 'Justin', 'Graham', 'Brayden', 'Kaleb', 'Asher', 'Colton', 'Jack', 'Grayson', 'Ethan']
['Ezra', 'Colt', 'Jake', 'Peter', 'Matias', 'Isaac', 'Brooks', 'Ryan', 'Corbin', 'Phoenix']
['Aiden', 'Colin', 'Barrett', 'Juan', 'Eli', 'Julian', 'Jose', 'Jayce', 'Tristan', 'Nicolas']
['Thiago', 'Weston', 'Beckett', 'Legend', 'Logan', 'Killian', 'Richard', 'Jonah', 'Wesley', 'Cody']
['Mason', 'Thomas', 'Marcus', 'Bradley', 'Charlie', 'Lincoln', 'Reid', 'Leonardo', 'Easton', 'Rafael']
['Bryce', 'Xavier', 'Charles', 'Abel', 'Kevin', 'Knox', 'Kaiden', 'Aidan', 'Stephen', 'Iker']
['King', 'Hayden', 'Steven', 'Jaden', 'Luca', 'Javier', 'Luis', 'Tucker', 'Adriel', 'Ivan']
['Ashton', 'Damien', 'Rylan', 'Zander', 'Adrian', 'Messiah', 'Sean', 'Jesse', 'Jasper', 'Angel']
['Vincent', 'Cole', 'Andrew', 'Ezekiel', 'Walter', 'Nash', 'Max', 'Leon', 'Parker', 'Josue']
['Jackson', 'Elliot', 'Jeremiah', 'Mark', 'Patrick', 'Micah', 'Lukas']
['Holden', 'Theo', 'Cash', 'George', 'Emerson', 'Kyrie', 'Everett', 'Dylan', 'Emmett', 'August']
['Martin', 'Cameron', 'Gabriel', 'Felix', 'Simon', 'Hudson', 'Luke', 'Landon', 'James', 'Jax']
['Silas', 'Austin', 'Finn', 'Theodore', 'Camden', 'Joel', 'John', 'Joseph', 'Jude', 'Bentley']
['Roman', 'Axel', 'Karson', 'Caden', 'Xander', 'Dawson', 'Timothy', 'Ryker', 'Alex', 'Beckham']
['Brandon', 'Kyle', 'Abraham', 'Clayton', 'Mateo', 'Dallas', 'Enzo', 'Jace', 'Alexander', 'Emilio']
['Eric', 'Daniel', 'Kaden', 'Leo', 'Manuel', 'Karter', 'Braxton', 'Gavin']
['Dominic', 'Paul', 'Tobias', 'Levi', 'Declan', 'Erick', 'Dean', 'Ryder', 'Elias']
['Lucas', 'Caleb', 'Alejandro', 'Antonio', 'Ace', 'Benjamin', 'Anthony', 'Owen']
['Amir', 'Jordan', 'Nathaniel', 'Andres', 'Cayden', 'Harrison', 'Brian', 'Kayden', 'Nicholas', 'Kingston']
['Bennett', 'Christopher', 'Zachary', 'Jaxon', 'William', 'Jason', 'Griffin', 'Maverick', 'Waylon', 'Chase']
['Louis', 'Archer', 'Jameson', 'Giovanni', 'Riley', 'Aaron', 'Oscar', 'Brady', 'Sawyer', 'Lorenzo']
['Rhett', 'Emiliano', 'Sebastian', 'Blake', 'Malachi', 'Santiago', 'Israel', 'Nolan', 'Tanner', 'Jonathan']
['Kameron', 'Judah', 'Adam', 'Gael', 'am', 'Eduardo', 'Andre', 'Victor', 'Jacob', 'Evan']
['Finley', 'Preston', 'Beau', 'Miles', 'Jorge', 'Carter', 'Isaiah', 'Arthur', 'Noah', 'Omar']
['David', 'Zion', 'Damian', 'Grant', 'Robert', 'Connor', 'Alan', 'Matteo', 'Myles', 'Emmanuel']
['Kenneth', 'Hunter', 'Carlos', 'Brody', 'Jaxson', 'Calvin', 'Milo', 'Samuel', 'Diego', 'Tyler']
['Edward', 'Matthew', 'Maxwell', 'River', 'Carson', 'Nathan', 'Wyatt', 'Michael', 'Derek', 'Jayden']
['Amari', 'Greyson', 'Elijah', 'Elliott', 'Christian', 'Josiah', 'Maximus', 'Zane', 'Remington', 'Francisco']
['Maddox', 'Miguel', 'Cooper', 'Ian', 'Jeremy', 'Henry', 'Oliver', 'Ayden', 'Joshua']
