['313', '177', '176', '166', '150', '130', '10', '389', '92', '89', '347']
['49', '3', '205', '97', '70', '358', '134', '276', '170', '317', '72', '366']
['64', '390', '349', '26', '120', '362', '400', '86', '305', '71']
['274', '135', '193', '356', '81', '197', '24', '342', '167', '116', '0', '271']
['184', '129', '30', '108', '250', '131', '98', '247', '335', '144', '322', '105']
['28', '217', '12', '343', '257', '291', '371', '388', '80', '260', '55', '141']
['15', '179', '192', '36', '281', '287', '146', '207', '373', '365', '21', '239']
['379', '84', '119', '375', '202', '66', '295', '68', '316', '345', '44', '392']
['370', '355', '210', '29', '296', '299', '359', '107', '163', '288']
['154', '227', '199', '32', '364', '312', '341', '196', '327', '126']
['357', '161', '249', '65', '236', '258', '114', '346', '369', '136', '90']
['155', '259', '328', '82', '143', '234', '40', '25', '45', '174', '263', '171']
['206', '324', '241', '267', '290', '38', '256', '56', '242', '339', '354']
['222', '216', '315', '151', '282', '348', '128', '195', '159']
['301', '93', '125', '16', '223', '229', '17', '307', '139', '300', '275', '361']
['117', '368', '76', '59', '110', '238', '334', '399', '165', '153', '148', '118']
['87', '183', '52', '333', '160', '6', '14', '20', '106', '360', '261', '219']
['304', '102', '353', '187', '386', '391', '395', '190', '35', '48', '180', '200']
['9', '294', '69', '268', '284', '376', '266', '231', '280', '43']
['53', '209', '394', '67', '244', '191', '311', '138', '240', '18']
['320', '351', '62', '168', '61', '156', '383', '278', '88', '23', '310', '279']
['211', '58', '292', '112', '178', '289', '162', '308', '221']
['214', '298', '208', '96', '34', '387', '272', '233', '378']
['374', '329', '253']
['381', '101', '309', '133', '175', '330', '393', '286', '115', '50']
['277', '31', '326', '270', '181', '33', '185', '332', '42', '252', '230']
['344', '5', '149', '182', '198', '237', '83', '323', '137', '140', '142', '147']
['22', '372', '220', '384', '352', '337', '19', '293', '218', '273', '94', '385']
['11', '269', '13', '132', '340', '318', '27', '331', '103', '157', '39']
['338', '363', '152', '314', '265', '203', '246', '60', '123', '46']
['189', '319', '251', '121', '113', '75', '78', '158']
['321', '303', '8', '215', '104']
['264', '398', '85', '100', '111', '224', '145']
['232', '377', '74', '2', '243', '245']
['95', '194', '188', '54', '297', '226', '325', '41', '77', '99']
['213', '37', '228', '164', '283', '57', '124', '397', '254', '382', '204', '186']
['262', '47', '169', '201']
['225', '350', '235', '109', '248', '79', '255', '51', '173']
['396', '91', '122', '1', '73', '7', '306']
['285', '380', '63', '172', '336', '212', '302', '127', '4', '367']
