['351', '27', '209']
['200', '279']
['24', '29', '14', '269', '221']
['64', '147']
['277', '308']
['47']
['165', '312', '43', '164', '37']
['336', '298']
['69']
['71', '257']
['246', '205', '149', '145', '150']
['314', '333']
['357', '94', '8', '183', '128']
['359', '90']
['232', '323']
['18']
['237', '61']
['60']
['162', '242']
['284', '286', '220', '109']
['280', '4', '240']
['260', '97']
['159', '303', '203', '175', '194']
['25', '45', '156']
['127', '299']
['317', '171']
['293']
['44']
['88']
['138']
['356', '300', '66']
['185']
['33']
['52']
['330']
['223', '349']
['86', '218']
['41', '273', '295']
['198', '283']
['124', '231']
['204', '166', '54', '341', '343']
['48']
['108']
['285']
['87']
['1']
['182', '155', '275']
['291', '130', '123']
['202']
['174']
['353', '274', '39']
['253']
['329']
['187']
['319', '100']
['0']
['125', '238']
['58']
['326']
['17', '12']
['32']
['28']
['135']
['79']
['35']
['192', '74']
['92']
['255']
['189', '258']
['118']
['276']
['111']
['137']
['148']
['179']
['313', '78']
['348']
['101']
['16']
['167']
['106', '142']
['320']
['331']
['282']
['211', '347']
['158']
['141']
['252']
['50']
['136']
['289']
['139']
['334']
['115']
['332']
['214', '271']
['290']
['151']
['222']
['335']
['281']
['267']
['228']
['256']
['65', '318']
['170']
['129']
['243']
['161']
['186']
['342']
['344']
['301']
['340']
['178']
['354']
['217']
['10']
['197', '102']
['362']
['307']
['163', '310']
['321', '322', '191']
['296']
['263', '22']
['154']
['34']
['46']
['213']
['57']
['110']
['81']
['239']
['201']
['247']
['30']
['19']
['121']
['188']
['157']
['89']
['235', '26']
['270']
['180']
['294']
['287']
['3']
['126']
['212']
['250']
['9']
['254']
['83']
['59', '23']
['53']
['358']
['206']
['99']
['119']
['75']
['311']
['40']
['85']
['304']
['361']
['316']
['21']
['82']
['297']
['62']
['345']
['251']
['309']
['144']
['244']
['346']
['73']
['215']
['105']
['219']
['225']
['196']
['226']
['241']
['42']
['229']
['140']
['31']
['199']
['173']
['132']
['68']
['249']
['122']
['95']
['193']
['338']
['195']
['67']
['13']
['315']
['113']
['248']
['133']
['104']
['152']
['350']
['134']
['5']
['352']
['172']
['103']
['38']
['84']
['305']
['131']
['112']
['264']
['266']
['72']
['2']
['210']
['153']
['146']
['55']
['6']
['98']
['262']
['292']
['216']
['325']
['245']
['261']
['116']
['7']
['328']
['56']
['63']
['49']
['117']
['355']
['207']
['208']
['96']
['268']
['306']
['120']
['259']
['272']
['236']
['80']
['143']
['70']
['288']
['327']
['107']
['176']
['227']
['181']
['360']
['76']
['114']
['77']
['51']
['324']
['160']
['224']
['36']
['339']
['302']
['278']
['177']
['93']
['15']
['20']
['337']
['11']
['233']
['190']
['91']
['184']
['169']
['168']
['230']
['265']
['234']
