['Jasahn', 'Hayven', 'Saheim', 'Basha', 'Cliff', 'Carine', 'Zoiee', 'Satomi', 'Desteni', 'Dairon', 'Michai', 'Sevastian', 'Salmaan', 'Jamaad', 'Kellon', 'Yonason', 'Seleen', 'Asha', 'Shahid', 'Dessie']
['Asa', 'Lamariah', 'Kayliann', 'Lazaria', 'Rohil', 'Oluwatobi', 'Mikelle', 'Kaymi', 'Zackrey', 'Tobias', 'Merary', 'Trinitey', 'Sharlene', 'Atika', 'Samauri', 'Jirah', 'Hannelore', 'Abhinav', 'Mylie', 'Hakop', 'Caliegh', 'Kaeleen', 'Leib', 'Jalyiah', 'Timia', 'Coi', 'Natasia', 'Tacori', 'Shalonda', 'Shanaiya']
['Treyonna', 'Alison', 'Carena', 'Davidjr', 'Isaak', 'Abdulrehman', 'Yaire', 'Mikaelah', 'Charlize', 'Zayquan', 'Rexford', 'Margie', 'Amonti']
['Deliany', 'Mikea', 'Jaaziah', 'Jalilah', 'Olive', 'Kinzie', 'Jaeline', 'Armita', 'Cicily', 'Jaleesa', 'Nohely', 'Fe', 'Avigail', 'Lukis', 'Fidel', 'Taye', 'Derionna', 'Andriy', 'Vinnie', 'Sanae', 'Daxen', 'Lynia', 'Kaeley', 'Trenise', 'Zahriyah', 'Coulson', 'Lilienne', 'Amr']
['Malaja', 'Tajuan', 'Chyna', 'Aleiyah', 'Danyca', 'Sydelle', 'Mykenna', 'Masud', 'Cyris', 'Trystian', 'Emmely']
['Larrissa', 'Analiah', 'Tobechi']
['Zykerria', 'Kenniyah', 'Loni', 'Mykaylah', 'Katalina', 'Terriona', 'Adaley', 'Adysen', 'Niemah', 'Ganon', 'Kay', 'Kalum', 'Venezia', 'Spartan', 'Donnelle', 'Lada', 'Jdan', 'Chanze', 'Amritha']
['Deedra', 'Halo', 'Shanell', 'Blaine', 'Sabastion', 'Dell', 'Nayara', 'Harlem', 'Jamear', 'Jebediah', 'Zinia', 'Denize', 'Jarrell', 'Leni', 'Daxx', 'Thadius', 'Brinleigh', 'Lizmari']
['Citlally', 'Katarina', 'Emree', 'Shamaiya', 'Alaija', 'Kyston', 'Nidhi', 'Orren', 'Serra', 'Hugo', 'Shiala', 'Keyin', 'Julia']
['Jahred', 'Fabrizzio', 'Jaydah', 'Jaquis', 'Serenety', 'Soriya', 'Eleah', 'Rock', 'Merissa', 'Lailani', 'Crystina', 'Jarem', 'Xaviel', 'Joed', 'Jacob', 'Maude', 'Nakaya']
['Jesus', 'Marwan', 'Britnee', 'Sheniyah', 'Tam', 'Kirubel', 'Aryeh', 'Eliziah', 'Ellarie', 'Marialy', 'Sinia']
['Navia', 'Yarithza', 'Tayyab', 'Alainna', 'Kamora', 'Nakeya']
['Cynae', 'Sameeha', 'Janesha', 'Cylah', 'Bow', 'Eddieberto', 'Mylani', 'Tanyla', 'Jesalyn', 'Ebany', 'Amor', 'Hashem', 'Jamiyla', 'Aysenur', 'Elysha', 'Kapena', 'Marrius', 'Artyom', 'Kameryn', 'Taigen']
['Treyson', 'Detravion', 'Feven', 'Nancy', 'Abdulraheem', 'Natsumi', 'Jamonte', 'Taegan', 'Mckaylin', 'Nakari', 'Keni', 'Ramses', 'Dragon', 'Jezzelle', 'Farha', 'Gracia', 'Keemya', 'Thaddius', 'Haya', 'Kensleigh', 'Kairy', 'Chidi', 'Vanesa']
['Dereck', 'Antonin', 'Quintasia', 'Demetreus']
['Kaira', 'Bailynn', 'Salif', 'Lakiyah', 'Sussy', 'Raeleigh', 'Aarohi', 'Mylez', 'Soniah', 'Laticia', 'Shy', 'Kirrah', 'Ahnaya', 'Zamyah', 'Jasiya', 'Marik', 'Jax', 'Devaun', 'Jatziry', 'Cisco']
['Sayd', 'Adaisha', 'Nethra', 'Alyiana', 'Renyah', 'Zaahir', 'Sevren', 'Siena', 'Mezmariah', 'Marcellius']
['Noha']
['Marcellino', 'Nishta', 'Kaleo', 'Zyeir']
['Jahlen', 'Fox', 'Aibhilin', 'Ayahna', 'Helaman', 'Tralyn', 'Kvaughn', 'Yavian', 'Arsalan', 'Rayne', 'Dyami', 'Ettel']
['Meryl', 'Vivica', 'Anela', 'Donnovan']
['Alyze', 'Kaymarie', 'Dominika', 'Anastacio', 'Jerel', 'Ron', 'Kenzington', 'Oviya']
['Jaleena', 'Aayana', 'Ryleeann', 'Mailen']
['Dainen', 'Lealand', 'Rosalio', 'Ilyn', 'Ally', 'Marck', 'Anadalay', 'Makyra', 'Yarisbel', 'Ailene', 'Jamaine', 'Aizik', 'Dea', 'Markise', 'Jazir', 'Tahir', 'Adriene', 'Abaan', 'Takia', 'Dorcas', 'Gunther']
['Dajana', 'Jaquan', 'Quentyn', 'Veena', 'Kenzo', 'Ishmel', 'Khamil', 'Deriyon', 'Coraline', 'Braeley', 'Keion', 'Zuzanna', 'Anouk', 'Camill', 'Yajahira', 'Srinath', 'Elway', 'Avielle', 'Leilah', 'Azeriah']
['Selena', 'Jameisha', 'Kyo', 'Raphael']
['Estephanie', 'Casandra', 'Sashya', 'Artie', 'Marnae', 'Sihaam', 'Mariaelena', 'Shamiyah', 'Johnavan', 'Dashun']
['Charlett', 'Dusan', 'Aley', 'Kemily', 'Kaushik', 'Nitzia', 'Azavier', 'Jaimarie', 'Farah', 'Akasha', 'Vyncent', 'Antrone', 'Khalee', 'Jekeria', 'Guadalupe', 'Miley', 'Merlina', 'Mumin', 'Sincere', 'Jailon', 'Lilyonna', 'Thien', 'Adeleine', 'Juliano', 'Stafford', 'Keili']
['Inaki', 'Matt', 'Leighann', 'Tafari', 'Quintavious', 'Handsome', 'Tayseer', 'Benito', 'Tralaya', 'Guy', 'Reynaldo']
['Brenya', 'Evangelyne', 'Ricky', 'Tashvi']
['Aman', 'Doyle', 'Jersi', 'Bailei', 'Noami', 'Jandre', 'Hesham', 'Apollonia', 'Delisha']
['Kenzlie', 'Gauge', 'Liann', 'Dhalia', 'Endi', 'Yu', 'Bright', 'Rielly', 'Jomary', 'Milene', 'Elisah']
['Kimball', 'Prakruti', 'Anagha', 'Hallei', 'Litsy']
['Sagan', 'Abdoulaziz', 'Montana', 'Alayasia']
['Liat']
['Rey', 'Ingrid']
['Tasi', 'Delara']
['Ancel', 'Byron', 'Iris', 'Shamyia', 'Griffon', 'Adanna', 'Larry', 'Alieyah', 'Raymir', 'Ori', 'Mircale', 'Stefanny', 'Kitty', 'Tyannah', 'Ameerah', 'Marifer', 'Khloee', 'Gyzelle', 'Carsten', 'Zolin']
['Keyvin', 'Cordai', 'Vedika', 'Gor']
['Seiry']
['Gwendolynn']
['Khila', 'Jakelin', 'Deidre', 'Jayme', 'Jerriah', 'Emmanuela', 'Mikyla', 'Jeremias', 'Jophy', 'Janine', 'Aylana', 'Colie', 'Lauralynn', 'Michaell', 'Kariana', 'Jema', 'Jovey', 'Giannie', 'Dhyan']
['Monserath', 'Jos', 'Osmin', 'Brydan']
['Casondra', 'Suri', 'Shakila']
['Gertrude']
['Eeliyah', 'Bristol', 'Evia', 'Shardae', 'Shelbee']
['Kobe', 'Shannel', 'Azzareya', 'Giankarlo', 'Jeru', 'Aanyah', 'Jemiah', 'Abriyana', 'Antwane', 'Emilie', 'Anwesha', 'Nalaya', 'Jabes']
