['337', '17', '287', '489', '120', '78', '398', '126', '39', '326', '113', '334', '26', '271', '354', '152', '481', '355', '53', '197', '465', '386', '476', '295', '94', '0']
['357', '82', '394', '109', '276', '170', '402', '142', '362', '471']
['177', '409', '24', '405', '423', '266', '457', '404', '459', '413', '237', '456', '419', '2', '4', '187', '267', '162', '83', '164', '128', '181', '67', '231', '382', '62', '296', '236', '150', '66', '107', '68']
['379', '225', '102', '208', '294', '206', '135', '387', '270', '467', '479', '33', '251', '397', '325', '428', '494', '191', '158']
['414', '416', '389', '345', '86', '230', '350', '205', '216', '137', '307', '252', '99', '15', '176', '112', '497', '202', '127', '29', '418', '165']
['217', '32', '194', '81', '460', '411', '421', '121', '111']
['154', '222', '461', '377', '297', '444', '84', '76', '272', '335', '260', '148', '450', '159', '432', '167', '7', '130', '364', '490', '229', '498', '200']
['320', '190', '174', '477', '339', '173', '157', '186', '487', '58', '22', '474', '422', '291', '201', '469', '31', '408', '289', '343', '349', '110', '233', '322', '118', '72', '117', '470', '442', '455', '257', '139', '367', '105']
['79']
['160']
['214', '484', '328', '383', '166', '373', '435', '138', '50']
['9', '288', '91', '311', '253', '242', '180', '406']
['3', '293', '227', '285']
['269', '199', '37', '380', '189', '340', '378', '451', '18']
['219']
['11', '441', '410', '309', '496', '16', '146', '25', '458', '438', '56', '369', '243', '215', '417', '478', '314', '122', '447', '255', '245', '106', '286', '145', '224', '171', '213', '372', '292', '499', '220', '445', '198', '299', '100', '6', '258', '169', '183', '332', '424', '368', '211', '304', '273', '256', '342', '74', '359', '47', '14', '80', '263', '60']
['156']
['144']
['348']
['278']
['28']
['249', '268', '210', '101', '395']
['223']
['179', '264']
['384']
['93']
['370']
['239', '228']
['463']
['88']
['388']
['290', '8', '375', '41', '92', '412']
['492']
['331']
['329']
['347']
['333']
['184']
['341', '449', '123']
['302']
['420', '485', '95', '482', '274', '321', '151', '13', '352', '250', '143', '486', '283', '452', '195', '42', '153']
['87', '133']
['434']
['232']
['493']
['473']
['363', '262']
['52']
['319']
['427']
['448']
['306']
['426']
['30']
['472']
['140']
['246']
['27', '300']
['240']
['327']
['34']
['356', '480', '366']
['344']
['353', '98']
['453']
['61']
['103']
['71']
['20']
['247']
['279']
['175']
['204']
['235']
['468']
['136']
['361']
['415']
['376']
['49']
['401']
['218']
['430']
['12']
['96']
['196']
['185']
['261']
['124']
['69']
['462']
['45']
['114']
['238']
['318']
['116']
['108']
['65', '131', '392']
['192']
['312']
['221']
['360']
['119']
['178']
['399']
['54']
['381']
['371']
['277', '97', '323']
['182']
['338']
['466']
['336']
['57']
['19']
['305']
['115']
['403']
['303', '55']
['64']
['163']
['141']
['433']
['155']
['281']
['317']
['212']
['209']
['407']
['374']
['168']
['161']
['385']
['248', '446']
['149']
['44']
['129']
['203']
['188']
['436']
['390']
['21']
['301']
['425']
['310']
['193']
['43']
['63']
['443']
['431']
['280']
['85']
['70']
['400']
['35']
['265']
['51']
['38']
['40']
['483']
['275']
['391']
['23']
['315']
['77']
['147']
['298']
['10']
['284']
['365']
['48']
['1']
['454']
['226']
['244']
['259']
['59']
['172']
['313']
['207']
['234']
['125']
['358']
['324']
['134']
['36']
['346']
['429']
['5']
['488']
['104']
['351']
['439']
['393']
['46']
['73']
['75']
['491']
['475']
['89']
['396']
['330']
['495']
['241']
['90']
['437']
['132']
['316']
['254']
['308']
['440']
['464']
['282']
