['98', '287', '266', '25', '190', '86', '157', '362', '205', '381', '272', '224', '307', '280', '89', '71', '213', '298', '326', '59', '121', '136', '325', '354', '208', '364', '312', '229', '293', '378', '48', '257', '200', '77']
['357', '320', '154', '28', '309', '238', '120', '339', '43', '366', '351', '102', '348', '335', '147', '262', '176', '30', '188', '251', '341', '382', '214', '304', '97', '53', '172', '65', '315', '391', '359', '124', '207', '14']
['11', '241', '16', '297', '244', '141', '270', '376', '388', '144', '195', '255', '145', '252', '316', '99', '264', '31', '63', '181', '164', '330', '100', '334', '7', '240', '361', '184', '199', '85', '104', '248', '340', '180']
['129', '377', '134', '345', '186', '22', '350', '352', '237', '323', '283', '109', '310', '41', '286', '329', '305', '55', '260', '268', '210', '187', '162', '6', '322', '232', '161', '132', '256', '342', '74', '111', '327', '126']
['5', '17', '265', '389', '78', '58', '84', '363', '294', '314', '160', '170', '90', '374', '106', '220', '112', '267', '343', '299', '202', '125', '167', '10', '271', '261', '217', '61', '234', '114', '165', '263', '20', '115']
['285', '36', '212', '302', '146', '40', '103', '44', '347', '3', '178', '101', '122', '313', '95', '292', '12', '249', '223', '221', '67', '231', '246', '332', '211', '155', '273', '379', '168', '8', '19', '80', '94', '105']
['370', '194', '69', '175', '247', '191', '387', '163', '23', '148', '372', '289', '356', '131', '70', '110', '278', '254', '317', '169', '300', '50', '368', '49', '225', '193', '303', '29', '52', '82', '107', '35', '142', '392']
['37', '13', '54', '27', '276', '174', '204', '173', '215', '385', '230', '9', '76', '228', '284', '291', '2', '116', '306', '42', '311', '32', '179', '81', '138', '72', '158', '384', '250', '383', '236', '358', '218', '365']
['290', '282', '337', '375', '33', '79', '243', '369', '288', '203', '259', '135', '201', '45', '137', '219', '64', '87', '324', '192', '38', '198', '143', '83', '128', '393', '113', '26', '92', '149', '209', '73', '318', '18']
['277', '177', '222', '24', '321', '166', '56', '371', '274', '189', '21', '373', '397', '245', '4', '171', '39', '196', '396', '233', '279', '239', '344', '227', '156', '336', '281', '150', '253', '185', '68', '0', '60', '367']
['338', '269', '328', '182', '133', '153', '123', '96', '301', '216', '235', '119', '1', '15', '108', '319', '258', '130', '118', '183', '275', '117', '380', '355', '34', '66', '395', '295', '159', '139', '360']
['331', '346', '88', '91', '46']
['93', '127']
['140', '151']
['57', '206', '349']
['390']
['152']
['308']
['47']
['62']
['353']
['296']
['197']
['394']
['51']
['242']
['386']
['333']
['226']
['75']
