['379', '227', '372', '380', '96', '353', '132', '272', '166', '74', '361', '319', '358', '229', '68', '369', '382', '362', '366']
['5', '328', '178', '53', '151', '456', '150', '92', '207', '118', '145', '144', '257', '469', '142', '147', '424', '18']
['285', '194', '197', '437', '202', '212', '323', '495', '121', '190', '203', '106']
['368', '214', '363', '370', '61', '228', '385', '364', '356', '309', '1', '444', '431', '169', '367', '50']
['313', '320', '205', '448', '81', '38', '93', '308', '192', '341', '335', '245', '165', '311', '89', '316']
['17', '56', '120', '389', '478', '347', '9', '404', '352', '122', '291', '99', '213', '32', '343', '393', '334', '399', '401', '239', '49', '208', '336', '386', '391', '14', '392']
['155', '139', '62', '131', '160', '134', '246', '127', '130']
['117', '485', '350', '3', '450', '112', '119', '237', '236', '256', '201', '138', '124', '116', '247', '325', '170', '111', '305', '115', '123']
['414', '241', '434', '423', '416', '438', '371', '417', '466', '433', '284', '419', '428', '430', '280', '233', '275', '425', '273', '218', '415', '412']
['58', '326', '457', '486', '333', '340', '126', '339', '41', '173', '322', '196', '332']
['154', '152', '324', '149', '37', '294', '24', '210', '230', '250', '181', '143', '473', '221', '23', '94', '148', '436']
['398', '292', '289', '410', '387', '16', '413', '293', '287', '281', '295', '283', '297', '402', '394', '7', '397', '494', '288', '159', '286']
['8', '82', '52', '407', '110', '113', '349', '25', '458', '451']
['344', '304', '211', '232', '338', '301', '85', '34', '312', '453', '348', '390', '146', '57', '88', '360', '327']
['321', '243', '215', '84', '447', '468', '411', '21', '260', '298', '63', '249', '223', '6', '251', '26', '254', '261', '427', '378', '248', '80', '20']
['482', '441', '489', '475', '477', '265', '471', '487', '467', '479', '493', '137', '55', '429', '39', '95', '162', '491', '488', '470', '480', '484', '35', '200']
['11', '13', '54', '345', '157', '472', '460', '464', '163', '195', '452', '224', '462', '59', '492', '445', '164', '128', '278', '10', '454', '449', '354', '172', '73', '114']
['64', '97', '108', '109', '100', '2', '107', '136', '43', '105']
['264', '277', '269', '274', '12', '268', '267', '235', '270', '290', '199', '266', '395', '443', '276', '263', '271', '262']
['102', '101', '161', '490', '422', '98', '104', '83', '359', '421', '167', '342', '103', '204', '463']
['420', '177', '15', '220', '219', '69', '459', '65', '70', '40', '67', '79', '318', '75', '48', '51', '317', '78', '440', '71']
['87', '351', '259', '217', '474', '408', '216', '337', '405', '330', '258', '253', '45', '255', '242', '400', '406', '252']
['22', '225', '129', '409', '282', '47', '455', '231', '191', '279', '0', '435', '158', '240']
['90', '314', '303', '439', '432', '302', '331', '426', '310', '306', '483']
['357', '206', '481', '381', '156', '193', '384', '377', '135', '375', '296', '66', '329', '374', '300', '44']
['31', '168', '28', '30', '442', '315', '465', '36', '418', '234', '33', '388', '86']
['176', '461', '76', '133', '383', '376', '125', '476', '91', '373', '365', '77', '299', '4', '72']
['222', '209', '396', '346', '226', '244', '140', '153', '307', '60', '171', '141']
['182', '403', '175', '238', '27', '174', '186', '189', '42', '187', '179', '198', '188', '183', '46', '184', '355', '29', '19', '185', '180', '446']
