['APG', 'ACN', 'AET', 'ASL', 'API', 'ALF', 'ANI', 'AGA', 'ATK', 'AER', 'ANM', 'AND', 'AMB', 'APW']
['APJ', 'ABL', 'ARY', 'ANS', 'AGM', 'AEF', 'ADL', 'ASW', 'AJT', 'ABR', 'ANK', 'AMW', 'ANL', 'AQI', 'AKM', 'ASJ', 'AII', 'AIK']
['ANE', 'ATD', 'ADA', 'AFR', 'APQ', 'AMP', 'AOV', 'ANG', 'AOD', 'APP', 'ALU', 'APV', 'ASO', 'ABU', 'AHO', 'AEL', 'AQY', 'ABG']
['AJE', 'AJG', 'ALN', 'APY', 'ARP', 'APF', 'ALS', 'AGH', 'ALQ', 'AGC', 'ASI', 'AQH', 'AIP', 'ADH', 'ABI', 'AFN', 'ASN', 'APA']
['AIE', 'AMG', 'AAK', 'APR', 'AHS', 'ADR', 'AAQ', 'AGP', 'ADF', 'APB', 'AES', 'AAT', 'AAY', 'ATV', 'ACA', 'ATF', 'AFK', 'AMH']
['ARI', 'AMV', 'AGJ', 'AFO', 'AFF', 'AMY', 'AIT', 'AKE', 'AOB', 'AFS', 'ASM', 'ATI', 'APX', 'AKR', 'AAI', 'ARF', 'ABQ', 'ANU']
['AOJ', 'AAL', 'ATU', 'ASP', 'ARJ', 'AOT', 'AIV', 'AOW', 'AKV', 'ABM', 'ADO', 'ARX', 'AID']
['ASH', 'ABH', 'AGB', 'ARU', 'AOC', 'AMQ', 'AGU', 'AON', 'AOE', 'AJU', 'AKK', 'AST', 'AJH', 'AEX', 'ALY', 'ADW']
['ABN', 'ABS', 'ACI', 'AGR', 'AHK', 'AHG', 'AKB', 'AMA', 'AFJ', 'AMO', 'ANC', 'AHC', 'ASG', 'ANF', 'AKL', 'AEV', 'AHT', 'AAG']
['AGN', 'ATS', 'AFG', 'ALM', 'AKQ', 'ATQ', 'ANY', 'ADT', 'AFP', 'AQR', 'ACS', 'AGV', 'AQA', 'AOF', 'ALT', 'ATG', 'AGX', 'AKF']
['AEH', 'AJS', 'AOP', 'AMM', 'AIX', 'AEG', 'AAO', 'AKS', 'ALP', 'AGS', 'AIJ', 'AGO', 'ATO', 'APL', 'AQL', 'ADM', 'AOO', 'ATM']
['AQG', 'ARH', 'ALL', 'ASE', 'AIW', 'ADD', 'ADI', 'ARM', 'AOM', 'ARE', 'ACH', 'AEM', 'ATY', 'AQQ', 'ALG', 'AEK']
['ACK', 'ABA', 'AEB', 'AKU', 'AHR', 'AQS', 'AKN', 'AQT', 'AKC', 'ASC', 'ASS', 'AQB', 'ALI', 'ATN', 'ABC', 'ACV', 'AQN', 'APD']
['AHM', 'AMX', 'AAA', 'ACG', 'AAX', 'ARD', 'ATE', 'AFH', 'ACM', 'AHP', 'AOL', 'AQW', 'AJO', 'AKW', 'ABB', 'AJD', 'AKJ']
['ACE', 'AOX', 'AIY', 'AJQ', 'APE', 'AEU', 'ATR']
['AHJ', 'ALA', 'ANN', 'AMK', 'ADK', 'ASA']
['AHL', 'AIM', 'ACJ', 'ATH', 'AMN', 'ART', 'ADB', 'AJM', 'AJP', 'AOA', 'ARK', 'AKX', 'AAB', 'AMS', 'AGI', 'AAN', 'ANW', 'AAV']
['ADV', 'AIA', 'AFA', 'ADJ', 'ATB']
['AIC', 'ASK', 'ADQ', 'AOG', 'ASV', 'AML', 'AHU', 'AHF', 'AEN', 'AFV', 'AQM', 'ACL', 'ADC', 'ANX', 'AKH', 'AIL', 'AIG', 'AHY']
['AQV', 'ABY', 'ASB', 'ANR', 'AJF']
['AEA', 'AEE', 'AKT', 'AGL', 'AKP', 'AGG', 'AHE', 'ADN', 'ARN', 'AGF', 'ACP', 'ALJ', 'AJB', 'AEJ', 'AQE', 'ASR', 'AGQ']
['AHX', 'AIS', 'AEO', 'ABT', 'ATJ', 'AFD']
['AEI', 'AFM', 'ABO', 'AMD', 'AQX']
['AKG', 'ADS', 'ARL', 'AKD', 'ANV', 'AHH', 'AQC', 'ALR', 'AOY', 'AHA', 'AQO', 'ACB', 'AIB', 'AIR', 'AEC', 'ATW', 'AIU', 'APH']
['ANT', 'ASF', 'AFL', 'AMR', 'ACY']
['ARW', 'AGD', 'AHQ', 'AHN', 'ANQ', 'AFC', 'ADP', 'AQD', 'ABV', 'AJJ', 'ANP', 'AHW', 'AMT', 'ANH', 'ATP', 'AJX', 'ARB', 'ACT']
['AJA', 'APU', 'APO', 'AKA', 'AGE', 'AJY', 'AAU', 'AGW', 'AIN', 'AFU', 'AFQ', 'ARC', 'AIH', 'ALK', 'AJV', 'ACO', 'AEP']
['AIO', 'AOU', 'AHV', 'AED', 'ALE', 'AFX', 'ALX', 'ABE', 'AIF', 'AMU', 'AMJ', 'AJI', 'ARO', 'AME', 'AHD', 'ARS', 'ABW', 'ALO']
['AFT', 'ATX', 'AQU', 'AQK']
['ALV', 'AHI', 'AOH', 'ATA', 'AJW', 'ALW', 'ARG', 'AOK', 'AFE', 'ABF']
['APK', 'ATT', 'ALD', 'AEY', 'ANB', 'AAP']
['AMF', 'APS', 'ACW', 'AOR', 'AAH', 'ACQ']
['ABJ', 'AAF']
['AQJ', 'AOI', 'ADX', 'AFY', 'APM', 'ADG', 'ACR', 'AJL', 'ATC', 'ACU', 'AGT', 'AHB', 'AFW', 'AJN', 'ABP', 'AFB', 'AQP', 'ARR']
['ARV', 'AQF', 'ACX']
['AJC', 'ANO', 'AIQ', 'AKI', 'ANJ', 'AJK', 'AAS', 'AAR', 'ABX', 'ASD', 'AOS', 'ARQ', 'ASX', 'AAW', 'AKO', 'ACD', 'ACF', 'AJR']
['ADE', 'AEW', 'AGY', 'AOQ']
['APC', 'AAD', 'AEQ', 'ATL', 'APN', 'ABD']
['AAC', 'APT', 'AMI', 'ABK']
['AGK', 'ALB', 'AFI', 'ASY', 'ANA', 'AAE', 'ALH', 'ASU', 'ARA', 'ADU', 'ALC', 'AMC', 'ACC', 'AAJ', 'AAM', 'ADY', 'AKY', 'ASQ']
