['487', '485', '488', '482', '480', '481', '486', '492', '496', '476', '500', '489', '479', '493', '494', '477', '435', '478']
['420', '414', '398', '380', '381', '384', '410', '403', '396', '386', '394', '407', '419', '393', '413', '54', '399', '402', '392', '425']
['328', '331', '346', '371', '369', '339', '345', '362', '347', '350', '351', '353', '352', '348', '373', '329', '326', '349', '330', '341', '354', '344', '361', '368', '355', '336', '342', '358', '360', '327']
['404', '422', '423', '6', '378', '471', '400', '401', '389', '385']
['269', '238', '243', '242', '265', '440', '230', '270', '21', '245', '249', '233', '246', '275', '227', '232', '250', '236', '234', '253', '248', '257']
['11', '28', '69', '17', '40', '56', '43', '44', '9', '58', '22', '1', '2', '23', '41', '71', '39', '15', '32', '38', '49', '53', '65', '52', '19', '66', '57', '73', '35', '51']
['133', '77', '134', '78', '141', '84', '102', '76', '135', '101', '323', '116', '145', '430', '99', '87', '108', '81', '125', '143', '128', '491', '117', '132', '82', '114', '136', '140', '94', '115']
['241', '308', '266', '244', '466', '259', '228', '255', '252', '262', '264', '268', '267', '289', '258', '254', '231', '271', '261', '240', '229', '256', '20']
['129', '96', '112', '85', '13', '119', '92', '146', '150', '110', '107', '79', '147', '144', '124', '80', '137', '106', '148', '118', '105']
['436', '433', '450', '434', '437', '427', '445', '432', '74', '25', '444', '426', '428', '438', '446', '429', '431']
['470', '474', '461', '457', '472', '465', '456', '453', '460', '468', '473', '458', '464', '469', '452', '462', '463']
['177', '222', '206', '182', '203', '153', '215', '205', '200', '160', '195', '219', '196', '171', '176', '192', '188', '181', '202', '221', '169', '152', '208', '184', '156', '161', '151', '207', '185', '159']
['441', '194', '36', '175', '190', '191', '204', '157', '186', '178', '439', '170', '224', '220', '179', '210', '162', '223', '164', '443', '183', '211', '168', '225', '172', '193', '197', '218', '165']
['357', '338', '363', '372', '370', '59', '356', '337', '364', '333', '375', '359', '340', '365', '334', '335', '332', '374', '367', '366']
['320', '277', '285', '282', '287', '302', '297', '276', '294', '301', '314', '291', '283', '310', '306', '311', '286', '305', '316', '292', '319', '278', '300', '322', '325', '304', '315', '312', '293', '281']
['409', '408', '387', '448', '467', '391', '418', '416', '421', '397', '14', '415', '388', '382', '75', '406', '424']
['214', '155', '154', '213', '199', '217', '187', '216', '198', '209', '212', '189', '201', '167', '166', '263', '163', '174', '180', '173', '158']
['95', '149', '97', '122', '131', '93', '98', '67', '103', '120', '260', '90', '139', '142']
['313', '324', '290', '321', '284', '303', '309', '299', '296', '442', '295', '318', '454', '475', '288', '317', '279', '307', '280', '4']
['298', '274', '235', '237', '272', '376', '251', '247', '226', '239', '273']
['30', '343', '109', '100', '126', '111', '451', '86', '127', '130', '123']
['91', '83', '104', '449', '113', '121', '88', '89', '138']
['5', '37', '24', '33', '27', '3', '45', '42', '55', '64', '31', '12', '63', '70', '10', '7', '26', '72', '50', '46', '62', '61', '34', '29', '8', '47', '68', '48', '60', '18']
['379', '405', '459', '390', '377', '383', '447', '411', '395', '417', '412']
['484', '499', '490', '497', '16', '498', '495', '455', '483']
