['Jennifer', 'Adam', 'Eugenia', 'Nancy', 'Quintin', 'Rosie', 'Annette', 'Juanita', 'Toni', 'Joanne', 'Will', 'Gary', 'Rick', 'Ashley', 'Kristine', 'Jacque', 'Cheryl', 'Roosevelt', 'Jane', 'Gladys', 'Antonio', 'Clayton', 'Evelyn', 'Wayne', 'Mario', 'Jeanine', 'Laurence', 'Gwen', 'Judy', 'Barbara', 'Rebecca', 'Derek', 'Tim', 'Rolf', 'Paula', 'Therese', 'Reuben', 'Sherri', 'Linda', 'Hugh', 'Debra', 'Stephany', 'Joni', 'Rafael', 'Bertha', 'Chris', 'Leigh', 'Rosa', 'Randolph', 'Larry', 'Dana', 'Alvin', 'Kerrie', 'Mike', 'Lucille', 'Troy', 'Crystal', 'Norman', 'Stephen', 'Josephine', 'Catherine', 'Tuan', 'Harvey', 'Steve', 'Deborah', 'Lloyd', 'Wilson', 'Cindy', 'Peter', 'Ursula', 'Patrick', 'Eric', 'Belinda', 'Elizabeth', 'Gerardo', 'Leticia', 'Raphael', 'Reginald', 'Roberta', 'Travis', 'Christine', 'Mark', 'Melanie', 'Janene', 'Berta', 'Mildred', 'Leanne', 'Ruth', 'Ellis', 'Hedwig', 'Walter', 'Roberto', 'Lana', 'Alexander', 'Amy', 'Sylvester', 'Clarissa', 'Fredda', 'Eura', 'Katherine', 'Arturo', 'Virginia', 'Dean', 'Kerri', 'Samuel', 'Nina', 'Mabel', 'Thelma', 'Lessie', 'Andres', 'Gerald', 'Darlene', 'Jason', 'Frederick', 'Justin', 'Jeffery', 'Marco', 'Christina', 'Elsie', 'Carole', 'Margarito', 'Andre', 'Natalie', 'Krysten', 'Glennie']
['Ralph', 'Jimmy', 'Jodi', 'Robert', 'Gail', 'Teresa', 'Lahoma', 'Lynne', 'Calvin', 'Dorothy', 'Brian', 'Michael', 'Lena', 'Corey', 'Tara', 'Francisco', 'Del', 'Thomas', 'Jessica', 'Richard', 'Donald', 'Ollie', 'Edward', 'Alicia', 'Nola', 'Laura', 'Jeremy', 'Ruby', 'Joseph', 'Winifred', 'Albert', 'Tamika', 'Jean', 'Christian', 'Ryan', 'Ingeborg', 'Karen', 'Marlin', 'Pamella', 'Cassie', 'Georgette', 'Nicole', 'Timothy', 'Rhonda', 'Wallace', 'Theresa', 'April', 'Kenneth', 'Margaret', 'Constance', 'Emmie', 'Sam', 'Michelle', 'Pete', 'Craig', 'Charlotte', 'Susan', 'Matthew', 'Wanda', 'Bradley', 'Myron', 'Ronald', 'Shannon', 'Lucy', 'Bonnie', 'Kellie', 'Emily', 'Martin', 'Ivonne', 'Norma', 'Sofia', 'Dale', 'Jesse', 'Eva', 'Michele', 'Kisha', 'Amos', 'Tommy', 'Maria', 'Roger', 'Marlene', 'Phyllis', 'Betty', 'Lulu', 'Jeffrey', 'Priscilla', 'Marcella', 'Sarita', 'Cassandra', 'Mack', 'Patricia', 'Lorraine', 'Harold', 'Edwin', 'Kaitlyn', 'Jorge', 'Adele', 'Cecilia', 'Ray', 'Miles', 'Kimberly', 'William', 'Kathryn', 'James', 'Beverly', 'Marquerite', 'Raeann', 'Kim', 'Daniel', 'Ricky', 'Derrick', 'Morris', 'Annalee', 'Connie', 'Steven', 'Paul', 'Donna', 'Clyde', 'Douglas', 'Jose', 'Judith', 'Roy', 'Tracy', 'Pat', 'Gregory']
['Sally', 'Lawrence', 'Laurie', 'Curtis', 'Vella', 'Karren', 'Janet', 'Lonnie', 'Dennis', 'Erik', 'Robyn', 'Jonathan', 'Freda', 'Carmelita', 'Heather', 'Raymond', 'Eugene', 'Rosalyn', 'Bernard', 'Don', 'Veronica', 'Juan', 'Keri', 'Domingo', 'Bessie', 'Ronda', 'Wilma', 'Dorothea', 'Lillian', 'Pauline', 'Helen', 'Irene', 'Monica', 'Warren', 'Fredrick', 'Lilian', 'Marian', 'Diana', 'Guy', 'Peggy', 'Victor', 'Clarence', 'Everett', 'Eleanor', 'Lane', 'Reinaldo', 'Doris', 'Wendy', 'Glenna', 'Brandon', 'Andrew', 'Stephanie', 'Mireya', 'Grant', 'Esther', 'Irving', 'Cathy']
['Jayme', 'Alice', 'Alfred', 'Marjorie', 'Ernest', 'Cory', 'Shirley', 'Ann', 'Kevin', 'Burl', 'Ouida', 'Nelson', 'Mae', 'Suzie', 'Marilyn', 'Dawn']
['David', 'Gordon', 'Molly', 'Lewis', 'Tony', 'Alex', 'Anthony', 'Margert', 'Stacie', 'Cornelius']
['Geraldine', 'George', 'Pamela', 'Willie', 'Ellen']
['Theodore', 'Kristin']
['Jacob', 'Darrell']
['Sheryl']
['Joann', 'Martha']
['Kelly']
['Kylie']
['Susanna']
['Tanya']
['Beulah']
['Kirk']
['John']
['Joe']
['Dawna']
['Angela']
['Emery']
['Joshua']
['Danny']
['Louis']
['Jeff']
['Alison']
['Booker']
['Gilda']
['Elia']
['Jo']
['Frank']
['Philip']
['Phillip']
['Brenda']
['Beth']
['Raul']
['Seth']
['Polly']
['Andrea']
['Blair']
['Cecile']
['Olivia']
['Melissa']
['Miguel']
['Bobby']
['Christopher']
['Robin']
['Wesley']
['Cesar']
['Willis']
['Viola']
['Myriam']
['Anna']
['Deanna']
['Caridad']
['Gertrude']
['Winnifred']
['Bethany']
['Lori']
['Fred']
['Morgan']
['Carlos']
['Ana']
['Imogene']
['Lisha']
['Charles']
['Mary']
['Terry']
['Carmen']
['Selina']
['Carl']
['Angelica']
['Glen']
['Garrett']
['Latisha']
['Sylvia']
['Scot']
['Lydia']
['Marion']
['Maureen']
['Maryann']
['Ernestine']
['Inez']
['Carol']
['Mable']
['Rosalee']
['Stacy']
['Ward']
['Herbert']
['Ida']
['Jesus']
['Kathleen']
['Moses']
['Stanley']
['Selma']
['Marcelino']
['Matt']
['Lucie']
['Rachel']
['Marie']
['Leona']
['Danielle']
['Reggie']
['Pablo']
['Sharon']
['Gloria']
['Bruce']
['Lyle']
['Audrey']
['Fernando']
['Loraine']
