['106', '132', '237', '16', '107', '144', '86', '77']
['205', '303', '19', '281', '110', '207', '397', '339', '157']
['372', '63', '156', '161', '377', '133']
['153', '158', '333', '367']
['301', '308', '293', '83', '373', '180', '170', '215', '71', '18']
['64', '336', '270', '150', '57', '167', '248', '195']
['178', '91', '175', '2', '218', '47', '242', '257', '279', '118']
['313', '168', '315', '291', '340', '89', '196']
['5', '259', '28', '108', '269', '176', '6', '234', '116', '345', '263']
['368', '211', '363', '61', '34', '364', '54', '113', '40', '185']
['278', '243', '188', '103']
['264', '36', '272', '130', '30']
['182', '224', '121', '255', '361']
['177', '324', '241', '375', '319', '221', '286', '43', '362', '99']
['344', '277', '287', '323', '163', '191']
['162', '166', '27', '48', '310', '240']
['179', '190', '292', '37', '136']
['326', '383', '223', '330', '395', '399', '41', '354', '332']
['201', '114', '288', '317', '111', '0']
['217', '267', '66', '75', '145', '44']
['338', '320', '12', '342', '295', '134', '388', '186']
['84', '22', '85', '81', '93', '307']
['353', '328', '331', '244', '245', '169']
['24', '376', '147']
['208', '59', '296', '394', '90', '171']
['139', '226', '341', '381']
['29', '349', '251', '204', '142', '39']
['380', '228', '390', '198', '253', '327', '369', '325', '183']
['387', '311', '197', '143', '194']
['282', '351', '227', '104']
['154', '236', '233', '265', '200', '273']
['78', '129']
['52', '76', '69']
['304']
['210', '379', '31']
['49', '206', '97', '131', '70', '254']
['366', '299', '96', '33']
['329', '60', '202', '80']
['67', '10']
['268']
['87', '45', '386']
['101', '1', '164']
['138']
['374', '94', '302']
['117', '398', '219', '370', '125']
['187', '8', '181', '393', '174', '280']
['65', '3', '297', '382', '105']
['214', '184']
['173', '309', '216']
['13', '337', '209', '385']
['58', '298', '14', '4']
['172', '391', '123']
['155', '35', '115', '146']
['152', '276']
['356']
['137', '289']
['11']
['9', '318', '213']
['127', '229', '112']
['314', '305', '231', '128']
['73', '294', '7', '72', '266']
['389']
['62', '56', '50']
['235', '74', '98', '358', '25', '371', '262']
['203', '360', '149', '322', '126']
['122', '348', '79']
['321', '334', '250', '274']
['15', '275', '53']
['378', '95', '140']
['135']
['300', '392']
['124']
['232', '284', '212', '359', '51', '165']
['260', '222', '312', '230']
['192', '225', '256']
['246', '365']
['38']
['199']
['220', '193', '32', '141']
['159', '335']
['283']
['357', '151', '285']
['306', '346']
['42']
['148', '258']
['352', '17', '160']
['21']
['396']
['88', '316', '238']
['26', '343']
['92', '290']
['350', '261', '55', '120', '100']
['355', '102', '109']
['249']
['384']
['271', '239', '23']
['82']
['247', '347', '46']
['119', '252', '20', '68']
['189']
