['node161', 'node132', 'node129', 'node130', 'node135', 'node133', 'node126', 'node136', 'node127', 'node75', 'node137', 'node139', 'node131', 'node382', 'node20']
['node227', 'node230', 'node225', 'node232', 'node345', 'node5', 'node80', 'node235', 'node224', 'node236', 'node226', 'node411', 'node237', 'node104', 'node321']
['node58', 'node417', 'node67', 'node252', 'node68', 'node61', 'node69', 'node59', 'node62', 'node64', 'node57', 'node65', 'node60', 'node198', 'node63']
['node331', 'node242', 'node332', 'node326', 'node328', 'node333', 'node323', 'node324', 'node334', 'node325', 'node327', 'node335', 'node330', 'node329', 'node322']
['node48', 'node54', 'node42', 'node46', 'node44', 'node50', 'node49', 'node45', 'node47', 'node55', 'node53', 'node43', 'node375', 'node51', 'node70']
['node293', 'node16', 'node25', 'node15', 'node17', 'node21', 'node317', 'node4', 'node26', 'node27', 'node22', 'node23', 'node24', 'node19', 'node18']
['node184', 'node194', 'node298', 'node191', 'node193', 'node186', 'node187', 'node188', 'node190', 'node182', 'node189', 'node195', 'node185', 'node183', 'node266']
['node218', 'node13', 'node2', 'node9', 'node1', 'node148', 'node6', 'node175', 'node337', 'node11', 'node12', 'node3', 'node7', 'node8', 'node10']
['node405', 'node403', 'node89', 'node398', 'node391', 'node192', 'node404', 'node418', 'node162', 'node393', 'node353', 'node392', 'node400', 'node256', 'node346']
['node35', 'node150', 'node152', 'node151', 'node144', 'node153', 'node143', 'node394', 'node149', 'node146', 'node103', 'node312', 'node140', 'node145', 'node141']
['node255', 'node253', 'node259', 'node264', 'node385', 'node381', 'node265', 'node257', 'node261', 'node254', 'node414', 'node260', 'node262', 'node269', 'node263']
['node258', 'node90', 'node245', 'node250', 'node205']
['node401', 'node357', 'node217', 'node363', 'node362', 'node350', 'node354', 'node416', 'node38', 'node360', 'node352', 'node359', 'node351', 'node358', 'node356']
['node320', 'node415', 'node223', 'node315', 'node309', 'node318', 'node310', 'node319', 'node311', 'node313', 'node157', 'node314', 'node177', 'node308', 'node316']
['node96', 'node297', 'node307', 'node302', 'node294', 'node296', 'node301', 'node295', 'node299', 'node304', 'node306', 'node300', 'node303', 'node305', 'node407']
['node122', 'node117', 'node123', 'node125', 'node174', 'node124', 'node119', 'node115', 'node116', 'node121', 'node114', 'node274', 'node113', 'node112', 'node420']
['node278', 'node241', 'node243', 'node106', 'node66', 'node229', 'node386', 'node244', 'node239', 'node247', 'node246', 'node240', 'node248', 'node251', 'node238']
['node158', 'node364', 'node30', 'node39', 'node34', 'node29', 'node37', 'node41', 'node31', 'node36', 'node173', 'node32', 'node28', 'node33', 'node380']
['node271', 'node109', 'node355', 'node410', 'node419', 'node408', 'node409', 'node406', 'node413', 'node228', 'node270', 'node142', 'node167']
['node396', 'node397', 'node120', 'node156', 'node372', 'node118']
['node92', 'node88', 'node172', 'node85', 'node86', 'node91', 'node97', 'node87', 'node94', 'node402', 'node366', 'node84', 'node93', 'node95', 'node171']
['node290', 'node285', 'node282', 'node291', 'node289', 'node287', 'node283', 'node286', 'node154', 'node52', 'node281', 'node284', 'node292', 'node288', 'node280']
['node371', 'node370', 'node373', 'node374', 'node395', 'node367', 'node347', 'node365', 'node383', 'node412', 'node369', 'node376', 'node377', 'node164', 'node368']
['node378', 'node387', 'node384', 'node14', 'node389', 'node361', 'node388', 'node166', 'node234', 'node390']
['node340', 'node343', 'node399', 'node138', 'node338', 'node348', 'node342', 'node339', 'node344', 'node349', 'node216', 'node273', 'node336', 'node341', 'node40']
['node201', 'node203', 'node197', 'node73', 'node272', 'node202', 'node208', 'node196', 'node249', 'node207', 'node209', 'node204', 'node206', 'node200', 'node199']
['node180', 'node178', 'node176', 'node170', 'node179', 'node168', 'node128', 'node181', 'node159', 'node169', 'node160', 'node147', 'node99']
['node107', 'node108', 'node101', 'node267', 'node163', 'node276', 'node268', 'node98', 'node105', 'node110', 'node379', 'node100', 'node111', 'node56', 'node102']
['node134', 'node74', 'node279', 'node231']
['node233', 'node78', 'node81', 'node76', 'node79', 'node165', 'node72', 'node77', 'node82', 'node83', 'node71']
['node215', 'node212', 'node210', 'node221', 'node214', 'node211', 'node222', 'node213', 'node220', 'node219', 'node155', 'node275', 'node277']
