['222', '206', '24', '13', '265', '191', '186', '347', '1', '428', '452', '311', '372', '202', '164', '278', '426', '246', '261', '424', '232', '380', '199', '149', '312', '66', '395', '114', '35', '263']
['129', '405', '16', '266', '440', '123', '22', '350', '3', '381', '453', '407', '163', '469', '335', '148', '252', '298', '32', '326', '143', '26', '454', '130', '183', '344', '132', '250', '236', '60']
['338', '269', '434', '190', '103', '153', '43', '478', '431', '404', '101', '323', '464', '388', '137', '316', '108', '233', '100', '121', '325', '275', '49', '315', '29', '52', '421', '359', '140', '412']
['321', '243', '86', '173', '215', '433', '135', '472', '314', '272', '291', '23', '245', '90', '429', '324', '220', '445', '299', '354', '211', '62', '442', '229', '386', '295', '73', '318', '360', '77']
['357', '277', '241', '166', '287', '238', '297', '27', '475', '389', '351', '102', '147', '99', '268', '192', '223', '221', '10', '254', '382', '127', '117', '304', '184', '152', '336', '296', '253', '159']
['328', '441', '282', '308', '17', '146', '40', '79', '276', '120', '9', '160', '283', '307', '145', '462', '15', '81', '356', '125', '181', '70', '402', '463', '240', '46', '34', '151', '209', '80']
['285', '290', '242', '244', '345', '157', '362', '363', '457', '228', '189', '201', '255', '144', '4', '38', '198', '319', '138', '239', '303', '82', '74', '124', '107', '68', '180', '48', '139', '18']
['154', '28', '69', '410', '375', '91', '423', '466', '366', '58', '439', '460', '333', '473', '116', '89', '171', '64', '95', '59', '437', '249', '67', '7', '322', '168', '225', '476', '185', '0']
['133', '302', '477', '203', '417', '294', '178', '467', '422', '21', '374', '87', '292', '83', '128', '317', '401', '449', '425', '214', '227', '208', '61', '355', '53', '8', '150', '248', '367', '126']
['414', '370', '194', '377', '36', '416', '331', '385', '141', '235', '413', '122', '447', '456', '400', '286', '264', '450', '179', '349', '110', '92', '470', '161', '383', '256', '365', '14', '392', '105']
['11', '54', '33', '25', '458', '88', '174', '398', '352', '109', '411', '468', '226', '397', '305', '219', '280', '289', '258', '118', '156', '197', '427', '384', '65', '281', '358', '200', '111', '327']
['320', '177', '37', '257', '346', '96', '387', '348', '373', '42', '41', '436', '213', '30', '408', '63', '210', '396', '6', '113', '334', '341', '279', '300', '50', '97', '193', '364', '207', '136']
['98', '56', '353', '237', '376', '45', '106', '260', '224', '343', '330', '393', '251', '72', '379', '172', '465', '85', '19', '391', '378', '75', '51', '94']
['155', '461', '284', '390', '131', '418', '340', '444', '455', '310', '142', '78', '115', '39']
['313', '259', '474', '76', '182', '337', '306', '309', '479', '234', '247', '443', '369', '170', '446', '406', '169', '271', '430', '44', '361']
['420', '5', '12', '119', '175', '93', '432', '339', '57', '399', '195', '158', '230']
['31', '274', '187', '2', '218', '415', '231', '288', '435', '71']
['205', '459', '162', '342', '167', '438', '165', '451', '20', '55', '196']
['176', '267', '270', '47', '204', '329']
['368', '217', '301', '448', '394', '212', '262']
['104', '419', '409']
['84', '112', '403', '293', '134', '371', '471']
['216', '188', '332']
['273']
