['182', '204', '44', '353', '301', '135', '237', '447', '260', '148', '305', '4', '99', '39', '396', '223', '143', '233', '497', '393', '113', '334', '382', '72', '332', '304', '156', '34', '465', '161', '384', '229', '395', '200', '94']
['328', '37', '69', '405', '375', '302', '146', '27', '153', '173', '141', '474', '144', '137', '324', '326', '187', '38', '164', '121', '449', '354', '168', '208', '97', '355', '172', '197', '85', '250', '342', '150', '340', '20', '360']
['177', '482', '5', '290', '321', '489', '478', '102', '457', '422', '291', '468', '495', '255', '450', '408', '492', '202', '426', '7', '26', '494', '322', '425', '214', '62', '481', '390', '209', '386', '74', '498', '114', '455', '80']
['222', '206', '241', '11', '377', '403', '496', '98', '40', '346', '186', '84', '228', '235', '45', '400', '71', '87', '289', '445', '67', '271', '300', '344', '379', '227', '232', '151', '296', '52', '19', '253', '185', '365', '218']
['154', '461', '194', '308', '93', '287', '191', '215', '417', '347', '366', '404', '270', '419', '189', '373', '106', '145', '280', '264', '192', '167', '251', '246', '435', '46', '117', '225', '193', '29', '256', '418', '378', '165', '446']
['414', '441', '133', '175', '103', '265', '259', '387', '352', '323', '109', '283', '397', '388', '469', '451', '316', '262', '31', '176', '268', '131', '399', '254', '406', '239', '303', '383', '391', '73', '318', '107', '14', '0', '392']
['338', '434', '410', '24', '33', '238', '247', '266', '243', '244', '369', '174', '43', '466', '230', '420', '123', '216', '456', '479', '21', '116', '226', '23', '286', '429', '448', '81', '470', '217', '248', '207', '57', '60', '18']
['13', '16', '212', '25', '444', '438', '345', '157', '362', '274', '453', '460', '407', '201', '163', '428', '195', '213', '298', '63', '267', '437', '188', '181', '221', '10', '169', '240', '480', '427', '234', '421', '136', '263', '77']
['91', '79', '56', '477', '440', '431', '485', '122', '348', '376', '473', '90', '42', '462', '89', '436', '112', '432', '330', '278', '92', '118', '49', '152', '442', '315', '65', '364', '394', '281', '124', '68', '180', '140', '139']
['357', '28', '36', '54', '423', '242', '389', '78', '385', '9', '433', '381', '284', '170', '310', '307', '329', '219', '430', '356', '162', '349', '128', '231', '317', '158', '183', '50', '273', '361', '380', '199', '293', '75', '159']
['269', '166', '331', '297', '371', '288', '58', '3', '96', '76', '314', '413', '411', '2', '335', '374', '224', '252', '483', '64', '95', '32', '108', '343', '110', '70', '491', '341', '402', '325', '484', '82', '476', '359', '35']
['320', '129', '309', '17', '134', '190', '475', '86', '487', '22', '398', '486', '119', '1', '126', '41', '147', '196', '125', '83', '319', '454', '127', '130', '138', '155', '149', '132', '8', '104', '295', '142', '115', '412', '105']
['277', '282', '337', '257', '416', '276', '120', '339', '294', '363', '205', '101', '459', '333', '160', '464', '452', '220', '249', '198', '299', '424', '488', '184', '336', '312', '358', '47', '51', '111', '327']
['368', '351', '372', '292', '370', '178', '53', '472', '306', '467', '490', '236', '258', '443', '493', '88', '458', '203', '463', '275', '471']
['313', '211', '350', '285', '15', '179', '210', '245', '279', '367']
['499', '12', '30', '100', '66', '48', '261']
['272', '439', '59', '6']
['171', '311', '55', '61']
['415', '409']
['401']
