['177', '3', '28', '97', '59', '194', '35', '203', '43', '118']
['208', '149', '24', '192', '202', '18', '165', '145', '158', '105']
['81', '188', '17', '2', '167', '100', '25', '124', '231', '195']
['64', '205', '129', '182', '101', '110', '221', '88', '226', '147']
['49', '154', '15', '183', '69', '6', '134', '163', '115', '123']
['225', '139', '216', '53', '33', '218', '191', '204', '246', '77']
['11', '235', '29', '198', '91', '1', '207', '103', '215', '72']
['214', '213', '31', '96', '181', '113', '121', '67', '107', '240']
['93', '175', '52', '233', '116', '14', '10', '170', '4', '39']
['9', '199', '172', '209', '16', '137', '190', '42', '106', '141']
['168', '161', '34', '38', '82', '74', '54', '57', '244', '245']
['232', '228', '133', '83', '164', '66', '109', '41', '127', '196']
['32', '220', '135', '112', '162', '125', '236', '7', '75', '138']
['58', '87', '222', '211', '102', '36', '237', '201', '56', '186']
['187', '85', '13', '8', '19', '146', '70', '144', '171', '46']
['22', '176', '76', '63', '65', '132', '128', '180', '148', '89']
['95', '62', '61', '248', '247', '114', '40', '47', '136', '44']
['227', '249', '223', '160', '21', '79', '111', '169', '92', '126']
['152', '156', '30', '151', '131', '189', '238', '68', '60', '55']
['117', '37', '178', '210', '122', '229', '73', '26', '51', '142']
['155', '84', '5', '241', '179', '119', '143', '48', '242', '0']
['157', '200', '104', '27', '80', '90', '20', '50']
['206', '212', '174', '120', '159', '224', '130', '239', '71']
['12', '166', '150', '234', '185', '23', '173', '78', '219', '99']
['184', '243']
['98', '45', '217']
['193', '86', '94']
['140', '108', '230']
['197']
['153']
