['313', '304', '317', '315', '303', '312', '309', '308', '314', '319', '198', '207', '318', '35', '310', '306', '311', '307', '305', '316']
['58', '49', '46', '42', '53', '52', '54', '57', '40', '47', '358', '45', '48', '56', '51', '41', '44', '43', '55', '50']
['433', '425', '434', '437', '427', '424', '422', '423', '432', '131', '421', '27', '426', '428', '431', '435', '430', '429', '436']
['211', '214', '225', '222', '227', '220', '213', '216', '210', '217', '215', '209', '223', '212', '228', '355', '221', '218', '224', '219']
['28', '176', '441', '442', '197', '29', '445', '439', '202', '443', '444', '438', '23', '203', '440', '446']
['226', '341']
['450', '457', '461', '448', '459', '456', '453', '447', '460', '302', '452', '458', '455', '464', '346', '454', '451', '462', '463', '449']
['155', '154', '152', '156', '161', '151', '162', '24', '157', '160', '150', '146', '163', '144', '145', '159', '153', '148', '158', '147']
['379', '372', '380', '381', '13', '377', '375', '376', '378', '373', '382', '374', '204', '196']
['9', '11', '3', '5', '15', '12', '8', '17', '1', '19', '2', '6', '330', '16', '14', '7', '10', '0', '4', '18']
['184', '208', '347', '30', '187', '182', '192', '193', '194', '188', '181', '189', '185', '340', '190', '180', '191', '186', '183']
['350', '129', '132', '122', '125', '133', '128', '124', '126', '121', '134', '345', '127', '130', '123']
['285', '294', '292', '298', '301', '290', '289', '284', '296', '293', '299', '287', '283', '295', '297', '291', '201', '288', '286', '300']
['206', '259', '245', '249', '250', '256', '253', '248', '258', '251', '243', '254', '247', '244', '257', '260', '246', '261', '252', '262']
['420', '414', '357', '404', '408', '405', '410', '413', '403', '409', '419', '418', '411', '416', '407', '415', '406', '402', '417', '412']
['177', '168', '178', '343', '179', '172', '166', '175', '164', '33', '167', '174', '170', '173', '169', '171']
['117', '205', '112', '108', '106', '119', '109', '110', '113', '104', '107', '116', '114', '103', '120', '118', '200', '111', '115', '105']
['165', '31', '38', '26', '195']
['149']
['488', '95', '102', '96', '97', '101', '93', '91', '98', '36', '100', '349', '88', '90', '94', '92', '89', '99']
['64', '62', '353', '32', '59', '69', '61', '65', '63', '352', '66', '67', '68', '60']
['398', '387', '401', '390', '396', '383', '386', '391', '394', '395', '393', '397', '399', '388', '384', '255', '389', '400', '392', '385']
['487', '485', '37', '486', '492', '490', '489', '495', '491', '493', '494', '354']
['368', '363', '370', '364', '366', '365', '371', '369', '360', '367', '362', '361']
['344', '22', '232', '241', '199', '235', '237', '229', '236', '233', '234', '238', '21', '231', '242', '20', '239', '240', '230']
['87', '84', '76', '85', '81', '356', '348', '82', '74', '83', '70', '73', '79', '72', '75', '80', '86', '78', '77', '71']
['264', '277', '269', '274', '267', '282', '268', '270', '272', '281', '266', '278', '276', '265', '279', '263', '271', '280', '275', '273']
['351', '140', '135', '34', '39', '143', '342', '25', '136', '137', '139', '142', '138', '141']
['338', '320', '324', '326', '328', '336', '337', '321', '333', '323', '359', '331', '334', '325', '327', '335', '339', '329', '322', '332']
['482', '474', '481', '478', '484', '472', '483', '465', '467', '480', '470', '476', '479', '468', '473', '475', '469', '477', '466', '471']
