['Alfred', 'June', 'Xuan', 'Taneka', 'Naomi', 'Charmaine']
['Darnell', 'Logan', 'Doyle', 'Mariette', 'Laticia', 'Lasonya', 'Princess', 'Son', 'Hilario']
['Orval', 'Sharla', 'Jesus', 'Margart', 'Rachael', 'Florinda', 'Audie', 'Kay', 'Dewayne', 'Hortense', 'Nadia', 'Enola', 'Kareem']
['Shavon', 'Theo', 'Lauren', 'Artie', 'Sharan', 'Jay', 'Savanna', 'Pearlie', 'Imogene', 'Beverley', 'Edmond', 'Junior', 'Kristopher', 'Piedad', 'Lola', 'Hillary', 'Nathalie', 'Annabel', 'Jan', 'Gerardo', 'Clarissa']
['Joelle', 'Alane', 'Kris', 'Kendall', 'Leontine', 'Felix', 'Esperanza', 'Glenda', 'Leila', 'Jeffrey']
['Renetta', 'Renea', 'Lizabeth', 'Johnny', 'Tammi', 'Sharilyn']
['Houston', 'Vivien', 'Danita', 'Jefferey', 'Kim', 'Dusti', 'Clyde', 'Tamala', 'Mariano', 'Clarice', 'Joan', 'Dion', 'Jeanette', 'Tanisha', 'Rachel']
['Xavier', 'Rima', 'Louella', 'Garret', 'Marci', 'Juliet', 'Jade', 'Clarence', 'Bonnie']
['Elvie', 'Jeremy', 'Vincenzo', 'Eve', 'Dora', 'Tai', 'Loura', 'In']
['Claudie', 'Kyung', 'Ambrose', 'Isabel', 'Mariah', 'Loria', 'Alvera', 'Jama']
['Jina', 'Shelton', 'Brendon', 'Heide', 'Pa', 'Latia', 'Clara', 'An', 'Camelia', 'Aaron', 'Almeta']
['Hiroko', 'Alexandra', 'Lyndon', 'Kitty', 'Elliott', 'Hershel', 'Hui', 'Merrill', 'Stanford', 'Ema', 'Sheldon']
['Charisse', 'Clifton', 'Vernia', 'Delmar', 'Adah', 'Refugio', 'Eloisa', 'Antonette', 'Rodrigo', 'Cortney']
['Marlo', 'Treena', 'Zoraida', 'Meagan', 'Miranda', 'Lilly', 'Lue']
['Cleotilde', 'Dong', 'Wes', 'Lisa', 'Trey', 'Grant', 'Anabel', 'Ella', 'Milissa', 'Travis', 'Randa']
['Shaun', 'Hyun', 'Frederic', 'Ron', 'Murray', 'Freddie', 'Aretha', 'Kirstin', 'Lucas', 'Jennie', 'Susan', 'Harvey']
['German', 'Michaela', 'Jami', 'Nieves', 'Tina', 'Elfrieda', 'Riley', 'Hassan', 'Carmon']
['Griselda', 'Alicia', 'Glenna', 'Chas', 'Lyn', 'Annamarie', 'Randall', 'Tyisha', 'Zena', 'Flavia', 'Vada']
['Eufemia', 'Florencio', 'Alton', 'Winford']
['Leilani', 'Ok', 'Byron', 'Cristi', 'Leonida', 'Marcella', 'Latoya', 'Lezlie', 'Carson', 'Trena', 'Tressa', 'Madison', 'Neida', 'Vernon', 'Rolando', 'Kimbra', 'Yevette', 'Tarah', 'Carolee']
['Millicent', 'Martin', 'Debora', 'Nohemi', 'Irena', 'Pinkie', 'Marquitta', 'Irma', 'Marvin', 'Alexa', 'Oscar', 'Alex', 'Oma']
['Darwin', 'Tamisha', 'Kelly', 'Lana', 'Ocie', 'Joanne', 'Eugene', 'Horace', 'Garland', 'Raul', 'Tracie', 'Jacque', 'Eustolia', 'Valorie', 'Naida', 'Chun', 'Chan', 'Kasey', 'Tiffani', 'Marquis', 'Lorelei', 'Emmanuel', 'Stanley']
['Phylis', 'Verona', 'Alethia', 'Lashay', 'Leonard', 'Elvia', 'Allena', 'Caitlyn', 'Gerard', 'Susannah', 'Rosalba']
['Angeline', 'Destiny', 'Cassie', 'Inga', 'Sharlene', 'Clinton', 'Nicole', 'Kristi', 'Oneida', 'Whitney', 'Stephani', 'Deana', 'Chang', 'Herlinda', 'Dorthea', 'Sherwood', 'Oswaldo']
['Chance', 'Elenora', 'Joye', 'Osvaldo', 'Honey', 'Helene', 'Porter', 'Angella', 'Tameika', 'Loren', 'Marcos', 'Altagracia']
['Marilynn', 'Arcelia', 'Gisela', 'Chester', 'Shonda', 'Marion', 'Antoinette', 'Reita', 'Marvis']
['Russell', 'Elena', 'Raleigh', 'Retta', 'Rita', 'Easter', 'Marcie', 'Fanny', 'Dagmar', 'Ryann', 'Selma', 'Toya']
['Hayden', 'Terry', 'Saul', 'Olevia', 'Roxane', 'Dorene', 'Odell', 'Lucia', 'Dewitt', 'Kurtis']
['Janetta', 'Lamonica', 'Darrel', 'Percy', 'Clarinda', 'Earnest', 'Deirdre', 'Nickolas', 'Sharell', 'Louise', 'Robert', 'Antonina', 'Alvin', 'Jae']
['Claretha', 'Danial', 'Kylie', 'Christiane', 'Laraine', 'Amada', 'Elicia', 'Bertha', 'Spencer', 'Rosalee']
