['4', '267', '187', '249', '413', '98', '66', '416', '346', '25', '415', '51', '280', '412']
['262', '268', '356', '439', '166', '256', '491', '316', '39']
['357', '227', '28', '290', '497', '143', '146', '27', '374', '169', '60', '71', '431']
['149', '269', '29', '449', '54', '160', '330', '276', '80', '203', '158', '347', '446']
['9', '97', '108', '376', '243', '257', '406', '20', '55']
['350', '208', '326', '352', '167', '318', '14', '341', '493', '215']
['58', '264', '324', '472', '233', '266', '121', '137', '279']
['313', '320', '49', '12', '384', '235', '445', '188', '342', '234', '21', '124', '395', '226']
['63', '61', '192', '133', '418', '401', '462']
['379', '285', '414', '168', '404', '448', '394', '202', '128', '288', '200', '44', '118']
['433', '450', '102', '59', '442', '364', '291', '253', '147', '354']
['488', '206', '304', '328', '216', '197', '162', '397', '469', '430']
['459', '308', '453', '212', '185', '278', '231', '148', '429']
['368', '277', '484', '32', '30', '81', '489', '70', '140', '362']
['155', '184', '241', '427', '456', '91', '302', '73', '329', '477', '106', '260', '92']
['321', '402', '410', '468', '100']
['359', '263', '8', '78', '69']
['112', '336', '490', '295', '40', '444', '242', '72', '385']
['270', '272', '348', '33', '113', '495', '43']
['464', '144', '239', '289']
['485', '405', '193', '309', '333', '125', '110', '399', '35']
['96', '135', '65', '377', '150', '378', '248', '443', '26', '67', '245', '46']
['11', '161', '159', '476', '254', '170', '165', '157']
['62', '470', '434', '83', '432', '48', '139', '142', '252']
['363', '355', '387', '191', '323', '283', '41', '10', '428', '90', '111', '246', '186', '18']
['465', '375', '447', '419', '349', '23', '105']
['213', '37', '24', '390', '19', '422', '119', '207', '134', '145', '360', '89', '325']
['351', '194', '85', '337', '396', '386', '1', '247', '7', '369', '244', '94', '417']
['222', '220', '381', '172', '460', '299', '327', '86', '463', '115']
['232', '129', '370', '303', '237', '131', '16', '319', '104', '340', '455', '275']
['298', '353', '499', '409', '93', '479', '475', '400', '224', '286', '77', '392', '471']
['301', '284', '17', '391', '454', '127', '305', '273']
['22', '101', '383', '201', '498', '371']
['205', '398', '176', '42', '274', '198', '281', '496', '407', '238', '358', '6', '334', '88', '458', '229', '382', '438', '317', '240', '99']
['95', '31', '282', '175', '103', '180', '136', '436']
['64', '372', '380', '223', '423', '287', '82', '373', '107', '174', '339', '307', '366']
['292', '217', '474', '467', '250', '293', '57', '389', '141']
['420', '228', '437', '210', '393', '332']
['211', '487', '182', '486', '258', '221', '114', '79', '478', '50']
['3', '156', '38', '421', '116', '494', '452', '196', '425']
['338', '294', '126', '426', '255', '153', '0', '322', '466']
['225', '457', '315', '36', '164', '473', '47', '45', '75', '265']
['480', '461', '441', '411', '2', '204', '195', '345', '311', '171']
['154', '15', '343', '34', '314', '306']
['87', '199', '178', '76', '403', '52', '181', '297', '218', '310']
['344', '84', '152', '151', '312', '367', '56', '388', '435', '138', '424', '361']
['214', '53', '408', '296', '74', '189', '173']
['117', '5', '259', '481', '13', '163', '190', '68', '120', '440']
['183', '179', '122', '236', '109', '331', '365', '271', '219', '123', '483']
['177', '482', '261', '492', '132', '209', '251', '335', '451', '300', '130', '230']
