['292', '194', '289', '69', '166', '497', '109', '281', '319', '373', '116', '190', '115', '114', '293', '43', '118']
['84', '152', '267', '151', '150', '495', '138']
['177', '154', '324', '102', '261', '176', '296', '8', '295', '406', '297', '255', '369', '106', '260', '4', '429']
['446', '480', '481', '59', '268', '101', '78', '309', '100', '248', '134', '341', '431', '219', '99']
['487', '488', '470', '380', '499', '282', '465', '489', '42', '86', '157', '186']
['87', '398', '149', '205', '172', '396', '419', '397', '469', '339', '462', '412', '141']
['414', '168', '206', '370', '290', '486', '392', '390', '272', '391', '376', '35', '415', '265', '126']
['211', '484', '210', '287', '47', '360', '466', '46']
['264', '49', '227', '442', '13', '132', '383', '181', '411', '14', '310', '345', '153', '263', '362']
['482', '404', '202', '302', '471', '121', '458', '7', '137', '483']
['222', '363', '298', '459', '85', '270', '223', '221', '191', '224', '424', '332']
['214', '213', '232', '372', '220', '178', '61', '129', '24', '427', '439', '236', '98', '113', '382', '200', '60']
['353', '50', '422', '423', '105', '26', '463', '273']
['357', '403', '413', '359', '318', '491', '358', '68', '174']
['117']
['306', '307', '308', '58']
['478', '474', '356', '447', '212', '299', '473', '251', '407', '334', '475', '245', '139', '347', '436']
['9', '155', '320', '350', '32', '37', '182', '38', '36', '209', '54', '333', '16', '120', '55', '39']
['485', '379', '328', '496', '128', '73', '402', '218', '44', '169', '440']
['344', '364', '377', '348', '449', '133', '291', '2', '234', '33', '27', '468', '254', '147', '142', '325', '196', '361']
['277', '408', '284', '453', '452', '464', '454', '435', '430', '275']
['420', '249', '237', '479', '238', '231', '20', '366']
['337', '490', '375', '159', '278', '25', '388', '389']
['451', '450']
['286', '274', '285']
['259', '336', '492', '303', '179', '17', '122', '233', '258', '40', '335', '327']
['437', '65', '229', '330', '421', '57', '444', '136', '180', '195', '317', '311', '271', '316', '171']
['266', '276', '477', '230', '433', '228', '119', '21', '144', '252', '31', '112', '30', '67', '494', '208', '315', '29', '253', '378', '51', '111']
['409', '216', '410', '19', '418', '66', '283', '124', '438', '72', '71']
['3', '294', '387', '467', '189', '41', '74', '493', '244', '374']
['456', '455', '457']
['304', '15', '197', '148', '365', '107', '48', '371', '75', '400', '127', '329', '367', '18']
['12', '321', '81', '312', '445', '131', '163', '130', '417', '385']
['5', '28', '97', '135', '352', '83', '164', '6', '247', '426', '45', '10', '77', '425']
['225', '217', '461', '96', '161', '256', '342', '498', '167', '416', '92', '226', '56', '207', '80', '165', '246', '145', '280', '183']
['395', '140', '288', '323', '262']
['355', '354']
['368']
['11', '269', '301', '448', '34', '394', '160', '125', '460', '175', '203', '94', '300']
['108', '187', '193', '384', '192', '235', '82', '188', '340', '215', '123']
['393', '322']
['381', '476']
['401', '156', '110']
['313', '351', '199', '434', '405', '314', '162', '346', '173']
['184', '441', '201', '185', '331', '70']
['103', '104', '428']
['338', '241', '53', '250', '1', '146', '432', '443', '243', '88', '170', '0']
['95', '93', '91', '143', '399', '23', '257', '90', '204', '89', '305', '158']
['76', '343', '472', '52', '386', '198', '349', '79', '242', '279', '240']
['64', '22', '62', '326', '63', '239']
