['179', '178', '170']
['3', '2', '498', '6', '7', '0']
['344', '381', '343', '348', '342', '349', '340', '201', '346', '341', '347']
['301', '315', '314', '309', '310', '316', '18']
['320', '398', '32', '328', '461', '321', '124', '335', '329']
['95', '97', '96', '81', '93', '91', '98', '90', '94', '92', '99']
['441', '442', '448', '445', '447', '440', '443', '444', '263', '449', '446']
['84', '380', '85', '386', '83', '70', '121', '79', '80', '86', '71']
['313', '379', '168', '372', '135', '468', '371', '385']
['232', '267', '492', '490', '33', '491', '89']
['274', '37', '161', '162', '175', '160', '202', '137', '169', '127']
['450', '457', '65', '456', '455', '68', '382']
['194', '193', '192', '197', '198', '67', '190', '388', '195', '191', '196']
['184', '187', '182', '188', '181', '189', '233', '185', '180', '186', '183']
['387', '303', '395', '243', '244', '158', '240']
['177', '439', '495', '134', '276', '78', '77']
['241', '249', '296', '302', '248', '242', '306']
['154', '474', '13', '493', '494', '136', '260']
['49', '42', '460', '40', '47', '45', '48', '41', '43', '44', '46']
['462', '22', '29', '223', '229', '21', '35', '20', '367']
['11', '28', '12', '24', '125', '473', '221', '25', '26', '23', '123']
['87', '5', '205', '30', '390', '496', '300', '4', '392']
['262', '482', '176', '437', '34', '272', '438', '435', '430', '138', '436']
['15', '370', '377', '375', '376', '378', '373', '88', '374', '466', '362']
['222', '409', '408', '403', '308', '497', '236', '407', '402', '400', '401']
['206', '208', '209', '333', '207', '203', '224', '200', '106']
['338', '290', '312', '19', '299', '319', '318', '311']
['326', '396', '167', '226', '325', '317', '327', '275', '273']
['277', '324', '269', '394', '323', '297', '389', '157', '322', '230']
['31', '199', '228', '235', '54', '361', '128', '159', '307', '239', '39']
['155', '149', '148', '143', '146', '150', '144', '140', '142', '147', '141']
['384', '467', '330', '331', '174', '339', '345', '332']
['172', '66', '334', '245', '173', '171']
['420', '427', '424', '36', '422', '423', '421', '426', '428', '429', '425']
['117', '108', '237', '107', '116', '265', '118']
['487', '488', '304', '480', '129', '481', '220', '489', '27', '120']
['414', '410', '413', '419', '418', '411', '416', '415', '369', '417', '412']
['259', '250', '256', '253', '251', '258', '254', '255', '257', '51', '252']
['294', '152', '151', '52', '166', '164', '163', '165', '126', '431']
['499', '122', '74', '73', '305', '72']
['211', '213', '214', '225', '217', '216', '210', '212', '218', '215', '219']
['270', '38', '82', '234', '278', '14', '279', '271', '366']
['9', '298', '8', '1', '104', '153', '483']
['485', '227', '470', '484', '268', '486', '472', '393', '471']
['368', '363', '459', '465', '453', '291', '247', '454', '458', '452', '451']
['478', '16', '479', '477']
['357', '350', '351', '353', '355', '356', '352', '359', '358', '10', '354']
['112', '337', '119', '110', '113', '238', '114', '475', '231', '111', '115']
['433', '432', '469', '434']
['264', '102', '101', '336', '476', '109', '100', '399', '103']
['64', '59', '404', '405', '53', '391', '204', '406', '261', '105']
['58', '266', '57', '464', '56', '397', '246', '360', '463', '55', '50']
['292', '156', '132', '133', '131', '17', '139', '145', '130']
['62', '61', '76', '69', '63', '364', '293', '383', '295', '75', '60']
['285', '289', '282', '284', '281', '287', '283', '365', '288', '286', '280']
