['AEQ', 'AFI', 'AFL', 'AET', 'AFG', 'AFM', 'AEC', 'ADV', 'ADN', 'AFH', 'ADU', 'AEM', 'AEW', 'AFJ', 'AEN', 'ADY', 'ADO', 'AEL', 'AEK']
['AQG', 'APC', 'APK', 'AQC', 'AOZ', 'AOW', 'APQ', 'APP', 'API', 'AOO', 'APT', 'APX', 'AON', 'APN', 'AQE', 'AQI', 'AQL', 'APA', 'AOQ']
['AHM', 'AIE', 'AHL', 'AIY', 'AIO', 'AGJ', 'AGW', 'AIT', 'AHG', 'AHE', 'AIN', 'AHA', 'AHO', 'AGI', 'AIB', 'AGR', 'AHB', 'AIA', 'AIG']
['ABN', 'ABS', 'ABL', 'ABY', 'ABJ', 'ABO', 'ABZ', 'ABK', 'ACB', 'ACC', 'ABX', 'ABR', 'ABM', 'ACA', 'ABU', 'ABI', 'ABQ', 'ABP', 'ABW']
['AHV', 'AGY', 'AFY', 'AGN', 'AGZ', 'AHS', 'AFS', 'AIF', 'AFP', 'AGC', 'AGX', 'AHZ', 'AHY', 'AFW', 'AGA', 'AGV', 'AHW', 'AIQ', 'AFT']
['ALE', 'ALN', 'AOC', 'AMR', 'AMY', 'ANA', 'ANV', 'ALA', 'AMI', 'ANQ', 'ALY', 'ANR', 'AKP', 'AMQ', 'AMO', 'AMW', 'AJO', 'AMB', 'AKB']
['APO', 'APJ', 'APY', 'AQK', 'APM', 'APS', 'AOT', 'APB', 'APH', 'AQO', 'AQF', 'AOS', 'AQM', 'APL', 'APZ', 'AQA', 'APV', 'APE', 'APG']
['AEA', 'ADX', 'AFF', 'AEI', 'AEB', 'AEG', 'ADQ', 'AFC', 'AEO', 'ADP', 'ADL', 'AEF', 'AEY', 'AER', 'AFN', 'AEV', 'ADM', 'AEP', 'AFD']
['AED', 'AEH', 'AEE', 'ADS', 'AAL', 'ADR', 'AEU', 'ADT', 'AEZ', 'AES', 'ADW', 'AFA', 'AFB', 'AEJ', 'ADZ', 'AFK', 'ACV', 'AFE', 'AEX']
['ANE', 'AJG', 'AJQ', 'ALB', 'ANJ', 'AMN', 'ALR', 'ANY', 'ALF', 'ANG', 'ANC', 'AJU', 'AME', 'ALK', 'AKM', 'AMK', 'ANI', 'AJD', 'AKZ']
['AIC', 'AHX', 'AGB', 'AIX', 'AGE', 'AHN', 'AHK', 'AHJ', 'AFU', 'AIP', 'AIV', 'AGO', 'AHF', 'AII', 'AIL', 'AIH', 'AIU', 'AIK', 'AHP']
['AOI', 'ALL', 'ALV', 'AKD', 'AMM', 'AMF', 'AOG', 'AOH', 'AJP', 'AJK', 'AMJ', 'AJM', 'AKV', 'AKY', 'ANH', 'AJE', 'ANX', 'ANW', 'AMH']
['AOU', 'AQJ', 'AOX', 'APU', 'AOP', 'ABE', 'APR', 'APF', 'AOY', 'AAE', 'AQD', 'AOR', 'AOV', 'AAJ', 'AQB', 'AAM', 'AQN', 'APD', 'APW']
['AMZ', 'AKT', 'AKI', 'AOB', 'ALQ', 'ALM', 'AKQ', 'AMP', 'AMC', 'AJJ', 'ALU', 'ALW', 'AND', 'ALI', 'AKR', 'AKO', 'ANL', 'ALO', 'AKF']
['AOJ', 'ACX', 'ADD', 'ADB', 'AAY', 'AAS', 'AAF', 'AQH', 'AAN', 'ABG', 'AAZ', 'ACS', 'ABB', 'AAG', 'ABF']
['ANO', 'AJX', 'AKK', 'ANS', 'ALS', 'AJL', 'AMU', 'AKX', 'AKN', 'ANZ', 'AJT', 'AJW', 'AKJ', 'ANB', 'ALG', 'AOE', 'AJH', 'ANM', 'AJR']
['ACK', 'ACE', 'ACG', 'ACN', 'ADF', 'ACW', 'ADG', 'ACR', 'ACM', 'ACY', 'ADE', 'ACH', 'ACU', 'ADH', 'ACL', 'ADJ', 'ADK', 'ACD', 'ACZ']
['AGK', 'AFX', 'AHH', 'AGL', 'AIW', 'AHQ', 'AGH', 'AHI', 'AHR', 'AIJ', 'AGG', 'AGM', 'AFZ', 'AFV', 'AHD', 'AFO', 'AHU', 'AHT', 'AID']
['AAD', 'AIM', 'AGD', 'AAK', 'AFR', 'AGP', 'AGS', 'AFQ', 'AGU', 'AIS', 'AGT', 'AHC', 'AIR', 'ANK', 'AAI', 'ACI', 'AGQ', 'ALT', 'ACT']
['AAA', 'ACJ', 'ABA', 'AAO', 'ADI', 'ALH', 'ANN', 'AAC', 'AAR', 'ACP', 'ABV', 'ABT', 'AAH', 'AOK', 'ACO', 'ACQ', 'ACF', 'AAV', 'AAP']
['AAX', 'ADA', 'ANT', 'AAU', 'AAQ', 'AML', 'AGF', 'AAT', 'AAB', 'AMA', 'AKL', 'AMS', 'ADC', 'ABD', 'AAW', 'ABC', 'ABH']
['AMV', 'AMG', 'AMD', 'AKA', 'AKU', 'AJY', 'AKE', 'AOM', 'AOA', 'ALC', 'AOD', 'AOL', 'ALZ', 'AJB', 'ANF', 'AJN', 'AKW', 'AKH', 'AJF']
['AKG', 'AMX', 'ALX', 'AJA', 'AJS', 'AIZ', 'AJC', 'ALP', 'AKS', 'AJZ', 'ALD', 'AJI', 'AKC', 'ALJ', 'ANP', 'AJV', 'AMT', 'AOF', 'ANU']
