['206', '208', '209', '202', '201', '207']
['20']
['227', '234', '171', '226', '231', '71']
['191', '75', '220']
['193', '124', '143']
['31', '232', '235', '197', '23', '215']
['135', '132', '133', '131', '134', '127']
['37', '38', '36', '166', '165', '153']
['98', '164', '236', '238', '123', '18']
['9', '5', '1', '2', '6', '7']
['68', '245']
['97', '228', '24', '229', '27', '120']
['159', '158', '156', '46']
['161', '162', '26']
['243', '222', '163', '35', '160']
['17', '16', '225', '14', '15']
['216', '19', '128', '140', '139', '141']
['64', '96', '108', '172', '65', '66']
['114', '118', '233', '195']
['184', '187', '188', '70', '185', '186']
['211', '13', '55', '170']
['84', '76', '85', '81', '82', '77']
['214', '122', '246', '93', '230']
['11', '101', '109', '110', '107', '106']
['49', '199', '29', '33', '67', '50']
['34', '221', '145', '205', '126']
['198', '130', '100']
['137', '218', '154', '138', '136']
['149', '28', '40', '41', '94', '39']
['241', '8', '25', '147', '239', '240']
['95', '175', '212', '248', '48', '244']
['210', '167', '79', '80', '200', '78']
['30', '0', '4', '83', '219']
['32', '104', '116', '103', '115', '105']
['53', '54', '21', '73', '10', '51']
['177', '176', '178', '182', '181', '180']
['117', '204', '47', '119', '56']
['102']
['113', '111', '190', '112', '121']
['213', '69', '45', '144', '43', '99']
['58', '59', '52', '189', '57', '60']
['88', '196', '72', '129', '146']
['87', '217', '91', '174', '90', '89']
['12', '194', '237', '223', '224', '86']
['62', '63', '61', '125', '173', '169']
['42', '3', '44', '183', '249']
['168', '22', '192', '150', '247', '92']
['151', '152', '157', '155']
['203', '242']
['179', '148', '142', '74']
