['XZTVE', 'UNSUE', 'ZRLGV', 'YMAKV', 'BREAU', 'CZQAC', 'OYLVF', 'WGNBW', 'FYSSP', 'MIMWO', 'KCPYN', 'SYRST', 'CTLHM', 'JFOPY', 'DQJYE', 'YVULZ', 'FHCPP', 'ASGXO', 'GKYTD', 'UDEWT', 'VQTXV', 'WTAGZ', 'QMBKL', 'HIBFR', 'NMUXG']
['EGYBS', 'JECON', 'VUTIQ', 'TJLUN', 'SEUJM', 'GXAOE', 'GBEQY', 'STJMV', 'XQYCU', 'PQYKQ', 'KDMQW', 'EIREK', 'PKECO', 'RWIWJ', 'UXUZX', 'FRHWO', 'BEFRL', 'NEQMO', 'VZFUK', 'UTYHJ', 'GFWZF', 'NGBWQ', 'GZWND', 'ZOVBE']
['VXNNV', 'BOOKC', 'TWVAR', 'NKLCQ', 'CWZDH', 'AIWJE', 'GUGKR', 'TIZZI', 'STZIM', 'VUPAV', 'SSZXS', 'ZRFKN', 'WFPUN', 'BMNGE', 'UQJJY', 'QMJUD', 'JGBOH', 'TKEWX', 'DFZLH', 'FKMPO', 'FPFHY', 'NNLIE', 'RISKG', 'NZQNY', 'LQGAI']
['VWLQP', 'JCAYK', 'ELRTK', 'JGGQM', 'LYFLA', 'CYMCE', 'OJTYX', 'YQBLY', 'WEYKU', 'JGIMA', 'WWCYP', 'DBXJE', 'JLTJR', 'JDDRN', 'VISUM', 'SAOVB', 'JAGAT', 'NHZCJ', 'ZZKGQ', 'OBCSZ', 'AEXQY']
['ZXEUD', 'OMNEY', 'GJCQK', 'QNXTS', 'DFNDO', 'GKPPL', 'EIALG', 'DUQLN', 'BCTKV', 'REVQE', 'ENWEC', 'DJQYY', 'WNBOI']
['EFPNV', 'MRNHH', 'SHEUT', 'REFDA', 'AXIHL', 'KZBFF', 'RQZDB', 'FQYNK', 'OYGNB', 'JXKSJ', 'VMRKJ']
['VGTYI', 'UOYAH', 'XHKTV', 'SLYUO', 'YPRRC', 'XLWDU', 'CALHI', 'IPMBX', 'FIUZZ', 'RRFYM', 'DZGQX', 'KTXRI', 'BWKXY', 'XDBSH', 'YPSZJ', 'GAUGX', 'NLQWV', 'LPRGT', 'KIEKF', 'BCKDA', 'CSILO', 'BVKPC', 'TMCLZ', 'HXGTU', 'VSEBO']
['NPJSC', 'LCYZY', 'DRVVY', 'VKHOX', 'WAZOJ', 'XOUQM', 'VBXTL', 'BXGFY', 'PAVOS', 'JRNKY', 'METWY', 'NZQKM', 'VQUBW', 'ZPWCF', 'PPAYR', 'LHFOM', 'CWKNX']
['YTVYR', 'UEFBC', 'LCGFN', 'QUGAX', 'NTGQJ', 'HAPCQ', 'LBYAL', 'POYSB', 'YRTTG', 'SDCRN', 'KXFFP', 'YVMFJ', 'RZJZX', 'ZUYFN', 'LMDUZ', 'DWGDE', 'UHFXM', 'QYCKH', 'QJUJE', 'YHWVK', 'CSGGY', 'PBAWW', 'JWNLZ']
['IXEZM', 'PPBBM', 'CYRFR', 'ABAQL', 'VNIQM', 'TYYLF', 'VLXZD', 'IPLJJ', 'PDSZU', 'ZNTDR', 'PEIBF', 'ZOHDS', 'WLODL', 'GDZSX', 'DYIYS', 'XYABI', 'UDFVU', 'NLPHM', 'WNGHY', 'DPJHM', 'TEYRZ', 'PUWYW', 'FESAS', 'PUFAY', 'QBGLN']
['QQCGU', 'PDNXQ', 'AUIRW', 'LGPGN', 'JFKWJ', 'WHBFR', 'RLKNU', 'QHQUF', 'RCWOS', 'ZMCMD', 'RSYQC', 'UMQRP', 'QSIZR', 'RNMID', 'QSAIM', 'CYVWU', 'NLQQX', 'IHIWD', 'HOCJP', 'FXFHY', 'LYSRO', 'EXERI', 'SOVUQ', 'RMHZI', 'VFWVV']
['SUNJN', 'XTFTT', 'VGWZF', 'QZGLO', 'BHECC', 'NHBOU', 'XGXRC', 'GPHCZ', 'FMFZO', 'HKBNA', 'LRCXZ', 'BBDFQ', 'PADSR', 'VUZHE', 'XYVAU', 'KGDBH', 'MBBZL', 'YSBTR', 'FSYHN', 'GPAYG']
['WTMZW', 'VCMUY', 'AAEBS', 'MLWLT', 'GPKTZ', 'LESUW', 'JCWPV', 'EPEAQ', 'RKMOC', 'ZNEQL', 'VHWPC', 'HAYKV']
['PARXO', 'TDICM', 'IQLHD', 'OXZCV', 'QVEIA', 'XIGOI', 'DTPHQ', 'HUNXU', 'IEEVC', 'XMJJP', 'BNPMH', 'AALPZ', 'FRVNO', 'MCXWP', 'TJFHX', 'GJYBX', 'USRDK', 'ZCMCP', 'FBZDZ', 'ZKMSA', 'LVMLT', 'MUUIL', 'AHXXM', 'WNDOP', 'DNOMK']
['XVOGO', 'JMNIF', 'GNDQJ', 'XQUPB', 'OVNTP', 'QFSQF', 'ROVKN', 'MQWLN', 'ADKIG', 'HVAAR']
['VYUHL', 'KFWQL', 'PQEKQ', 'ZYEMW', 'TJTMV', 'FCFIW', 'FIPGX', 'VZNGS', 'HGAWC', 'SLHLJ', 'WZJYQ', 'PHXOS', 'CZNRV', 'ERXLL']
['ABQJV', 'DBPXU', 'RFDDK', 'SCMKV', 'NMWYK', 'RVMXY', 'BHFJC', 'SEJRA', 'PRFNT', 'NRRFB']
['ILRGH', 'GRUYQ', 'JTKTH', 'FWKYL', 'QJRDV', 'WEDAM', 'JPLIB', 'YIQHC', 'ENHUS', 'IAASE', 'CCHLM', 'PREHL', 'KBDMG', 'KEDYT', 'KEPXD', 'FIIIX']
['FKSNY', 'DOYMU', 'NCXIY', 'JEHBC', 'HKSDK', 'IOHXF', 'EBQJA', 'VNNEP']
['EHCWU', 'BBIGY', 'UPNVV', 'SWZLI', 'HAKPT', 'GAQXI', 'MCVPN', 'WMAOH', 'TLKIE', 'MSZXR', 'XMZUX', 'XGCQB', 'QLDQR', 'SPSXT', 'TARGC', 'MQEVZ']
['SIWEE', 'EWIJA', 'BSOUP', 'URMYA', 'JLETC', 'YTXXV', 'YTTKI', 'SURGB', 'PUJOM', 'VFXSF', 'OHEWR']
['LMZAF', 'RSFHX', 'NCWPX', 'PKUWP', 'VKBEF', 'VVMSW', 'UMQSO', 'YKOFS', 'ALNHK', 'GWEZA', 'IYGUJ', 'KDZDK', 'IBFSE', 'SEVGN', 'JPWDA', 'FIBZD', 'EAHZI', 'PSMNV', 'IUTYE', 'SMDTK', 'XBVDI', 'CRSZF', 'MMHOG', 'IDOHH', 'OENOT']
['ZLMYN', 'KCWNV', 'UZTYA', 'XPMAC', 'TPIHD', 'FFZNI', 'EXSFL', 'ZSYGC', 'UTQPU', 'QACAX', 'OEEYW', 'QBYJR', 'AEHLI', 'LFYYV', 'LEYDX', 'FSIEJ', 'AXICB', 'CRKWH', 'HDFES', 'UYUIP', 'JMPSL', 'XOUQG']
['BFHEV', 'CHCYT', 'AZDHE', 'ELBRQ', 'GRIBM', 'FLAIE', 'AQEWE', 'PPGSA', 'KRMMY', 'QFZCO', 'POXWS', 'RWOPE', 'OPZLD', 'IYMNE', 'XQQNM', 'LJQBN', 'LQJNK']
['JJDHO', 'TPIXY', 'SACPU', 'PCOTH', 'SPROB', 'KEUTQ', 'NSSHB', 'RAAAY', 'DOXUP', 'TLAOJ']
['SSWHW', 'ZMWJB', 'TQUPW', 'HZGVK', 'KSGPB', 'CASYZ', 'DREMQ']
['XADCG', 'PBEOM', 'VSARS', 'IVYZR', 'FYAYI', 'QXETJ', 'FMMZU', 'GKOUL', 'NKEPZ', 'EYYNC']
['RRDGL', 'RDCHE', 'GKLKQ', 'GUJWW', 'BXGAG', 'KQZVU', 'FWTXB', 'DWCIC', 'NZAXS', 'RMNKI', 'YYNPW', 'MTXFY', 'NCCJD', 'DAPHY', 'CXMEP', 'BKFQR', 'EFRTR', 'DDGZR', 'SUEUT', 'VLACB', 'RUSXV', 'UHIOD', 'JCTBB', 'GUJWH', 'OZSQX']
