['357', '338', '441', '410', '321', '405', '337', '339', '345', '440', '431', '420', '353', '413', '348', '422', '376', '407', '428', '429', '436', '372', '408', '437', '356', '396', '349', '393', '426', '341', '401', '424', '361', '344', '380', '386', '418', '395', '340', '365', '360', '412', '446']
['328', '282', '309', '287', '302', '331', '276', '244', '230', '259', '274', '301', '228', '235', '291', '283', '255', '306', '286', '307', '280', '252', '262', '313', '298', '289', '249', '233', '319', '334', '278', '231', '317', '279', '300', '261', '325', '322', '273', '271', '304', '275', '232', '312', '250', '383', '229', '234', '293', '318', '281', '295', '256', '327']
['272', '438']
['140', '194', '166', '212', '175', '190', '174', '203', '153', '204', '157', '215', '123', '141', '205', '119', '200', '160', '1', '201', '189', '116', '163', '170', '195', '137', '147', '171', '87', '213', '220', '176', '192', '131', '223', '164', '113', '167', '169', '127', '130', '118', '183', '138', '117', '214', '168', '152', '149', '217', '156', '184', '172', '132', '193', '208', '199', '161', '150', '124', '180', '136', '159', '139', '142']
['5', '37', '69', '93', '98', '54', '33', '27', '25', '86', '43', '78', '58', '3', '102', '76', '109', '2', '45', '90', '41', '42', '89', '196', '71', '99', '64', '63', '12', '59', '81', '108', '83', '6', '110', '100', '70', '7', '51', '49', '62', '61', '29', '52', '19', '74', '104', '66', '73', '82', '47', '14', '107', '35', '75', '80', '18', '48', '94', '20', '60', '105']
['85', '121']
['219']
['308']
['26']
['23']
['416']
['264']
['391']
['403']
['50']
['373']
['369']
['115']
['375']
['257']
['38']
['206']
['323']
['111']
['335']
['224']
['411']
['240']
['177']
['368']
['222']
['216']
['4']
['103']
['363']
['178']
['330']
['421']
['443']
['155']
['17']
['414']
['439']
['404']
['68']
['197']
['148']
['135']
['162']
['432']
['242']
['370']
['258']
['378']
['122']
['32']
['290']
['336']
['343']
['10']
['221']
['399']
['374']
['39']
['346']
['186']
['381']
['409']
['267']
['430']
['15']
['165']
['385']
['352']
['260']
['114']
['310']
['311']
['30']
['392']
['185']
['46']
['31']
['442']
['92']
['292']
['95']
['265']
['182']
['143']
['270']
['324']
['384']
['398']
['245']
['347']
['248']
['21']
['284']
['226']
['65']
['101']
['394']
['67']
['236']
['254']
['445']
['96']
['55']
['326']
['382']
['227']
['251']
['53']
['277']
['13']
['211']
['390']
['128']
['36']
['299']
['364']
['354']
['57']
['8']
['342']
['294']
['297']
['314']
['367']
['269']
['362']
['146']
['191']
['56']
['296']
['134']
['40']
['202']
['425']
['16']
['34']
['79']
['415']
['106']
['112']
['406']
['91']
['268']
['218']
['126']
['316']
['359']
['77']
['435']
['379']
['154']
['263']
['427']
['238']
['151']
['266']
['241']
['88']
['366']
['210']
['188']
['315']
['389']
['225']
['285']
['433']
['387']
['125']
['397']
['332']
['22']
['351']
['402']
['198']
['333']
['144']
['320']
['305']
['11']
['247']
['97']
['209']
['419']
['158']
['84']
['24']
['350']
['444']
['237']
['400']
['303']
['187']
['44']
['253']
['179']
['246']
['9']
['173']
['243']
['355']
['371']
['133']
['329']
['423']
['377']
['120']
['181']
['28']
['145']
['417']
['388']
['239']
['358']
['207']
['434']
['72']
['288']
['129']
