['84', '152', '403', '253', '416', '339', '169']
['232', '492', '166', '10', '399', '257', '99']
['383', '258', '395', '66', '106', '305', '123']
['379', '484', '355', '291', '144', '246', '367']
['380', '69', '172', '497', '207', '278', '327']
['409', '408', '53', '427', '119', '467', '490']
['222', '412', '17', '393', '226', '35', '392']
['227', '161', '229', '175', '386', '80', '145']
['155', '96', '223', '126', '170', '389', '347']
['213', '220', '176', '461', '143', '406', '436']
['445', '376', '100', '331', '373', '247', '191']
['269', '391', '473', '295', '254', '41', '173']
['326', '364', '348', '198', '218', '243', '371']
['488', '36', '329', '127', '147', '171', '141']
['5', '129', '228', '437', '164', '118', '449']
['304', '441', '448', '236', '104', '189', '349']
['65', '337', '133', '382', '429', '138', '196']
['480', '162', '180', '242', '203', '55', '262']
['58', '199', '13', '52', '438', '271', '130']
['470', '499', '282', '192', '472', '302', '124']
['324', '267', '495', '107', '0', '4', '219']
['181', '113', '248', '452', '148', '316', '362']
['214', '177', '368', '135', '442', '432', '21']
['482', '149', '217', '287', '255', '244', '483']
['294', '74', '83', '491', '153', '462', '466']
['296', '419', '342', '167', '25', '86', '139']
['117', '387', '81', '270', '70', '297', '18']
['357', '97', '314', '1', '468', '360', '431']
['6', '33', '27', '114', '493', '365', '443']
['31', '321', '284', '340', '397', '157', '471']
['315', '210', '131', '319', '421', '426', '279']
['208', '216', '384', '460', '201', '306', '215']
['102', '457', '375', '489', '110', '7', '75']
['313', '40', '79', '26', '388', '137', '430']
['351', '363', '498', '330', '45', '374', '322']
['420', '487', '250', '233', '266', '57', '251']
['49', '108', '151', '91', '125', '447', '115']
['344', '179', '417', '345', '311', '158', '385']
['264', '15', '303', '276', '174', '263', '325']
['225', '298', '259', '394', '103', '454', '92']
['211', '11', '336', '136', '260', '239', '50']
['343', '413', '19', '422', '283', '190', '71']
['9', '328', '459', '165', '111', '463', '77']
['398', '197', '221', '341', '415', '428', '43']
['474', '479', '323', '109', '163', '332', '39']
['414', '95', '434', '237', '128', '401', '230']
['184', '32', '453', '293', '150', '121', '478']
['101', '29', '182', '188', '56', '300', '240']
['308', '423', '238', '359', '458', '346', '231']
['290', '249', '352', '160', '265', '94', '142']
['87', '256', '407', '134', '464', '42', '72']
['372', '292', '333', '146', '73', '455', '60']
['396', '496', '47', '310', '159', '440', '424']
['433', '30', '194', '299', '185', '400', '280']
['3', '301', '439', '120', '286', '261', '425']
['350', '37', '404', '38', '335', '469', '46']
['206', '241', '312', '93', '378', '204', '435']
['338', '285', '122', '212', '54', '477', '140']
['353', '381', '402', '88', '195', '307', '354']
['320', '24', '377', '456', '369', '252', '105']
['485', '274', '193', '235', '476', '78', '44']
['205', '178', '82', '14', '317', '275']
['64', '486', '132', '418', '200', '183', '273']
['366', '16', '481', '51']
['224', '116', '186', '48', '23']
['277', '22', '112', '85', '309', '272', '67']
['405', '268']
['8', '475', '12']
['34', '465', '358']
['450']
['281', '63']
['168', '62']
['361']
['451', '289']
['410']
['444']
['318', '98']
['446']
['411']
['20']
['28']
['187', '2']
['154']
['390']
['68']
['356']
['59']
['89']
['494']
['209']
['156']
['90']
['61']
['245']
['234']
['288']
['76']
['202']
['370']
['334']
