['313', '22', '312', '256', '226', '75', '215', '126', '141']
['237', '19', '272', '150', '323', '244', '200', '130', '183']
['87', '177', '290', '53', '308', '54', '128', '297', '163']
['58', '95', '292', '156', '249', '2', '33', '138', '275']
['320', '11', '268', '253', '247', '56', '127', '142', '219']
['241', '112', '34', '82', '125', '70', '288', '173', '20']
['277', '97', '96', '17', '104', '291', '317', '89', '39']
['222', '30', '76', '270', '93', '250', '110', '261', '252']
['214', '154', '303', '223', '236', '6', '73', '25', '80']
['211', '155', '161', '132', '8', '299', '174', '271', '123']
['129', '319', '26', '10', '243', '23', '186', '71', '99']
['28', '321', '119', '167', '248', '72', '48', '239', '240']
['31', '63', '202', '295', '251', '221', '35', '170', '60']
['206', '32', '326', '108', '65', '238', '255', '180', '145']
['269', '78', '59', '135', '83', '302', '90', '4', '46']
['227', '294', '122', '287', '66', '136', '0', '300', '171']
['217', '194', '193', '81', '216', '164', '79', '45', '115']
['9', '64', '168', '62', '208', '281', '116', '203', '139']
['304', '3', '5', '220', '234', '204', '286', '158', '322']
['184', '324', '160', '21', '207', '88', '265', '305', '230']
['140', '69', '182', '101', '144', '41', '148', '325', '105']
['232', '162', '218', '14', '103', '242', '307', '106', '260']
['37', '235', '282', '296', '36', '74', '134', '191', '55']
['298', '199', '267', '179', '91', '131', '201', '258', '51']
['228', '209', '185', '278', '68', '276', '137', '279', '263']
['15', '178', '172', '16', '166', '143', '47', '43', '316']
['84', '205', '12', '210', '38', '229', '113', '311', '196']
['61', '109', '233', '100', '40', '254', '257', '169', '147']
['274', '24', '314', '188', '181', '77', '283', '94', '44']
['225', '259', '189', '146', '121', '107', '190', '42', '118']
['117', '213', '152', '85', '197', '27', '306', '246', '50']
['13', '151', '284', '92', '318', '114', '310', '159', '157']
['289', '29', '133', '309', '98', '1', '111', '18']
['102', '315', '198', '175', '67', '231']
['120']
['165', '264']
['245']
['327']
['187']
['262']
['192']
['273']
['195']
['7']
['176']
['49']
['124']
['149']
['280']
['212']
['224']
['266']
['86']
['301']
['52']
['153']
['293']
['57']
['285']
