['379', '372', '433', '370', '377', '375', '376', '378', '373', '365', '374']
['320', '140', '290', '410', '40', '190', '79', '120', '78', '440', '230', '420', '350', '76', '270', '460', '160', '170', '310', '90', '400', '260', '430', '71', '450', '220', '30', '81', '70', '100', '330', '110', '10', '300', '130', '72', '240', '50', '470', '480', '380', '390', '490', '250', '74', '150', '340', '75', '180', '80', '200', '0', '20', '77', '360']
['457', '459', '472', '456', '453', '439', '452', '458', '455', '454', '451']
['84', '32', '37', '34', '38', '36', '33', '35', '39']
['409', '408', '405', '401', '403', '404', '402', '424']
['301', '31', '305', '478']
['441', '448', '442', '303', '445', '447', '443', '444', '307', '449', '347', '446']
['49', '474', '42', '497', '47', '45', '48', '41', '43', '44', '46']
['241', '249', '272', '248', '247', '243', '244', '245', '242', '246']
['285', '289', '282', '284', '281', '287', '283', '477', '286', '280']
['129', '122', '125', '418', '128', '421', '121', '126', '124', '127', '123', '471']
['357', '351', '353', '355', '425', '352', '356', '427', '359', '358', '354']
['298', '294', '292', '296', '299', '291', '295', '297']
['413', '293', '275']
['168', '161', '162', '308', '166', '164', '167', '163', '165', '169']
['313', '315', '314', '312', '319', '318', '415', '317', '311', '316', '362']
['344', '475', '371']
['177', '176', '179', '172', '437', '175', '174', '173', '171']
['199', '194', '197', '193', '192', '198', '411', '195', '191', '196']
['149', '148', '422', '143', '146', '144', '147', '142', '145', '141']
['211', '214', '213', '217', '216', '212', '218', '369', '215', '219']
['277', '184', '187', '182', '188', '181', '189', '185', '107', '426', '186', '417', '183', '366']
['322', '324', '328', '326', '321', '348', '323', '479', '325', '329', '327']
['108', '363', '432', '407']
['487', '488', '482', '484', '481', '486', '489', '494', '435', '483']
['368', '106', '343', '178', '431']
['58', '59', '53', '434', '85', '52', '54', '57', '56', '51', '55']
['135', '132', '133', '131', '134', '88', '136', '137', '139', '271', '138']
['206', '205', '208', '209', '201', '207', '103', '203', '204', '105']
['232', '235', '237', '236', '233', '238', '234', '416', '231', '239']
['22', '28', '24', '29', '423', '473', '21', '27', '25', '26', '23']
['64', '62', '61', '69', '63', '65', '66', '67', '68', '60']
['87', '95', '97', '96', '93', '91', '98', '342', '495', '278', '94', '92', '99']
['381', '384', '387', '386', '383', '388', '382', '389', '412', '385']
['264', '269', '499', '267', '268', '266', '428', '265', '263', '261', '262']
['485', '276', '109']
['398', '396', '391', '393', '395', '397', '399', '438', '392']
['493', '202', '104']
['394']
['11', '15', '12', '13', '19', '16', '17', '14', '18']
['259', '256', '258', '251', '253', '254', '255', '257', '89', '252']
['101', '406', '309', '496', '83']
['73', '491', '306', '349', '498']
['117', '112', '119', '302', '113', '367', '114', '116', '115', '111', '118']
['155', '154', '152', '156', '151', '86', '159', '153', '157', '158', '436']
['338', '304', '336', '337', '364', '492', '333', '331', '334', '335', '339', '332']
['82', '361', '288']
['9', '3', '5', '274', '8', '1', '419', '6', '2', '346', '7', '4', '429', '273']
['102', '461', '465', '467', '468', '476', '464', '469', '462', '463', '466']
['414', '225', '222', '227', '228', '229', '223', '221', '226', '341', '345', '224']
['210', '279']
