['259', '208', '229', '253', '255', '257', '137', '263', '261', '77']
['117', '210', '109', '164', '57', '113', '79', '68', '111', '115']
['59', '256', '258', '107', '254', '75', '224']
['269', '187', '119', '181', '202', '110', '185', '218', '180', '183']
['95', '97', '112', '93', '91', '40', '51', '148', '130', '99']
['129', '178', '135', '133', '131', '209', '146', '20', '127', '60']
['22', '76', '61', '193', '74', '54', '134', '80', '78', '123']
['63', '122', '17', '23', '120', '191', '118', '126', '50']
['182', '198', '250', '150', '248', '244', '200', '246', '252']
['49', '28', '32', '30', '53', '34', '197', '36', '19', '72']
['225', '217', '13', '85', '223', '33', '221', '26', '219', '55']
['176', '194', '249', '192', '125', '251', '190', '231']
['220', '67', '45', '144', '136', '140', '204', '142', '215', '138']
['205', '15', '199', '65', '83', '201', '207', '203', '141']
['64', '154', '222', '156', '162', '160', '47', '27', '56', '158']
['236', '124', '116', '265', '42', '4']
['62', '149', '151', '233', '25', '7', '195', '153', '145', '147']
['9', '81', '52', '247', '35', '245', '173']
['213', '206', '267', '6', '238', '114', '242', '174', '260', '240']
['264', '152', '268', '270', '266', '139', '71', '262']
['46', '168', '96', '12', '216', '16', '2', '14', '10', '18']
['177', '31', '232', '228', '29', '132', '234', '226', '44', '230']
['87', '143', '21', '167', '163', '170', '165', '94', '92', '171']
['227', '102', '184', '108', '179', '38', '8', '104', '100', '106']
['211', '214', '155', '24', '175', '189', '48', '169']
['3', '5', '69', '161', '159', '157']
['84', '172', '82', '166', '212', '73', '88', '90', '86', '196']
['37', '188', '1', '66', '70', '89', '41', '43', '39']
['58', '11', '241', '235', '237', '98', '128', '243', '239', '105']
['101', '121', '186', '103']
