['357', '182', '98', '134', '27', '276', '288', '186', '471', '102', '216', '284', '348', '21', '373', '163', '145', '305', '280', '39', '213', '95', '15', '83', '164', '278', '92', '379', '49', '470', '380', '19', '209', '8', '104', '124', '136', '20']
['405', '410', '17', '166', '88', '204', '157', '466', '230', '351', '398', '469', '196', '429', '292', '326', '499', '408', '131', '319', '334', '399', '317', '130', '118', '138', '354', '488', '484', '34', '229', '340', '318', '359', '68', '0', '60', '327']
['206', '11', '37', '496', '302', '146', '243', '242', '431', '420', '22', '3', '381', '272', '1', '283', '89', '262', '87', '289', '249', '38', '445', '162', '258', '6', '7', '341', '406', '279', '332', '211', '155', '184', '197', '395', '455', '360']
['5', '269', '328', '25', '191', '389', '215', '43', '123', '486', '352', '237', '479', '473', '495', '310', '306', '106', '430', '147', '108', '192', '202', '349', '121', '494', '463', '424', '50', '117', '304', '62', '61', '53', '218', '75', '80', '140']
['285', '129', '24', '93', '287', '444', '475', '339', '153', '44', '347', '84', '353', '459', '270', '453', '333', '439', '245', '374', '224', '55', '436', '264', '59', '491', '254', '246', '271', '169', '225', '152', '149', '355', '85', '465', '427', '105']
['338', '277', '482', '321', '337', '375', '423', '212', '190', '438', '404', '314', '235', '119', '376', '419', '116', '493', '226', '335', '4', '71', '112', '63', '12', '396', '233', '110', '322', '239', '344', '208', '442', '296', '394', '234', '66', '257']
['461', '308', '33', '244', '477', '294', '457', '468', '109', '407', '41', '286', '148', '324', '492', '198', '299', '181', '167', '251', '454', '240', '275', '368', '303', '390', '52', '82', '236', '293', '378', '47', '415', '200', '111']
['177', '434', '282', '377', '91', '416', '297', '40', '173', '58', '350', '474', '76', '178', '422', '195', '313', '437', '128', '367', '10', '158', '227', '480', '97', '156', '199', '336', '384', '65', '312', '386', '74', '342', '35', '159', '263', '115']
['290', '203', '397', '388', '252', '316', '64', '31', '220', '267', '210', '81', '448', '268', '497', '223', '221', '401', '435', '315', '391', '295', '248', '14', '180', '18']
['222', '139', '441', '409', '13', '266', '238', '346', '86', '78', '141', '135', '189', '90', '42', '462', '219', '483', '300', '46', '150', '94', '392']
['320', '241', '69', '175', '440', '259', '274', '101', '323', '201', '411', '45', '137', '329', '99', '298', '179', '432', '393', '443', '382', '231', '449', '183', '214', '161', '29', '256', '114', '107', '77']
['414', '194', '16', '489', '371', '369', '345', '417', '478', '385', '487', '366', '433', '363', '413', '460', '255', '451', '32', '188', '100', '72', '361', '168', '132', '250', '476', '498', '358', '418', '412', '446']
['403', '36', '331', '56', '9', '301', '387', '122', '144', '30', '187', '356', '143', '70', '426', '325', '151', '383', '73', '185', '57', '51']
['154', '232', '481', '176', '172', '490', '125', '291', '421', '67', '103', '452', '307', '362', '425']
['485', '79', '96', '120', '2']
['28', '217', '343', '193', '447', '253', '207', '247', '428', '265', '165', '402', '126']
['205', '228', '456', '160', '26', '127', '261']
['372', '370', '364', '54', '330', '113', '365', '174', '170', '311', '273']
['400', '464', '458', '142']
['260', '281', '23']
['467', '48']
['472', '133', '309', '450', '171']
