['Emelia', 'Danais', 'Uta', 'Yim', 'Jillana', 'Maribel', 'Alvinia', 'Chemush', 'Wing', 'Derinna', 'Lon', 'Epstein', 'Tutankhamen', 'Lamson', 'Wendye', 'Mansoor', 'Won', 'Utas', 'Hayyim', 'Dare', 'Lamb', 'Flo', 'Leanna', 'Delila', 'Lyle', 'Holey', 'Jobyna', 'Quitt', 'Felicie', 'Foulk', 'Catherin', 'Cyd', 'Bluhm', 'Oscar', 'Mitchiner']
['Harmony', 'Lunetta', 'Berner', 'Rodolphe', 'Doroteya', 'Firman', 'Smukler', 'Turrell', 'Gillian', 'Hudis', 'Ratcliffe', 'Ubana', 'Nanette', 'Adaurd', 'Vaish', 'Leod', 'Lentha', 'Faunia', 'Edrick', 'Caines', 'Behlau', 'Lou', 'Serafine', 'Earlene', 'Darrow', 'Ber', 'Willetta', 'Ashman', 'Placido', 'Eudocia', 'Galligan', 'Lux', 'Vonni', 'Carrillo', 'Harland']
['Kanya', 'Thorman', 'Woodhead', 'Eilis', 'Rocray', 'Alf', 'Moonier', 'Gibun', 'Cutty', 'Dearman', 'Jehiel', 'Fast', 'Woo', 'Virginia', 'Kimon', 'Benilda', 'Hatch', 'Erlewine', 'Jorgenson', 'Jori', 'Lynnelle', 'Margeaux', 'Volkan', 'Bran', 'Bernj', 'Raynor', 'Worlock', 'Paulita', 'Beaver', 'Jeniece', 'Love', 'Ferullo', 'Gunn', 'Harriet', 'Clea']
['Minda', 'Milore', 'Padget', 'Marijo', 'Dowlen', 'Cheria', 'Pippo', 'Griffin', 'Bounds', 'Genie', 'Ng', 'Jenness', 'Dotson', 'Deni', 'Wight', 'Krystalle', 'Busey', 'Carter', 'Agosto', 'Jason', 'Ursi', 'Fredkin', 'Zelma', 'Odin', 'Felise', 'Kylah', 'Larry', 'Schreck', 'Sinnard', 'Feinstein', 'Holofernes', 'Watson', 'Billy', 'Prebo', 'Brittnee']
['Lenes', 'Micheal', 'Danita', 'Jessalin', 'Tonya', 'Lombardi', 'Tennes', 'Druce', 'Durante', 'Tuttle', 'Winer', 'Melburn', 'Adriane', 'Barnett', 'Dimitry', 'Fifine', 'Raul', 'Derril', 'Astto', 'Nestor', 'Toh', 'Nessy', 'Demetria', 'Utica', 'Perloff', 'Mathur', 'Gwenette', 'Birck', 'McClimans', 'Eldwen', 'Balliett', 'Gerianne', 'Pontius', 'Kerianne', 'Cristiona']
['Pinto', 'Myrvyn', 'Crompton', 'Coh', 'Malo', 'Arel', 'Basso', 'Hett', 'Letta', 'Masterson', 'Verras', 'Tessy', 'Fausta', 'Girovard', 'Lenhart', 'Sosanna', 'Shannah', 'Vesta', 'Proudfoot', 'Brazee', 'Maye', 'Corkhill', 'Stephenson', 'Atkins', 'Donn', 'Adolphus', 'Jestude', 'Fabrice', 'Favian', 'Buxton', 'Bello', 'Anuska', 'Merola', 'Emmer', 'Cherry']
['Grath', 'Sandeep', 'Eno', 'Les', 'Nisse', 'Fairfax', 'Yarvis', 'Stearns', 'Pappas', 'Baldridge', 'Coumas', 'Damon', 'Ragland', 'Polish', 'Burkhart', 'Hong', 'Kronick', 'Rombert', 'Hadleigh', 'Antonetta', 'Melisa', 'Monahan', 'Australia', 'Groh', 'Dulcea', 'Lacy', 'Groos', 'Cataldo', 'Rik', 'Farro', 'Janerich', 'Glenn', 'Hook', 'Biggs', 'Hardej']
['Cal', 'Freddy', 'Kaufmann', 'Janaya', 'McKinney', 'Rue', 'Dett', 'Cloots', 'Dott', 'Joed', 'Ebneter', 'Holms', 'Neille', 'Dedric', 'Larson', 'Ciapas', 'Buckler', 'Starinsky', 'Japeth', 'Costin', 'Lauree', 'Karlise', 'Mauchi', 'Rooke', 'Katzir', 'Midian', 'Nari', 'Dumas', 'Antonino', 'Marijn', 'Robbin', 'Montagna', 'Grochow', 'Jenkel', 'Osrick']
['Saudra', 'Flemming', 'Risteau', 'Ardehs', 'Klapp', 'Fidelio', 'Desi', 'Pryce', 'Nannette', 'Towne', 'Hako', 'Halimeda', 'Colly', 'Selma', 'Newton', 'Ches', 'Fruin', 'Ludovico', 'Yerxa', 'Norean', 'Ainslee', 'Lotus', 'Shepp', 'Klute', 'Cardwell', 'Elburr', 'Hannover', 'Girardo', 'Meras', 'Sandstrom', 'Vikky', 'Debera', 'Tiphane', 'Ruyle', 'Elihu']
['Lorilyn', 'Delinda', 'Minier', 'Grimona', 'Hamlin', 'Blondell', 'Lindell', 'Ferro', 'Sachi', 'Kassi', 'Rhonda', 'Dole', 'Lawler', 'Nance', 'McCoy', 'Hakim', 'Ashling', 'Davidde', 'Sievert', 'Tavy', 'Elmira', 'Tarkany', 'Eleni', 'Bhayani', 'Knute', 'Ursola', 'Crean', 'Akeyla', 'Celestyn', 'Kudva', 'Florentia', 'Nafis', 'Hankins', 'Bui', 'Holton']
['Charin', 'Leiser', 'Shelby', 'Marilou', 'Uzzia', 'Kinzer', 'Acacia', 'Augustina', 'Kile', 'Danuloff', 'Koetke', 'Latimer', 'Cicely', 'Udell', 'Neva', 'Franek', 'Zandt', 'Avril', 'Summons', 'Wistrup', 'Converse', 'Uchida', 'Gombosi', 'McIntosh', 'Javler', 'Enid', 'Danna', 'Clymer', 'Higgs', 'Renick', 'Kerwon', 'Winebaum', 'Lynett', 'Bevon', 'Barsky']
['Flieger', 'Moyers', 'Oakes', 'Shelbi', 'Beebe', 'Chaddie', 'Safire', 'Janenna', 'Mushro', 'Cristoforo', 'Roanna', 'Ruhnke', 'Neveda', 'Haldane', 'Meingolda', 'Schnabel', 'Fadiman', 'Velda', 'Swanhilda', 'Ottinger', 'Shea', 'Balcer', 'Candyce', 'Weirick', 'Berneta', 'Hermon', 'Clovah', 'Ultun', 'Henrique', 'Hanway', 'Karie', 'Tay', 'Puklich', 'Bruns', 'Questa']
['Nath', 'Livingston', 'Gowrie', 'Till', 'Hawger', 'Saville', 'Hittel', 'Balling', 'Mokas', 'Darsie', 'Griswold', 'Fokos', 'Mackenzie', 'Tristam', 'Marina', 'Arianna']
['Carlick', 'Cerracchio', 'Formenti', 'Aviv', 'Saylor', 'Chae', 'Matthaeus', 'Binette', 'Shanly', 'Evangeline', 'Halstead', 'Ashford', 'Prince', 'Barby', 'Hillegass']
['Tillford', 'Mikol', 'Reste', 'Rani', 'Vevay', 'Wunder', 'Sheeran', 'Ted', 'Merth', 'Sigsmond', 'Maude', 'Sumer', 'Dela', 'Saxen', 'Chancellor', 'Cavallaro', 'Auroora']
['Ginzburg', 'Fillender', 'Karon', 'Clere', 'Scherman', 'Nicolis', 'Melda', 'Zobe', 'Manaker', 'Fitz']
['Hillel', 'Tine', 'Salomi', 'Willis', 'Plantagenet', 'Ebba', 'McCullough', 'Ace', 'Gloriana', 'Jimmy', 'Ardys', 'Morville']
['Blasius', 'Dietrich', 'Matthew']
['Ammadis', 'Hotze', 'Everick', 'Noyes']
['Elberta', 'Emelita', 'Yasu']
