['206', '129', '190', '122', '119', '160', '255', '23', '171', '213', '267', '210', '249', '261', '239', '155', '149', '380', '172', '256', '104', '207', '75', '111', '263']
['328', '133', '17', '266', '186', '215', '22', '226', '137', '99', '326', '70', '278', '275', '354', '193', '303', '185', '124', '48', '165', '139', '327']
['71', '211', '214', '227', '112', '384', '65', '270', '237', '337', '212', '164', '33', '395', '19', '245', '140', '307', '20', '55', '123']
['11', '69', '321', '375', '276', '288', '205', '272', '252', '39', '143', '202', '113', '7', '117', '208', '217', '199', '74', '234', '47', '218', '14']
['308', '331', '247', '243', '191', '350', '135', '329', '148', '298', '268', '179', '83', '382', '46', '273', '336', '151', '364', '229', '253', '73', '142']
['177', '36', '238', '369', '174', '78', '398', '259', '102', '178', '348', '38', '258', '10', '231', '130', '72', '152', '236', '57', '257', '94']
['222', '154', '13', '93', '91', '40', '27', '204', '274', '387', '352', '333', '373', '311', '219', '63', '343', '162', '50', '161', '29', '296', '383', '136', '115']
['241', '176', '53', '265', '132', '312', '299', '345', '146', '358', '114', '365', '341', '86', '310', '203', '153', '366']
['357', '24', '120', '339', '173', '347', '96', '301', '126', '397', '262', '125', '330', '251', '322', '183', '304', '52', '340', '367', '392', '18']
['285', '28', '182', '98', '389', '381', '228', '2', '116', '388', '305', '147', '32', '12', '181', '121', '334', '254', '138', '240', '168', '62', '60']
['320', '277', '194', '282', '166', '297', '230', '385', '84', '109', '42', '41', '286', '15', '108', '187', '349', '128', '92', '225', '390', '150', '0']
['313', '49', '5', '232', '363', '396', '293', '189', '342', '291', '323', '25', '399', '371', '80', '260', '271', '361']
['379', '95', '31', '156', '289', '250', '359', '346', '325', '103', '180', '316', '77']
['87', '3', '324', '269', '220', '355', '34', '101', '377', '192', '175', '233', '378', '68', '242', '51', '200', '360', '158']
['290', '56', '157', '44', '351', '294', '1', '376', '195', '306', '372', '292', '81', '6', '279', '246', '344', '82', '391', '386', '281', '105']
['287', '244', '362', '216', '314', '235', '21', '45', '90', '89', '264', '356', '223', '188', '167', '169', '332', '315', '8', '209', '318', '107']
['368', '97', '59', '201', '66', '88', '35', '159', '106', '280']
['64', '184', '370', '61', '30', '37', '284', '309', '16', '131', '110', '393', '221', '67', '163', '144', '335', '317', '300']
['338', '79', '141', '9', '353', '76', '283', '170', '374', '224', '145', '4', '196', '100', '26', '127', '118', '197', '85', '394', '295', '248']
['58', '198', '54', '319', '302', '134', '43']
