['370', '409', '580', '733', '749', '658', '417', '735', '698', '101', '272', '447', '323', '468', '473', '2', '428', '989', '268', '509', '728', '846', '536', '92', '904', '706', '550', '236', '73', '703', '838']
['375', '849', '477', '902', '431', '487', '22', '274', '788', '956', '373', '226', '45', '506', '392', '264', '448', '445', '883', '539', '225', '941', '857', '619', '66', '207', '657', '159', '94', '0', '105']
['579', '546', '309', '166', '133', '302', '27', '903', '191', '945', '102', '353', '457', '724', '981', '270', '252', '450', '492', '143', '202', '319', '558', '825', '551', '581', '624', '498', '421', '165', '20']
['654', '741', '653', '11', '5', '269', '911', '512', '190', '276', '363', '760', '652', '885', '90', '823', '661', '968', '112', '356', '847', '621', '693', '118', '689', '199', '679', '531', '114', '263', '844']
['856', '596', '244', '880', '818', '566', '853', '786', '422', '407', '523', '109', '638', '307', '329', '99', '808', '213', '984', '716', '426', '848', '764', '873', '325', '117', '744', '917', '737', '256', '77']
['837', '206', '948', '924', '913', '739', '458', '529', '794', '993', '41', '565', '668', '299', '994', '787', '443', '964', '796', '463', '611', '424', '595', '214', '449', '893', '961', '979', '939', '360', '604']
['785', '770', '772', '990', '440', '420', '918', '235', '237', '439', '798', '672', '884', '855', '936', '397', '260', '598', '845', '131', '432', '233', '113', '138', '240', '168', '977', '209', '250', '970', '525']
['177', '482', '548', '549', '699', '24', '575', '287', '899', '843', '935', '767', '613', '387', '419', '530', '578', '731', '932', '171', '324', '958', '589', '570', '406', '193', '676', '905', '51', '664', '542']
['610', '328', '434', '282', '829', '93', '86', '732', '44', '634', '587', '811', '722', '119', '201', '677', '176', '249', '671', '10', '729', '919', '719', '484', '342', '104', '248', '234', '47', '75', '859']
['241', '496', '33', '40', '630', '204', '153', '687', '78', '750', '301', '96', '284', '453', '467', '612', '982', '147', '518', '535', '198', '246', '629', '541', '481', '442', '315', '217', '928', '48', '327']
['441', '631', '959', '801', '56', '963', '802', '294', '160', '479', '648', '949', '255', '106', '286', '876', '665', '430', '4', '224', '15', '710', '164', '736', '7', '943', '279', '861', '637', '19', '594']
['320', '79', '792', '466', '809', '189', '711', '1', '752', '759', '688', '568', '148', '305', '187', '645', '454', '130', '425', '663', '152', '563', '172', '427', '871', '640', '960', '972', '253', '35', '522']
['835', '423', '998', '751', '944', '574', '123', '58', '833', '886', '734', '314', '870', '713', '704', '289', '210', '900', '888', '167', '821', '774', '208', '156', '538', '391', '708', '57', '925', '115', '975']
['926', '321', '337', '17', '561', '644', '866', '585', '345', '186', '135', '723', '966', '283', '144', '170', '306', '196', '262', '562', '777', '534', '590', '67', '946', '678', '415', '557', '985', '995', '639']
['646', '175', '103', '576', '215', '953', '854', '335', '602', '310', '245', '429', '937', '863', '349', '766', '929', '254', '625', '296', '725', '281', '378', '455', '632', '826', '556', '743', '142', '660']
['36', '16', '54', '651', '88', '940', '577', '203', '834', '559', '827', '507', '814', '137', '87', '675', '188', '278', '412', '232', '765', '593', '293', '901', '295', '340', '358', '684', '784', '974', '748']
['154', '696', '205', '456', '116', '388', '452', '988', '499', '815', '962', '192', '408', '110', '317', '271', '697', '879', '622', '545', '150', '938', '365', '14', '877', '514']
['996', '544', '992', '543', '650', '369', '120', '242', '583', '980', '157', '633', '552', '381', '411', '469', '31', '220', '267', '554', '691', '868', '332', '211', '709', '336', '65', '850', '8', '383', '567']
['894', '912', '243', '920', '173', '43', '478', '906', '745', '433', '797', '806', '460', '608', '898', '615', '311', '39', '12', '497', '100', '799', '399', '169', '275', '617', '384', '465', '418', '971', '874']
['338', '836', '510', '655', '377', '720', '98', '500', '416', '771', '288', '822', '347', '3', '586', '352', '519', '715', '681', '746', '38', '223', '965', '125', '401', '379', '659', '97', '511', '364', '60']
['508', '69', '308', '266', '605', '858', '265', '923', '869', '862', '398', '333', '627', '42', '616', '462', '692', '483', '758', '121', '712', '642', '909', '261', '740', '533', '560', '476', '895', '111', '139']
['747', '37', '819', '134', '782', '882', '385', '84', '521', '860', '298', '221', '26', '231', '649', '158', '916', '304', '983', '132', '386', '359', '942', '185', '395', '795']
['277', '753', '238', '762', '947', '9', '351', '991', '763', '472', '553', '291', '695', '727', '907', '701', '316', '779', '769', '515', '934', '527', '435', '183', '717', '896', '614', '29', '504', '738', '446']
['635', '502', '967', '537', '362', '591', '761', '922', '163', '195', '400', '145', '32', '59', '63', '532', '571', '662', '986', '810', '597', '72', '891', '151', '714', '82', '599', '775', '780', '669', '606']
['414', '851', '489', '666', '371', '350', '216', '680', '674', '376', '673', '374', '832', '219', '108', '30', '830', '705', '341', '46', '273', '470', '897', '839', '161', '312', '505', '726', '107', '80', '540']
['952', '346', '887', '174', '517', '776', '997', '474', '459', '493', '773', '702', '524', '451', '64', '437', '396', '70', '322', '513', '368', '62', '380', '184', '582', '686', '636', '620', '547', '951', '367']
['461', '914', '405', '768', '13', '91', '297', '444', '485', '178', '228', '872', '957', '348', '122', '670', '569', '805', '718', '921', '251', '933', '626', '382', '804', '757', '641', '781', '394', '229', '257']
['357', '783', '730', '182', '618', '950', '438', '908', '812', '601', '516', '501', '95', '976', '647', '592', '128', '330', '503', '800', '793', '155', '480', '607', '53', '85', '197', '643', '74', '889', '930']
['285', '290', '807', '623', '475', '927', '987', '471', '259', '76', '520', '867', '864', '667', '694', '969', '820', '6', '890', '494', '402', '239', '50', '344', '49', '354', '355', '124', '892', '931', '126']
['488', '791', '404', '841', '390', '685', '52', '83', '721', '700', '21', '331', '218', '212', '603', '600', '915', '146', '200', '389', '141']
['707', '28', '584', '790', '366', '230', '413', '495', '23', '875', '89', '683', '436', '865', '742', '840', '181', '393', '609', '491', '127', '300', '881', '816', '303', '318', '136', '852']
['572', '755', '194', '564', '803', '528', '682', '25', '339', '842', '486', '464', '555', '71', '292', '326', '343', '973', '828', '149', '824', '61', '656', '754', '690', '573', '490', '778', '955', '180', '140']
['222', '129', '954', '410', '789', '403', '813', '247', '588', '526', '280', '55', '313', '831', '372', '978', '81', '162', '179', '258', '334', '817', '628', '361', '227', '34', '878', '68', '756', '910', '18']
