['926', '839', '793', '496', '711', '378', '278', '114', '254', '446', '876', '316', '947']
['474', '560', '364', '960', '798', '801', '772', '887', '547', '628', '503', '440', '822']
['368', '699', '91', '570', '590', '113', '609', '458', '716', '561', '431', '982', '50']
['704', '552', '156', '779', '394', '739', '922', '14', '567', '79', '542', '517', '215']
['757', '923', '891', '698', '819', '737', '900', '814', '159', '307', '118', '412', '594']
['398', '470', '228', '239', '456', '266', '346', '75', '658', '980', '402', '882', '147']
['918', '655', '343', '978', '69', '19', '250', '733', '66', '636', '190', '428', '286']
['562', '177', '797', '851', '746', '879', '899', '984', '868', '762', '153', '360', '834']
['634', '3', '363', '259', '194', '685', '531', '26', '846', '255', '929', '558', '42']
['625', '654', '696', '97', '292', '296', '302', '673', '48', '985', '311', '792', '616']
['607', '956', '16', '188', '479', '349', '928', '110', '994', '397', '23', '501', '703']
['62', '824', '532', '853', '352', '652', '530', '795', '693', '583', '329', '706', '881']
['719', '155', '663', '730', '492', '229', '419', '476', '498', '577', '756', '506', '598']
['886', '178', '187', '742', '490', '927', '253', '238', '121', '823', '165', '559', '595']
['344', '313', '633', '641', '267', '308', '83', '319', '283', '670', '662', '712', '946']
['485', '968', '565', '637', '734', '827', '674', '813', '959', '943', '895', '751', '764']
['988', '713', '326', '538', '820', '649', '56', '103', '621', '909', '514', '951', '252']
['222', '811', '249', '768', '867', '618', '74', '582', '505', '331', '504', '144', '279']
['510', '863', '573', '76', '705', '358', '373', '47', '444', '388', '169', '127', '262']
['518', '804', '508', '640', '223', '164', '295', '421', '365', '539', '257', '925', '92']
['709', '11', '546', '783', '511', '643', '872', '81', '889', '651', '218', '540', '931']
['277', '678', '210', '38', '383', '545', '98', '679', '247', '759', '728', '244', '999']
['129', '816', '871', '34', '135', '284', '396', '143', '54', '938', '27', '677', '280']
['707', '176', '755', '465', '714', '407', '672', '942', '810', '967', '825', '477', '873']
['610', '433', '480', '404', '179', '913', '761', '57', '124', '491', '416', '203', '974']
['441', '270', '720', '422', '847', '828', '787', '864', '128', '702', '354', '219', '39']
['579', '791', '544', '724', '788', '497', '708', '608', '221', '7', '224', '692', '875']
['744', '680', '197', '172', '878', '181', '666', '849', '80', '86', '139', '157', '273']
['835', '548', '324', '481', '328', '101', '564', '973', '1', '104', '471', '701', '660']
['264', '64', '95', '996', '15', '499', '405', '29', '287', '770', '632', '200', '99']
['102', '659', '842', '937', '193', '33', '340', '207', '393', '494', '180', '861', '935']
['28', '59', '976', '970', '151', '543', '903', '515', '265', '907', '776', '424', '525']
['211', '350', '958', '635', '53', '614', '409', '150', '473', '691', '415', '317', '874']
['533', '301', '924', '93', '36', '686', '671', '67', '939', '782', '195', '55', '332']
['214', '818', '380', '355', '413', '467', '291', '644', '334', '452', '305', '362', '141']
['488', '353', '434', '754', '410', '520', '209', '495', '890', '694', '51', '60', '513']
['298', '269', '534', '122', '592', '300', '645', '612', '399', '584', '995', '916', '852']
['232', '550', '217', '572', '356', '622', '395', '116', '964', '417', '885', '77', '838']
['856', '837', '952', '668', '85', '442', '182', '375', '82', '901', '623', '684', '661']
['484', '897', '957', '377', '888', '202', '162', '348', '775', '163', '537', '20', '604']
['58', '624', '989', '63', '914', '131', '293', '323', '341', '729', '136', '4', '385']
['880', '482', '461', '12', '815', '656', '571', '281', '339', '245', '945', '551', '449']
['304', '566', '199', '722', '789', '760', '109', '73', '826', '345', '406', '555', '430']
['681', '320', '450', '629', '963', '312', '52', '898', '251', '726', '174', '585', '425']
['31', '478', '184', '981', '437', '870', '453', '911', '297', '242', '990', '800', '893']
['865', '5', '65', '710', '133', '256', '700', '443', '642', '817', '120', '732', '466']
['168', '647', '132', '427', '275', '799', '605', '369', '738', '306', '94', '130', '123']
['613', '289', '161', '593', '391', '160', '627', '855', '88', '892', '451', '932', '975']
['862', '24', '303', '841', '966', '521', '258', '512', '778', '536', '115', '906', '230']
['845', '459', '445', '299', '523', '516', '749', '600', '638', '615', '288', '920', '0']
['351', '979', '37', '290', '13', '580', '448', '138', '529', '848', '325', '919', '683']
['774', '241', '934', '765', '216', '723', '631', '423', '950', '669', '581', '196', '809']
['420', '777', '803', '236', '500', '883', '509', '6', '569', '955', '41', '665', '347']
['697', '285', '587', '315', '676', '411', '40', '657', '773', '650', '524', '140', '44']
['961', '869', '414', '208', '96', '225', '912', '376', '201', '557', '400', '930', '687']
['617', '526', '983', '653', '992', '844', '447', '189', '146', '464', '276', '576', '327']
['357', '646', '149', '384', '387', '403', '25', '435', '944', '630', '148', '902', '748']
['87', '805', '460', '432', '603', '682', '936', '231', '745', '588', '611', '240', '639']
['372', '857', '212', '807', '648', '359', '667', '752', '971', '234', '469', '185', '261']
['741', '767', '206', '753', '941', '554', '575', '721', '993', '860', '371', '111', '808']
['9', '549', '586', '563', '390', '198', '439', '736', '35', '90', '401', '790', '361']
['46', '750', '268', '553', '8', '786', '933', '727', '382', '204', '843', '832', '717']
['812', '379', '735', '954', '30', '17', '166', '233', '601', '766', '438', '597', '578']
['213', '154', '953', '272', '100', '620', '877', '335', '905', '688', '389', '186', '606']
['84', '457', '336', '619', '840', '725', '2', '243', '866', '743', '454', '43', '392']
['49', '836', '294', '227', '917', '850', '271', '785', '969', '418', '455', '142', '436']
['781', '675', '894', '408', '962', '502', '507', '367', '949', '134', '78', '158', '18']
['718', '309', '386', '125', '972', '342', '780', '468', '191', '106', '263', '322', '715']
['833', '997', '274', '763', '321', '690', '483', '21', '626', '173', '260', '145', '859']
['535', '370', '108', '337', '695', '771', '568', '784', '908', '574', '89', '126', '366']
['22', '948', '977', '314', '596', '758', '769', '528', '68', '463', '522', '904', '105']
['591', '486', '740', '589', '854', '70', '921', '858', '602', '72']
['802', '831', '991', '220', '489', '226', '986', '556', '821', '796', '183']
['205', '806', '248', '107', '519', '137']
['152', '747', '61', '381', '237', '965', '527', '374']
['167', '282', '112']
['192', '910', '493', '896']
['318', '426', '884', '32']
['119', '830', '310']
['71', '998']
['175']
['246', '987']
['171']
['794', '170']
['338']
['487', '10']
['472', '475']
['664', '731']
['462', '915']
['940']
['829']
['235']
['689']
['541']
['330']
['599']
['429']
['45']
['333']
['117']
