['835', '370', '282', '13', '803', '346', '244', '630', '58', '812', '96', '991', '135', '479', '864', '752', '694', '885', '501', '430', '429', '326', '675', '976', '685', '590', '83', '705', '494', '764', '402', '424', '793', '595', '425', '550', '484', '643', '19', '505']
['482', '948', '785', '912', '561', '40', '120', '203', '574', '822', '880', '591', '723', '854', '45', '907', '90', '665', '4', '262', '108', '840', '299', '181', '769', '973', '609', '225', '184', '470', '53', '193', '29', '358', '636', '632', '905', '111', '910', '875']
['856', '69', '580', '16', '575', '238', '86', '843', '559', '833', '918', '698', '102', '811', '953', '722', '870', '674', '422', '966', '922', '670', '226', '224', '145', '845', '565', '777', '268', '437', '258', '693', '503', '796', '873', '344', '384', '490', '599', '504']
['579', '655', '543', '959', '56', '920', '987', '215', '186', '22', '456', '453', '272', '760', '855', '949', '667', '42', '106', '462', '292', '668', '289', '162', '67', '26', '868', '300', '893', '227', '857', '897', '754', '725', '901', '73', '743', '930', '142', '77']
['320', '549', '914', '247', '866', '650', '243', '242', '935', '862', '842', '853', '553', '957', '270', '602', '400', '305', '252', '196', '372', '958', '32', '63', '962', '497', '251', '278', '846', '729', '891', '511', '427', '386', '391', '281', '498', '582', '263', '606']
['654', '911', '771', '749', '967', '190', '990', '732', '417', '230', '566', '413', '786', '376', '163', '865', '525', '220', '805', '356', '710', '131', '432', '164', '188', '491', '246', '217', '172', '303', '878', '256', '960', '421', '14', '669', '140', '0', '931', '604']
['357', '269', '337', '623', '739', '658', '369', '790', '347', '350', '474', '301', '460', '648', '860', '428', '615', '863', '779', '125', '319', '121', '964', '527', '649', '611', '488', '168', '533', '690', '342', '207', '531', '889', '877', '455', '738', '540', '126', '859']
['741', '544', '410', '377', '416', '577', '440', '906', '947', '526', '284', '898', '677', '673', '688', '335', '932', '264', '988', '330', '70', '113', '645', '848', '628', '946', '261', '118', '861', '824', '538', '573', '545', '229', '150', '620', '35', '51', '200', '995']
['328', '699', '747', '405', '133', '423', '33', '25', '477', '362', '366', '487', '3', '613', '235', '806', '507', '652', '189', '773', '388', '23', '298', '509', '662', '254', '539', '597', '800', '239', '46', '757', '765', '737', '839', '879', '622', '394', '104', '392']
['924', '682', '887', '345', '431', '363', '228', '314', '237', '419', '523', '201', '116', '144', '814', '452', '170', '555', '39', '436', '31', '187', '978', '492', '742', '223', '426', '399', '72', '50', '625', '152', '465', '52', '250', '359', '942', '395', '68', '955']
['646', '753', '635', '829', '913', '858', '43', '834', '274', '763', '794', '352', '122', '530', '936', '307', '692', '89', '55', '532', '965', '994', '221', '169', '401', '804', '706', '717', '607', '97', '355', '656', '312', '676', '593', '8', '826', '257', '970', '327']
['177', '548', '28', '409', '926', '768', '403', '36', '444', '204', '517', '792', '818', '750', '601', '711', '255', '702', '823', '311', '681', '12', '448', '589', '592', '799', '736', '626', '382', '155', '232', '364', '209', '895', '915', '892', '974', '703', '999', '105']
['851', '91', '666', '331', '276', '103', '420', '84', '633', '586', '734', '827', '459', '411', '993', '280', '313', '249', '81', '830', '888', '969', '847', '127', '463', '325', '513', '304', '62', '979', '614', '619', '132', '161', '296', '928', '253', '415', '75', '446']
['562', '213', '837', '149', '259', '718', '486', '721', '167', '318', '516', '825', '817', '438', '245', '925', '874']
['5', '461', '321', '309', '596', '134', '88', '588', '745', '923', '404', '467', '520', '867', '109', '468', '495', '612', '195', '374', '316', '831', '937', '192', '38', '820', '828', '10', '317', '130', '881', '85', '383', '972', '679', '378', '365', '657', '80', '975']
['414', '129', '510', '992', '54', '146', '950', '585', '751', '776', '696', '634', '323', '727', '519', '638', '493', '524', '715', '30', '6', '933', '100', '231', '279', '581', '240', '275', '689', '379', '740', '904', '156', '315', '197', '82', '185', '47', '547', '838']
['24', '720', '899', '528', '600', '772', '153', '767', '294', '956', '1', '798', '578', '306', '704', '534', '198', '536', '934', '138', '322', '774', '211', '61', '563', '442', '74', '295', '985', '514', '784', '367']
['572', '398', '783', '483', '850', '640', '807', '780', '283', '297', '691', '79', '951', '78', '412', '963']
['755', '434', '789', '733', '17', '651', '782', '998', '123', '472', '872', '447', '672', '329', '661', '815', '984', '890', '919', '183', '354', '214', '368', '663', '380', '714', '603', '115']
['610', '37', '813', '512', '475', '980', '809', '433', '216', '348', '521', '286', '148', '147', '647', '349', '443', '515', '621', '361', '791', '637', '476', '567', '557', '684', '165', '360', '522', '608']
['206', '841', '502', '93', '375', '605', '529', '371', '902', '761', '464', '137', '260', '171', '95', '59', '143', '233', '929', '551', '435', '92', '449', '719', '709', '542', '18']
['277', '285', '954', '290', '212', '801', '458', '339', '537', '173', '584', '908', '351', '76', '291', '407', '569', '397', '451', '598', '683', '535', '64', '343', '396', '766', '334', '986', '49', '697', '744', '781', '293', '418', '57', '971', '778', '136', '20', '852']
['518', '961', '617', '968', '205', '457', '560', '439', '287', '570', '236', '340', '248', '114', '558', '903', '556', '174', '159', '568', '471']
['707', '836', '154', '222', '653', '27', '644', '762', '288', '869', '997', '797', '101', '884', '660', '21', '759', '373', '469', '310', '982', '450', '267', '712', '341', '7', '810', '406', '916', '332', '659', '541', '816', '336', '34', '66', '107', '180', '139', '639']
['338', '353', '641', '508', '199', '441', '758', '160', '686', '94', '110', '265', '701', '271', '731', '748']
['996', '952', '819', '308', '496', '175', '770', '266', '618', '98', '849', '389', '687', '141', '385', '886', '587', '680', '387', '473', '876', '99', '87', '713', '324', '499', '112', '179', '445', '202', '393', '787', '728', '909', '941', '939', '48', '795', '60', '844']
['117', '71', '989', '896', '730', '480', '546', '871', '333', '631', '157', '921', '938', '940', '944', '191', '583', '945', '466', '594']
['9', '15', '900', '775', '234', '671', '716', '695', '883', '642', '756', '576', '44', '158', '273']
['208', '176', '178', '194', '408', '977', '981', '166', '302', '128', '726', '124', '218', '500', '454', '821', '506', '478']
['983', '241', '894', '182', '554', '2', '943', '41']
['802', '746', '678', '616']
['210', '11', '219', '708', '808']
['735', '481', '724', '564', '151', '832']
['485', '381', '917', '788', '119', '489', '627', '882']
['624', '552', '629', '65', '571', '390', '700', '664', '927']
