['357', '338', '5', '37', '410', '308', '543', '375', '561', '247', '141', '22', '294', '587', '404', '486', '553', '237', '506', '307', '148', '39', '213', '64', '210', '396', '258', '278', '426', '7', '491', '463', '138', '354', '533', '355', '560', '619', '490', '603', '476', '359', '358', '47', '504', '218', '421', '253', '136', '139']
['177', '423', '212', '489', '98', '346', '243', '537', '153', '173', '215', '385', '381', '76', '284', '453', '323', '201', '116', '226', '163', '451', '316', '99', '105', '326', '448', '492', '554', '198', '83', '6', '251', '341', '382', '300', '435', '513', '158', '46', '184', '629', '538', '73', '378', '107', '318', '200', '514', '446']
['579', '277', '285', '241', '546', '69', '302', '238', '25', '438', '288', '157', '466', '366', '633', '474', '314', '101', '119', '122', '439', '348', '411', '521', '464', '388', '41', '598', '429', '176', '249', '38', '110', '121', '334', '239', '273', '624', '380', '481', '484', '442', '364', '150', '295', '340', '547', '180', '263', '367']
['409', '405', '575', '623', '297', '174', '630', '417', '58', '3', '363', '586', '566', '178', '301', '291', '516', '615', '286', '499', '112', '437', '356', '432', '202', '67', '26', '254', '642', '494', '515', '597', '317', '246', '261', '424', '425', '211', '214', '488', '480', '85', '390', '229', '342', '114', '542', '77', '126', '639']
['129', '290', '502', '133', '17', '266', '477', '265', '86', '574', '44', '230', '526', '84', '102', '457', '216', '472', '283', '627', '224', '535', '372', '532', '187', '179', '125', '570', '143', '188', '113', '167', '621', '231', '279', '118', '72', '50', '168', '8', '505', '281', '82', '498', '185', '640', '395', '159', '142', '522']
['548', '370', '182', '377', '166', '331', '371', '517', '584', '43', '78', '634', '591', '433', '274', '235', '352', '21', '493', '195', '42', '145', '4', '518', '313', '15', '108', '343', '571', '330', '626', '611', '183', '117', '97', '637', '161', '132', '465', '303', '582', '74', '394', '234', '207', '636', '365', '455', '0', '18']
['414', '206', '154', '549', '441', '512', '644', '345', '362', '487', '9', '351', '552', '456', '520', '601', '407', '523', '530', '109', '45', '310', '616', '555', '329', '305', '252', '71', '262', '147', '31', '324', '267', '100', '221', '127', '271', '322', '595', '344', '304', '470', '208', '315', '384', '193', '197', '511', '632', '80']
['610', '222', '544', '482', '16', '287', '175', '33', '416', '528', '27', '56', '369', '431', '420', '350', '459', '376', '1', '189', '638', '452', '137', '245', '501', '311', '171', '87', '95', '12', '233', '164', '609', '558', '628', '401', '581', '332', '152', '550', '607', '643', '172', '296', '593', '599', '66', '620', '257', '360']
['572', '146', '458', '88', '475', '244', '339', '389', '203', '123', '485', '205', '135', '270', '467', '419', '479', '468', '160', '428', '462', '298', '30', '192', '534', '592', '10', '399', '539', '454', '406', '625', '379', '225', '61', '156', '573', '312', '19', '52', '391', '209', '236', '386', '14', '415', '48', '556', '540', '392']
['28', '328', '461', '194', '434', '337', '36', '93', '631', '91', '496', '605', '134', '444', '79', '353', '333', '612', '397', '602', '568', '524', '90', '196', '562', '59', '289', '81', '162', '497', '443', '402', '503', '325', '240', '232', '149', '614', '563', '151', '29', '250', '104', '35', '75', '51', '111', '20', '115', '594']
['269', '13', '403', '596', '54', '500', '40', '103', '588', '440', '478', '347', '559', '259', '387', '507', '422', '473', '519', '469', '255', '400', '106', '280', '483', '220', '63', '590', '589', '181', '131', '509', '128', '645', '536', '92', '551', '275', '62', '199', '541', '34', '427', '65', '383', '418', '140', '60', '412', '525']
['321', '24', '564', '309', '600', '529', '242', '191', '204', '186', '471', '398', '413', '2', '495', '569', '335', '144', '170', '374', '219', '55', '264', '565', '32', '408', '445', '393', '527', '169', '130', '361', '617', '368', '227', '49', '641', '336', '545', '256', '622', '293', '57', '248', '531', '567', '557', '94', '608']
['155', '320', '613', '450', '508', '510', '228', '11', '53', '618', '319', '70', '124', '276', '585', '120', '306', '89', '68', '165', '604']
['292', '96', '635', '268', '349', '23', '578', '430']
['373', '217', '577', '223', '606']
['327', '436']
['260']
['282', '576']
['583', '447']
['190']
['580']
['299']
['460']
['449']
['272']
