['277', '549', '13', '529', '903', '347', '466', '420', '526', '811', '467', '956', '898', '752', '374', '535', '87', '532', '187', '343', '143', '933', '491', '964', '470', '896', '781', '61', '619', '364', '295', '743', '684', '557', '784']
['952', '924', '851', '596', '242', '537', '990', '588', '141', '552', '521', '163', '335', '329', '280', '108', '12', '815', '668', '399', '817', '231', '539', '494', '611', '941', '336', '622', '942', '124', '14', '48', '542', '930', '77']
['653', '482', '508', '129', '33', '605', '650', '173', '3', '698', '797', '387', '237', '695', '677', '23', '306', '311', '41', '616', '436', '830', '299', '825', '729', '454', '325', '184', '629', '53', '427', '582', '340', '358', '859']
['741', '546', '405', '580', '266', '772', '822', '363', '259', '2', '530', '670', '993', '226', '388', '327', '298', '989', '59', '268', '710', '685', '432', '258', '113', '426', '533', '172', '85', '383', '878', '248', '318', '632', '115']
['357', '579', '646', '768', '98', '561', '247', '243', '389', '945', '834', '584', '732', '350', '178', '788', '870', '957', '119', '189', '672', '673', '823', '224', '808', '483', '179', '198', '890', '26', '406', '424', '214', '656', '312']
['414', '835', '572', '623', '512', '458', '120', '43', '925', '431', '274', '674', '439', '612', '860', '313', '448', '840', '705', '883', '645', '642', '693', '793', '617', '624', '488', '208', '979', '614', '342', '234', '738', '892', '951']
['510', '948', '841', '829', '803', '282', '91', '576', '583', '843', '574', '186', '792', '478', '806', '1', '310', '704', '845', '675', '83', '393', '278', '279', '158', '581', '697', '791', '977', '384', '421', '985', '540', '748', '604']
['320', '36', '346', '56', '438', '369', '751', '687', '833', '272', '601', '760', '109', '283', '160', '949', '982', '832', '99', '30', '408', '570', '536', '861', '72', '774', '232', '29', '690', '679', '378', '780', '955', '136', '660']
['290', '911', '423', '416', '782', '887', '762', '630', '44', '745', '696', '84', '351', '314', '553', '422', '468', '116', '615', '701', '148', '692', '598', '239', '449', '480', '156', '839', '593', '775', '218', '889', '826', '999', '105']
['699', '564', '496', '950', '40', '134', '940', '265', '908', '790', '947', '58', '566', '457', '814', '452', '988', '15', '554', '571', '128', '799', '130', '332', '709', '757', '199', '193', '151', '303', '209', '250', '114', '910', '525']
['856', '338', '548', '954', '666', '651', '444', '244', '998', '767', '294', '633', '96', '507', '667', '495', '286', '4', '715', '681', '131', '626', '503', '183', '117', '152', '744', '511', '465', '498', '359', '207', '504', '905', '142']
['610', '654', '543', '166', '807', '771', '600', '25', '190', '849', '191', '591', '880', '216', '722', '966', '479', '428', '524', '31', '958', '292', '38', '589', '509', '821', '227', '754', '765', '132', '879', '281', '386', '392', '606']
['241', '819', '730', '992', '302', '88', '417', '812', '735', '842', '486', '270', '122', '648', '147', '71', '262', '562', '518', '691', '402', '551', '513', '719', '155', '379', '62', '380', '168', '149', '850', '150', '455', '94', '18']
['996', '175', '866', '477', '203', '987', '906', '487', '981', '333', '854', '460', '922', '501', '42', '55', '326', '742', '497', '319', '70', '929', '10', '322', '46', '541', '917', '737', '599', '253', '365', '415', '180', '664', '995']
['154', '69', '914', '133', '238', '345', '776', '886', '818', '734', '301', '235', '953', '569', '45', '885', '137', '81', '221', '443', '846', '317', '800', '740', '344', '550', '538', '897', '676', '725', '82', '104', '726', '620', '608']
['206', '720', '721', '489', '103', '927', '153', '157', '22', '398', '586', '827', '459', '853', '352', '867', '447', '419', '694', '305', '125', '847', '334', '515', '986', '919', '138', '663', '939', '567', '68', '756', '0', '852', '639']
['24', '309', '631', '899', '959', '682', '276', '980', '485', '474', '520', '453', '711', '376', '936', '727', '195', '260', '876', '430', '665', '171', '661', '264', '450', '900', '994', '558', '804', '893', '607', '236', '476', '73', '140']
['11', '409', '926', '635', '913', '308', '16', '770', '297', '174', '339', '78', '362', '970', '700', '373', '64', '777', '805', '192', '766', '609', '67', '868', '382', '810', '463', '595', '717', '625', '560', '573', '296', '229', '165']
['28', '194', '410', '337', '93', '204', '559', '284', '407', '864', '855', '568', '307', '176', '718', '973', '223', '592', '181', '764', '873', '916', '50', '961', '225', '8', '505', '960', '395', '938', '636', '895', '578', '844', '975']
['789', '618', '575', '375', '920', '123', '433', '613', '680', '413', '723', '323', '473', '516', '638', '170', '245', '555', '39', '32', '976', '356', '188', '330', '251', '662', '736', '527', '361', '412', '901', '657', '915', '669', '875']
['285', '222', '783', '461', '54', '801', '858', '944', '366', '385', '353', '724', '135', '884', '761', '932', '289', '249', '962', '934', '300', '261', '368', '659', '678', '857', '315', '161', '197', '293', '531', '556', '200', '111', '263']
['837', '5', '755', '321', '377', '528', '331', '475', '440', '471', '923', '869', '228', '429', '831', '63', '863', '746', '590', '888', '769', '341', '621', '597', '909', '127', '706', '442', '714', '545', '972', '708', '57', '107', '75']
['836', '544', '785', '288', '215', '587', '456', '798', '291', '397', '688', '400', '451', '506', '145', '731', '865', '324', '499', '937', '647', '445', '202', '233', '716', '848', '401', '275', '816', '686', '66', '47', '877', '257', '139']
['177', '912', '733', '17', '79', '577', '658', '517', '935', '918', '991', '101', '348', '759', '464', '519', '702', '779', '492', '162', '758', '6', '110', '167', '943', '946', '118', '273', '34', '65', '928', '51', '514', '60', '874']
['370', '434', '894', '182', '212', '500', '802', '9', '76', '381', '404', '786', '201', '602', '106', '462', '95', '969', '820', '164', '787', '7', '254', '240', '354', '211', '881', '891', '983', '484', '689', '640', '185', '931', '703']
['707', '441', '328', '502', '146', '739', '749', '963', '205', '763', '794', '472', '872', '523', '411', '627', '89', '196', '968', '112', '267', '437', '965', '100', '628', '649', '304', '49', '390', '52', '394', '603', '418', '80', '20']
['269', '747', '37', '838', '813', '27', '634', '997', '493', '773', '255', '144', '219', '213', '396', '349', '121', '246', '796', '425', '637', '871', '19', '971', '778', '446', '360', '126', '594']
['753', '403', '967', '371', '585', '86', '882', '809', '750', '652', '469', '683', '713', '372', '978', '534', '728', '435', '92', '904', '217', '481', '391', '547', '159', '367']
['97', '563', '74', '287', '90', '271', '252']
['220', '795', '169', '35', '641']
['984', '712', '974', '902', '316', '230']
['643', '828', '490', '655']
['671', '565', '921', '210']
['644']
['824']
['21']
['355']
['907']
['862', '256']
['102', '522']
