['579', '129', '635', '655', '405', '580', '682', '297', '858', '577', '244', '215', '44', '906', '228', '235', '144', '501', '306', '106', '171', '988', '647', '94', '113', '367', '231', '800', '72', '361', '168', '896', '29', '780', '938', '75', '542', '140', '910', '327']
['320', '549', '653', '785', '789', '133', '287', '950', '561', '79', '56', '288', '478', '591', '794', '189', '949', '907', '692', '4', '89', '562', '264', '497', '121', '443', '984', '868', '382', '503', '211', '488', '480', '541', '217', '85', '364', '65', '714', '522']
['338', '996', '952', '546', '819', '28', '529', '444', '751', '173', '102', '101', '674', '333', '638', '524', '462', '145', '99', '59', '343', '289', '445', '100', '728', '334', '551', '861', '325', '425', '689', '697', '49', '791', '897', '296', '209', '293', '159', '360']
['154', '269', '753', '337', '899', '33', '605', '650', '242', '123', '398', '586', '867', '854', '523', '479', '700', '673', '335', '885', '307', '430', '499', '393', '825', '943', '341', '821', '649', '239', '857', '917', '871', '132', '150', '253', '418', '895', '257', '142']
['610', '544', '807', '302', '146', '862', '353', '530', '864', '814', '452', '555', '148', '932', '715', '450', '32', '176', '710', '167', '846', '536', '317', '946', '904', '595', '617', '656', '643', '511', '390', '879', '686', '66', '48', '136', '540', '844', '999', '525']
['414', '206', '508', '37', '17', '331', '849', '537', '584', '947', '724', '486', '970', '373', '226', '519', '702', '701', '260', '483', '313', '324', '532', '162', '830', '590', '929', '597', '332', '368', '50', '757', '384', '690', '236', '901', '359', '218', '200', '975']
['328', '409', '596', '423', '771', '458', '940', '475', '990', '78', '385', '802', '613', '294', '898', '388', '469', '329', '268', '187', '448', '554', '83', '769', '67', '558', '934', '300', '158', '46', '624', '225', '155', '394', '391', '104', '318', '114', '632', '915']
['992', '308', '913', '166', '212', '770', '369', '630', '574', '925', '923', '767', '433', '459', '237', '966', '956', '45', '305', '316', '147', '713', '565', '863', '38', '198', '70', '251', '716', '513', '706', '183', '304', '97', '53', '563', '52', '248', '784', '105']
['510', '851', '543', '339', '576', '732', '84', '96', '178', '76', '274', '811', '806', '447', '652', '761', '922', '598', '779', '534', '685', '799', '609', '909', '796', '92', '130', '127', '214', '34', '172', '312', '582', '342', '395', '47', '971', '877', '415', '738']
['357', '5', '894', '489', '238', '792', '471', '833', '991', '788', '601', '648', '773', '311', '429', '179', '192', '900', '299', '181', '143', '509', '258', '828', '6', '246', '859', '149', '979', '725', '82', '972', '207', '852', '778', '165', '795', '995', '748', '660']
['441', '512', '346', '25', '772', '903', '389', '920', '687', '809', '363', '698', '314', '348', '760', '411', '670', '464', '615', '170', '95', '831', '112', '63', '965', '330', '787', '254', '642', '494', '406', '719', '941', '476', '889', '620', '669', '0', '875', '838']
['707', '93', '175', '91', '528', '575', '600', '517', '230', '818', '842', '474', '953', '439', '21', '727', '374', '219', '55', '865', '805', '962', '978', '210', '125', '432', '589', '994', '10', '515', '435', '322', '891', '229', '960', '636', '107', '180', '743', '985']
['741', '699', '309', '866', '345', '908', '945', '487', '420', '869', '566', '853', '270', '870', '291', '2', '752', '493', '936', '602', '982', '518', '213', '668', '840', '128', '671', '424', '881', '816', '442', '151', '490', '505', '603', '57', '942', '726', '955', '664']
['222', '835', '241', '783', '564', '502', '377', '911', '749', '27', '247', '980', '186', '431', '696', '594', '553', '119', '467', '1', '516', '397', '568', '876', '968', '675', '815', '492', '820', '202', '628', '402', '275', '824', '754', '676', '708', '684', '20', '604']
['837', '747', '282', '13', '40', '658', '265', '902', '362', '880', '918', '526', '3', '797', '723', '786', '507', '695', '116', '993', '245', '64', '937', '30', '976', '223', '810', '454', '873', '550', '629', '61', '156', '977', '850', '465', '234', '14', '35', '126']
['410', '98', '243', '276', '477', '58', '205', '381', '472', '284', '798', '407', '201', '627', '42', '196', '661', '535', '681', '436', '249', '645', '26', '626', '7', '261', '138', '611', '774', '199', '355', '336', '573', '427', '386', '599', '928', '421', '939', '115']
['856', '572', '768', '321', '803', '375', '141', '485', '350', '404', '460', '109', '283', '667', '612', '823', '845', '958', '326', '12', '15', '81', '848', '426', '169', '240', '961', '533', '152', '744', '208', '538', '185', '124', '657', '504', '826', '263', '60', '639']
['606', '646', '730', '755', '182', '500', '801', '666', '438', '120', '776', '963', '633', '886', '456', '672', '677', '310', '616', '280', '220', '108', '570', '736', '986', '793', '607', '678', '481', '765', '484', '641', '19', '622', '281', '378', '905', '51', '608', '446']
['948', '194', '290', '841', '959', '644', '967', '651', '153', '790', '9', '722', '981', '413', '272', '884', '376', '323', '473', '860', '506', '777', '356', '571', '396', '705', '131', '349', '592', '693', '983', '184', '380', '560', '193', '737', '498', '455', '756', '77']
['654', '461', '954', '36', '16', '623', '813', '134', '782', '944', '822', '521', '400', '832', '87', '292', '718', '742', '888', '758', '883', '817', '279', '717', '619', '303', '775', '874']
['914', '829', '190', '887', '583', '157', '735', '22', '259', '587', '419', '224', '665', '683', '539', '449', '663', '161', '593', '567', '547', '139']
['403', '631', '103', '585', '86', '987', '935', '457', '957', '495', '855', '286', '892', '267', '437', '969', '233', '933', '491', '890', '712', '964', '621', '893', '117', '709', '62', '839', '295', '80', '514', '18']
['11', '370', '417', '745', '734', '827', '352', '422', '163', '41', '90', '188', '319', '766', '662', '401', '118', '637', '315', '383', '640', '365']
['277', '548', '496', '54', '266', '762', '191', '204', '882', '588', '440', '301', '216', '428', '255', '298', '989', '746', '921', '164', '278', '354', '625', '344', '679', '531']
['812', '379', '781', '926', '912', '520', '545', '256', '721', '739', '340', '122', '358', '88', '694', '371', '764', '463', '581']
['177', '659', '924', '39', '847', '73', '273', '556', '578', '252', '412', '262']
['351', '31', '804', '763', '135', '160', '416', '691', '399', '729', '137', '843', '740', '466']
['552', '974', '750', '614', '408', '24', '69', '997', '8', '618', '559', '759', '688', '998', '195', '451', '271', '392', '808']
['634', '285', '372', '434', '973', '711', '468', '68', '927', '951', '834', '916', '71']
['482', '232', '720', '878', '74', '110', '221', '919', '930', '111', '43']
['836', '733', '174', '203', '347', '366', '680', '872', '387', '453', '569', '23', '731', '704', '527', '227', '470', '197', '250', '557', '931', '703']
