['812', '646', '101', '820', '691', '644', '736', '148', '322', '838']
['117', '586', '370', '129', '593', '475', '825', '242', '804', '876']
['579', '310', '216', '723', '912', '377', '70', '371', '524', '316']
['544', '835', '235', '828', '728', '56', '930', '809']
['357', '532', '490', '509', '994', '134', '519', '400', '106', '808']
['211', '591', '206', '108', '473', '766', '331', '515', '219', '999']
['217', '680', '953', '19', '21', '25', '645', '877', '684', '89']
['499', '301', '690', '685', '758', '769', '2', '185', '35', '987']
['139', '811', '249', '992', '973', '376', '340', '41', '649', '796']
['372', '976', '914', '742', '615', '905', '927', '203', '910', '327']
['304', '863', '189', '258', '985', '514', '982', '931', '834', '446']
['552', '629', '633', '841', '674', '682', '251', '464']
['698', '991', '465', '122', '574', '575', '621', '800', '261', '230']
['617', '154', '141', '287', '201', '426', '438', '539', '793']
['380', '966', '589', '74', '6', '868', '369', '692', '71']
['58', '996', '379', '7', '335', '628', '300']
['935', '900', '131', '175', '523', '223', '160', '254', '904', '39']
['983', '791', '470', '754', '401', '293', '592', '163', '144', '246']
['625', '767', '747', '12', '926', '321', '352', '801', '612', '48']
['222', '741', '15', '63', '718', '879', '391', '883', '658', '412']
['968', '363', '193', '453', '933', '226', '602', '51', '153', '732']
['259', '750', '655', '497', '570', '887', '542', '875', '501', '715']
['607', '13', '162', '561', '493', '814', '990', '915', '598', '126']
['716', '925', '888', '278']
['526', '893', '69', '596', '600', '890', '245', '503', '822', '604']
['313', '997', '194', '161', '486', '109', '248', '909', '142', '60']
['214', '87', '472', '580', '573', '867', '342', '334', '650', '494']
['566', '819', '268', '34', '445', '476', '57', '727', '817', '881']
['869', '353', '381', '442', '962', '410', '884', '623', '26', '140']
['880', '448', '85', '543', '456', '618', '806', '752', '889', '195']
['232', '785', '590', '780', '221', '666', '569', '620', '908', '995']
['225', '482', '896', '538', '977', '387', '403', '364', '27', '18']
['781', '851', '853', '768', '228', '848', '971', '382', '683', '436']
['827', '648', '959', '866', '694', '616', '215', '852']
['815', '172', '427', '378', '207', '47', '967', '701', '581', '50']
['845', '546', '803', '348', '402', '902']
['487', '730', '897', '73', '243', '388', '462', '703', '44']
['184', '777', '461', '779', '582', '530', '14', '567', '998', '360']
['709', '549', '42', '560', '229', '1', '708', '898', '605', '159']
['81', '133', '468', '266', '455', '762', '428', '406', '275']
['757', '681', '697', '474', '296', '679', '367', '517', '844', '366']
['850', '285', '257', '23', '332']
['274', '37', '267', '272', '386', '309', '677', '585', '186', '171']
['368', '396', '485']
['989', '842', '457', '797', '938', '415']
['707', '220', '635', '755', '899', '949', '469', '191']
['857', '753', '675', '408', '315', '789', '642', '821', '919', '665']
['107', '49', '365', '945', '302']
['865', '763', '24', '693', '333', '626', '778', '288', '463', '559']
['961', '704', '152', '599', '291', '928', '247', '936', '920', '449']
['508', '405', '965', '807', '407', '349', '323', '929', '630', '46']
['344', '541', '182', '358', '846', '127']
['562', '22', '613', '576', '798', '443', '970', '311', '325', '661']
['659', '284', '564', '502', '339', '578', '78']
['413', '521', '672', '955', '702', '169', '43']
['11', '572', '510', '337', '104', '500', '68', '451', '111', '478']
['664', '784', '209', '440', '120']
['320', '294', '760', '657', '826', '513', '262']
['958', '614', '507', '143', '609', '903', '244']
['667', '993', '588', '252', '92']
['634', '831', '713', '921', '479', '787', '265', '374', '584', '305']
['338', '16', '166', '847', '558', '138', '717']
['52', '496', '528', '813', '638', '180']
['3', '292', '823', '197', '422', '960', '83', '373', '751', '843']
['484', '198', '238', '121', '67', '458', '116', '20', '4', '696']
['488', '155', '96', '894', '150', '124', '531', '764', '522', '731']
['31', '924', '788', '384', '957', '553', '17', '506', '329', '147']
['29', '273', '190', '792', '33']
['689', '533', '298', '744', '917', '192', '854', '100', '772', '738']
['59', '53', '459', '978', '390', '467', '498', '739', '986', '946']
['277', '32', '355', '839', '76', '210', '505', '950', '687', '745']
['64', '735', '5', '30', '720', '270', '858', '307', '639']
['603', '395', '557', '200', '94', '859']
['678', '112', '699', '726', '782', '547', '537', '907', '224', '568']
['918', '840', '281', '164', '411', '167', '922', '495', '873', '832']
['336', '119', '721', '123', '187']
['833', '227', '38', '98', '423', '40', '136', '974']
['860', '943', '97', '347', '341']
['324', '565', '61', '737', '969', '256', '383', '88', '431']
['241', '290', '212', '283', '218', '72', '944', '90', '417', '975']
['548', '176', '36', '346', '885', '354']
['480', '434', '571', '710', '375', '652', '8', '504', '632', '263']
['765', '110', '671', '466', '906', '660']
['177', '95', '891', '818', '205', '937', '956', '714', '864', '611']
['350', '102', '563', '65', '312', '202', '236', '855', '77', '963']
['491', '916']
['437', '870', '93', '330', '399', '688', '345', '86', '158']
['165', '952', '636', '404', '892']
['170', '398', '711', '686', '668']
['343', '913', '770', '253', '233', '759', '393', '454', '173', '551']
['135']
['213', '941', '269', '178', '673', '577', '556', '477', '306', '392']
['518', '911', '319', '901', '695', '942', '114', '939', '583', '882']
['856', '199', '805', '82', '749', '145', '595']
['483', '79', '622', '240', '105']
['830', '188', '972', '555', '115', '425']
['631', '895', '174']
['450', '520', '66', '231', '157', '239']
['535', '587', '237', '601', '432', '146', '297', '849', '318', '527']
['9', '624', '181', '627', '984', '416', '525']
['168', '149', '481', '872', '447', '118', '280', '861', '183', '947']
['862', '550', '208', '816', '554', '250', '394', '260', '790', '608']
['641', '282', '299', '940', '444', '597', '776', '435']
['836', '810']
['774', '724', '234', '670', '662', '424']
['433', '289', '314', '132', '460', '80', '452', '361']
['663', '979', '512', '359', '317', '606']
['923', '656', '643', '179', '746', '125', '419', '421', '103', '196']
['619', '637', '773', '326', '54']
['610', '441', '871', '829', '545', '878', '295', '771', '128', '729']
['113', '725', '276']
['654', '783', '409', '676', '712', '951']
['156', '356', '303', '45', '389', '55', '932', '594']
['794', '653', '536', '418']
['734', '511', '651', '130', '740', '471']
['988', '824', '540', '75', '795', '0', '429']
['802', '84', '948', '492', '489', '706']
['799', '351', '964', '439', '874']
['264', '62', '640', '10', '756', '286', '362', '99']
['981', '420', '28']
['719', '647', '151', '534', '91', '775', '743', '748']
['308', '733', '786', '529', '397', '279', '271']
['980', '204', '328', '934', '669']
['516', '722', '430', '761', '700']
['837', '414', '886', '954', '705', '255', '137', '385']
