['617', '87', '880', '84', '614', '34', '788', '437', '445', '705', '202', '769', '73', '365', '443', '772', '909', '41', '449', '748']
['646', '829', '785', '377', '618', '403', '770', '500', '228', '21', '224', '32', '38', '830', '319', '349', '221', '463', '364', '928', '14', '905', '743', '327', '446']
['461', '851', '841', '266', '103', '658', '86', '732', '872', '272', '495', '329', '4', '828', '662', '536', '130', '791', '217', '303', '132', '498', '207', '877']
['282', '321', '911', '27', '792', '353', '806', '601', '160', '237', '670', '832', '865', '81', '758', '589', '799', '848', '138', '893', '168', '857', '490', '599']
['856', '837', '5', '129', '290', '926', '93', '623', '866', '762', '517', '776', '58', '526', '135', '680', '2', '627', '752', '569', '694', '245', '400', '831', '805', '668', '718', '268', '840', '179', '847', '6', '426', '341', '494', '597', '325', '717', '361', '151', '82', '293', '476', '250', '620', '778', '556', '60', '105', '285', '913', '91', '166', '721', '575', '858', '577', '345', '191', '417', '366', '485', '591', '735', '456', '507', '422', '652', '523', '648', '759', '116', '226', '667', '602', '307', '260', '316', '196', '450', '187', '647', '571', '198', '143', '626', '401', '275', '240', '481', '656', '172', '312', '19', '878', '636', '48', '895', '874', '606', '320', '548', '370', '730', '69', '182', '655', '36', '423', '302', '512', '78', '44', '487', '767', '457', '724', '314', '468', '479', '530', '677', '23', '907', '280', '252', '55', '704', '176', '396', '609', '334', '26', '712', '425', '368', '896', '484', '384', '640', '505', '545', '664', '140', '838', '338', '269', '914', '175', '771', '529', '174', '902', '478', '385', '797', '413', '469', '335', '42', '286', '305', '518', '326', '499', '249', '820', '164', '766', '868', '246', '435', '904', '183', '706', '117', '663', '629', '380', '53', '679', '359', '185', '107', '358', '367']
['357', '653', '24', '308', '720', '297', '346', '908', '834', '466', '613', '474', '96', '76', '763', '323', '388', '451', '145', '483', '264', '681', '436', '685', '188', '399', '231', '317', '533', '891', '383', '657']
['277', '194', '749', '559', '123', '471', '363', '698', '404', '459', '853', '761', '109', '665', '430', '219', '876', '15', '728', '800', '607', '839', '315', '114', '531', '35', '68', '360', '522', '525']
['546', '566', '912', '270', '125', '212', '92', '418', '251', '760', '787', '444', '846', '632', '915', '369', '887', '122', '153', '598', '72']
['697', '549', '511', '337', '555', '465', '189', '807', '278', '642', '503', '263', '158', '362']
['177', '409', '458', '79', '242', '906', '205', '387', '674', '864', '815', '863', '570', '233', '181', '693', '354', '62', '563', '52', '8', '236', '708', '66', '209', '756']
['64', '379', '624', '28', '108', '101', '85', '723', '439', '883', '898', '40', '738', '111', '615', '454', '406', '147']
['600', '630', '203', '173', '583', '584', '809', '696', '802', '259', '467', '884', '376', '419', '119', '855', '860', '773', '814', '885', '462', '39', '12', '254', '817', '628', '551', '424', '550', '781', '541', '725', '391', '342', '218', '567', '892', '578', '115']
['420', '819', '29', '534', '348', '16', '407', '238', '739', '716', '491', '464', '276', '539', '120', '137', '514', '0', '142', '99']
['610', '753', '405', '543', '789', '596', '813', '666', '25', '574', '43', '634', '886', '842', '722', '672', '373', '519', '112', '497', '873', '757', '155', '199', '538', '161', '455', '415']
['836', '133', '923', '633', '827', '460', '411', '660', '727', '428', '429', '808', '713', '192', '184', '754', '295', '57', '340', '542', '80', '639']
['54', '247', '651', '477', '230', '381', '794', '711', '291', '798', '731', '715', '262', '210', '492', '110', '167', '804', '470', '678', '442', '296', '686', '126']
['243', '782', '588', '9', '869', '811', '520', '473', '106', '30', '554', '330', '393', '810', '169', '513', '239', '881', '719', '871', '676', '879', '74', '248', '124', '20']
['579', '741', '441', '33', '751', '186', '144', '306', '701', '220', '408', '742', '888', '432', '821', '793', '97', '622', '901', '780', '421', '395', '889', '784']
['214', '49', '71', '482', '835', '289', '703', '356', '352', '592', '100', '283', '558', '557', '339', '374', '165', '389', '608', '595']
['414', '11', '894', '576', '750', '472', '786', '310', '313', '562', '372', '223', '509', '621', '279', '304', '232', '816', '65', '386', '234', '684']
['502', '496', '631', '899', '216', '553', '333', '700', '675', '83', '258', '67', '890', '729', '382', '527', '271', '227', '197', '737', '850', '229', '394', '180', '540', '94', '392']
['654', '434', '561', '849', '134', '438', '244', '585', '141', '22', '294', '552', '301', '734', '692', '683', '565', '267', '113', '736', '118', '744', '824', '208', '593', '378', '75', '200', '139']
['328', '699', '510', '528', '644', '903', '371', '537', '790', '398', '447', '516', '324', '779', '900', '162', '70', '764', '916', '709', '225', '637', '427', '390', '136', '859']
['625', '206', '154', '298', '641', '917', '156', '292', '31', '152', '590', '416', '331', '673', '826', '702', '638', '825', '311']
['222', '149', '37', '343', '131', '375', '256', '726', '605', '452', '88', '56', '691', '922', '288', '318', '740', '822']
['535', '211', '918', '102', '480', '823', '355', '635', '580', '309', '710', '257', '489', '645', '190', '170', '616', '649', '687', '347', '594']
['95', '433', '777', '572', '765', '410', '336', '486', '13', '128', '695', '10', '18', '910', '440', '745', '332']
['707', '733', '801', '475', '3', '274', '870', '612', '875', '506', '171', '59', '63', '611', '273', '689', '488', '344', '573', '281', '104', '603', '47', '412']
['747', '755', '768', '920', '812', '351', '587', '235', '284', '521', '201', '397', '493', '45', '501', '195', '148', '89', '661', '213', '299', '7', '919', '127', '861', '322', '61', '619', '504', '547', '51', '925']
['803', '17', '146', '650', '927', '882', '215', '431', '350', '586', '867', '688', '255', '90', '448', '796', '643', '690', '150', '159', '795', '604']
['544', '241', '564', '98', '287', '204', '843', '157', '833', '862', '178', '453', '1', '524', '845', '532', '921', '121', '929', '402', '261', '50', '774', '560', '193', '714', '775', '844']
['508', '783', '924', '682', '265', '818', '854', '163', '568', '746', '671', '515', '300', '581', '46', '659', '897', '582', '253', '669', '77', '852']
