['837', '996', '546', '461', '129', '912', '93', '618', '739', '346', '866', '120', '576', '517', '776', '834', '634', '398', '259', '178', '680', '788', '884', '460', '109', '627', '949', '673', '245', '823', '400', '306', '4', '429', '988', '831', '805', '59', '179', '742', '847', '110', '251', '443', '964', '729', '10', '804', '271', '127', '881', '625', '624', '184', '480', '871', '197', '676', '209', '394', '498', '73', '47', '556', '514', '20', '610', '277', '579', '409', '841', '166', '575', '91', '959', '666', '27', '650', '585', '389', '157', '574', '466', '471', '802', '485', '633', '96', '76', '811', '553', '723', '806', '674', '798', '422', '672', '453', '652', '612', '602', '885', '260', '462', '665', '147', '316', '430', '12', '815', '746', '356', '38', '131', '799', '662', '7', '382', '909', '693', '300', '275', '595', '488', '781', '156', '656', '172', '65', '312', '714', '622', '754', '708', '686', '395', '427', '971', '895', '915', '111', '263', '931', '540', '995', '608', '525', '594', '548', '328', '655', '36', '302', '500', '967', '944', '998', '630', '947', '935', '487', '767', '457', '953', '333', '966', '479', '407', '144', '23', '388', '224', '506', '252', '71', '989', '777', '176', '289', '192', '779', '223', '202', '128', '334', '712', '825', '873', '449', '158', '332', '709', '379', '368', '740', '607', '541', '824', '774', '511', '465', '780', '340', '531', '756', '974', '115', '852', '352', '646', '699', '992', '377', '720', '733', '146', '771', '247', '444', '79', '190', '772', '153', '792', '431', '862', '294', '350', '586', '997', '698', '722', '520', '447', '711', '160', '898', '516', '688', '814', '452', '335', '982', '876', '286', '99', '518', '565', '326', '976', '554', '758', '921', '164', '258', '769', '994', '848', '399', '929', '536', '868', '279', '435', '322', '183', '719', '533', '49', '117', '744', '979', '629', '232', '336', '155', '977', '52', '593', '380', '386', '679', '234', '942', '218', '877', '582', '826', '542', '905', '107', '951', '639']
['628']
['707', '958', '819', '112', '135', '789', '786', '965', '725', '6', '561', '736', '219']
['537']
['910']
['869', '288', '690', '303', '299', '150', '509', '103', '136', '159', '800', '436']
['58', '968', '572', '818', '220', '481', '370', '857', '24', '900', '505', '969', '820', '577', '75', '887', '345', '246', '78', '325']
['214', '15', '783', '718', '870', '396', '16', '323', '66', '283', '297', '670', '35', '632', '317', '43', '123', '963']
['241']
['836', '635', '267', '573', '125', '760', '70', '661', '529', '226', '642', '687', '463', '440', '916']
['591', '285', '474', '187', '387', '265', '883', '682', '207', '243', '832', '568', '41', '539', '60']
['401']
['927']
['100']
['426']
['888']
['324']
['250']
['803']
['849']
['558']
['684']
['206', '30', '926', '749', '691', '504', '254', '597', '137']
['373']
['532']
['941']
['657']
['84', '459', '962', '403', '957', '291', '726', '752', '889', '415', '527', '196', '39']
['213', '3', '320', '853', '101', '590', '950', '114', '658', '930', '790']
['734']
['741', '282', '384', '840', '272', '390', '376']
['724', '314', '913', '393', '318', '339', '701', '902', '861']
['923', '351', '587', '829', '879', '171']
['295']
['211', '414', '301', '37', '973', '960', '589', '397', '173', '0', '975']
['26']
['298', '353', '408', '787', '605', '638', '310', '606']
['515']
['937', '851', '567', '920', '784', '239']
['538', '268', '391', '21', '200', '141']
['730']
['48', '67', '817']
['421', '735', '791', '292', '501']
['571', '502', '181']
['145']
['855']
['130']
['470', '199', '182', '423', '57', '569', '581', '361']
['5', '936', '305', '148', '341']
['40']
['264', '564', '659', '972']
['25']
['378', '85', '743', '476', '167']
['490']
['193', '882', '894']
['773']
['535', '945', '14']
['222', '482', '678', '231', '648']
['375']
['808']
['584']
['217']
['721']
['87']
['654', '644', '228']
['660']
['416']
['152']
['946']
['296']
['2']
['221', '50']
['600']
['132', '88']
['338']
['188']
['418']
['270']
['570']
['204', '843']
['508']
['751', '563']
['46']
['257']
['98']
['442']
['985']
['262']
['134']
['108']
['845']
['738']
['33']
['512']
['715']
['830', '469']
['697', '293']
['614']
['891']
['255']
['168', '918']
['757']
['770']
['621']
['562']
['675']
['456', '244']
['636']
['908']
['519']
['617']
['510']
['748']
['484']
['763']
['702']
['367']
['274']
['557']
['858']
['210']
['651']
['63']
['248']
['860']
['934']
['116']
['956']
['999']
['140']
['854']
['235']
['663']
['118']
['878']
['890']
['17']
['29']
['256']
['94']
['526']
['703']
['473']
['842']
['801']
['80']
['933']
['809']
['668']
['732']
['410']
['212']
['11']
['161']
['856']
['238']
['450']
['669']
['185']
['609']
['392']
['366']
['901']
['954']
['54']
['616']
['641']
['321']
['201']
['69']
['948']
['331']
['839']
['437']
['580']
['737']
['493']
['472']
['938']
['311']
['534']
['822']
['990']
['551']
['417']
['765']
['44']
['28']
['102']
['794']
['810']
['928']
['850']
['90']
['313']
['764']
['793']
['700']
['601']
['424']
['523']
['671']
['276']
['623']
['249']
['827']
['750']
['896']
['991']
['559']
['208']
['405']
['981']
['273']
['347']
['906']
['121']
['543']
['31']
['438']
['922']
['81']
['865']
['598']
['229']
['1']
['269']
['189']
['695']
['428']
['710']
['364']
['261']
['194']
['494']
['365']
['961']
['619']
['468']
['169']
['544']
['728']
['677']
['952']
['151']
['360']
['545']
['552']
['362']
['464']
['689']
['175']
['899']
['892']
['304']
['327']
['56']
['237']
['643']
['477']
['874']
['55']
['139']
['846']
['893']
['105']
['911']
['797']
['497']
['705']
['550']
['521']
['22']
['413']
['867']
['122']
['604']
['917']
['486']
['92']
['106']
['357']
['154']
['287']
['64']
['72']
['683']
['142']
['626']
['348']
['507']
['528']
['775']
['620']
['32']
['369']
['186']
['381']
['406']
['704']
['645']
['983']
['467']
['385']
['886']
['640']
['816']
['355']
['315']
['939']
['448']
['225']
['859']
['766']
['446']
['694']
['343']
['483']
['924']
['402']
['599']
['227']
['342']
['309']
['919']
['667']
['692']
['439']
['716']
['278']
['914']
['344']
['524']
['864']
['795']
['940']
['441']
['133']
['411']
['61']
['330']
['404']
['631']
['42']
['696']
['727']
['97']
['549']
['177']
['337']
['522']
['706']
['433']
['978']
['8']
['489']
['768']
['955']
['759']
['290']
['592']
['308']
['216']
['555']
['980']
['371']
['420']
['984']
['796']
['578']
['215']
['566']
['138']
['280']
['495']
['281']
['62']
['970']
['458']
['9']
['162']
['363']
['180']
['19']
['761']
['119']
['560']
['126']
['833']
['828']
['198']
['170']
['583']
['74']
['637']
['863']
['782']
['613']
['240']
['812']
['880']
['753']
['875']
['82']
['165']
['747']
['432']
['236']
['821']
['358']
['475']
['615']
['478']
['191']
['233']
['491']
['513']
['445']
['319']
['51']
['83']
['807']
['230']
['434']
['932']
['755']
['124']
['372']
['717']
['454']
['713']
['925']
['835']
['762']
['778']
['18']
['993']
['813']
['987']
['838']
['451']
['354']
['425']
['530']
['731']
['904']
['13']
['596']
['681']
['34']
['503']
['492']
['253']
['653']
['412']
['603']
['844']
['149']
['547']
['195']
['104']
['359']
['174']
['86']
['266']
['685']
['163']
['95']
['943']
['284']
['374']
['745']
['496']
['785']
['329']
['647']
['349']
['68']
['203']
['419']
['113']
['897']
['611']
['307']
['903']
['383']
['53']
['77']
['143']
['649']
['455']
['205']
['588']
['89']
['242']
['664']
['45']
['872']
['499']
['986']
['907']
