['741', '129', '321', '133', '54', '371', '174', '339', '157', '559', '696', '228', '459', '760', '21', '307', '145', '430', '147', '260', '518', '95', '845', '570', '143', '728', '712', '138', '380', '480', '560', '656', '780', '567', '525']
['836', '222', '441', '635', '508', '502', '807', '739', '512', '266', '849', '537', '440', '487', '670', '638', '264', '63', '805', '590', '100', '691', '401', '152', '781', '664', '60']
['282', '302', '529', '103', '630', '43', '471', '141', '294', '750', '722', '422', '291', '648', '116', '501', '451', '148', '71', '12', '668', '534', '202', '169', '127', '463', '757', '484', '538', '250', '293', '342', '498', '365', '200']
['154', '5', '337', '561', '576', '205', '460', '189', '407', '411', '627', '677', '855', '727', '523', '90', '598', '280', '316', '112', '179', '162', '396', '164', '258', '128', '645', '848', '435', '149', '427', '229', '358', '657', '35']
['403', '500', '795', '353', '381', '811', '178', '773', '163', '388', '329', '219', '462', '372', '30', '343', '685', '110', '443', '729', '764', '649', '503', '449', '208', '315', '151', '676', '82', '295', '540', '142', '522', '852', '639']
['177', '285', '69', '91', '770', '238', '475', '265', '153', '732', '347', '385', '9', '767', '827', '752', '226', '469', '310', '400', '171', '83', '799', '67', '494', '92', '130', '50', '791', '573', '714', '531', '68', '115', '748']
['579', '655', '596', '575', '721', '749', '25', '190', '134', '86', '724', '612', '397', '823', '87', '448', '408', '38', '330', '609', '7', '539', '513', '117', '65', '690', '132', '640', '256', '850', '66', '185', '165', '126']
['707', '654', '24', '410', '528', '203', '587', '456', '270', '348', '483', '292', '450', '746', '554', '278', '515', '382', '597', '118', '322', '793', '697', '824', '614', '619', '364', '312', '505', '622', '603', '547', '159', '94', '838']
['206', '572', '269', '377', '720', '771', '276', '244', '658', '44', '58', '735', '363', '698', '160', '373', '224', '661', '777', '32', '59', '267', '187', '349', '6', '626', '402', '158', '354', '774', '355', '511', '593', '418', '124']
['370', '755', '287', '331', '120', '288', '517', '588', '834', '633', '797', '76', '763', '788', '314', '323', '201', '144', '688', '428', '524', '565', '840', '592', '847', '393', '426', '846', '246', '839', '209', '391', '738', '111', '844']
['414', '320', '733', '618', '423', '366', '433', '794', '601', '42', '715', '436', '429', '39', '213', '647', '710', '26', '317', '332', '624', '155', '49', '765', '336', '582', '386', '383', '73', '726', '57', '75', '18']
['783', '309', '17', '444', '782', '745', '478', '809', '485', '84', '398', '419', '667', '464', '23', '195', '41', '701', '89', '326', '497', '319', '821', '300', '629', '659', '744', '442', '725', '775', '104', '756', '412']
['835', '28', '405', '93', '600', '605', '458', '583', '833', '237', '674', '672', '694', '506', '305', '808', '313', '681', '220', '532', '81', '198', '432', '167', '271', '225', '172', '490', '545', '236', '476', '281', '359', '107', '140']
['544', '753', '543', '623', '27', '790', '474', '274', '680', '272', '786', '516', '245', '832', '562', '675', '289', '249', '188', '758', '671', '251', '551', '625', '488', '62', '97', '61', '563', '114', '504', '743', '51', '514', '660']
['409', '290', '841', '829', '297', '345', '204', '123', '431', '22', '259', '853', '387', '723', '1', '468', '761', '759', '830', '223', '828', '611', '214', '211', '344', '85', '253', '207', '218']
['328', '461', '510', '650', '438', '843', '417', '812', '350', '453', '652', '109', '335', '306', '616', '555', '252', '815', '705', '769', '766', '787', '254', '693', '240', '550', '607', '541', '29', '465', '8', '415', '20', '327', '594']
['699', '789', '212', '772', '173', '584', '420', '586', '734', '284', '521', '2', '695', '519', '311', '692', '196', '15', '492', '820', '299', '121', '825', '641', '481', '53', '678', '599', '74', '150', '14', '136', '0', '703', '367']
['610', '548', '730', '819', '803', '489', '651', '56', '215', '78', '526', '566', '854', '479', '473', '45', '568', '374', '535', '445', '669', '740', '183', '709', '379', '719', '197', '248', '47', '48', '778', '684', '263', '77', '606']
['37', '13', '564', '768', '175', '644', '242', '792', '842', '235', '352', '806', '333', '137', '4', '55', '704', '31', '499', '181', '70', '10', '231', '621', '804', '261', '273', '368', '232', '637', '643', '19', '455', '556', '139']
['11', '241', '257', '16', '496', '574', '591', '351', '96', '135', '376', '700', '673', '683', '108', '356', '716', '221', '817', '279', '239', '424', '595', '689', '184', '217', '754', '384', '303', '394', '234', '318', '620', '557', '180']
['357', '747', '580', '375', '247', '577', '191', '687', '186', '3', '552', '301', '467', '447', '711', '493', '615', '702', '64', '324', '437', '779', '399', '341', '628', '46', '533', '470', '199', '34', '296', '340', '80', '360', '604']
['837', '546', '813', '801', '243', '477', '466', '102', '216', '486', '472', '413', '520', '507', '439', '798', '553', '170', '262', '718', '742', '210', '589', '233', '558', '662', '642', '736', '527', '796', '72', '161', '52', '578', '608']
['482', '646', '194', '182', '36', '146', '682', '666', '369', '585', '389', '776', '822', '362', '818', '119', '283', '602', '452', '99', '713', '125', '509', '536', '617', '304', '168', '227', '663', '193', '737', '390', '395', '826', '784']
['338', '549', '434', '308', '33', '416', '346', '79', '230', '802', '634', '613', '457', '530', '495', '814', '106', '831', '192', '113', '491', '325', '581', '361', '717', '425', '156', '686', '679', '378', '636', '632', '446', '392', '105']
['277', '653', '851', '785', '166', '98', '631', '40', '88', '762', '751', '404', '101', '122', '569', '255', '286', '665', '731', '298', '176', '268', '571', '131', '334', '810', '454', '406', '800', '275', '706', '816', '708', '421', '542']
