['837', '368', '213', '152', '566', '461', '274', '386', '233', '407', '73', '600', '728', '57', '729', '738', '137', '804', '360', '44', '483']
['741', '803', '133', '475', '630', '350', '586', '991', '553', '870', '648', '612', '493', '170', '885', '196', '535', '125', '964', '626', '494', '382', '641', '545', '229', '68', '115', '875']
['24', '308', '309', '776', '22', '457', '163', '616', '832', '356', '969', '100', '848', '810', '271', '550', '979', '678', '336', '296', '531', '915', '20']
['285', '11', '482', '129', '37', '747', '851', '606', '206', '948', '549', '302', '247', '605', '762', '103', '174', '576', '584', '446', '3', '353', '734', '348', '884', '516', '677', '116', '949', '638', '562', '777', '499', '59', '445', '299', '202', '393', '716', '491', '712', '628', '919', '325', '985', '379', '824', '637', '816', '656', '355', '754', '161', '511', '505', '53', '342', '476', '708', '928', '498', '938', '567', '165', '392', '604']
['420', '320', '227', '659', '560', '768', '913', '490', '590', '209', '973', '17', '119', '855', '495', '934', '784', '732', '4']
['546', '194', '346', '120', '583', '906', '696', '237', '867', '670', '519', '702', '524', '448', '267', '167', '609', '208', '839', '620', '257', '105']
['241', '699', '13', '54', '721', '266', '134', '438', '288', '186', '526', '468', '2', '411', '201', '195', '675', '187', '432', '128', '121', '26', '861', '611', '660']
['489', '967', '242', '235', '456', '956', '400', '41', '932', '171', '83', '399', '539', '435', '127', '300', '896', '199', '895', '664', '974', '522', '838']
['635', '321', '16', '596', '146', '687', '178', '680', '587', '786', '376', '798', '469', '694', '374', '99', '31', '958', '108', '330', '110', '693', '737', '901', '931', '608']
['98', '466', '453', '530', '23', '555', '692', '219', '87', '176', '589', '929', '426', '130', '717', '983', '217', '977', '85', '8', '421', '542', '80']
['414', '819', '282', '377', '36', '265', '902', '507', '864', '255', '313', '319', '642', '317', '158', '689', '744', '61', '972', '124', '657', '925']
['290', '618', '212', '517', '294', '750', '413', '672', '936', '993', '64', '965', '497', '825', '961', '470', '156', '340', '318', '47', '107', '826']
['610', '753', '182', '166', '770', '998', '802', '633', '722', '506', '148', '145', '715', '808', '704', '565', '847', '349', '946', '149', '19', '582', '415', '905', '263', '594']
['405', '561', '56', '215', '947', '404', '761', '388', '106', '518', '571', '6', '890', '254', '402', '344', '624', '791', '65', '104', '66', '395']
['441', '403', '631', '623', '25', '153', '882', '347', '487', '486', '310', '162', '534', '341', '740', '793', '484', '765', '378', '14', '136', '703', '874']
['783', '580', '502', '375', '496', '858', '444', '191', '862', '552', '674', '860', '45', '144', '701', '429', '968', '710', '513', '424', '533', '857']
['154', '508', '926', '739', '940', '190', '944', '945', '760', '226', '876', '988', '220', '143', '164', '994', '933', '764', '169', '796', '449', '427', '780', '142', '844']
['989', '544', '450', '957', '391', '821', '307', '147', '935']
['184', '112', '785', '270', '52', '714', '564', '746', '258', '512', '334', '529', '736', '889', '756', '362', '907', '316', '995', '138', '916']
['357', '548', '33', '238', '950', '927', '843', '812', '923', '1', '373', '982', '260', '430', '408', '183', '663', '541', '643', '151', '599', '684', '140', '111', '525']
['833', '351', '724', '811', '459', '954', '953', '189', '960', '251', '569', '903', '35', '772', '980', '276', '244', '621', '731', '795']
['528', '682', '577', '658', '86', '735', '228', '523', '665', '292', '326', '815', '131', '181', '691', '536', '873', '62', '364', '218', '455', '180', '139']
['339', '232', '966', '763']
['865', '177', '433', '897', '563', '315', '685', '383', '256', '695', '752', '458', '297', '943', '602', '568', '306', '286', '92', '89', '581']
['135', '900', '723', '82', '575', '627', '782', '478']
['759', '877', '118', '711', '799']
['222', '370', '409', '434', '651', '650', '822', '918', '652', '109', '473', '922', '615', '252', '71', '978', '718', '188', '406', '34', '636', '975']
['579', '543', '813', '849', '585', '908', '58', '84', '886', '794', '601', '501', '280', '532', '570', '662', '846', '240', '46', '155', '607', '619', '878', '207']
['338', '899', '500', '801', '40', '79', '866', '157', '474', '335', '661', '758', '769', '279', '595', '617', '697', '168', '361', '359', '556', '557', '412', '639']
['49', '298', '363', '259', '78', '538', '924', '788', '465', '38', '179', '820', '871', '323', '283', '289', '742', '558', '937', '814', '60']
['894', '887', '203', '987', '869', '698', '398', '797', '96', '464', '90', '262', '95', '713', '12', '962', '984', '645', '909', '893', '939', '51', '200', '578']
['211', '719', '836', '324', '831', '748', '249', '492', '29', '521', '366', '27', '273', '632', '327', '371', '428', '48', '72', '559', '425']
['709', '372', '823', '337', '132', '520', '705', '333', '807', '509', '603', '775', '422', '21', '942', '369', '892', '834', '852', '50']
['480', '15', '730', '216', '981', '268', '437', '472', '640', '554', '700', '192', '690', '667', '396', '992', '986', '597', '55', '126', '431']
['304', '510', '911', '868', '970', '451', '173', '417']
['572', '28', '269', '959', '749', '243', '537', '574', '385', '767', '245', '39', '70', '113', '10', '515', '649', '488', '891', '150', '248', '75', '955']
['856', '654', '653', '655', '829', '416', '331', '477', '43', '790', '485', '301', '76', '668', '647', '223', '671', '221', '443', '246', '917', '725', '726', '114', '94']
['941', '593', '781', '547']
['751', '230', '122', '467', '727', '462', '436', '30', '454', '401', '800', '275', '881', '706', '97', '384', '197', '312', '293', '234', '185', '358', '365']
['329', '997']
['952', '81', '622', '592', '527', '345', '261']
['410', '912', '423', '666', '644', '204', '440', '745', '591', '381', '387', '447', '160', '773', '452', '224', '845', '32', '883', '231', '354', '236', '910']
['774', '707', '225', '277', '818', '792', '805', '343', '755', '352', '789', '806', '303', '830', '504', '990', '389', '551', '683', '123']
['996', '914', '733', '9', '634', '827', '853', '854', '479', '291', '305', '264', '828', '817', '463', '332', '442', '879', '281', '74', '418', '367']
['835', '863', '172', '850', '93', '287', '787', '743', '141']
['681', '540', '872', '778', '688']
['69', '720', '91', '175', '771', '88', '920', '963', '314', '439', '311', '210', '67', '7', '904', '625', '214', '380', '614', '390', '250', '971', '0', '999', '18']
['102', '646', '328', '976', '239', '193', '840', '198', '460', '679', '253', '514', '397', '42', '930', '951', '598', '809', '322', '859']
['5', '841', '471', '880', '613', '205', '842', '101', '898', '888', '503', '117', '629', '481', '573', '676', '394', '686', '295', '669', '159', '77']
['921', '278', '272', '588', '419']
['757', '63', '284', '779', '766', '673']
