['423', '500', '959', '771', '297', '369', '78', '862', '750', '507', '1', '823', '64', '532', '900', '164', '873', '480', '442', '686', '358', '504', '68', '514', '20']
['482', '528', '751', '843', '634', '456', '439', '376', '922', '144', '400', '616', '108', '840', '933', '113', '251', '821', '275', '209', '603', '340', '318', '974', '60']
['510', '914', '575', '431', '485', '884', '854', '2', '569', '307', '683', '436', '590', '167', '558', '443', '943', '231', '155', '891', '896', '149', '229', '104', '844']
['837', '285', '441', '887', '577', '944', '908', '687', '478', '923', '314', '407', '949', '464', '55', '12', '554', '233', '994', '278', '946', '955', '915', '77', '852']
['477', '792', '812', '363', '122', '333', '479', '860', '493', '506', '661', '15', '973', '769', '626', '515', '435', '463', '861', '61', '878', '236', '895', '784', '859']
['206', '807', '849', '120', '630', '583', '101', '520', '674', '447', '638', '702', '264', '704', '356', '830', '758', '847', '527', '332', '560', '778', '542', '522', '604']
['654', '783', '405', '561', '27', '204', '205', '457', '811', '677', '255', '568', '90', '832', '863', '534', '10', '625', '211', '961', '225', '505', '657', '556', '578']
['646', '69', '803', '133', '605', '244', '802', '833', '22', '306', '311', '326', '63', '38', '685', '396', '921', '729', '642', '740', '481', '107', '756', '975', '525']
['741', '871', '806', '867', '395', '993', '341', '310', '147', '660']
['154', '699', '851', '93', '496', '813', '739', '265', '389', '698', '381', '953', '99', '777', '675', '343', '325', '881', '184', '744', '380', '476', '159', '874', '838']
['841', '146', '658', '585', '734', '794', '323', '672', '41', '430', '681', '499', '349', '628', '916', '488', '85', '151', '312', '8', '622', '726', '938', '114', '826']
['518', '757', '379', '845', '720', '570', '883', '666', '939', '846']
['952', '241', '911', '25', '967', '882', '123', '935', '387', '119', '109', '283', '23', '429', '535', '298', '962', '820', '621', '401', '92', '706', '717', '49', '18']
['747', '370', '175', '98', '631', '287', '858', '576', '945', '822', '696', '591', '523', '673', '428', '170', '501', '112', '969', '70', '67', '649', '839', '725', '115']
['996', '655', '166', '212', '88', '288', '980', '335', '329', '305', '196', '31', '448', '330', '491', '273', '344', '697', '816', '65', '418', '531', '632', '905', '200']
['918', '997', '433', '842', '351', '152', '788', '364', '235', '486', '789', '711', '445', '128', '393', '334', '382', '748']
['564', '33', '266', '134', '475', '880', '553', '907', '374', '224', '81', '188', '181', '221', '609', '26', '716', '449', '240', '172', '256', '960', '150']
['414', '730', '290', '998', '920', '735', '818', '272', '760', '865', '372', '718', '83', '426', '118', '893', '470', '781', '640', '250', '928', '780', '889', '892', '367']
['653', '819', '782', '174', '339', '215', '559', '566', '870', '468', '495', '524', '451', '668', '647', '223', '888', '6', '787', '503', '82', '391', '35', '930', '999']
['178', '76', '197', '282', '432', '898', '238', '40', '648', '438']
['707', '13', '56', '242', '517', '776', '385', '350', '472', '237', '460', '752', '701', '817', '300', '551', '50', '368', '336', '29', '384', '599', '248', '48', '392']
['526', '988', '232', '304', '97', '538', '135', '894', '992', '680', '409', '213', '682', '612', '280', '440', '875']
['552', '324', '96', '437', '912', '545', '669', '373', '180', '557', '354']
['548', '36', '801', '749', '247', '466', '3', '259', '348', '521', '422', '219', '71', '589', '143', '645', '736', '402', '217', '34', '342', '679', '378', '901', '66']
['9', '709', '610', '132', '302', '57', '469', '137', '142', '239', '715']
['544', '753', '489', '623', '173', '294', '353', '786', '700', '627', '163', '519', '226', '814', '932', '968', '198', '110', '857', '315', '386', '455', '547', '540', '0']
['24', '785', '913', '91', '721', '416', '537', '927', '834', '186', '471', '58', '869', '797', '286', '598', '692', '831', '289', '791', '676', '879', '52', '714', '703']
['328', '321', '444', '86', '790', '459', '21', '667', '688', '450', '937', '267', '162', '890', '494', '774', '641', '541', '977', '296', '383', '775', '942', '795', '105']
['117', '46', '102', '958', '129', '30', '643', '17', '295', '809', '44', '595']
['277', '836', '549', '434', '276', '404', '301', '872', '216', '453', '245', '815', '131', '202', '509', '964', '406', '127', '904', '208', '637', '582', '14', '985', '139']
['546', '53', '465', '733', '652', '331', '218', '903', '80', '171']
['182', '191', '584', '43', '347', '487', '586', '798', '864', '936', '195', '59', '978', '249', '125', '934', '764', '51', '261', '484', '619', '708', '972', '738', '257']
['579', '719', '95', '62', '835', '976', '337', '116', '825', '963']
['474', '508', '424', '308', '309', '366', '45', '42', '462', '327', '183', '639']
['765', '230', '352', '793', '710', '408', '73', '728', '516', '662', '909', '731', '72', '362', '594']
['948', '926', '403', '618', '651', '990', '345', '947', '419', '201', '695', '39', '483', '87', '121', '227', '550', '897', '563', '193', '281', '207', '415', '140', '951']
['269', '954', '924', '644', '79', '866', '103', '141', '284', '473', '165', '268', '592', '693', '214', '941', '659', '979', '614', '511', '490', '253', '234', '620', '664']
['28', '755', '902', '420', '84', '228', '530', '670', '885', '220', '571', '299', '984', '454', '317', '597', '796', '158', '425', '983', '303', '427', '19', '293', '608']
['222', '292', '32', '724', '763', '161', '192', '573', '210', '497', '899', '593', '252', '737', '684', '513', '89', '138', '262']
['357', '856', '410', '650', '987', '906', '633', '886', '827', '601', '966', '291', '855', '808', '989', '565', '187', '361', '199', '678', '754', '877', '743', '360', '412']
['338', '177', '663', '853', '492', '258', '995', '762', '539', '970', '263', '931', '130']
['168', '690', '157', '458', '868', '388', '602', '148', '588']
['767', '713', '176', '991', '194', '768', '189', '54', '712', '111', '145', '732', '581', '446']
['377', '596', '16', '950', '243', '772', '190', '153', '274', '957', '160', '759', '452', '106', '179', '705', '100', '929', '536', '804', '800', '656', '185', '636', '925']
['533', '917', '779', '850', '375', '74', '512', '773', '567', '371', '7', '271']
['320', '580', '543', '346', '574', '270', '956', '397', '694', '313', '805', '965', '319', '799', '399', '254', '279', '322', '607', '394', '359', '124', '75', '94', '606']
['11', '461', '829', '502', '770', '940', '203', '745', '613', '398', '413', '615', '555', '665', '4', '316', '746', '691', '810', '169', '246', '824', '355', '365', '910']
['562', '572', '156', '981', '761', '671', '47', '986', '611']
['624', '587', '722', '467', '411', '982', '766', '828', '848', '136', '919', '260', '876', '126']
['617', '689', '5', '629', '635', '37', '742', '723', '390', '498', '421', '600', '529', '971', '727', '417']
