['837', '222', '653', '548', '546', '13', '182', '91', '54', '33', '623', '444', '244', '834', '732', '431', '385', '833', '84', '363', '259', '350', '486', '759', '397', '602', '286', '429', '436', '213', '31', '372', '525', '704', '64', '356', '6', '728', '639', '72', '275', '513', '184', '209', '293', '47', '415', '743', '703', '594']
['753', '370', '377', '36', '528', '801', '489', '346', '78', '466', '485', '22', '767', '205', '724', '284', '473', '335', '506', '430', '99', '59', '179', '710', '705', '221', '691', '736', '626', '406', '402', '271', '435', '169', '689', '208', '781', '560', '29', '714', '545', '593', '104', '708', '124', '531', '669', '159', '94', '115']
['707', '285', '730', '409', '321', '337', '16', '512', '771', '88', '577', '120', '371', '204', '588', '478', '362', '141', '3', '633', '433', '301', '472', '413', '507', '521', '514', '245', '306', '329', '39', '313', '808', '492', '820', '188', '558', '67', '399', '628', '261', '793', '774', '97', '765', '161', '465', '690', '383', '540']
['11', '549', '241', '785', '403', '175', '302', '266', '644', '369', '153', '776', '790', '802', '353', '723', '467', '419', '109', '652', '648', '2', '519', '388', '638', '298', '408', '779', '125', '570', '432', '113', '693', '158', '118', '354', '595', '607', '538', '442', '296', '82', '391', '248', '318', '218', '620', '664', '60', '367']
['741', '482', '28', '819', '564', '803', '605', '345', '157', '44', '351', '552', '404', '827', '788', '376', '1', '761', '516', '695', '144', '555', '805', '187', '534', '198', '164', '509', '10', '551', '325', '706', '361', '46', '368', '273', '232', '757', '709', '816', '511', '427', '151', '303', '582', '19', '737', '636', '455', '0']
['572', '747', '655', '24', '194', '308', '282', '103', '242', '583', '687', '43', '822', '347', '58', '812', '696', '530', '612', '400', '196', '105', '262', '63', '437', '192', '758', '128', '26', '515', '539', '382', '246', '800', '300', '138', '50', '641', '384', '686', '498', '57', '603', '567', '75', '140', '795', '263', '522', '660']
['414', '206', '129', '720', '543', '212', '739', '813', '529', '174', '792', '123', '9', '586', '680', '352', '447', '700', '373', '495', '667', '694', '170', '731', '264', '95', '565', '15', '30', '289', '746', '223', '299', '143', '83', '251', '766', '334', '341', '494', '821', '401', '503', '550', '744', '678', '61', '421', '165', '126']
['579', '654', '320', '646', '269', '510', '783', '410', '238', '40', '438', '477', '576', '457', '135', '228', '553', '272', '479', '677', '195', '661', '87', '108', '210', '554', '258', '671', '443', '130', '488', '225', '824', '629', '563', '336', '573', '622', '256', '394', '253', '378', '295', '114', '207', '599', '136', '200', '20', '392']
['835', '502', '416', '666', '651', '79', '190', '762', '537', '630', '203', '288', '574', '215', '520', '348', '672', '323', '291', '773', '428', '823', '374', '260', '307', '305', '832', '715', '71', '518', '448', '81', '685', '828', '70', '92', '611', '424', '49', '663', '152', '480', '217', '85', '364', '281', '150', '476', '73', '778']
['357', '610', '461', '635', '755', '405', '829', '789', '375', '146', '500', '134', '650', '475', '440', '398', '698', '763', '722', '439', '601', '333', '411', '283', '116', '814', '90', '311', '598', '219', '171', '326', '32', '268', '267', '167', '716', '254', '527', '804', '581', '155', '62', '637', '656', '386', '358', '107', '48', '557']
['177', '98', '721', '807', '682', '297', '27', '243', '749', '276', '751', '339', '173', '230', '366', '750', '96', '794', '387', '235', '760', '752', '702', '106', '616', '316', '450', '499', '343', '396', '233', '769', '330', '597', '127', '463', '239', '717', '344', '533', '617', '719', '754', '172', '132', '676', '234', '395', '504', '139']
['5', '93', '770', '561', '25', '658', '809', '591', '294', '734', '811', '270', '453', '422', '189', '468', '798', '255', '224', '252', '483', '324', '748', '815', '718', '571', '830', '497', '592', '609', '645', '712', '729', '7', '536', '231', '426', '810', '649', '322', '240', '199', '34', '193', '490', '418', '359', '632', '257', '608']
['836', '328', '287', '600', '247', '186', '613', '818', '119', '460', '122', '627', '163', '727', '464', '452', '137', '701', '665', '4', '55', '147', '683', '535', '393', '799', '642', '621', '317', '764', '625', '304', '168', '659', '541', '614', '839', '619', '156', '484', '725', '229', '726', '340', '657', '14', '542', '738', '142', '18']
['338', '508', '37', '434', '133', '631', '423', '458', '56', '772', '191', '86', '417', '471', '420', '102', '797', '587', '101', '314', '160', '523', '201', '407', '615', '145', '148', '681', '220', '12', '181', '349', '110', '100', '121', '202', '662', '825', '449', '197', '390', '8', '775', '342', '66', '185', '365', '35', '51', '446']
['277', '154', '699', '290', '69', '618', '575', '389', '634', '566', '381', '178', '459', '237', '674', '711', '806', '670', '569', '493', '688', '469', '462', '692', '562', '713', '292', '176', '38', '589', '319', '278', '454', '279', '183', '624', '697', '791', '470', '379', '355', '80', '679', '68', '826', '684', '756', '111', '784', '77']
['768', '580', '733', '17', '596', '331', '584', '274', '76', '216', '786', '45', '501', '41', '831', '668', '162', '491', '817', '425', '117', '481', '640', '556', '606']
['211', '487', '735', '380', '675', '53', '643', '65', '456', '309', '647', '74', '496', '559', '787', '180', '23', '451', '89', '412']
['214', '227', '838', '315', '742', '590', '226', '332']
['544', '441', '585', '360']
['249']
['777', '740']
['42', '782']
['505']
['780']
['526']
['149']
['517']
['673']
['327']
['236']
['310']
['745']
['532']
['568']
['166']
['265']
['280']
['250']
['604']
['445']
['312']
['547']
['524']
['578']
['112']
['796']
['131']
['21']
['52']
['474']
