['139', '873', '476', '418', '540', '784', '385']
['816', '210', '422', '188', '468', '136', '748']
['481', '502', '520', '323', '318', '693', '701']
['900', '233', '866', '756', '557', '165', '885']
['781', '352', '340', '939', '825', '120', '947']
['379', '490', '590', '761', '603', '20', '147']
['606', '653', '699', '854', '463', '916', '446']
['292', '194', '472', '151', '871', '289', '495']
['918', '771', '738', '41', '451', '435', '844']
['961', '187', '830', '70', '858', '174', '99']
['735', '384', '237', '375', '460', '189', '745']
['267', '356', '166', '83', '56', '374', '263']
['398', '566', '499', '956', '760', '558', '367']
['350', '282', '337', '72', '89', '252', '793']
['433', '668', '486', '419', '530', '310', '39']
['713', '896', '119', '253', '695', '464', '882']
['629', '404', '560', '685', '80', '588', '740']
['613', '250', '608', '47', '729', '257', '661']
['579', '694', '683']
['184', '303', '247', '940', '782', '203', '44']
['227', '78', '656', '399', '306', '902', '436']
['812', '641', '458', '455', '477', '800', '892']
['326', '387', '643', '652', '855', '909', '838']
['9', '220', '162', '759', '567', '638', '305']
['133', '959', '331', '218', '583', '598', '559']
['720', '803', '711', '341', '388', '157', '55']
['818', '753', '755', '674', '769', '100', '749']
['659', '730', '381', '917', '40', '602', '795']
['837', '409', '234', '111', '173', '574', '347']
['610', '482', '470', '722', '785', '662', '123']
['891', '637', '364', '181', '570', '475', '927']
['763', '69', '160', '88', '163', '90', '660']
['572', '129', '747', '266', '752', '903', '224']
['533', '734', '135', '679', '529', '515', '94']
['357', '625', '363', '673', '75', '875', '963']
['741', '777', '442', '122', '411', '658', '345']
['241', '315', '272', '505', '883', '278', '736']
['836', '125', '636', '254', '255', '615', '440']
['314', '249', '912', '16', '884', '167', '893']
['76', '573', '161', '143', '942', '140', '616']
['923', '710', '407', '248', '949', '702', '145']
['205', '611', '355', '914', '322', '706', '604']
['343', '765', '128', '251', '493', '444', '118']
['697', '168', '937', '799', '612', '397', '501']
['176', '564', '867', '967', '524', '153', '581']
['913', '806', '439', '45', '905', '406', '703']
['459', '36', '91', '93', '500', '868', '539']
['264', '59', '53', '182', '498', '682', '271']
['268', '172', '523', '751', '843', '731', '138']
['526', '723', '270', '601', '358', '860', '204']
['414', '38', '507', '21', '964', '402', '696']
['95', '434', '309', '972', '848', '951', '332']
['538', '676', '509', '330', '121', '551', '71']
['709', '320', '968', '108', '953', '497', '721']
['328', '408', '29', '648', '649', '142', '466']
['797', '596', '969', '103', '796', '300', '262']
['32', '391', '512', '950', '57', '452', '275']
['744', '805', '872', '334', '887', '339', '279']
['654', '724', '410', '209', '899', '514', '946']
['607', '593', '726', '454', '852', '273']
['2', '826', '415', '288', '920', '809', '595']
['206', '15', '312', '820', '201', '185', '778']
['450', '680', '841', '733', '618', '67', '717']
['465', '746', '23', '200', '261', '316', '46']
['277', '678', '17', '333', '283', '766', '106']
['518', '856', '284', '150', '938', '426', '522']
['179', '554', '936', '877', '943', '944', '908']
['851', '879', '293', '775', '66', '922', '4']
['646', '815', '575', '623', '365', '861', '525']
['368', '865', '488', '857', '534', '929', '244']
['591', '31', '296', '394', '137', '732']
['886', '216', '870', '898', '605', '568', '776']
['894', '308', '319', '864', '620', '183', '141']
['225', '941', '928', '73', '716', '669', '86']
['84', '102', '586', '677', '186', '417', '808']
['97', '619', '456', '700', '291', '971', '931']
['63', '553', '395', '114', '107', '190', '392']
['624', '704', '672', '609', '346', '727', '712']
['663', '633', '154', '926', '359', '773', '762']
['757', '22', '791', '552', '811', '930', '578']
['177', '767', '12', '645', '494', '389', '354']
['562', '681', '336', '192', '850', '671', '506']
['152', '845', '541', '175', '667', '239', '105']
['420', '287', '243', '650', '621', '906', '429']
['457', '290', '116', '537', '513', '50']
['211', '707', '299', '670', '687', '462', '280']
['304', '698', '403', '447', '325', '327']
['199', '635', '737', '705', '686', '276', '665']
['869', '281', '438', '469', '810', '401', '584']
['617', '842', '827', '788', '966', '342', '416']
['952', '232', '236', '423', '933', '92', '115']
['831', '193', '690', '321', '223', '849']
['483', '780', '428', '688', '180', '130', '639']
['28', '235', '198', '582', '479', '915', '555']
['8', '74', '27', '743', '628', '307', '424']
['380', '156', '238', '569', '846', '231', '542']
['833', '222', '480', '644', '632', '692', '790']
['338', '228', '377', '19', '714', '626', '772']
['758', '589', '258', '787', '443', '195', '715']
['689', '437', '786', '496', '622', '0', '449']
['550', '448', '655', '779', '445', '317', '431']
['718', '725', '599', '798', '561', '576', '77']
['719', '634', '149', '960', '393', '134']
['548', '675', '614', '54', '10', '817', '804']
['750', '386', '256', '528', '889', '60']
['544', '484', '229', '519', '382', '159', '43']
['298', '65', '770', '335', '895', '764', '517']
['96', '489', '691', '51', '821', '127', '126']
['49', '783', '217', '132', '109', '890', '412']
['840', '441', '510']
['214', '26', '259', '178', '242']
['565', '413', '543', '124', '970', '260', '171']
['487', '294', '934', '295', '6', '657', '170']
['862', '948', '37', '925', '148', '932', '240']
['301', '839', '962', '955', '329', '881', '859']
['324', '61', '34', '421', '226', '597', '425']
['492', '789', '878', '521', '110', '627', '491']
['835', '212', '297', '684', '246', '360', '874']
['117', '3', '11', '376', '202', '373', '651']
['546', '888', '807', '813', '728', '666', '265']
['742', '965', '708', '503', '792', '935']
['571', '52', '545', '349', '556', '919', '286']
['13', '794', '647', '396', '911', '79', '371']
['313', '87', '351', '853', '348', '68', '907']
['155', '958', '197', '828', '378', '600', '42']
['208', '7', '82', '814', '863']
['474', '101', '24', '467', '630', '876', '430']
['461', '585', '577', '362', '230']
['274', '587', '532', '48', '823', '822', '471']
['344', '774', '372', '207', '369', '196', '478']
['353', '819', '563', '754', '98', '191', '158']
['802', '131', '302', '245', '664', '910']
['30', '897', '18', '169', '215', '361']
['485', '64', '880', '269', '768', '427', '33']
['535', '213', '508', '921', '516', '25', '144']
['366', '390', '453', '801']
['549', '383', '592', '113', '14', '400', '311']
['824', '580', '221', '531', '35', '945', '834']
['285', '5', '954', '924', '957', '631', '432']
['58', '370', '146', '473', '536', '832', '904']
['62', '112', '405', '1', '164', '901', '739']
['511', '81', '829', '85', '547', '219']
['640', '104', '847', '504', '642', '527', '594']
