['37', '321', '829', '739', '858', '134', '458', '157', '574', '347', '230', '471', '750', '381', '228', '553', '160', '672', '949', '428', '469', '195', '90', '430', '219', '661', '808', '372', '192', '742', '131', '432', '590', '921', '671', '847', '558', '804', '300', '275', '368', '637', '816', '151', '229', '256', '394', '47', '910', '556', '684', '446', '540', '263', '931', '105']
['747', '924', '623', '903', '244', '687', '215', '880', '862', '474', '459', '189', '163', '616', '260', '145', '731', '71', '831', '95', '448', '445', '110', '933', '443', '729', '693', '424', '625', '344', '891', '678', '209', '136', '165', '784']
['338', '653', '913', '77', '561', '40', '529', '88', '371', '120', '369', '389', '173', '790', '822', '362', '935', '566', '135', '786', '627', '752', '524', '286', '313', '937', '187', '59', '685', '188', '497', '728', '645', '848', '846', '929', '934', '246', '127', '130', '435', '689', '617', '757', '550', '336', '465', '281', '236', '928', '185', '318', '340', '636', '844']
['320', '510', '618', '596', '751', '288', '559', '906', '811', '957', '806', '453', '867', '201', '373', '568', '452', '506', '162', '198', '83', '334', '279', '401', '796', '72', '641', '599', '901', '358', '738', '514', '139']
['730', '409', '926', '212', '489', '721', '770', '849', '866', '243', '940', '345', '588', '735', '22', '122', '447', '1', '2', '898', '23', '615', '310', '701', '329', '196', '562', '525', '450', '210', '888', '758', '26', '158', '118', '793', '379', '697', '49', '149', '380', '614', '896', '643', '29', '172', '8', '193', '364', '150', '253', '52', '455', '895', '94', '748', '18']
['11', '635', '874', '789', '36', '16', '133', '25', '585', '301', '387', '352', '101', '674', '507', '272', '245', '170', '137', '907', '483', '535', '681', '87', '565', '12', '408', '249', '356', '343', '710', '769', '319', '766', '167', '67', '10', '712', '406', '503', '463', '740', '581', '325', '240', '533', '184', '355', '754', '725', '124', '75', '930', '522', '875', '594']
['548', '819', '461', '129', '403', '266', '600', '331', '650', '79', '103', '658', '944', '438', '153', '417', '809', '812', '526', '767', '3', '586', '923', '788', '348', '520', '761', '516', '677', '845', '554', '396', '299', '592', '799', '254', '231', '239', '706', '861', '839', '161', '207', '73', '365', '743', '392', '660']
['482', '546', '5', '182', '575', '287', '682', '174', '477', '265', '205', '259', '398', '216', '270', '467', '479', '388', '501', '311', '462', '316', '436', '518', '704', '326', '125', '662', '868', '527', '551', '595', '484', '481', '781', '765', '619', '197', '65', '714', '74', '234', '395', '557', '257', '126']
['753', '911', '91', '444', '276', '882', '732', '834', '869', '886', '353', '235', '464', '675', '70', '621', '261', '488', '663', '563', '296', '415', '0', '703']
['699', '194', '93', '375', '801', '297', '605', '191', '945', '123', '58', '96', '457', '472', '722', '119', '460', '884', '523', '109', '519', '823', '832', '713', '108', '534', '883', '6', '399', '382', '800', '211', '774', '152', '538', '82', '603', '498', '14', '578']
['646', '841', '768', '912', '528', '86', '351', '363', '633', '734', '587', '794', '956', '569', '42', '400', '148', '39', '324', '38', '716', '736', '764', '470', '857', '897', '427', '850', '622', '107', '778', '905', '547', '955']
['836', '606', '508', '309', '807', '512', '813', '247', '644', '56', '584', '366', '802', '918', '433', '102', '274', '552', '797', '284', '922', '864', '493', '335', '715', '99', '64', '815', '705', '642', '536', '628', '62', '208', '315', '879', '960', '780', '726', '48', '412', '838']
['856', '549', '69', '434', '166', '423', '302', '190', '762', '204', '776', '763', '872', '413', '422', '291', '759', '226', '397', '598', '305', '683', '262', '220', '437', '746', '393', '221', '691', '491', '821', '919', '138', '893', '227', '168', '824', '511', '582', '686', '708', '657', '795', '360']
['741', '269', '948', '954', '755', '98', '887', '242', '576', '696', '634', '833', '700', '530', '855', '936', '673', '224', '958', '779', '258', '402', '449', '232', '744', '480', '53', '383', '386', '640', '421', '542', '111']
['154', '241', '959', '27', '947', '420', '431', '141', '294', '818', '870', '333', '45', '255', '688', '252', '292', '112', '492', '626', '817', '494', '513', '50', '719', '709', '155', '442', '390', '490', '545', '391', '66', '378', '114', '620', '68', '142']
['544', '803', '733', '720', '54', '591', '842', '695', '147', '31', '571', '820', '828', '825', '649', '904', '225', '737', '312', '250', '418', '939', '567', '664', '115', '608']
['579', '610', '952', '835', '572', '175', '749', '760', '376', '648', '21', '773', '814', '665', '499', '890', '943', '322', '916', '117', '624', '656', '632', '826', '892']
['277', '785', '238', '517', '902', '440', '487', '485', '76', '407', '860', '692', '32', '805', '128', '113', '341', '92', '271', '332', '659', '97', '217', '541', '199', '593', '925', '639']
['206', '441', '851', '914', '899', '631', '771', '782', '478', '853', '798', '283', '612', '727', '702', '374', '264', '213', '668', '900', '233', '330', '7', '810', '597', '51', '61', '476', '248', '669', '859']
['30', '863', '680', '410', '419', '589', '295', '35', '307', '106', '951']
['837', '629', '894', '827', '337', '564', '496', '679', '359', '667', '280', '80', '78']
['298', '791', '792', '84', '63', '405', '580', '676', '953', '601', '711', '237', '468', '787', '218', '915', '339', '200', '451', '876', '429']
['177', '783', '308', '543', '577', '927', '908', '350', '724', '411', '473', '144', '555', '865', '509', '251', '539', '946', '273', '717', '775', '938', '756', '140', '60', '327']
['456', '202', '180', '583', '745', '354']
['290', '24', '416', '613', '486', '521', '495', '694', '89', '532', '268', '267', '181', '169', '425', '881', '304', '917', '34', '573', '342', '877', '159']
['655', '282', '13', '500', '666', '651', '843', '44', '9', '178', '652', '323', '670', '602', '638', '932', '176', '718', '426', '515', '317', '156', '690', '293', '852']
['414', '941', '698', '385', '303', '723', '377', '878', '143', '164', '17', '439', '346', '306', '873', '43', '611', '466', '46']
['214', '707', '28', '328', '404', '15', '647', '19', '223', '830', '57', '609', '504', '537', '203', '186', '55', '183', '361']
['357', '777', '370', '314', '81', '570', '100', '950', '121', '889', '454', '171']
['654', '285', '289', '384', '560', '502', '854', '349', '104', '116', '475', '885', '920', '604']
['630', '222', '607', '871', '179', '132', '85', '840', '505', '146', '33', '942', '278', '531', '772', '909', '41', '20', '4', '367']
