['709', '767', '3', '450', '97', '355', '653', '969', '281', '622', '504', '756', '244', '832', '559']
['818', '819', '315', '970', '476', '864', '10', '866', '848', '887', '317', '153', '784', '252', '18']
['338', '579', '991', '637', '65', '648', '330', '373', '667', '335', '257', '503', '148', '429', '594']
['474', '37', '356', '911', '593', '447', '682', '452', '334', '469', '702', '362', '89', '138', '126']
['154', '527', '15', '614', '656', '235', '408', '439', '233', '516', '860', '371', '597', '4', '196']
['744', '12', '459', '628', '601', '229', '686', '47', '103', '615', '909', '602', '885', '123', '935']
['344', '961', '923', '587', '162', '133', '798', '291', '144', '821', '843', '982', '974', '322', '748']
['586', '289', '449', '287', '17', '340', '600', '940', '374', '494', '170', '90', '51', '430', '327']
['214', '22', '952', '607', '205', '704', '655', '553', '867', '721', '826', '934', '576', '263', '947']
['719', '781', '635', '765', '788', '829', '293', '221', '964', '493', '892', '907', '919', '665', '706']
['862', '836', '259', '217', '461', '96', '314', '182', '1', '679', '915', '987', '790', '608', '385']
['918', '816', '472', '619', '336', '237', '640', '323', '319', '561', '938', '146', '929', '6', '359']
['625', '824', '730', '699', '178', '511', '828', '670', '651', '825', '694', '23', '165', '893', '595']
['313', '177', '689', '184', '482', '326', '370', '377', '331', '278', '773', '903', '574', '275', '859']
['678', '198', '159', '775', '295', '766', '40', '727', '736', '905', '524', '345', '78', '717', '696']
['485', '996', '550', '409', '410', '512', '780', '691', '204', '169', '92', '325']
['55', '285', '831', '112', '30', '202', '901', '799', '455', '536', '810', '882', '522', '316', '661']
['161', '840', '720', '391', '770', '509', '124', '621', '203', '604']
['232', '76', '24', '914', '962', '742', '884', '966', '584', '80', '764', '540', '435', '906', '808']
['591', '206', '152', '32', '499', '643', '387', '571', '29', '785', '207', '297', '458', '875', '431']
['562', '87', '304', '697', '792', '722', '973', '507', '131', '378', '519', '701', '300']
['58', '896', '565', '668', '841', '710', '883', '609', '402', '142', '440', '471']
['566', '457', '755', '750', '301', '380', '460', '419', '787', '246']
['49', '735', '968', '508', '811', '718', '794', '690', '490', '570', '921', '128', '143', '728', '930']
['983', '470', '129', '404', '91', '575', '21', '738', '804', '305', '273']
['518', '654', '350', '953', '172', '554', '19', '209', '33', '421', '984', '68', '180', '517', '598']
['117', '241', '541', '850', '132', '81', '16', '212', '662', '993', '583', '158']
['886', '372', '842', '976', '853', '192', '758', '521', '100', '218', '650', '557', '401', '186', '105']
['835', '564', '992', '453', '732', '160', '847', '618', '729', '782', '111', '995', '44', '171', '99']
['533', '414', '59', '268', '13', '492', '270', '434', '813', '636', '936', '822']
['617', '31', '194', '299', '189', '528', '801', '994', '673', '286', '145', '881']
['84', '941', '857', '659', '805', '851', '424', '122', '376', '523', '858', '927', '311', '715', '483']
['624', '797', '948', '839', '193', '352', '66', '749', '642', '944', '800', '43', '904']
['211', '698', '269', '546', '197', '465', '179', '390', '396', '164', '942', '677', '226', '120', '687']
['544', '28', '633', '926', '358', '889', '939', '955', '669', '578', '20', '130']
['917', '870', '256', '589', '658', '649', '478', '606']
['168', '954', '789', '714', '498', '644', '243', '26', '255', '27', '454', '688', '920', '139', '354']
['363', '294', '552', '572', '249', '101', '725', '250', '416', '868', '415', '551', '731', '412', '436']
['774', '526', '891', '532', '228', '545', '708', '489', '393', '726', '113', '477', '555', '916', '240']
['63', '442', '312', '502', '247', '877', '567', '890', '369', '195', '361']
['757', '156', '560', '685', '36', '200', '769', '342', '318', '254', '75', '980', '41', '834']
['629', '274', '83', '568', '288', '514', '367', '50']
['445', '125', '956', '645', '814', '406']
['833', '663', '863', '38', '166', '627', '190']
['783', '364', '711', '104', '266', '258', '54']
['149', '937', '977', '803', '705', '74', '283', '950', '121', '531', '426', '114', '306']
['53', '413', '333', '497', '35', '542', '902', '874']
['368', '5', '737', '468', '761', '569', '626', '986', '127', '740', '793']
['264', '433', '827', '573', '746', '8', '496', '592', '251', '495', '846', '743', '136', '332']
['277', '11', '220', '724', '534', '188', '236', '349', '695', '612', '778', '539', '280', '932']
['398', '303', '878', '479', '110', '759', '444', '693', '215', '261', '77', '809']
['979', '641', '981', '543', '674', '967', '191', '946']
['227', '675', '872', '284', '85', '985', '260', '417', '852']
['324', '328', '830', '394', '960', '366', '605', '716', '855', '45', '998', '745', '639']
['988', '225', '208', '480', '897', '61', '176', '296', '590', '411', '70', '959']
['856', '707', '631', '898', '107', '346', '585', '823', '616']
['681', '437', '580', '582', '899', '48']
['222', '620', '343']
['610', '880', '777', '871', '187', '52', '57', '167', '529', '464', '399', '134', '925', '118', '39']
['64', '381', '538', '290', '660', '443', '116', '382', '106', '360', '838']
['820', '762', '183']
['379', '151', '900', '879', '733', '423', '603', '473', '42', '173', '72']
['634', '69', '98', '418', '253', '854', '491', '397', '684', '71']
['102', '779', '520', '972', '700', '558', '137', '692']
['741', '62', '791', '95', '427', '912', '723', '922', '14', '147', '963']
['351', '599', '990']
['357', '549', '199', '265', '676', '806', '772', '341', '501', '463', '262']
['865', '384', '405', '403', '786', '888', '505', '383', '623', '657', '67', '438', '795', '0']
['155', '978', '467', '672', '933', '849', '630', '910', '931']
['611', '448', '308', '82', '739', '515', '577', '174', '115', '466', '46']
['389', '488', '88', '581', '446']
['796', '7', '632', '242', '763']
['997', '267', '386', '652', '873', '530', '231', '94', '329', '230']
['239', '475', '432', '302']
['25', '219']
['298', '646', '815']
['812', '845', '119', '666', '388', '683']
['771', '951', '807', '924']
['928']
['9', '451', '486', '500', '506']
['213', '510', '93', '201', '234', '279']
['869', '272', '175', '185', '671', '556']
['989', '108', '223', '181', '238', '712', '895', '86', '392']
['109', '56', '588', '734', '547']
['487', '753', '537']
['320', '913', '484']
['957', '309', '150', '79', '224', '703']
['248', '60', '375', '861']
['908', '353']
['339', '837', '613', '2', '141']
['751', '292', '747', '310', '216', '282', '337', '752', '949', '245', '664', '876']
['802', '638', '422', '548', '894']
['563', '647', '348', '400', '157', '975']
['420', '140', '441']
['321', '535', '776', '395', '680']
['713', '958', '481', '425', '596', '407', '462', '525']
['945', '307', '347', '276', '999']
['135', '73', '163', '943', '817', '513']
['754', '34', '456', '760', '365', '971']
['768', '210', '965', '428', '271', '844']
