['177', '24', '785', '992', '829', '803', '631', '410', '287', '416', '25', '444', '79', '191', '153', '517', '882', '123', '385', '366', '478', '923', '809', '722', '553', '794', '957', '101', '376', '283', '922', '21', '569', '673', '45', '616', '701', '307', '932', '262', '324', '668', '978', '571', '198', '445', '202', '766', '728', '848', '943', '127', '183', '617', '168', '225', '380', '541', '172', '603', '942', '557', '875', '18']
['610', '654', '635', '405', '309', '733', '91', '489', '512', '98', '858', '967', '242', '339', '906', '802', '485', '735', '3', '870', '447', '333', '428', '260', '462', '430', '252', '171', '436', '64', '372', '565', '492', '396', '590', '319', '70', '671', '221', '334', '712', '964', '494', '909', '821', '279', '158', '625', '550', '896', '85', '315', '676', '490', '82', '960', '901', '234', '229', '57', '971', '632', '455', '620']
['482', '948', '434', '182', '564', '308', '807', '27', '782', '762', '174', '103', '732', '58', '918', '886', '566', '96', '842', '235', '422', '1', '760', '700', '627', '761', '116', '773', '388', '665', '832', '147', '681', '31', '758', '921', '100', '393', '799', '367', '645', '597', '764', '51', '92', '581', '424', '361', '891', '659', '481', '208', '629', '199', '8', '640', '593', '253', '852', '68', '136', '995', '327', '126']
['653', '549', '924', '13', '618', '212', '88', '190', '887', '944', '751', '204', '687', '947', '350', '997', '862', '135', '486', '467', '798', '160', '530', '411', '144', '823', '305', '39', '213', '30', '863', '268', '448', '509', '6', '609', '110', '890', '868', '330', '693', '261', '904', '239', '488', '304', '480', '217', '61', '754', '619', '637', '737', '383', '256', '686', '780', '726', '421', '218', '378', '47', '892', '784']
['154', '241', '129', '819', '282', '166', '575', '238', '561', '331', '529', '243', '438', '276', '998', '477', '812', '102', '474', '363', '237', '453', '711', '752', '519', '286', '148', '99', '162', '830', '973', '969', '181', '432', '223', '883', '558', '26', '254', '626', '919', '503', '169', '873', '72', '793', '757', '961', '663', '604', '484', '703', '34', '19', '340', '185', '910', '358', '547', '200', '94', '60', '77', '660']
['5', '370', '441', '655', '580', '543', '337', '911', '146', '528', '650', '157', '186', '420', '591', '274', '953', '413', '348', '601', '493', '163', '469', '702', '310', '42', '506', '982', '692', '298', '95', '63', '976', '437', '192', '534', '820', '113', '167', '736', '7', '406', '804', '800', '325', '273', '211', '470', '781', '765', '563', '364', '465', '52', '879', '342', '679', '104', '877', '905', '738', '446', '522', '105']
['996', '952', '285', '277', '954', '290', '175', '423', '959', '666', '849', '843', '78', '230', '587', '872', '981', '884', '507', '439', '759', '638', '602', '245', '137', '400', '731', '683', '87', '15', '777', '408', '164', '278', '10', '399', '536', '317', '639', '130', '138', '275', '354', '117', '697', '155', '941', '917', '560', '384', '977', '427', '65', '582', '293', '150', '296', '73', '114', '53', '35', '80', '0', '859']
['338', '414', '836', '222', '269', '321', '496', '17', '596', '682', '134', '56', '658', '833', '22', '457', '301', '811', '76', '456', '122', '270', '189', '2', '373', '860', '145', '429', '483', '264', '196', '535', '525', '326', '176', '112', '12', '748', '937', '343', '965', '267', '592', '691', '825', '628', '796', '300', '595', '774', '425', '161', '643', '622', '394', '476', '498', '938', '567', '925', '974', '844', '608', '606']
['11', '572', '508', '783', '194', '851', '768', '913', '133', '720', '914', '266', '33', '651', '903', '371', '369', '288', '215', '440', '696', '9', '526', '353', '786', '672', '670', '397', '501', '90', '451', '224', '555', '4', '89', '876', '518', '187', '210', '81', '38', '179', '787', '121', '649', '435', '118', '717', '332', '412', '607', '156', '656', '355', '151', '725', '545', '599', '391', '531', '75', '263', '20', '874']
['579', '357', '377', '375', '770', '721', '950', '749', '577', '630', '920', '205', '586', '613', '404', '827', '387', '723', '520', '854', '468', '648', '479', '464', '226', '170', '715', '831', '499', '289', '718', '742', '900', '125', '589', '159', '847', '642', '986', '539', '817', '846', '454', '611', '240', '533', '791', '97', '511', '132', '714', '281', '236', '928', '972', '504', '778', '826', '756', '985', '915', '931', '115', '999']
['856', '206', '83', '841', '813', '297', '585', '537', '265', '990', '389', '834', '935', '963', '398', '259', '991', '216', '459', '284', '853', '867', '652', '291', '407', '677', '615', '106', '311', '598', '280', '313', '958', '59', '805', '554', '299', '131', '143', '497', '188', '233', '491', '443', '664', '341', '426', '551', '463', '689', '152', '839', '193', '850', '505', '74', '775', '395', '657', '939', '895', '180', '140', '360']
['837', '835', '546', '730', '894', '789', '801', '40', '940', '866', '772', '644', '244', '980', '86', '792', '776', '588', '466', '141', '43', '634', '559', '822', '797', '750', '680', '472', '788', '272', '966', '523', '516', '864', '495', '993', '695', '694', '452', '71', '968', '713', '220', '532', '647', '962', '249', '685', '258', '984', '322', '881', '624', '184', '816', '871', '538', '312', '390', '248', '743', '165', '540', '392']
['707', '461', '510', '753', '699', '755', '54', '600', '605', '346', '458', '583', '173', '417', '347', '471', '431', '880', '869', '698', '433', '362', '228', '763', '956', '521', '898', '667', '949', '727', '814', '524', '568', '316', '661', '55', '704', '989', '292', '705', '994', '729', '810', '861', '740', '46', '344', '709', '983', '149', '979', '614', '678', '573', '690', '209', '359', '636', '365', '318', '415', '542', '257', '838']
['320', '741', '544', '646', '328', '69', '912', '623', '771', '739', '247', '120', '927', '795', '930', '945', '487', '767', '552', '818', '724', '352', '674', '460', '419', '109', '578', '688', '111', '195', '907', '374', '219', '32', '675', '840', '710', '349', '828', '251', '716', '669', '67', '515', '769', '231', '934', '621', '382', '271', '916', '368', '49', '214', '232', '719', '897', '878', '708', '14', '684', '970', '514', '594']
['926', '93', '16', '475', '576', '345', '790', '44', '745', '178', '734', '806', '119', '323', '473', '201', '855', '41', '808', '988', '845', '450', '108', '888', '933', '662', '402', '893', '379', '227', '744', '824', '197', '303', '386', '250', '418', '124', '107', '955', '556', '139']
['548', '899', '203', '908', '574', '584', '902', '987', '633', '381', '936', '335', '23', '306', '329', '562', '779', '356', '946', '50', '62', '857', '29', '295', '207', '66', '48', '142', '975']
['865', '527', '641', '36', '302', '885']
['294', '747', '409', '314', '746', '128']
['612', '401', '403', '37']
['502']
['351', '500', '951']
['28']
['336', '513']
['706']
['255', '815']
['246']
['570']
['889']
['84', '449']
['442']
['929']
