['579', '98', '749', '866', '339', '153', '517', '353', '404', '493', '519', '501', '982', '701', '39', '532', '299', '100', '167', '609', '558', '890', '7', '426', '322', '380', '97', '754', '643', '928', '942']
['856', '646', '894', '577', '478', '566', '467', '627', '495', '245', '145', '196', '63', '393', '799', '964', '169', '300', '435', '239', '449', '480', '917', '53', '65', '686', '895', '77', '105']
['194', '290', '410', '502', '496', '903', '244', '902', '417', '471', '109', '864', '936', '692', '483', '64', '705', '888', '626', '709', '336', '960', '74', '66', '104', '547']
['753', '308', '801', '27', '576', '687', '947', '886', '21', '305', '252', '213', '131', '128', '6', '983', '637', '85', '511', '938', '910', '139', '0']
['546', '730', '600', '444', '537', '822', '366', '634', '301', '806', '473', '677', '569', '602', '195', '524', '885', '147', '71', '932', '973', '729', '791', '775', '68', '80']
['549', '461', '337', '36', '858', '438', '276', '583', '945', '44', '362', '433', '680', '272', '189', '469', '702', '832', '704', '83', '94', '986', '551', '211', '155', '470', '315', '972', '504', '514', '951', '874']
['328', '954', '635', '24', '720', '911', '146', '500', '265', '487', '552', '96', '794', '872', '648', '45', '170', '400', '262', '81', '554', '110', '221', '848', '946', '916', '424', '896', '197', '384', '657', '620', '75', '703']
['572', '220', '685', '820', '901', '458', '103']
['434', '630', '927', '43', '906', '935', '457', '419', '530', '568', '661', '59', '962', '349', '592', '766', '943', '793', '50', '541', '871', '427', '971', '557']
['707', '835', '655', '813', '944', '440', '862', '918', '763', '413', '711', '291', '163', '462', '4', '683', '372', '978', '825', '406', '261', '217', '442', '82', '875']
['837', '28', '441', '789', '658', '173', '230', '833', '735', '750', '348', '760', '884', '201', '268', '408', '121', '595', '227', '484', '897', '573', '879', '365', '14', '107', '522', '844', '126', '859']
['182', '768', '803', '247', '40', '351', '997', '827', '752', '226', '815', '828', '728', '494', '821', '881', '368', '697', '604', '355', '383', '51', '975', '606']
['819', '755', '596', '302', '650', '751', '191', '584', '58', '398', '486', '456', '667', '310', '286', '55', '562', '518', '863', '647', '233', '883', '26', '919', '72', '774', '281', '386']
['313', '865', '292', '183', '76', '448', '976', '151', '133', '714', '921', '733', '33', '814', '180', '41', '430', '904', '123']
['154', '129', '321', '785', '17', '772', '987', '22', '259', '867', '993', '23', '598', '264', '343', '179', '192', '330', '113', '399', '621', '961', '208', '826']
['528', '238', '346', '243', '998', '882', '186', '459', '422', '160', '695', '516', '144', '506', '260', '616', '356', '758', '589', '736', '539', '649', '402', '118', '344', '625', '225', '304', '172', '684', '165', '540', '784']
['269', '992', '166', '899', '770', '416', '331', '56', '86', '834', '869', '613', '698', '274', '314', '119', '694', '555', '307', '731', '10', '764', '873', '132', '418', '636', '889', '415', '140']
['370', '580', '887', '369', '696', '812', '294', '724', '323', '759', '116', '673', '137', '280', '958', '445', '847', '251', '491', '662', '909', '463', '611', '663', '725', '342', '669']
['414', '641', '805', '465', '779', '553', '460', '432', '807', '359', '940', '800']
['914', '78', '385', '420', '526', '981', '853', '411', '922', '373', '464', '638', '590', '164', '319', '671', '691', '868', '279', '127', '354', '744', '816', '185', '556', '594']
['338', '177', '11', '16', '91', '559', '745', '84', '734', '798', '715', '436', '298', '326', '30', '289', '675', '642', '503', '850', '955', '111', '446']
['241', '69', '282', '543', '88', '809', '474', '672', '397', '773', '429', '437', '710', '965', '769', '787', '240', '719', '624', '379', '156', '303', '780', '395', '778', '525']
['996', '841', '377', '575', '908', '843', '141', '485', '802', '842', '797', '135', '122', '520', '786', '898', '451', '845', '937', '187', '258', '92', '706', '550', '232', '296', '52', '545', '892', '970', '115', '838']
['285', '926', '13', '959', '771', '762', '371', '920', '350', '453', '956', '507', '106', '32', '12', '492', '162', '198', '443', '254', '515', '536', '527', '689', '857', '824', '560', '34', '312', '8', '498', '531', '567', '48', '985', '931', '60']
['9', '101', '284', '878', '854', '476', '138', '455', '242', '120', '345', '740']
['653', '783', '924', '682', '297', '389', '591', '811', '1', '761', '335', '907', '535', '969', '70', '933', '716', '334', '693', '861', '607', '563', '656', '29', '490', '293', '19', '73', '248', '542', '915', '18']
['968', '472', '270', '391', '679', '401', '732', '431']
['565', '678', '948', '352', '534', '375', '782', '795', '639']
['320', '548', '510', '561', '25', '134', '203', '776', '792', '215', '3', '991', '957', '674', '479', '670', '615', '42', '219', '324', '176', '267', '317', '717', '168', '505', '378', '877', '35', '159']
['512', '605', '466', '923', '633', '447', '388', '306', '329', '876', '171', '831', '989', '450', '900', '231', '628', '325', '513', '214', '209', '229', '640', '939', '748']
['610', '747', '699', '489', '623', '849', '174', '288', '477', '157', '790', '363', '587', '870', '652', '823', '99', '499', '396', '617', '49', '533', '839', '593', '599', '708', '150', '236', '756', '360', '995']
['357', '836', '266', '79', '190', '475', '574', '880', '953', '521', '523', '855', '428', '665', '89', '249', '223', '509', '929', '893', '332', '149', '619', '364', '295', '726', '124', '218', '925', '367', '999']
['222', '508', '409', '175', '739', '963', '818', '722', '237', '374', '90', '224', '808', '681', '746', '570', '278', '645', '846', '796', '757', '117', '184', '781', '61', '614', '977', '582', '318', '136', '930', '327', '392']
['62', '205', '15', '108', '676', '125', '743', '597']
['277', '829', '403', '212', '631', '967', '767', '102', '2', '949', '612', '148', '31', '713', '777', '742', '38', '188', '497', '984', '341', '275', '891', '152', '979', '737', '690', '390', '193', '394', '603', '207', '114', '47', '905']
['654', '544', '5', '405', '912', '54', '721', '666', '529', '980', '204', '178', '235', '333', '966', '407', '860', '688', '316', '210', '571', '840', '830', '143', '202', '181', '712', '382', '810', '271', '273', '425', '659', '481', '250', '234', '57', '421', '253', '257', '263', '974']
['381', '564', '622', '287', '660', '664', '804', '412', '361']
['482', '851', '309', '93', '618', '990', '585', '216', '387', '788', '601', '376', '727', '255', '452', '988', '817', '934', '581', '158', '941', '199', '538', '765', '161', '256', '358', '738', '200', '20', '852']
['586', '668', '439', '67', '632', '246', '130', '347', '46']
['952', '206', '741', '37', '913', '423', '950', '651', '644', '588', '228', '723', '468', '700', '283', '311', '87', '95', '112', '718', '994', '454', '488', '629', '340', '578', '142', '608']
