['49', '572', '510', '408', '24', '447', '361', '473', '207', '825', '68', '276', '245', '907', '406', '45', '987', '822', '436']
['837', '414', '836', '544', '707', '175', '98', '739', '902', '935', '366', '363', '400', '313', '675', '92', '861', '275', '744', '156', '545', '75']
['654', '954', '762', '86', '833', '552', '272', '419', '638', '701', '558', '729', '322', '325', '717', '72', '155', '595', '53', '622', '124', '126']
['177', '952', '112', '541', '235', '492', '502', '83', '928', '828', '185', '160', '645', '454', '702', '452', '630', '360', '449']
['423', '528', '346', '887', '265', '478', '385', '456', '122', '759', '451', '685', '728', '10', '130', '917', '132', '476', '620', '20', '995', '975']
['285', '546', '461', '13', '998', '776', '792', '466', '141', '867', '21', '428', '562', '976', '187', '198', '128', '740', '183', '881', '391', '73']
['948', '803', '212', '146', '721', '651', '866', '644', '120', '834', '963', '351', '294', '472', '806', '884', '627', '195', '832', '758', '150', '999']
['357', '403', '959', '529', '444', '186', '22', '763', '612', '226', '144', '568', '374', '535', '989', '432', '804', '240', '678', '871', '51', '875']
['610', '69', '321', '914', '377', '911', '331', '43', '700', '468', '335', '306', '267', '779', '396', '934', '693', '764', '172', '686', '756', '738']
['894', '238', '40', '190', '475', '153', '997', '216', '953', '2', '885', '462', '647', '718', '590', '929', '821', '946', '498', '657', '970', '748']
['533', '11', '859', '842', '755', '863', '827', '37', '445', '16', '523', '559', '416', '671', '395', '163', '649', '4', '169', '731', '604']
['338', '600', '749', '103', '634', '404', '734', '314', '387', '495', '106', '766', '817', '402', '824', '296', '74', '47', '877', '632', '165', '139']
['9', '681', '689', '102', '979', '499', '337', '375', '443', '542', '796', '639', '732', '425']
['320', '3', '62', '149', '508', '635', '96', '891', '571', '119', '418', '769', '890', '514', '123']
['653', '28', '768', '580', '733', '133', '807', '288', '696', '872', '467', '42', '661', '815', '249', '81', '162', '893', '184', '656', '778', '684']
['129', '699', '899', '339', '204', '923', '794', '501', '982', '430', '326', '289', '50', '538', '29', '465', '19', '780', '378', '939', '540', '392']
['698', '380', '15', '783', '152', '978', '459', '309', '188', '70', '609', '455', '493', '925', '261']
['350', '835', '292', '220', '161', '785', '619', '789', '479', '253', '421', '799', '679', '915', '909', '578', '598']
['617', '304', '213', '588', '259', '97', '348', '394', '251', '329', '922', '964', '782', '170', '503', '271', '89', '138', '874']
['996', '25', '371', '980', '417', '869', '135', '855', '429', '831', '984', '691', '26', '716', '919', '896', '364', '725', '599', '971', '136', '115']
['434', '247', '576', '583', '433', '457', '797', '677', '41', '616', '483', '865', '176', '742', '554', '589', '709', '643', '248', '892', '159', '111']
['829', '17', '512', '134', '369', '591', '862', '870', '507', '524', '264', '710', '131', '121', '581', '344', '550', '607', '511', '726', '218', '412']
['812', '379', '958', '5', '324', '381', '805', '450', '937', '816', '505', '631', '752', '426', '772', '77']
['741', '269', '32', '926', '290', '413', '283', '569', '464', '650', '993', '621', '903', '255']
['488', '713', '222', '777', '663', '680', '405', '179', '543', '34', '714', '950', '667', '858', '688', '60', '46']
['63', '442', '534', '460', '878', '287', '994', '491', '79', '848', '602', '203', '574', '522', '389', '745']
['549', '194', '947', '767', '886', '189', '530', '310', '219', '64', '840', '883', '781', '61', '977', '636', '114', '107', '556', '200', '795', '367']
['241', '753', '323', '773', '224', '683', '39', '968', '372', '192', '299', '233', '662', '515', '463', '273', '470', '641', '614', '560', '895', '985']
['845', '633', '199', '437', '564', '281', '91', '711', '901', '570', '496', '593', '626', '243', '388', '727', '279', '910', '148', '960', '916']
['624', '31', '565', '566', '722', '879', '202', '770', '33', '1', '942', '605', '18', '567', '628', '517', '945', '362', '471']
['526', '482', '228', '788', '284', '655', '490', '913', '143', '516', '949', '80', '0']
['277', '370', '730', '328', '410', '596', '500', '658', '174', '76', '674', '521', '116', '592', '341', '158', '424', '208', '336', '197', '386', '708']
['398', '587', '981', '786', '601', '798', '615', '90', '145', '71', '95', '532', '108', '705', '401', '246', '232', '676', '889', '669', '94', '606']
['629', '217', '178', '151', '439', '223', '582', '234', '618', '584', '104', '775', '868', '826', '555', '800', '147']
['518', '168', '486', '356', '992', '230', '962', '793', '303', '666', '35', '943', '706', '137', '506', '906', '262']
['924', '801', '347', '991', '811', '956', '648', '864', '695', '411', '280', '55', '30', '125', '110', '787', '382', '227', '355', '229', '359', '257']
['154', '298', '765', '407', '109', '623', '967', '7', '469', '539', '955', '317', '244', '873', '440', '105']
['757', '480', '818', '754', '737', '352', '957', '52', '965', '256', '847', '640', '373', '278', '44', '882', '305', '932', '931']
['59', '409', '573', '427', '760', '302', '164', '340', '415', '494', '477', '951', '852']
['856', '697', '87', '594', '489', '295', '660', '938', '297', '694', '242', '23', '260', '904', '446']
['704', '735', '193', '853', '720', '854', '458', '860', '687', '27', '790', '300', '239', '838']
['441', '308', '940', '237', '333', '422', '201', '673', '823', '876', '316', '830', '820', '969', '933', '736', '231', '536', '857', '315', '504', '974']
['791', '613', '282', '293', '14', '519', '990', '345', '525']
['211', '368', '548', '481', '668', '841', '343', '181', '330', '813', '399', '642', '527', '311', '286', '692', '715']
['206', '983', '747', '448', '746', '690', '520', '921', '342', '100', '393', '6', '57', '56', '664', '307', '513', '118', '808']
['58', '487', '918', '819', '85', '182', '900', '652', '349', '180', '751', '920', '173', '843', '703']
['117', '802', '84', '719', '210', '65', '8', '966', '376', '383', '365', '712', '849', '986', '944', '743', '927', '263', '252', '196', '99']
['420', '988', '485', '646', '897', '390', '453', '888', '761', '531', '48', '597', '191', '435', '611']
['579', '54', '266', '771', '585', '291', '672', '670', '12', '258', '221', '127', '214', '659', '563', '312', '250', '972', '358', '557', '930', '608']
['225', '750', '839', '850', '38', '93', '682', '334', '936', '88', '577', '537', '551', '327']
['851', '912', '36', '166', '438', '215', '809', '431', '205', '274', '301', '898', '665', '319', '254', '774', '941', '637', '384', '82', '547', '844']
['961', '353', '268', '101', '553', '270', '209', '723', '66', '113', '318', '167', '846', '810', '140', '908', '142', '332']
['575', '561', '157', '78', '880', '586', '474', '724', '397', '814', '171', '973', '497', '509', '67', '354', '625', '484', '236', '603', '905', '784']
