['796', '499']
['5', '906', '216']
['421', '457', '516']
['555', '565', '575']
['389', '627', '978', '781']
['496', '896', '48']
['984', '777']
['34', '201', '611', '881']
['482', '184']
['434']
['89']
['606', '772', '436']
['625', '43', '217', '72']
['159', '428']
['191', '377']
['293', '199', '385']
['64', '578', '757', '231']
['533', '597']
['365', '876', '721']
['20', '449', '892']
['791', '727', '592']
['891', '265']
['224', '642', '652', '156']
['722', '921']
['588', '838']
['326', '469', '212', '893']
['562', '472']
['913', '692']
['705', '55', '874', '283']
['492']
['102', '635', '483']
['685', '958', '138']
['197', '996', '341']
['387', '38', '83', '695']
['71', '228', '931', '937', '668']
['165', '918', '162']
['768', '613', '861']
['579']
['788', '63', '623']
['912', '267', '273']
['312', '745', '828']
['785', '529', '989']
['837', '225', '500', '726']
['462', '0', '687', '762']
['749', '816']
['443', '633']
['867', '947']
['617', '100']
['427', '394']
['845', '196']
['111', '612', '581']
['953', '814']
['853', '743', '530']
['75', '615', '763']
['638']
['21', '30']
['13', '373', '485']
['877', '817', '595']
['57', '25', '744', '187']
['284', '417', '257']
['950', '662', '544']
['31', '710', '696']
['175', '706', '77', '614']
['60', '327']
['10', '712']
['517', '939', '548', '540', '684']
['528', '416', '866', '834', '58', '259', '842', '178', '680', '884', '189', '291', '2', '731', '219', '39', '313', '372', '108', '268', '718', '233', '621', '624', '573', '151', '47', '557', '200', '924', '841', '894', '33', '605', '849', '577', '585', '920', '466', '351', '453', '806', '298', '450', '647', '67', '488', '296', '878', '708', '636', '360', '608', '177', '747', '328', '851', '812', '237', '966', '468', '479', '464', '388', '255', '137', '506', '448', '192', '128', '509', '645', '946', '740', '513', '425', '368', '774', '470', '465', '391', '960', '703', '699', '321', '134', '537', '902', '478', '350', '294', '413', '870', '1', '160', '90', '976', '81', '888', '994', '167', '399', '317', '246', '793', '983', '390', '104', '359']
['802', '286', '9']
['357', '527', '549', '934']
['657', '238']
['697', '944']
['248', '308', '117', '730']
['335']
['403', '773']
['101', '631', '53']
['574', '602', '672']
['665', '28', '52']
['344', '558', '369']
['716', '361', '801']
['65', '890', '461', '604']
['295', '68', '342', '69']
['406', '515', '118', '4']
['850', '871']
['782']
['331']
['930', '590']
['306', '92', '480', '518']
['181', '174']
['561', '948', '751']
['106', '274']
['161', '634', '887', '990']
['799', '44']
['185', '981']
['742', '618']
['266', '6']
['363']
['626', '659']
['701']
['157', '711', '419']
['644']
['855', '844']
['122', '256', '603']
['143', '140', '797']
['746', '997', '587', '660']
['564', '329']
['922', '375']
['418']
['955', '234']
['769']
['262', '154', '32', '669']
['447', '82', '144', '675']
['49']
['961']
['764', '414', '656']
['663', '309', '975']
['629', '136']
['459', '491', '120']
['410', '396', '825', '41']
['709', '630', '956', '568']
['395', '22', '836', '963']
['253', '545', '343']
['550', '969']
['249', '17', '103', '962']
['70', '14', '454']
['829', '807']
['440', '809']
['815']
['917', '765']
['281', '494']
['869', '242']
['970', '123']
['957', '940']
['206', '755', '700', '949', '694', '702', '865', '988', '292', '188', '933', '130', '194', '580', '658', '927', '591', '735', '553', '467', '864', '495', '307', '145', '210', '356', '330', '909', '240', '481', '538', '172', '547', '18', '653', '36', '302', '813', '987', '559', '141', '84', '724', '407', '936', '808', '223', '986', '304', '690', '879', '632', '80', '925', '974', '142', '115', '852', '522', '835', '269', '241', '992', '733', '16', '651', '444', '79', '371', '339', '732', '822', '431', '833', '827', '786', '493', '982', '15', '445', '113', '766', '929', '322', '637', '336', '490', '582', '386', '679', '124', '905', '748']
['760', '895', '347']
['567', '59']
['908']
['714', '171']
['305']
['487', '840']
['713', '474']
['316']
['678']
['598']
['798', '290']
['900', '945']
['964']
['193', '430', '820', '719']
['420', '139']
['951', '409', '784']
['86', '163', '911', '901', '289']
['821']
['628', '263']
['254', '570']
['759', '66']
['379', '119']
['318', '775', '275']
['214', '505']
['126']
['94']
['153', '646', '476']
['74']
['923']
['46']
['880', '247', '501']
['232', '973']
['681', '583', '366', '288']
['526', '125', '839']
['805', '458', '729', '542']
['654', '569', '875', '332']
['251', '739', '535', '135']
['204', '463', '859']
['114', '519', '429']
['682', '226', '441']
['235', '147']
['794', '412', '843', '424']
['689', '252', '556']
['303']
['270']
['116']
['832', '935']
['752', '456', '88', '186']
['213', '599']
['886']
['245']
['848', '324']
['129']
['169', '149']
['507', '376', '819', '980']
['610', '803', '641', '471']
['771']
['42']
['426', '823']
['349', '661']
['985', '800', '384', '539']
['29', '648']
['572', '882', '510']
['334', '593']
['76']
['810', '12', '110']
['95', '348']
['824', '754']
['862']
['155', '919']
['352', '411']
['27', '715', '789']
['338', '991']
['503']
['451', '649']
['277', '455', '370', '54']
['40', '438', '96']
['688', '301']
['405', '127', '205']
['173', '272', '383', '959']
['943', '415', '673']
['968', '776', '770', '725']
['179', '670', '650']
['787', '707', '520', '51']
['795', '667', '566', '750']
['826', '504', '220']
['437', '616', '600', '195']
['741', '704']
['346', '380']
['899', '683']
['872']
['229', '310']
['319']
['150', '903', '109', '972']
['56']
['35']
['152', '362']
['131', '7']
['677', '767']
['910', '868', '183']
['279', '105', '230']
['132', '589']
['182']
['586', '353', '299', '686', '23', '215']
['91', '546']
['674', '236', '885']
['889', '93', '146']
['804', '502']
['508', '932', '601', '979', '736']
['345', '243', '497', '355']
['24', '364']
['993']
['916', '452']
['250']
['543', '995']
['400']
['158']
['967', '640', '541']
['531', '325', '287']
['761']
['221', '401']
['778']
['554', '78']
['460']
['99']
['320', '965']
['792', '202', '780']
['693']
['486', '112']
['484', '367']
['107', '3']
['521']
['915']
['374']
['133']
['584', '315', '860']
['358', '620', '62', '883']
['830', '854']
['8', '477', '239', '734', '512']
['907']
['244']
['576', '779']
['954']
['422', '37']
['207', '942', '176']
['571', '818']
['397', '166', '98']
['639']
['498']
['914', '439', '790', '622']
['607', '811']
['435']
['311', '260']
['148']
['511', '560', '170']
['717']
['846', '280', '941']
['563']
['643', '897', '168', '404']
['87', '489']
['609', '423']
['222', '333']
['847']
['340', '928', '952', '26', '382']
['85']
['655']
['180']
['11', '433', '354']
['856', '756', '446']
['873', '971']
['164']
['337', '904']
['898', '720', '758', '45', '926']
['378', '676', '381', '442']
['698', '432', '61']
['211', '977']
['552', '282', '858', '276', '402', '300']
['73', '218', '392', '408']
['19']
['534', '594', '208', '753', '473']
['393', '121', '723']
['297']
['203', '285', '323', '738']
['666', '278', '198', '525']
['264', '691', '831', '209']
['737', '258']
['938']
['314', '532', '97', '523']
['524']
['514', '536']
['227', '857', '863']
['671', '783']
['596', '475']
['728']
['398']
['664', '50']
['271', '551']
['619', '190']
['261']
