['37', '733', '266', '243', '56', '174', '552', '750', '387', '788', '284', '885', '171', '429', '865', '590', '221', '426', '425', '689', '617', '550', '53', '490', '725', '114', '218', '756', '367']
['836', '510', '771', '120', '990', '362', '178', '854', '688', '99', '249', '100', '626', '662', '539', '454', '800', '581', '155', '149', '781', '355', '573', '850', '383', '248', '778', '970', '925']
['282', '512', '858', '191', '802', '818', '228', '447', '578', '126', '252', '535', '326', '343', '408', '554', '888', '758', '113', '799', '740', '717', '560', '151', '365', '930', '931', '874', '859']
['707', '24', '618', '471', '842', '404', '411', '702', '131', '70', '491', '399', '825', '536', '279', '92', '261', '470', '480', '708', '392', '594']
['36', '27', '477', '517', '732', '786', '122', '798', '468', '672', '673', '213', '828', '67', '7', '909', '796', '946', '239', '325', '904', '793', '757', '132', '293', '386', '620', '877', '915']
['410', '54', '801', '25', '103', '944', '927', '417', '652', '495', '615', '450', '12', '668', '179', '962', '675', '110', '736', '254', '513', '891', '315', '364', '391', '150', '686', '826', '748']
['338', '952', '434', '405', '182', '596', '745', '880', '84', '811', '237', '467', '966', '665', '692', '932', '965', '393', '983', '484', '193', '82', '250', '104', '342', '47', '905', '684', '139']
['948', '751', '843', '574', '381', '439', '116', '638', '823', '374', '95', '31', '937', '718', '330', '642', '817', '231', '494', '138', '185', '124', '971', '632']
['653', '13', '992', '175', '302', '950', '600', '203', '790', '472', '612', '195', '262', '483', '324', '492', '509', '728', '130', '449', '217', '816', '678', '643', '871', '390', '754', '57', '939']
['277', '631', '770', '146', '644', '276', '577', '345', '78', '822', '634', '453', '4', '147', '808', '831', '845', '958', '647', '128', '46', '538', '603', '498', '340', '295', '14', '18']
['508', '580', '166', '297', '79', '586', '314', '323', '949', '860', '452', '683', '704', '437', '779', '900', '570', '921', '83', '401', '424', '941', '97', '614', '839', '172', '34', '844', '852']
['924', '768', '739', '561', '238', '576', '157', '923', '22', '474', '991', '41', '400', '876', '64', '267', '26', '896', '857', '156', '726', '784']
['856', '28', '461', '838', '772', '903', '591', '301', '520', '648', '373', '667', '397', '329', '289', '432', '349', '766', '334', '846', '402', '804', '774', '714', '622', '775', '960', '207', '604']
['812', '861', '3', '989', '269', '199', '680', '192', '676', '456', '884', '167', '609', '170', '144', '621', '743', '137', '186', '55']
['564', '212', '666', '444', '866', '559', '633', '353', '259', '953', '89', '292', '820', '319', '810', '791', '656', '690', '19', '640', '972', '636', '531', '51', '514', '951', '974', '639']
['177', '785', '17', '749', '650', '86', '987', '141', '9', '457', '867', '898', '670', '759', '773', '163', '469', '30', '356', '162', '81', '168', '744', '629', '161', '197', '312', '540', '910']
['610', '357', '913', '575', '721', '899', '389', '947', '613', '724', '734', '521', '333', '407', '516', '493', '335', '305', '968', '969', '164', '275', '881', '304', '697', '541', '593', '942', '107']
['241', '328', '502', '133', '288', '792', '906', '230', '123', '433', '806', '700', '752', '42', '108', '258', '443', '271', '917', '427', '504', '567', '895', '556', '446']
['320', '222', '747', '290', '337', '803', '93', '807', '849', '940', '242', '466', '294', '398', '486', '460', '711', '189', '283', '451', '976', '396', '929', '624', '66', '378', '679', '664']
['572', '544', '309', '416', '190', '762', '244', '687', '347', '363', '459', '870', '419', '695', '519', '106', '430', '746', '38', '143', '278', '934', '435', '300', '211', '384', '394', '68', '60']
['783', '699', '375', '528', '980', '920', '588', '478', '862', '350', '767', '135', '523', '694', '814', '832', '731', '713', '268', '382', '8', '476', '94', '525']
['837', '741', '819', '755', '69', '489', '967', '797', '936', '701', '555', '148', '219', '32', '742', '181', '847', '919', '72', '214', '209', '505', '359', '395', '20']
['730', '979', '187', '235', '829', '296', '125', '236', '160', '201', '233', '6', '657', '787', '35', '48', '369', '428', '311', '173', '715']
['458', '371', '537', '339', '351', '102', '109', '464', '245', '907', '448', '198', '691', '964', '341', '317', '127', '322', '619', '65', '234', '73', '318']
['654', '154', '206', '215', '119', '2', '727', '388', '501', '316', '518', '978', '830', '497', '589', '645', '764', '344', '117', '152', '232', '977', '465', '80', '415', '738', '105']
['264', '719', '663', '918', '380', '533', '954', '76', '420', '635', '961', '760', '507', '479', '255', '557', '224', '503', '902', '169', '196']
['562', '777', '183', '981', '85', '496', '601', '440', '922', '916', '875', '583', '462', '280', '118', '893']
['985', '833', '414', '607', '587', '827', '872', '763', '413', '308', '50', '74', '366', '121', '547', '431', '598', '260', '551', '71', '360']
['625', '835', '548', '176', '220', '851', '265', '112', '270', '682', '938', '527', '628', '696']
['488', '227', '11', '208', '409', '216', '722', '321', '723', '348', '813', '88', '712', '524', '693', '982', '776', '327']
['579', '423', '959', '782', '945', '809', '487', '794', '376', '145', '372', '59', '532', '685', '769', '61', '29', '879', '358', '889', '140', '263']
['205', '565', '912', '543', '599', '592', '406', '716', '986', '955', '616', '44', '385']
['869', '15', '481', '441', '442', '914', '805', '957', '840', '52', '98', '878', '623', '21', '210', '475', '873', '436']
['368', '62', '659', '815', '354', '894', '956', '1', '291', '500', '251', '273', '136', '90', '111', '908', '522', '412', '332']
['681', '285', '606', '482', '753', '566', '511', '303', '272', '188', '582', '928', '299', '240', '134', '658', '506', '882', '115', '608', '39']
['546', '655', '287', '40', '438', '864', '23', '310', '165', '87', '499', '534', '984', '848', '515', '49', '184', '637', '765', '545', '200', '795']
['96', '926', '841', '674', '671', '45', '597', '153', '286']
['646', '129', '403', '630', '204', '584', '58', '698', '101', '853', '422', '761', '473', '677', '602', '307', '988', '705', '883', '10', '868', '225', '563', '780', '0', '975']
['824', '641', '897', '194', '336', '445', '159', '973', '418', '911', '627', '710', '558', '887', '306', '649', '706', '660']
['485', '549', '352', '91', '256', '669', '890', '729', '542', '892', '180', '43', '77']
['313', '379', '553', '571', '789', '247', '569', '651', '226', '75', '703', '595']
['863', '737', '720', '377', '229', '202', '530', '421', '605', '821', '142', '834']
['709', '735', '886', '5', '370', '298', '611', '223', '281', '901', '33', '933', '855', '346', '455', '331', '585', '257', '158', '661', '935']
['526', '274', '63', '16', '361', '253', '529', '943', '568', '246', '463', '963']
