['753', '851', '410', '247', '903', '630', '44', '822', '58', '735', '353', '827', '413', '272', '333', '495', '612', '147', '535', '267', '356', '710', '994', '799', '904', '916', '983', '184', '484', '541', '676', '296', '250', '391', '293', '545', '905', '514', '910', '327']
['222', '768', '133', '309', '40', '644', '751', '191', '153', '173', '687', '732', '834', '906', '853', '237', '521', '700', '832', '262', '99', '565', '777', '805', '343', '32', '179', '929', '712', '649', '550', '941', '744', '725', '640', '928', '57', '632', '930', '20']
['320', '24', '580', '502', '911', '596', '302', '54', '175', '190', '444', '574', '880', '467', '867', '348', '855', '313', '988', '532', '249', '319', '764', '169', '800', '463', '581', '183', '92', '719', '232', '824', '336', '19', '939', '895', '180', '140', '139', '0']
['338', '206', '546', '841', '500', '801', '458', '650', '157', '790', '594', '178', '381', '553', '786', '860', '702', '982', '89', '683', '831', '396', '188', '883', '621', '231', '919', '46', '717', '193', '386', '104', '150', '780', '679', '455', '14', '951', '931', '446']
['610', '17', '512', '27', '940', '265', '203', '963', '294', '566', '724', '472', '456', '507', '109', '922', '864', '144', '41', '506', '55', '865', '298', '989', '59', '937', '685', '233', '164', '240', '663', '607', '208', '53', '573', '315', '340', '556', '578', '604']
['414', '28', '461', '409', '924', '914', '370', '635', '631', '858', '103', '288', '204', '385', '633', '698', '842', '956', '376', '773', '245', '452', '555', '692', '31', '38', '571', '590', '258', '275', '273', '629', '754', '972', '185', '657', '889', '218', '415', '970']
['572', '646', '269', '510', '807', '959', '416', '990', '339', '389', '908', '398', '613', '433', '301', '459', '453', '464', '727', '388', '260', '252', '704', '499', '758', '769', '113', '278', '26', '449', '368', '709', '791', '538', '365', '955', '111', '115', '975', '525']
['952', '441', '69', '321', '926', '423', '88', '577', '980', '833', '634', '259', '96', '734', '953', '101', '493', '469', '311', '665', '210', '890', '279', '246', '51', '158', '689', '637', '29', '465', '714', '234', '938', '47', '68', '756', '257', '48', '263', '852']
['177', '285', '482', '682', '666', '331', '134', '995', '945', '902', '123', '141', '485', '76', '135', '314', '569', '163', '616', '95', '815', '779', '202', '592', '6', '861', '49', '199', '61', '161', '132', '505', '66', '359', '620', '547', '738', '94', '60', '412']
['277', '948', '194', '829', '166', '575', '588', '431', '802', '205', '991', '884', '854', '460', '759', '670', '993', '106', '286', '316', '968', '63', '863', '830', '445', '589', '933', '393', '10', '817', '614', '563', '511', '364', '878', '603', '295', '73', '531', '748']
['741', '377', '843', '440', '466', '471', '3', '918', '228', '761', '660', '648', '411', '226', '255', '374', '145', '436', '518', '264', '162', '820', '509', '251', '609', '67', '729', '382', '401', '271', '239', '344', '225', '690', '383', '686', '18', '136', '795', '838']
['11', '129', '13', '762', '369', '242', '276', '583', '792', '696', '230', '22', '274', '674', '323', '673', '932', '71', '808', '39', '713', '198', '131', '83', '796', '168', '149', '560', '643', '850', '582', '708', '971', '877', '743', '540', '925', '844', '608', '105']
['544', '36', '733', '721', '79', '944', '812', '487', '102', '763', '794', '723', '422', '189', '160', '516', '677', '397', '329', '675', '976', '187', '668', '408', '534', '143', '221', '558', '943', '868', '494', '341', '72', '740', '774', '62', '476', '985', '142', '77']
['707', '549', '785', '789', '9', '591', '350', '363', '750', '352', '870', '695', '949', '45', '335', '170', '306', '524', '192', '554', '969', '828', '766', '121', '7', '50', '214', '152', '896', '355', '303', '8', '248', '107', '35', '75', '684', '165', '999', '606']
['154', '548', '699', '992', '543', '899', '813', '651', '920', '186', '284', '711', '283', '21', '667', '116', '195', '462', '661', '176', '30', '840', '399', '846', '825', '527', '317', '628', '810', '551', '130', '909', '424', '804', '793', '155', '236', '599', '664', '392']
['836', '653', '37', '434', '405', '91', '98', '238', '739', '866', '78', '923', '526', '806', '530', '2', '428', '310', '137', '90', '598', '715', '562', '845', '432', '70', '330', '167', '645', '515', '597', '406', '435', '881', '857', '172', '418', '504', '703', '639']
['266', '771', '174', '585', '882', '776', '347', '862', '586', '587', '981', '652', '224', '307', '219', '324', '15', '978', '437', '705', '973', '921', '984', '334', '964', '946', '322', '893', '706', '211', '379', '442', '619', '85', '253', '636', '421', '114', '557', '892']
['5', '241', '954', '655', '403', '913', '375', '618', '496', '749', '658', '477', '998', '987', '478', '947', '745', '404', '216', '447', '601', '823', '42', '451', '280', '196', '483', '12', '718', '110', '100', '848', '454', '361', '816', '871', '82', '901', '159', '859']
['508', '308', '489', '561', '120', '345', '86', '43', '935', '767', '680', '387', '119', '479', '694', '400', '430', '681', '220', '108', '448', '497', '491', '626', '986', '536', '300', '611', '425', '380', '481', '765', '197', '390', '879', '622', '378', '124', '207', '875']
['337', '600', '297', '849', '56', '887', '366', '520', '1', '898', '615', '501', '885', '4', '171', '372', '292', '450', '268', '962', '570', '671', '254', '539', '261', '325', '332', '227', '781', '156', '839', '34', '641', '52', '775', '342', '498', '395', '358', '784']
['579', '856', '835', '747', '819', '803', '950', '475', '576', '584', '809', '474', '811', '788', '966', '798', '760', '473', '936', '688', '907', '731', '64', '742', '965', '128', '426', '662', '625', '304', '961', '217', '151', '65', '209', '281', '567', '826', '778', '360']
['654', '996', '328', '755', '182', '912', '528', '770', '25', '371', '537', '417', '818', '797', '872', '722', '439', '519', '602', '814', '701', '148', '429', '326', '746', '492', '299', '503', '402', '354', '117', '624', '891', '595', '480', '659', '678', '490', '394', '960']
['894', '720', '16', '287', '529', '927', '559', '84', '457', '957', '122', '291', '752', '373', '213', '958', '81', '900', '349', '847', '728', '443', '716', '821', '873', '118', '138', '617', '488', '979', '917', '977', '427', '312', '256', '74', '726', '942', '915', '126']
['357', '837', '290', '564', '212', '146', '605', '438', '782', '244', '215', '362', '351', '869', '997', '235', '419', '407', '201', '627', '23', '568', '876', '305', '87', '125', '181', '888', '693', '127', '513', '697', '97', '897', '737', '318', '200', '522', '367', '874']
['533', '552', '470', '730', '289', '384', '270', '229', '593', '523', '623', '787', '468', '736', '243', '638', '642']
['420', '783', '486', '223', '672', '33', '967', '542', '669']
['346', '974', '112', '934']
['282', '886', '757', '647']
['517', '691', '93', '80', '656']
['772']
