['320', '285', '241', '546', '98', '297', '88', '56', '174', '389', '559', '485', '84', '178', '216', '284', '460', '407', '479', '516', '323', '473', '501', '41', '451', '329', '430', '71', '436', '264', '87', '105', '15', '267', '81', '299', '83', '143', '110', '231', '382', '127', '463', '275', '332', '424', '368', '225', '184', '344', '172', '511', '34', '52', '336', '256', '73', '57', '47', '107', '68', '556', '263', '18']
['5', '549', '129', '28', '37', '13', '269', '548', '496', '287', '500', '25', '390', '577', '369', '120', '339', '584', '478', '351', '363', '552', '259', '457', '205', '486', '101', '456', '520', '160', '376', '397', '45', '469', '388', '195', '306', '598', '55', '147', '95', '31', '112', '356', '571', '570', '258', '113', '558', '10', '539', '401', '435', '513', '354', '273', '533', '227', '232', '151', '427', '19', '303', '293', '74', '234', '248', '66', '124', '395', '35', '48', '365', '136', '340', '578', '367']
['277', '461', '69', '405', '502', '133', '91', '212', '146', '416', '79', '103', '265', '362', '431', '9', '540', '381', '228', '472', '553', '270', '587', '1', '530', '201', '569', '493', '519', '111', '42', '305', '252', '171', '518', '565', '59', '289', '437', '210', '125', '590', '233', '223', '26', '399', '494', '454', '406', '239', '581', '361', '211', '49', '168', '488', '484', '481', '538', '442', '380', '465', '97', '563', '421', '318', '378', '547', '200', '514', '0', '142', '412', '594']
['22']
['177', '140', '321', '244', '288', '173', '347', '58', '294', '433', '96', '135', '237', '447', '348', '453', '283', '419', '411', '335', '170', '524', '555', '462', '280', '316', '313', '324', '292', '12', '408', '70', '393', '128', '443', '130', '595', '541', '132', '593', '545', '505', '582', '295', '342', '229', '504', '567', '51', '165', '522', '126']
['398']
['290', '434', '580', '543', '93', '36', '24', '596', '33', '529', '444', '438', '440', '466', '44', '420', '474', '274', '301', '387', '413', '122', '272', '189', '333', '2', '21', '144', '452', '374', '90', '4', '429', '298', '372', '268', '534', '198', '445', '554', '319', '592', '251', '221', '278', '426', '67', '515', '334', '597', '536', '271', '72', '158', '117', '155', '62', '480', '217', '573', '315', '193', '29', '250', '599', '197', '161', '359', '77']
['338', '414', '154', '482', '508', '409', '370', '328', '510', '308', '194', '182', '489', '238', '512', '40', '134', '276', '537', '345', '517', '153', '583', '215', '3', '459', '468', '495', '163', '464', '568', '310', '137', '506', '260', '148', '219', '99', '535', '499', '108', '497', '432', '164', '100', '349', '181', '254', '279', '503', '92', '261', '325', '118', '50', '300', '149', '53', '384', '296', '312', '394', '281', '207', '557', '139', '360', '60', '115', '525']
['564']
['76']
['521']
['477']
['588']
['109']
['202']
['498']
['236']
['302']
['224']
['410']
['245']
['167']
['262']
['589']
['43']
['574']
['175']
['404']
['311']
['375']
['192']
['385']
['257']
['418']
['138']
['449']
['439']
['104']
['230']
['6']
['220']
['448']
['206']
['396']
['123']
['114']
['562']
['551']
['121']
['162']
['203']
['483']
['317']
['341']
['383']
['102']
['65']
['266']
['61']
['331']
['27']
['566']
['242']
['282']
['415']
['386']
['471']
['355']
['586']
['86']
['235']
['106']
['400']
['467']
['531']
['353']
['450']
['366']
['417']
['179']
['226']
['208']
['330']
['38']
['446']
['85']
['470']
['357']
['423']
['116']
['141']
['246']
['490']
['243']
['188']
['80']
['94']
['507']
['176']
['475']
['585']
['119']
['222']
['364']
['11']
['75']
['526']
['39']
['152']
['492']
['89']
['253']
['156']
['199']
['561']
['327']
['350']
['403']
['30']
['371']
['358']
['82']
['392']
['591']
['322']
['190']
['402']
['23']
['576']
['16']
['213']
['183']
['326']
['209']
['8']
['379']
['17']
['391']
['32']
['346']
['286']
['291']
['309']
['428']
['527']
['307']
['542']
['314']
['7']
['204']
['579']
['159']
['157']
['550']
['180']
['64']
['191']
['63']
['572']
['509']
['187']
['166']
['169']
['337']
['523']
['185']
['240']
['575']
['247']
['476']
['150']
['145']
['186']
['214']
['46']
['54']
['196']
['422']
['377']
['455']
['218']
['249']
['532']
['304']
['441']
['528']
['131']
['255']
['544']
['373']
['352']
['78']
['560']
['20']
['425']
['491']
['487']
['458']
['343']
['14']
