['13', '426', '433', '444', '300']
['689', '720', '308', '648', '318', '243', '316']
['896', '441', '731', '332']
['923', '672']
['328', '614', '797', '636', '823', '260', '92', '239']
['656', '490', '125', '612', '826', '909']
['591', '380', '781', '468', '6', '215']
['988', '699', '150', '25', '814', '874', '947']
['562', '406', '904', '527']
['235', '419', '295', '679', '984', '940', '473', '567', '90', '732']
['264', '15', '811', '93', '394', '233', '421']
['942', '52', '299', '705', '392']
['216', '8', '589', '393', '57', '626']
['368', '177', '206', '546', '724', '554', '599', '960', '2', '849', '537', '279', '425']
['76', '754', '396', '593', '708', '683', '611']
['685', '536', '80']
['565', '292', '635', '733', '888', '523', '860', '808']
['492', '571', '671', '365', '519', '907', '105']
['837', '155', '698', '937', '846', '317', '514', '252']
['324', '343', '201', '801', '866', '809']
['340', '763', '257']
['795', '227']
['154', '508', '690', '858', '224', '748']
['753', '959', '494', '191', '307', '606']
['802', '607', '688', '382', '930', '240']
['869', '704', '857', '640', '728', '524', '598', '703']
['149', '120', '245']
['613', '653', '991', '321', '373', '469', '986', '882', '522']
['741', '548', '819', '680', '788', '65', '82', '545', '305']
['610', '482', '36', '293', '898', '752']
['757', '734', '287', '231']
['281', '213', '912', '4', '374']
['978', '521', '345', '658']
['326', '156', '434', '742', '131', '391', '993', '885', '628']
['168', '381']
['856', '804', '447', '965', '266']
['767', '222']
['420', '913', '820', '758', '694', '834']
['161', '925', '26', '602']
['38', '531', '973', '539']
['681', '274', '815', '133', '821', '800']
['311', '285', '49', '269', '115']
['199', '267', '193', '878', '645', '662', '56']
['314', '971', '841', '520']
['632', '55', '675']
['926', '34', '375', '319', '395', '134', '67', '477', '147', '446']
['488', '845', '646', '481', '387', '900']
['783', '101', '358', '729', '118', '436']
['981', '367']
['682', '566', '600', '915', '325']
['208', '442', '21', '905', '756', '588', '158', '183']
['378', '634', '60', '778', '99']
['172', '507', '186', '556', '530']
['251', '474', '135']
['228', '962', '643', '721', '657', '139']
['5', '540', '372', '209']
['975', '717']
['185', '803', '119', '954']
['911']
['573']
['707', '337', '250', '160', '950', '443', '334', '574', '935']
['102', '152', '744', '755', '470', '922', '207', '967']
['771', '352', '398', '415', '674']
['952', '714', '577', '948', '892']
['485', '61', '85', '475', '401', '417']
['974', '96', '587', '901', '498', '495', '605', '493', '329', '466']
['529', '126', '100']
['284', '453', '422', '652', '700', '159', '148', '165', '604']
['437', '462', '884', '541']
['344', '247', '173', '936']
['487', '427', '750', '103']
['400', '723', '883']
['410', '616', '48']
['214', '491', '298', '890', '842']
['360', '687', '46']
['294', '445', '418', '114', '27', '42', '792']
['654', '957', '223', '280']
['964', '467']
['989', '91']
['629', '668', '348', '1', '994', '644']
['774', '503', '586', '518']
['108', '601', '54', '618', '110', '910', '594']
['684', '807', '597', '140', '517', '463', '71']
['958', '370', '178', '647', '29', '992', '153', '98', '128', '116', '980', '506']
['379', '353', '268', '210', '423', '278']
['327', '836', '143', '452']
['768', '526', '830', '824', '839']
['709', '747', '166', '221', '558', '138']
['633', '188', '47', '14', '583', '39']
['663', '162', '273', '547', '78', '123', '385']
['129', '538', '870', '390', '725', '620']
['37', '746', '596', '813', '666', '825', '669', '985', '881']
['766', '271', '489']
['81', '850', '66', '341', '557', '288', '982', '608']
['304', '961', '835', '976', '786', '342', '578']
['211', '383', '141', '568', '512']
['692', '32', '510', '265']
['852', '990']
['137', '0', '174', '117', '603']
['535', '112', '187', '655', '456', '331', '569', '254', '919', '525']
['572', '465', '504', '868', '180', '361']
['107', '407']
['414', '765', '237', '592', '949', '163']
['730', '622', '775', '828', '944', '615', '471']
['938', '94', '130', '202']
['576', '759', '581', '320', '738']
['87', '204', '40', '637', '146']
['859', '891', '190', '276', '660']
['315', '550', '863']
['625', '225', '461', '97', '966', '167', '799', '346', '650', '542']
['22', '363', '532', '737', '847', '68', '501', '844']
['179', '349', '727', '702', '170', '77']
['448', '871', '356', '553', '364', '136']
['9', '205', '513']
['249', '476', '181', '762', '89']
['779', '854', '998']
['313', '403', '272', '585', '893', '483']
['246', '929', '496']
['787', '369']
['424', '987', '438', '822']
['306', '253', '236', '69']
['79', '290', '232']
['132']
['405', '649', '851']
['409', '157', '218', '903', '255', '776', '875']
['563', '486', '384', '806', '798', '203', '902']
['735', '899', '651']
['561', '511', '500', '770']
['695', '865', '45', '722', '50']
['24', '44', '897', '595']
['124', '951', '386']
['259', '979', '917']
['62', '376', '432', '772', '339', '322', '171', '230']
['983', '879', '782', '921', '552']
['749', '31', '83', '256']
['458', '20', '673']
['58', '812', '918', '350', '686', '773', '242']
['713', '497', '238', '889', '362', '262']
['997', '816', '853', '743', '389', '412']
['818', '404', '534', '840', '761', '388', '261']
['928', '624', '377', '621']
['301', '182', '175', '397', '226', '584', '916']
['200']
['544', '28', '192', '627', '399', '555', '793']
['515', '894']
['121', '17', '943']
['579', '184', '35', '229', '196']
['291', '623', '479', '10', '693', '286']
['764', '355']
['11', '7']
['996', '946', '931']
['956', '75', '934']
['726', '241', '189', '924']
['831', '335']
['617', '697', '357', '19', '109', '877']
['817', '696']
['664', '270', '440', '263']
['590', '631', '955']
['451', '145']
['95', '777', '977', '564', '198', '454', '908']
['543', '144']
['84', '582', '164', '302', '701', '366']
['805', '194', '516', '248', '745', '715']
['450', '151', '212', '464', '861', '275']
['678', '785', '789', '505', '667', '630']
['533', '784', '142']
['833', '472', '570', '258', '371', '995', '449']
['659', '435', '430', '289', '969']
['794', '920', '402']
['338', '862', '457']
['933', '677', '127', '739', '18']
['283', '219', '790', '478', '234']
['559', '528']
['197', '642', '330']
['873', '74', '560']
['351', '886', '499', '408', '336', '638', '945', '111', '876', '43']
['932', '769', '70']
['549', '122', '972']
['312', '455', '195']
['927', '880', '16', '104', '106']
['86', '941']
['73', '716', '829', '323']
['691', '760']
['244', '751']
['416', '33', '970', '609', '509']
['333', '670', '848', '428', '740', '639']
['359', '64', '72', '963']
['641', '439', '780', '864', '810', '347']
['580', '354', '411']
['719', '665', '661', '999']
['855', '968', '711']
['176', '953', '710', '297', '736', '51', '551', '906']
['113', '277', '827', '431']
['872', '282', '796', '53', '303']
['3', '484', '220', '63', '939', '895', '23', '429', '169', '706']
['459', '502', '791', '712', '88']
['914']
['480', '12', '718', '296', '575', '310', '41', '832', '838']
['59', '413', '867', '676', '887', '843']
['619', '309', '460', '217', '30']
