['211', '338', '549', '199', '268', '364', '223', '83', '233', '1', '207', '6', '340', '528', '545', '577', '595']
['166', '444', '369', '363', '472', '348', '495', '255', '23', '137', '462', '188', '443', '449', '533', '152', '480', '53', '34', '151', '52', '359']
['28', '24', '371', '537', '389', '466', '526', '419', '323', '226', '42', '306', '565', '289', '192', '432', '143', '258', '515', '236', '104', '498', '378', '556', '200', '0']
['328', '370', '212', '146', '40', '458', '88', '339', '186', '123', '45', '400', '262', '562', '30', '445', '227', '132', '296', '593', '421', '114', '365', '567']
['482', '512', '584', '3', '294', '587', '270', '473', '335', '15', '267', '437', '164', '67', '317', '239', '425', '168', '149', '481', '442', '573', '390', '250', '386', '107', '14', '557', '547', '77']
['579', '357', '269', '37', '308', '346', '350', '102', '351', '274', '499', '532', '100', '130', '513', '72', '275', '332', '97', '61', '582', '418', '415', '159']
['93', '475', '203', '417', '433', '205', '76', '216', '284', '514', '397', '568', '286', '483', '213', '396', '330', '167', '426', '231', '560', '578']
['575', '345', '583', '78', '440', '559', '381', '486', '456', '237', '201', '170', '598', '430', '171', '95', '220', '12', '179', '497', '70', '491', '334', '463', '29', '427', '293', '47', '51', '367']
['84', '546', '63', '187', '69', '36', '252', '181', '291', '266', '247', '373', '7', '494', '527', '551', '158', '71']
['313', '58', '487', '572', '314', '303', '321', '198', '453', '74', '249', '193', '561', '521', '163', '18', '140', '60', '429', '594']
['320', '154', '222', '409', '17', '416', '331', '244', '174', '574', '366', '485', '552', '135', '553', '501', '224', '280', '589', '558', '92', '379', '197', '8', '281', '66', '248']
['414', '290', '543', '347', '230', '457', '467', '272', '407', '116', '245', '145', '219', '264', '176', '534', '251', '118', '550', '208', '538', '511', '342', '295', '234', '136', '522']
['206', '5', '434', '98', '287', '27', '243', '431', '420', '235', '450', '113', '221', '539', '597', '261', '361', '273', '155', '384', '150', '476', '165']
['194', '133', '496', '16', '79', '191', '588', '478', '474', '520', '422', '479', '428', '305', '316', '210', '402', '46', '49', '484', '315', '185', '395', '504', '68', '542', '257', '142', '327']
['11', '129', '510', '461', '175', '54', '288', '122', '439', '376', '333', '530', '119', '329', '55', '448', '125', '278', '454', '401', '127', '138', '354', '368', '304', '465', '312']
['214', '298', '353', '301', '336', '337', '403', '131', '438', '341', '524', '90', '173', '435']
['117', '488', '285', '225', '112', '108', '563', '387', '161', '410', '309', '121', '25', '585', '80', '540', '555', '300', '105']
['277', '13', '502', '500', '302', '141', '471', '385', '404', '352', '160', '523', '41', '260', '147', '196', '436', '32', '356', '570', '279', '240', '183', '209', '505', '57', '318', '218', '455', '48']
['177', '22', '184', '586', '217', '355', '178', '566', '571', '271', '596', '189', '202', '599', '393', '73', '509', '111', '360', '44']
['441', '423', '134', '276', '242', '259', '493', '144', '310', '452', '311', '148', '392', '535', '554', '299', '399', '10', '406', '503', '344', '470', '383', '82', '394', '412']
['529', '190', '591', '413', '460', '447', '109', '411', '21', '569', '106', '39', '518', '31', '326', '592', '110', '128', '349', '62', '156', '85', '490', '124', '531', '94', '20']
['564', '377', '238', '86', '517', '215', '468', '2', '464', '506', '451', '99', '372', '59', '38', '590', '319', '26', '536', '246', '169', '322', '581', '380', '172', '65', '256']
['241', '508', '91', '375', '297', '265', '477', '204', '398', '96', '459', '516', '519', '469', '307', '324', '292', '81', '162', '492', '50', '232', '19', '126']
['544', '282', '182', '405', '33', '56', '103', '120', '576', '153', '157', '43', '507', '283', '195', '89', '87', '343', '408', '254', '382', '325', '424', '229', '391', '253', '358', '35', '263', '115']
['9', '64', '525', '548', '541', '228', '101', '580', '489', '75', '388', '180', '374', '139', '4', '362', '446']
