['87', '979', '614', '216', '101', '690', '732', '381', '760', '672', '509', '247', '475', '669', '431', '430', '581', '230']
['546', '199', '235', '271', '956', '884', '419', '383', '394', '596', '221', '116', '79', '254', '170', '974', '280', '362']
['344', '988', '958', '586', '659', '635', '563', '102', '879', '960', '57', '329', '626', '712', '814', '451', '551', '46']
['634', '697', '320', '548', '663', '755', '197', '714', '113', '218', '651', '75', '547', '527', '43', '138', '126', '446']
['420', '997', '791', '991', '917', '765', '872', '465', '8', '593', '40', '752', '993', '826', '454', '701', '77', '715']
['518', '350', '653', '205', '607', '953', '282', '693', '820', '318', '858', '477', '664', '263', '20', '902', '252', '39']
['625', '61', '352', '303', '888', '921', '479', '2', '950', '561', '134', '190', '682', '778', '784', '335', '139', '0']
['227', '886', '269', '184', '355', '169', '831', '758', '376', '391', '212', '982', '971', '7', '597', '140', '804', '796']
['264', '277', '76', '538', '510', '53', '377', '590', '407', '359', '759', '645', '650', '27', '942', '195', '246', '463']
['211', '177', '891', '363', '816', '172', '497', '432', '700', '295', '143', '984', '666', '244', '568', '584', '449', '660']
['533', '292', '461', '486', '853', '502', '19', '209', '164', '828', '163', '504', '887', '621', '764', '286', '822', '595']
['713', '511', '803', '628', '447', '652', '775', '766', '749', '691', '493', '14', '772', '915', '245', '317', '429', '471']
['183', '63', '754', '564', '676', '631', '418', '813', '358', '201', '67', '399', '128', '577', '452', '345', '987', '975']
['856', '624', '968', '213', '484', '544', '734', '222', '482', '785', '720', '175', '709', '411', '455', '567', '382', '606']
['757', '833', '152', '156', '555', '403', '571', '878', '601', '807', '33', '393', '677', '70', '88', '756', '501', '873']
['767', '326', '948', '805', '425', '390', '272', '445', '74', '423', '966', '516', '103', '905', '885', '925', '946', '525']
['298', '450', '274', '427', '830', '188', '500', '679', '864', '273', '877', '846', '895', '539', '224', '401', '239', '18']
['313', '617', '918', '97', '12', '926', '575', '528', '146', '670', '986', '688', '389', '94', '148', '790', '874', '859']
['996', '835', '611', '781', '724', '289', '619', '937', '900', '768', '870', '373', '114', '940', '341', '910', '800', '861']
['562', '168', '30', '680', '404', '52', '386', '54', '847', '883', '708', '21', '10', '397', '649', '945', '852', '594']
['368', '869', '678', '69', '290', '13', '840', '198', '323', '943', '903', '642', '930', '306', '506', '876', '683', '947']
['812', '920', '441', '384', '81', '312', '733', '229', '798', '422', '405', '671', '829', '529', '723', '616', '882', '322']
['71', '347', '208', '750', '747', '783', '703', '34', '396', '867', '83', '346', '180', '339', '795', '219', '745', '99']
['485', '735', '84', '241', '897', '686', '512', '395', '636', '278', '964', '107', '536', '23', '203', '792', '275', '881']
['176', '842', '37', '737', '210', '413', '442', '473', '726', '933', '967', '255', '990', '257', '821', '578', '517', '354']
['865', '31', '591', '457', '90', '301', '29', '36', '16', '236', '234', '248', '73', '782', '80', '191', '261', '105']
['9', '259', '310', '637', '924', '684', '480', '293', '570', '207', '444', '817', '120', '51', '576', '147', '748', '809']
['907', '149', '963', '914', '151', '122', '439', '521', '47', '694', '944', '371', '985', '242', '687', '522', '367', '332']
['338', '414', '549', '380', '819', '894', '647', '364', '1', '972', '569', '702', '823', '542', '406', '145', '462', '141']
['827', '981', '387', '534', '761', '994', '801', '498', '238', '283', '144', '762', '288', '630', '231', '300', '130', '327']
['579', '225', '343', '410', '314', '580', '705', '721', '291', '739', '728', '458', '311', '136', '400', '106', '832', '316']
['117', '681', '797', '954', '459', '65', '674', '589', '160', '769', '276', '585', '469', '574', '692', '158', '412', '366']
['372', '572', '370', '59', '398', '824', '356', '453', '342', '416', '297', '531', '124', '515', '438', '537', '42', '305']
['535', '802', '324', '989', '194', '850', '912', '786', '806', '299', '507', '467', '949', '662', '26', '388', '556', '127']
['719', '95', '294', '815', '742', '957', '309', '545', '640', '98', '600', '68', '955', '751', '153', '307', '157', '385']
['633', '566', '112', '699', '135', '508', '492', '237', '348', '150', '330', '491', '118', '602', '673', '980', '325', '478']
['707', '741', '552', '565', '541', '232', '722', '296', '911', '109', '603', '695', '558', '443', '866', '615', '514', '588']
['961', '154', '862', '220', '132', '710', '93', '854', '476', '104', '627', '787', '89', '540', '260', '186', '417', '483']
['470', '32', '408', '161', '337', '554', '456', '270', '440', '780', '922', '605', '938', '340', '495', '60', '932']
['304', '836', '526', '857', '11', '223', '202', '6', '251', '609', '66', '331', '632', '174', '934', '111', '392', '436']
['433', '646', '333', '599', '898', '369', '931', '4']
['952', '353', '744', '839', '643', '871', '119', '496', '685', '468', '253', '266', '185', '334', '45', '638', '173', '78']
['880', '155', '28', '96', '641', '863', '308', '287', '302', '110', '181', '592', '137', '243', '970', '204', '731', '661']
['5', '818', '481', '935', '434', '315', '193', '962', '166', '711', '623', '365', '729', '557', '658', '927', '995', '838']
['893', '730', '448', '85', '24', '543', '789', '375', '189', '648', '421', '716', '939', '868', '426', '738', '598', '559']
['923', '550', '777', '15', '192', '490', '91', '899', '505', '582', '969', '167', '464', '56', '92', '240', '717']
['64', '49', '532', '976', '38', '378', '121', '48', '159']
['837', '654', '3', '698', '941', '217', '108', '668', '973', '965', '349', '771', '727', '808', '142', '55', '196', '604']
['774', '214', '206', '896', '187', '267', '560', '182', '82', '959', '909', '908', '360', '740', '875', '50']
['379', '62', '424', '622', '258', '226', '265', '86', '608']
['675', '268', '977', '978', '250', '999', '233', '919', '44', '123']
['983', '284', '520', '849', '620', '428', '810']
['22', '656', '179', '763', '725', '667', '25', '736', '929', '35', '402', '115']
['165', '351', '435', '321', '524']
['583', '843']
['811', '472', '992', '655', '162', '928', '848', '825', '415', '374', '844', '262']
['357', '890', '773', '629', '474']
['129', '718', '553', '281', '618', '100', '916']
['487', '889', '133', '460', '409']
['58', '788', '776', '834', '706', '361']
['513', '319']
['610', '503', '998']
['466', '770']
['689']
['644', '519', '72', '906', '913']
['125', '904', '793']
['841', '285', '523', '901']
['488', '665']
['489']
['892']
['746', '851', '215', '499', '530']
['794', '587']
['779', '639']
['860']
['17']
['131']
['657']
['696']
['855', '613']
['951', '328']
['228']
['256']
['612']
['936']
['279']
['178']
['336']
['171']
['41']
['573', '704']
['437']
['845']
['494']
['799']
['249']
['753']
['743']
['200']
