['952', '572', '755', '40', '190', '103', '276', '630', '78', '790', '963', '526', '84', '767', '507', '109', '608', '616', '280', '988', '831', '845', '437', '685', '589', '349', '334', '649', '435', '550', '896', '641', '824', '336', '161', '207', '124', '892', '748', '446']
['129', '321', '403', '287', '644', '990', '191', '920', '843', '466', '802', '3', '811', '422', '652', '672', '627', '23', '400', '307', '87', '675', '492', '710', '188', '994', '828', '943', '354', '983', '386', '928', '66', '342', '295', '567', '895', '540', '126', '105']
['182', '423', '959', '243', '967', '925', '797', '457', '228', '553', '255', '106', '692', '316', '715', '805', '289', '921', '592', '110', '121', '728', '964', '821', '239', '757', '155', '624', '941', '744', '149', '380', '656', '150', '476', '971', '48', '257', '94', '594']
['338', '610', '37', '926', '410', '244', '153', '834', '935', '366', '471', '812', '696', '22', '763', '516', '752', '195', '524', '832', '55', '429', '220', '962', '509', '848', '136', '934', '946', '425', '132', '104', '636', '318', '358', '180', '557', '578', '142', '115']
['241', '69', '618', '899', '266', '682', '238', '346', '25', '475', '120', '776', '842', '794', '723', '348', '523', '648', '936', '310', '99', '830', '131', '221', '691', '611', '717', '774', '152', '560', '676', '8', '878', '395', '726', '938', '504', '955', '784', '525']
['482', '835', '508', '841', '282', '375', '771', '749', '174', '478', '472', '270', '119', '122', '479', '677', '469', '702', '298', '958', '63', '742', '554', '167', '536', '401', '449', '719', '689', '225', '199', '754', '390', '879', '725', '82', '780', '852', '703', '875']
['741', '285', '510', '194', '720', '93', '496', '500', '489', '807', '605', '297', '666', '157', '385', '294', '398', '827', '101', '237', '854', '638', '42', '701', '108', '647', '978', '143', '72', '240', '893', '617', '184', '972', '378', '365', '620', '114', '263', '931']
['654', '653', '461', '309', '444', '782', '88', '862', '552', '587', '178', '870', '956', '447', '428', '823', '451', '260', '430', '661', '262', '313', '372', '973', '705', '764', '261', '325', '275', '49', '897', '538', '193', '839', '296', '74', '498', '970', '139', '360']
['177', '277', '836', '730', '635', '580', '651', '927', '945', '918', '981', '411', '163', '397', '602', '90', '907', '506', '499', '326', '249', '900', '299', '497', '671', '341', '729', '454', '796', '709', '533', '488', '659', '917', '511', '531', '35', '756', '669', '985']
['11', '631', '438', '265', '517', '96', '76', '381', '459', '521', '189', '700', '949', '568', '483', '518', '267', '233', '515', '868', '231', '539', '494', '800', '463', '118', '916', '168', '208', '541', '637', '484', '573', '582', '455', '415', '522', '844', '999', '639']
['707', '851', '829', '785', '416', '576', '43', '440', '559', '680', '786', '966', '530', '373', '116', '170', '501', '731', '147', '213', '704', '192', '571', '70', '330', '799', '527', '628', '361', '412', '52', '640', '593', '340', '75', '547', '165', '930', '77', '975']
['206', '290', '175', '813', '658', '173', '574', '215', '806', '898', '759', '885', '452', '311', '555', '224', '4', '245', '329', '976', '779', '396', '570', '164', '716', '491', '712', '642', '46', '881', '214', '663', '465', '65', '690', '253', '632', '778', '874', '660']
['579', '912', '721', '600', '950', '650', '583', '204', '420', '58', '485', '613', '102', '735', '953', '387', '1', '667', '148', '683', '95', '565', '176', '532', '179', '202', '426', '693', '130', '581', '470', '61', '384', '850', '490', '256', '708', '939', '68', '604']
['357', '996', '24', '733', '98', '866', '585', '687', '584', '947', '487', '833', '923', '698', '853', '413', '21', '673', '137', '982', '462', '932', '713', '450', '888', '393', '67', '919', '279', '183', '424', '117', '791', '232', '643', '303', '209', '545', '599', '60']
['655', '894', '739', '458', '9', '433', '363', '486', '284', '957', '867', '439', '520', '761', '464', '727', '773', '968', '268', '820', '766', '113', '10', '271', '322', '158', '706', '50', '379', '961', '217', '156', '765', '427', '394', '293', '248', '910', '915', '951']
['5', '549', '544', '699', '768', '337', '913', '54', '801', '371', '369', '980', '345', '86', '822', '141', '809', '205', '216', '798', '436', '562', '668', '534', '969', '223', '769', '662', '399', '402', '904', '614', '737', '151', '686', '234', '603', '327', '392', '606']
['948', '992', '308', '212', '940', '858', '529', '762', '998', '882', '902', '362', '123', '474', '872', '569', '993', '519', '688', '612', '41', '535', '681', '26', '890', '621', '317', '804', '332', '857', '53', '977', '871', '622', '505', '236', '905', '556', '159', '111']
['646', '819', '434', '924', '789', '512', '33', '247', '134', '186', '818', '734', '235', '314', '352', '419', '468', '670', '226', '45', '388', '31', '15', '937', '718', '162', '846', '793', '344', '304', '211', '781', '481', '34', '229', '250', '47', '657', '795', '995']
['837', '543', '27', '79', '56', '772', '417', '906', '347', '44', '351', '633', '586', '724', '788', '333', '376', '601', '407', '864', '855', '144', '814', '865', '292', '30', '187', '408', '356', '758', '883', '825', '909', '503', '92', '513', '97', '442', '29', '383']
['753', '914', '564', '911', '575', '91', '903', '389', '792', '997', '353', '456', '283', '695', '495', '493', '335', '196', '343', '840', '6', '626', '736', '7', '246', '740', '480', '816', '172', '775', '901', '679', '738', '684', '514', '0', '18']
['856', '269', '370', '377', '36', '770', '431', '880', '750', '301', '274', '722', '272', '760', '473', '286', '89', '808', '324', '59', '448', '81', '445', '590', '443', '254', '382', '873', '368', '697', '629', '315', '19', '960', '57', '421', '107', '14', '51', '200']
['320', '409', '954', '17', '302', '528', '577', '887', '20', '588', '869', '467', '291', '323', '374', '306', '252', '71', '39', '112', '125', '181', '847', '933', '787', '558', '810', '595', '227', '62', '979', '355', '197', '359', '889', '826', '974']
['154', '548', '783', '747', '13', '16', '596', '146', '623', '561', '849', '339', '203', '908', '230', '634', '350', '884', '2', '598', '305', '863', '597', '364', '281', '185', '218', '877', '743']
['222', '886', '546', '607', '404', '312', '198', '502', '711', '965', '128', '258', '100', '645', '278', '694', '751', '745', '273']
['566', '991', '12', '28', '210', '746', '38', '563', '418', '922', '171', '477', '944', '288', '876', '861', '551']
['264', '777', '714', '460', '160', '609', '942', '367', '817', '300', '138']
['64', '591', '32', '135', '674', '319', '251', '140', '169', '127']
['259', '328', '85', '542', '145', '219', '859']
['625', '619', '331', '929', '986', '537', '665']
['405', '406', '73', '83', '984']
['453', '133']
['891', '441', '815', '803', '166', '432', '201', '242', '838']
['987', '80']
['989', '678', '391', '860', '615', '732']
['664', '414']
