['996', '206', '21', '694', '702', '64', '179', '233', '72', '881', '614', '151', '498', '73', '35', '955', '327', '105', '133', '166', '575', '721', '959', '205', '957', '439', '667', '885', '430', '746', '497', '172', '725', '878', '636', '51', '608', '525', '320', '741', '328', '635', '502', '770', '512', '500', '475', '407', '936', '176', '267', '863', '223', '589', '202', '943', '649', '757', '774', '61', '355', '511', '505', '632', '838', '28', '16', '175', '444', '902', '869', '294', '363', '797', '818', '270', '688', '535', '968', '845', '888', '399', '317', '279', '402', '50', '533', '629', '380', '897', '979', '490', '582', '901', '359', '942', '938', '905', '748', '926', '259', '245', '731', '108', '668', '965', '181', '426', '839', '47', '836', '285', '924', '585', '345', '583', '191', '927', '471', '404', '798', '652', '695', '226', '665', '298', '356', '131', '662', '538', '656', '643', '765', '427', '312', '19', '599', '726', '111', '931', '954', '69', '785', '644', '88', '276', '944', '887', '86', '734', '314', '237', '468', '530', '677', '137', '451', '171', '87', '900', '125', '787', '984', '642', '986', '169', '368', '541', '391', '365', '756', '80', '975', '835', '241', '948', '992', '803', '899', '54', '297', '243', '79', '190', '123', '997', '898', '615', '452', '518', '976', '758', '766', '167', '138', '706', '214', '961', '791', '358', '185', '107', '139', '639', '856', '755', '290', '405', '346', '762', '477', '203', '745', '918', '680', '486', '429', '393', '597', '717', '659', '161', '209', '82', '295', '57', '657', '165', '859', '577', '389', '157', '3', '433', '453', '523', '864', '602', '436', '262', '187', '432', '691', '817', '46', '65', '296', '248', '549', '548', '182', '423', '631', '801', '25', '967', '998', '947', '9', '102', '376', '501', '280', '89', '71', '958', '289', '779', '162', '396', '128', '140', '412', '753', '441', '434', '146', '153', '822', '230', '347', '833', '827', '722', '447', '727', '42', '305', '15', '962', '820', '793', '117', '857', '97', '256', '679', '234', '124', '542', '544', '489', '58', '526', '353', '2', '993', '519', '823', '831', '372', '292', '110', '678', '560', '383', '150', '68', '778', '20', '60', '409', '768', '913', '666', '858', '43', '366', '485', '981', '553', '601', '612', '195', '145', '31', '450', '937', '210', '710', '705', '330', '828', '7', '909', '261', '816', '508', '953', '853', '374', '252', '448', '969', '590', '26', '825', '449', '304', '470', '607', '303', '879', '640', '545', '664', '930', '795', '703', '646', '269', '17', '807', '882', '286', '876', '445', '848', '868', '536', '810', '904', '354', '344', '49', '227', '152', '744', '390', '136']
['357', '482', '129', '37', '282', '912', '93', '309', '623', '458', '866', '244', '576', '517', '776', '362', '906', '809', '420', '284', '460', '700', '627', '569', '949', '568', '524', '400', '306', '148', '4', '313', '95', '112', '30', '268', '718', '59', '978', '83', '251', '764', '503', '689', '624', '184', '62', '676', '281', '207', '75', '159', '200', '784', '604', '446', '496', '91', '682', '950', '27', '849', '903', '173', '574', '417', '802', '633', '474', '96', '76', '811', '459', '723', '867', '806', '507', '674', '283', '348', '638', '555', '147', '12', '815', '38', '143', '883', '716', '67', '401', '273', '550', '781', '754', '714', '622', '253', '318', '971', '567', '743', '360', '995', '392', '18', '874', '653', '370', '655', '851', '403', '813', '990', '630', '204', '44', '935', '767', '22', '566', '387', '966', '479', '670', '373', '388', '907', '224', '329', '692', '55', '832', '713', '408', '830', '509', '671', '712', '873', '800', '425', '379', '217', '917', '384', '132', '690', '737', '531', '504', '0', '974', '94', '77', '852', '783', '699', '321', '24', '377', '733', '789', '543', '337', '247', '134', '772', '782', '537', '687', '215', '440', '478', '431', '385', '862', '698', '586', '350', '101', '520', '160', '854', '855', '45', '469', '335', '814', '428', '982', '264', '562', '213', '499', '249', '437', '994', '113', '558', '454', '663', '232', '637', '315', '104', '877']
['414', '546', '528', '739', '834', '923', '634', '842', '872', '788', '122', '884', '189', '219', '932', '39', '675', '847', '494', '406', '581', '29', '455', '620', '939', '684', '514', '579', '707', '596', '600', '331', '605', '650', '265', '186', '466', '880', '351', '886', '472', '794', '456', '956', '473', '116', '41', '260', '683', '534', '70', '382', '92', '240', '891', '193', '603', '708', '895', '257', '999', '594', '606', '177', '952', '747', '829', '308', '302', '369', '559', '141', '724', '235', '23', '106', '808', '989', '32', '592', '728', '334', '645', '890', '332', '211', '972', '418', '340', '889', '522', '844', '338', '654', '510', '410', '771', '651', '529', '587', '413', '272', '521', '397', '493', '99', '483', '921', '515', '527', '463', '183', '617', '53', '593', '738']
['837', '610', '5', '730', '13', '911', '98', '266', '339', '980', '963', '613', '552', '457', '178', '352', '786', '422', '119', '1', '323', '752', '506', '715', '681', '220', '326', '571', '973', '349', '100', '121', '964', '736', '934', '919', '246', '300', '130', '322', '740', '861', '709', '697', '719', '824', '641', '156', '850', '364', '8', '394', '775', '342', '74', '218', '951', '48', '970', '910', '875']
['572', '914', '36', '940', '120', '987', '78', '735', '228', '763', '761', '648', '495', '163', '144', '170', '616', '462', '324', '777', '63', '570', '319', '929', '341', '442', '619', '465', '236', '985', '142']
['225', '532', '805', '492', '870', '840', '686', '6', '780', '672', '278', '464', '180', '751', '628', '584']
['595', '443', '196', '563']
['647', '773', '333', '729']
['52', '238']
['621', '258']
['792']
['194']
['556']
['580']
['164']
['271']
['977']
['661']
['846']
['928']
['564']
['411']
['796']
['591']
['299']
['90']
['871']
['415']
['481']
['488']
['865']
['343']
['461']
['988']
['367']
['516']
['263']
['696']
['398']
['946']
['565']
['750']
['293']
['749']
['222']
['618']
['231']
['893']
['135']
['915']
['925']
['56']
['395']
['551']
['66']
['188']
['250']
['311']
['826']
['843']
['127']
['81']
['790']
['11']
['221']
['487']
['916']
['860']
['14']
['378']
['158']
['513']
['658']
['325']
['375']
['208']
['291']
['33']
['288']
['242']
['310']
['198']
['168']
['742']
['484']
['336']
['561']
['419']
['760']
['118']
['381']
['573']
['547']
['960']
['371']
['491']
['10']
['908']
['103']
['554']
['598']
['539']
['287']
['933']
['255']
['197']
['983']
['155']
['819']
['769']
['386']
['799']
['669']
['720']
['557']
['115']
['759']
['316']
['239']
['212']
['894']
['216']
['416']
['896']
['229']
['149']
['421']
['476']
['941']
['154']
['424']
['201']
['660']
['693']
['109']
['578']
['307']
['34']
['841']
['40']
['812']
['361']
['438']
['821']
['85']
['701']
['922']
['254']
['277']
['126']
['275']
['540']
['920']
['199']
['804']
['711']
['588']
['301']
['704']
['274']
['892']
['991']
['626']
['114']
['611']
['609']
['192']
['480']
['435']
['467']
['174']
['84']
['625']
['945']
['673']
['685']
['732']
