['73', '148', '230', '205', '185']
['269', '63', '309', '475', '80', '86']
['220', '365', '237', '432', '59']
['27', '470', '78']
['194', '492', '303', '334', '7', '130']
['203', '204', '413', '161', '97']
['225', '236', '258', '157', '89', '262']
['214', '460', '276']
['305', '208', '428', '323', '216']
['285', '18', '43', '112', '263']
['320', '170', '144', '180', '23', '261']
['346', '445', '376']
['350', '227', '349']
['82', '383', '54', '42']
['420', '30', '308', '467', '466']
['107', '26', '102', '450', '366']
['410', '419', '338', '20', '234']
['485', '491', '222', '255', '160']
['213', '228', '442', '490', '495', '48']
['482', '375', '212', '224', '435', '123']
['324', '299', '14', '469', '240', '105']
['488', '36', '438', '139', '300', '115']
['68', '75', '471']
['480', '113', '88', '246', '316', '362']
['62', '301', '449', '110', '327', '275']
['178', '108', '272', '47', '454', '436']
['132', '348', '125', '287', '0', '4']
['155', '296', '243', '163', '280', '417']
['264', '154', '331', '124', '147', '273']
['101', '270', '457', '390']
['433', '496', '6', '21', '311', '463']
['41', '22', '386', '498']
['486', '277', '64', '60']
['343', '192', '447', '146', '104', '134']
['483', '103', '489', '408']
['197', '297', '363', '117', '141']
['351', '172', '38', '453', '189', '265']
['336', '164', '458', '120', '136', '374']
['282', '184', '422', '229', '248']
['268', '387', '284', '209', '293', '291']
['357', '372', '199', '12', '44', '354']
['317', '347', '388', '382']
['321', '465', '181', '174', '244', '92']
['313', '94', '138', '406', '260', '72']
['353', '193', '356', '109', '493', '111']
['380', '377', '207', '288', '200', '39']
['434', '17', '253', '167', '247', '318']
['306', '106', '83']
['69', '437', '34', '91', '443', '79']
['393', '333', '415', '99']
['71', '289']
['93', '16', '238', '340', '373', '254']
['307', '2', '76', '257']
['259', '364', '52', '411', '283', '360']
['156', '81', '218', '231', '142', '440']
['84', '96', '312', '116', '56', '446']
['176', '235', '295', '67', '399', '367']
['13', '152', '158', '210']
['195', '394', '339', '165', '173', '186']
['403', '129']
['402', '8', '74', '53']
['314', '19', '131', '25', '126', '46']
['98', '319', '57', '242', '477', '252']
['344', '87', '355', '202', '476', '401']
['304', '271', '341', '381']
['179', '405', '122', '66', '40', '140']
['28', '497', '439', '416', '345', '392']
['250', '151', '149', '472', '245']
['5', '298', '232', '241', '198']
['499', '267', '150', '473', '121', '329']
['9', '31', '479', '468', '395', '361']
['49', '461', '61', '315', '330', '431']
['58', '24', '45', '389', '358']
['3', '385']
['474', '32', '119', '100', '226', '429']
['168', '370', '448', '281', '1', '425']
['145', '37', '452']
['128', '290', '183', '478', '332']
['191', '286', '219', '328']
['368', '182', '169', '266', '70']
['175']
['326', '384', '133', '302', '279', '430']
['215', '396', '188', '424']
['421', '464', '292', '412', '310']
['162']
['487', '85', '223', '342', '335', '369']
['239', '153', '77', '135']
['481', '444', '35', '127', '322', '50']
['15', '65', '201', '426', '10', '462']
['379', '409', '404']
['494', '118', '371']
['400', '414', '427']
['211', '206', '337', '418', '114', '196']
['274', '217', '55']
['484', '459', '391', '233', '256', '451']
['143', '407', '359', '221', '278', '455']
['177', '95', '441', '249', '29', '166']
['11', '398', '90', '251', '137', '159']
['352', '456', '423', '33', '51', '325']
['294', '187', '378', '190', '397', '171']
