['206', '482', '546', '912', '93', '120', '288', '517', '776', '745', '58', '274', '486', '284', '2', '245', '524', '311', '932', '831', '372', '112', '675', '668', '188', '181', '233', '110', '6', '933', '393', '570', '621', '597', '503', '271', '804', '118', '624', '62', '871', '573', '476', '295', '498', '114', '657', '939', '955', '556', '159', '578', '684', '514', '327', '579', '707', '836', '285', '277', '409', '841', '580', '287', '212', '666', '27', '40', '585', '265', '186', '466', '485', '880', '3', '433', '216', '794', '352', '763', '798', '652', '201', '695', '612', '226', '116', '638', '602', '195', '260', '145', '462', '683', '298', '12', '356', '534', '571', '143', '662', '7', '909', '300', '916', '46', '754', '656', '427', '312', '599', '708', '395', '48', '547', '177', '320', '952', '730', '785', '302', '238', '88', '475', '369', '86', '204', '584', '78', '44', '510', '696', '141', '22', '734', '953', '407', '530', '144', '255', '137', '451', '701', '907', '692', '715', '171', '289', '192', '900', '396', '125', '592', '609', '825', '539', '783', '649', '740', '709', '304', '149', '217', '355', '917', '384', '465', '640', '505', '889', '14', '531', '415', '756', '664', '0', '142', '522', '77', '126', '844', '412', '819', '699', '948', '914', '564', '543', '441', '17', '733', '16', '375', '651', '782', '103', '174', '371', '882', '732', '215', '478', '431', '123', '230', '822', '552', '797', '587', '381', '101', '520', '711', '323', '898', '45', '335', '42', '305', '535', '299', '921', '766', '558', '868', '454', '317', '279', '463', '904', '183', '354', '793', '344', '214', '322', '380', '53', '85', '315', '256', '236', '679', '234', '942', '185', '358', '107', '218', '542']
['837', '357', '544', '461', '755', '926', '282', '405', '242', '477', '834', '420', '526', '918', '353', '872', '788', '460', '419', '700', '411', '627', '189', '569', '21', '673', '752', '568', '310', '306', '616', '773', '148', '39', '64', '95', '30', '251', '628', '406', '127', '611', '72', '581', '717', '659', '678', '839', '161', '29', '151', '676', '281', '82', '73', '35', '778', '557', '200', '105', '11', '894', '913', '496', '575', '166', '600', '331', '849', '650', '56', '577', '658', '345', '920', '417', '802', '96', '76', '404', '459', '456', '806', '348', '467', '672', '473', '864', '759', '956', '667', '283', '665', '430', '147', '436', '937', '647', '210', '492', '131', '491', '254', '817', '919', '92', '239', '275', '891', '481', '156', '816', '619', '643', '65', '8', '19', '193', '342', '563', '743', '111', '608', '525', '392', '594', '222', '653', '741', '549', '328', '954', '182', '308', '631', '770', '512', '266', '801', '644', '887', '944', '790', '487', '566', '750', '724', '387', '235', '237', '761', '468', '860', '23', '224', '506', '106', '89', '252', '71', '661', '808', '681', '704', '408', '779', '830', '685', '319', '128', '645', '712', '334', '873', '800', '946', '449', '425', '368', '896', '824', '442', '690', '879', '545', '780', '632', '80', '115', '838', '338', '241', '753', '269', '337', '720', '803', '899', '146', '54', '79', '153', '792', '687', '440', '385', '294', '586', '49', '827', '413', '786', '270', '1', '922', '516', '727', '493', '814', '483', '518', '565', '343', '437', '769', '258', '929', '810', '402', '435', '706', '893', '117', '155', '225', '227', '744', '857', '897', '637', '336', '34', '390', '582', '775', '593', '74', '905', '738', '951']
['414', '5', '290', '309', '528', '739', '458', '634', '842', '680', '122', '109', '731', '219', '847', '278', '494', '764', '130', '325', '424', '361', '641', '68', '165', '784', '60', '660', '859', '604', '133', '596', '605', '583', '173', '157', '43', '811', '472', '553', '523', '495', '885', '196', '262', '31', '187', '815', '38', '705', '828', '70', '626', '382', '821', '551', '168', '781', '538', '199', '172', '725', '540', '874', '747', '370', '69', '403', '813', '438', '843', '812', '9', '767', '760', '376', '670', '464', '388', '501', '329', '280', '32', '863', '509', '728', '26', '332', '211', '774', '484', '208', '61', '541', '737', '132', '418', '365', '504', '94', '703', '654', '646', '434', '410', '789', '247', '243', '447', '521', '855', '469', '452', '562', '845', '499', '326', '249', '138', '50', '533', '697', '791', '875']
['610', '28', '548', '924', '36', '98', '721', '423', '489', '866', '762', '945', '902', '347', '366', '935', '591', '869', '362', '360', '84', '228', '853', '870', '119', '674', '867', '291', '601', '160', '677', '949', '428', '688', '876', '4', '55', '429', '713', '108', '63', '268', '349', '883', '113', '736', '399', '890', '261', '513', '240', '595', '391', '253', '66', '895', '140', '931', '852', '639']
['865', '862', '102', '633', '220', '97', '555', '52', '497', '439', '229', '33', '134', '848', '444', '75', '163', '615', '915', '169']
['850', '162', '758', '590', '716', '455', '341', '244', '832']
['213', '450', '614', '296', '671', '170', '943', '257', '908']
['377', '453']
['757', '363', '574']
['367']
['537']
['881']
['490']
['669']
['795']
['927']
['397']
['67']
['422']
['502']
['519']
['400']
['620']
['401']
['796']
['154']
['276']
['457']
['209']
['861']
['635']
['10']
['488']
['906']
['179']
['333']
['318']
['532']
['150']
['184']
['164']
['59']
['833']
['950']
['378']
['787']
['124']
['507']
['622']
['826']
['934']
['175']
['267']
['307']
['617']
['901']
['18']
['203']
['421']
['47']
['809']
['805']
['623']
['272']
['613']
['554']
['903']
['121']
['13']
['625']
['339']
['527']
['471']
['321']
['83']
['394']
['877']
['714']
['846']
['818']
['259']
['576']
['710']
['726']
['648']
['508']
['854']
['642']
['223']
['90']
['176']
['232']
['205']
['892']
['81']
['324']
['941']
['386']
['925']
['263']
['749']
['20']
['588']
['87']
['273']
['426']
['751']
['445']
['693']
['694']
['698']
['316']
['735']
['197']
['559']
['374']
['723']
['350']
['923']
['655']
['383']
['691']
['314']
['248']
['686']
['136']
['746']
['936']
['856']
['515']
['606']
['536']
['194']
['823']
['888']
['928']
['250']
['313']
['158']
['104']
['722']
['835']
['167']
['618']
['851']
['207']
['24']
['351']
['191']
['947']
['910']
['330']
['443']
['57']
['567']
['765']
['603']
['702']
['129']
['301']
['480']
['629']
['886']
['470']
['416']
['100']
['772']
['198']
['41']
['135']
['246']
['190']
['636']
['286']
['663']
['474']
['930']
['139']
['884']
['607']
['560']
['51']
['550']
['589']
['152']
['389']
['37']
['748']
['364']
['500']
['297']
['878']
['911']
['630']
['231']
['359']
['719']
['840']
['777']
['729']
['202']
['293']
['373']
['264']
['180']
['529']
['511']
['432']
['91']
['807']
['572']
['829']
['858']
['742']
['292']
['771']
['446']
['99']
['938']
['561']
['768']
['379']
['15']
['398']
['799']
['448']
['940']
['820']
['479']
['718']
['303']
['598']
['340']
['682']
['346']
['221']
['178']
['689']
['25']
