['62', '470', '78', '384', '223', '349', '638', '602', '598', '463']
['617', '580', '122', '407', '691', '469', '494', '556', '834', '171']
['781', '827', '564', '723', '467', '829', '782', '367', '196', '525']
['156', '182', '710', '798', '528', '727', '658', '451', '692', '706']
['97', '816', '754', '303', '1', '319', '150', '645', '10', '311']
['786', '386', '394', '806', '583', '621', '527', '795', '683', '595']
['535', '839', '210', '507', '143', '605', '475', '664', '551', '46']
['154', '363', '377', '725', '202', '291', '630', '400', '559', '99']
['487', '353', '753', '76', '794', '29', '775', '828', '219', '325']
['155', '704', '434', '198', '418', '238', '107', '388', '138', '696']
['654', '488', '84', '149', '179', '390', '119', '359', '47', '800']
['566', '563', '387', '720', '590', '575', '21', '421', '687', '611']
['60', '357', '217', '787', '728', '693', '94', '261', '327', '366']
['338', '552', '15', '480', '699', '85', '375', '422', '399', '715']
['199', '108', '730', '32', '151', '490', '648', '529', '493', '190']
['184', '453', '618', '258', '358', '577', '817', '738', '406', '466']
['533', '326', '220', '42', '666', '243', '35', '165', '822', '660']
['713', '587', '364', '293', '54', '82', '335', '585', '305', '186']
['213', '227', '269', '61', '619', '674', '221', '644', '68', '310']
['461', '30', '531', '137', '694', '524', '90', '203', '316', '608']
['414', '613', '284', '793', '601', '700', '495', '297', '665', '808']
['836', '560', '413', '8', '473', '726', '670', '73', '56', '286']
['837', '698', '442', '405', '459', '333', '256', '592', '164', '307']
['565', '678', '391', '104', '167', '826', '540', '329', '322', '39']
['350', '129', '19', '758', '376', '131', '801', '27', '628', '148']
['783', '457', '216', '235', '212', '530', '57', '569', '254', '159']
['313', '152', '81', '803', '509', '682', '515', '242', '539', '271']
['351', '292', '499', '484', '336', '192', '189', '627', '417', '275']
['262', '409', '497', '283', '113', '626', '762', '778', '345', '436']
['526', '734', '538', '63', '314', '267', '773', '265', '649', '606']
['544', '274', '448', '193', '830', '677', '371', '23', '195', '517']
['550', '403', '447', '439', '464', '745', '522', '790', '183', '446']
['58', '818', '370', '175', '516', '561', '245', '389', '106', '401']
['697', '24', '132', '584', '491', '444', '226', '537', '374', '157']
['450', '680', '312', '98', '479', '266', '218', '615', '578', '77']
['328', '655', '74', '109', '340', '378', '45', '772', '688', '555']
['379', '572', '208', '750', '581', '747', '489', '330', '2', '118']
['707', '22', '481', '14', '142', '397', '191', '776', '240', '18']
['277', '663', '31', '177', '228', '410', '91', '395', '576', '616']
['579', '624', '482', '69', '722', '337', '188', '331', '170', '86']
['774', '735', '633', '777', '571', '309', '166', '426', '503', '430']
['320', '259', '241', '755', '456', '52', '460', '134', '764', '838']
['368', '634', '206', '668', '352', '233', '716', '651', '810', '105']
['591', '842', '289', '440', '498', '146', '373', '642', '224', '513']
['647', '760', '596', '761', '114', '428', '48', '231', '821', '51']
['285', '294', '532', '270', '708', '657', '79', '257', '300', '115']
['549', '629', '441', '769', '702', '597', '180', '260', '215', '361']
['831', '11', '315', '65', '236', '287', '671', '504', '7', '354']
['344', '205', '599', '770', '253', '25', '111', '89', '147', '126']
['5', '433', '324', '811', '815', '93', '100', '365', '140', '731']
['562', '404', '763', '675', '37', '197', '229', '393', '144', '506']
['548', '112', '187', '13', '465', '38', '411', '632', '174', '814']
['168', '172', '742', '820', '705', '323', '342', '667', '424', '594']
['767', '804', '512', '609', '729', '288', '169', '435', '832', '385']
['719', '518', '222', '819', '840', '669', '557', '80', '127', '639']
['709', '681', '546', '744', '641', '501', '139', '145', '732', '158']
['176', '12', '408', '690', '521', '160', '248', '276', '684', '843']
['117', '768', '788', '133', '545', '600', '766', '438', '452', '717']
['304', '225', '554', '789', '496', '523', '207', '752', '567', '369']
['653', '586', '510', '841', '492', '505', '70', '813', '173', '123']
['398', '194', '573', '685', '721', '673', '547', '92', '55', '661']
['264', '812', '372', '178', '299', '652', '181', '483']
['211', '724', '125', '558', '26', '339', '0', '792', '412', '604']
['797', '543', '711', '302', '416', '247', '255', '153', '478']
['771', '612', '502', '511', '3']
['41', '163', '272', '733']
['737', '75']
['458']
['796', '239']
['356', '250']
['101', '16']
['791']
['124', '454']
['87', '279']
['362']
['200']
['809']
['33']
['477']
['321', '637']
['686']
['162']
['431']
['445']
['429']
['472']
['455']
['396']
['835']
['17']
['635']
['748']
['355']
['420']
['71']
['620']
['739']
['280']
['712']
['9']
['736']
['296']
['116']
['631']
['36']
['437']
['301']
['740']
['805']
['534']
['102']
['332']
['679']
['28']
['610']
['553']
['295']
['346']
['759']
['574']
['659']
['201']
['419']
['383']
['135']
['582']
['44']
['662']
['500']
['96']
['746']
['536']
['308']
['282']
['380']
['136']
['392']
['141']
['636']
['468']
['695']
['230']
['246']
['161']
['72']
['603']
['779']
['20']
['542']
['486']
['718']
['281']
['844']
['317']
['640']
['784']
['833']
['306']
['765']
['757']
['743']
['415']
['244']
['278']
['43']
['130']
['88']
['588']
['807']
['541']
['471']
['121']
['701']
['347']
['672']
['756']
['751']
['360']
['425']
['650']
['519']
['825']
['462']
['249']
['343']
['514']
['290']
['474']
['449']
['799']
['214']
['402']
['6']
['50']
['348']
['689']
['185']
['66']
['128']
['381']
['251']
['268']
['568']
['204']
['520']
['570']
['646']
['607']
['443']
['298']
['485']
['676']
['120']
['476']
['95']
['64']
['508']
['4']
['318']
['110']
['623']
['53']
['40']
['103']
['273']
['423']
['382']
['67']
['802']
['49']
['643']
['252']
['593']
['589']
['59']
['34']
['432']
['209']
['263']
['749']
['714']
['232']
['780']
['785']
['614']
['83']
['823']
['237']
['625']
['334']
['656']
['622']
['427']
['341']
['741']
['234']
['824']
['703']
