['414', '129', '98', '120', '477', '288', '353', '429', '64', '59', '268', '6', '221', '426', '118', '383', '207', '421', '200', '327', '277', '194', '91', '496', '166', '33', '417', '3', '473', '495', '260', '430', '262', '450', '210', '7', '199', '427', '312', '296', '342', '51', '18', '320', '222', '370', '403', '25', '475', '44', '141', '22', '314', '237', '388', '55', '87', '176', '408', '267', '192', '425', '368', '208', '355', '384', '132', '94', '77', '338', '28', '410', '337', '17', '54', '190', '371', '103', '339', '215', '123', '431', '1', '397', '99', '213', '299', '454', '402', '138', '183', '97', '85', '34', '367']
['441', '434', '16', '287', '212', '375', '244', '204', '157', '362', '466', '420', '102', '363', '235', '472', '413', '468', '226', '170', '374', '42', '41', '329', '196', '71', '292', '326', '30', '289', '249', '81', '492', '63', '131', '432', '330', '334', '491', '435', '275', '273', '49', '149', '172', '197', '65', '52', '82', '74', '250', '498', '395', '234', '394', '35', '415', '136', '20']
['405', '377', '308', '93', '458', '134', '56', '88', '369', '242', '265', '174', '27', '438', '186', '440', '153', '471', '9', '350', '84', '274', '381', '96', '352', '284', '122', '439', '201', '21', '373', '493', '144', '452', '400', '145', '4', '264', '95', '31', '32', '112', '356', '396', '445', '497', '121', '169', '401', '300', '424', '46', '379', '152', '156', '193', '303', '315', '8', '229', '151', '418', '295', '378', '465', '391', '340', '68', '111', '0']
['357', '206', '482', '461', '24', '146', '238', '247', '444', '276', '203', '173', '398', '259', '404', '135', '387', '109', '335', '255', '306', '224', '436', '220', '499', '125', '181', '188', '278', '443', '382', '127', '92', '325', '271', '304', '227', '470', '390', '236', '253', '73', '124', '359', '185', '257', '165', '360', '60']
['69', '321', '416', '40', '345', '78', '347', '385', '351', '433', '474', '301', '460', '333', '189', '2', '479', '428', '106', '307', '252', '147', '483', '108', '179', '38', '128', '341', '279', '261', '463', '158', '354', '211', '155', '225', '184', '380', '61', '53', '336', '19', '256', '104', '80', '105']
['285', '269', '241', '13', '489', '243', '389', '487', '486', '467', '291', '90', '286', '298', '187', '437', '162', '198', '349', '258', '251', '70', '10', '231', '50', '232', '484', '209', '476', '150', '358', '47', '14', '140']
['328', '290', '182', '423', '478', '76', '270', '119', '456', '447', '283', '280', '219', '313', '448', '143', '399', '406', '246', '240', '214', '488', '62', '442', '180', '115']
['485', '117', '216', '161', '309', '223', '376', '83', '266', '66', '318', '346', '114', '297', '455', '23', '317', '311', '43', '446']
['11', '324', '168', '457', '217', '133', '419', '319', '411', '248', '302', '107', '67', '202', '89', '142', '130']
['205', '481', '178', '36', '175', '386', '160', '407', '366', '110', '191', '167', '393', '75', '332', '245', '159', '171', '39']
['344', '372', '409', '459', '272', '281', '164', '365', '86']
['480', '323', '116', '218', '263', '239', '412']
['331', '100', '364']
['12', '101', '29', '422', '293', '79', '310', '462', '392', '361']
['58', '177', '154', '37', '343', '490', '57', '494', '451', '230']
['294', '348', '316', '148', '72', '126']
['5', '48']
['305', '163', '15', '449', '233']
['228', '282', '113', '26', '464', '469', '195', '139', '322']
['137', '254', '45', '453']
