['713', '223', '740']
['474', '53', '331', '749', '455', '494', '462']
['62', '515', '12']
['437', '613', '26', '780']
['719', '338', '676', '501', '514', '158']
['549', '592', '498', '558', '163', '0', '449']
['636', '311', '114', '714', '510']
['573', '320', '21', '442']
['9', '28', '688', '128']
['516', '752', '113', '756', '555', '126', '366']
['168', '786', '166', '452']
['363', '430', '453', '536', '669']
['704', '370', '371', '711']
['313', '614', '685', '258', '716', '153']
['744', '259', '156', '260', '400', '286']
['591', '388', '408']
['148', '686', '392']
['140', '227', '710', '41', '490']
['91', '770', '234', '226', '504', '369', '748']
['393', '746', '321']
['759', '633', '239', '715', '765']
['579', '95', '554', '143', '334', '524']
['308', '567', '428']
['211', '29', '595']
['790', '55', '484', '415', '332']
['410', '406', '739']
['445', '444', '772', '727', '745']
['781', '404', '500', '134', '694', '231']
['198', '545', '798', '662']
['499', '405', '674', '238', '712', '46']
['285', '5', '607']
['631']
['472', '92', '199', '395', '33']
['179', '171']
['427', '38', '642', '699']
['58', '799', '657', '570', '471']
['318', '531', '122', '497', '443']
['57', '19', '378', '266']
['664', '522', '149']
['390', '8', '787', '263', '280', '581']
['485', '328', '274', '517', '417', '230']
['155', '22', '162', '476']
['317', '322', '460', '432', '219']
['535', '663', '433', '193', '319', '495', '578']
['167', '528', '347', '597']
['747', '76']
['779', '296', '14', '323']
['737', '422', '411', '766', '666', '144', '731']
['3', '776', '241', '164', '80']
['344', '15', '568']
['228', '243', '736', '706', '763']
['112', '615']
['599', '262']
['391', '20', '729', '252', '429']
['506', '294', '566', '120', '512']
['11', '680', '295']
['357', '643', '66', '47', '10', '454', '300']
['533', '381', '216', '299', '507', '170']
['235', '526', '571', '418']
['118', '86', '792', '565', '97']
['486', '416', '127', '236', '409']
['482', '205', '496']
['42', '297', '79', '44', '778']
['479', '502', '157', '32', '349']
['537', '204', '110', '71', '289']
['70', '488', '16', '353', '188']
['292', '718', '788', '543', '209', '651', '661']
['757', '102', '210', '580', '51', '145']
['695', '131', '220']
['282']
['191', '540', '7', '604']
['563', '447', '505', '54', '616', '273']
['562', '142', '477', '446']
['617', '458', '208', '125']
['728', '261', '35', '590']
['165', '424', '169', '761']
['326', '645', '602', '518']
['771', '88', '508', '68']
['794', '735', '758', '276', '288']
['187', '672', '245', '104', '194']
['251', '670', '222', '550', '283']
['481', '675', '387', '589', '56', '693', '665']
['329', '438', '48', '202']
['785', '653', '240', '99']
['305']
['697', '789', '83', '399', '658', '138']
['87', '250', '75', '717']
['192', '67', '585']
['459', '403', '212', '734', '509']
['34', '548', '635']
['698', '519']
['564', '372', '754', '724', '434']
['200', '376', '196', '316']
['351']
['121', '229']
['362', '656']
['107', '246', '618', '466']
['101', '659']
['601', '538']
['374', '762']
['172', '587', '50']
['17']
['373', '723', '89', '181']
['468', '61', '232', '123', '267']
['605', '218', '654', '622', '412']
['627', '221', '139', '352']
['182', '72']
['277', '457', '641', '791']
['301']
['527', '626', '473']
['314', '386', '491', '426', '339', '78']
['379', '257']
['583', '612', '572', '577', '551']
['74', '116', '96', '150']
['85', '25', '480', '108', '105']
['304', '448', '677', '268', '195']
['177', '755', '82', '175', '708', '203', '115']
['65', '419']
['111', '720', '646', '183', '793']
['356']
['628', '303', '271', '660', '69']
['624', '503', '640', '629']
['469']
['73', '189', '743']
['420', '281', '130', '475', '18']
['681', '619', '413', '467', '439', '751', '345']
['270', '464', '147', '178', '290']
['254', '575', '333', '385']
['782', '461', '539']
['421', '201', '49', '160', '100']
['161', '609', '348', '244']
['767', '582']
['465', '278', '541', '265']
['647', '284', '784', '687', '684']
['214', '40', '649', '441']
['365', '725', '255']
['389', '795', '456', '217']
['483', '272', '133', '354']
['327', '340', '775', '6']
['783']
['396', '190', '269', '382']
['561', '726', '630', '451', '401', '683']
['768', '81', '544', '732', '109']
['600', '132', '493', '593', '769']
['487', '279', '341']
['741', '1', '330', '671', '359', '425']
['690', '796', '325', '287']
['709', '94']
['774', '315', '569', '63']
['702', '383', '797', '407', '264']
['414', '39', '176', '525']
['361', '650', '136', '638', '738', '367', '594']
['384', '634', '298']
['197', '553', '31', '275']
['90', '691', '119', '173']
['511', '760', '310', '343']
['249', '478', '520', '291', '523']
['184', '721', '542', '135']
['722', '586', '700']
['682', '27', '625']
['159', '692']
['180']
['336']
['632']
['394', '529', '380', '431']
['358', '655']
['185', '576', '4', '623']
['450']
['64', '637', '23', '256']
['306', '742', '43']
['610', '213', '37', '521', '103', '557', '436']
['707', '375', '588', '129', '621']
['470', '45', '611', '355', '777']
['667', '141']
['248', '534', '346', '546']
['117', '59', '337', '247', '644', '335', '60']
['492', '773', '513']
['154', '703']
['689']
['309', '36', '93', '124', '603']
['620', '596', '77', '556']
['678', '574', '293', '753', '532']
['174', '397', '489']
['368', '84', '463', '98', '402', '584', '215']
['225', '13', '423', '648', '764', '360']
['30', '237', '705', '302', '253', '242']
['639', '152', '52', '608', '559']
['350', '398', '560', '364', '679', '106']
['730', '750']
['598', '146']
['206']
['324', '696']
['606', '186', '547', '2']
['652']
['530']
['224', '552', '673', '435', '668']
['312', '233']
['207', '701', '440']
['24', '151', '307']
['137', '377', '733', '342']
