['544', '699', '914', '182', '375', '287', '843', '440', '833', '997', '456', '422', '373', '968', '958', '565', '777', '492', '554', '888', '984', '7', '597', '279', '401', '897', '643', '394', '418', '378', '73', '657', '200', '925', '852', '525']
['835', '653', '510', '309', '247', '371', '944', '998', '157', '792', '869', '842', '811', '870', '798', '42', '701', '931', '808', '70', '113', '443', '67', '118', '354', '344', '49', '879', '82', '342', '340', '359', '365', '358', '955', '20']
['277', '285', '409', '948', '377', '153', '141', '58', '381', '387', '270', '674', '411', '759', '12', '343', '758', '769', '233', '716', '799', '399', '868', '334', '846', '454', '402', '893', '533', '641', '563', '725', '960', '114', '60', '875']
['610', '635', '434', '423', '528', '537', '385', '812', '230', '586', '956', '530', '667', '397', '255', '555', '145', '292', '59', '192', '131', '319', '100', '169', '581', '881', '709', '891', '149', '380', '61', '839', '455', '669', '165', '838']
['320', '572', '543', '238', '120', '477', '288', '882', '123', '420', '552', '353', '101', '413', '884', '109', '201', '673', '469', '702', '95', '668', '978', '356', '662', '261', '117', '199', '97', '172', '236', '185', '531', '939', '892', '910']
['328', '282', '36', '618', '771', '940', '967', '44', '790', '809', '485', '559', '474', '680', '981', '160', '648', '638', '262', '831', '267', '820', '181', '828', '494', '717', '232', '703', '505', '599', '972', '391', '107', '620', '540', '995']
['579', '654', '482', '69', '24', '829', '655', '337', '789', '290', '770', '416', '438', '314', '376', '516', '388', '885', '280', '4', '264', '31', '590', '223', '736', '810', '50', '619', '714', '901', '726', '632', '778', '556', '567', '126']
['222', '546', '646', '926', '785', '166', '959', '862', '404', '953', '459', '472', '898', '677', '501', '876', '683', '805', '815', '883', '933', '221', '929', '527', '919', '463', '488', '470', '979', '816', '384', '390', '383', '971', '684', '392']
['502', '733', '623', '950', '772', '762', '362', '471', '294', '96', '486', '352', '189', '523', '479', '306', '286', '692', '316', '372', '937', '534', '973', '330', '509', '621', '406', '271', '740', '240', '624', '850', '878', '386', '207', '636']
['741', '596', '739', '40', '849', '658', '751', '345', '584', '886', '457', '957', '21', '598', '665', '988', '30', '448', '863', '830', '445', '349', '491', '10', '729', '986', '382', '127', '800', '158', '208', '659', '229', '640', '180', '604']
['954', '194', '605', '88', '696', '3', '594', '627', '752', '864', '936', '310', '329', '845', '63', '976', '647', '299', '341', '231', '821', '317', '904', '424', '425', '214', '217', '656', '871', '151', '582', '498', '80', '140', '77', '639']
['308', '146', '25', '134', '927', '923', '634', '918', '520', '447', '283', '860', '519', '163', '400', '616', '89', '71', '865', '87', '437', '817', '435', '916', '183', '62', '184', '541', '614', '364', '209', '686', '743', '951', '412', '18']
['564', '403', '33', '858', '276', '265', '517', '591', '767', '880', '351', '698', '228', '872', '553', '284', '853', '672', '700', '116', '252', '55', '900', '167', '626', '943', '152', '977', '197', '573', '737', '593', '47', '75', '930', '142']
['338', '154', '894', '243', '86', '945', '687', '43', '478', '776', '724', '827', '507', '419', '521', '569', '615', '506', '311', '219', '171', '989', '994', '121', '628', '649', '130', '625', '757', '637', '156', '193', '421', '395', '756', '784']
['357', '5', '269', '819', '241', '768', '720', '93', '496', '331', '27', '630', '908', '215', '487', '22', '433', '612', '602', '524', '452', '176', '26', '300', '138', '513', '744', '607', '857', '560', '53', '690', '8', '250', '708', '738']
['747', '98', '650', '903', '103', '173', '834', '818', '259', '135', '806', '333', '855', '90', '982', '462', '148', '196', '213', '592', '847', '766', '128', '251', '227', '484', '824', '57', '218', '877', '48', '547', '578', '844', '999', '859']
['410', '580', '803', '911', '980', '576', '987', '902', '398', '750', '467', '601', '1', '495', '773', '170', '305', '661', '99', '64', '187', '81', '571', '710', '202', '6', '848', '539', '909', '873', '545', '928', '905', '557', '974', '975']
['28', '990', '244', '78', '822', '735', '205', '794', '453', '688', '568', '224', '535', '562', '713', '324', '705', '83', '258', '728', '515', '254', '796', '361', '617', '896', '754', '511', '765', '336', '281', '603', '295', '942', '68', '327']
['783', '508', '851', '441', '37', '913', '631', '489', '54', '666', '444', '369', '389', '347', '935', '431', '526', '587', '178', '263', '695', '429', '108', '962', '965', '691', '934', '764', '861', '481', '355', '542', '514', '139', '0', '446']
['177', '952', '992', '133', '91', '266', '297', '749', '585', '339', '466', '366', '613', '797', '235', '348', '993', '245', '451', '832', '15', '125', '921', '964', '825', '246', '551', '46', '689', '678', '52', '504', '14', '895', '51', '795']
['206', '370', '755', '321', '13', '912', '866', '782', '577', '190', '79', '191', '920', '417', '802', '76', '272', '760', '966', '291', '464', '226', '144', '106', '307', '39', '681', '497', '164', '426', '961', '697', '629', '622', '111', '105']
['856', '414', '874', '575', '807', '512', '899', '887', '174', '633', '566', '301', '786', '711', '374', '41', '932', '313', '112', '32', '840', '432', '570', '609', '278', '712', '72', '325', '275', '304', '983', '161', '465', '476', '66', '608']
['548', '405', '16', '721', '801', '644', '651', '475', '204', '102', '216', '788', '119', '867', '652', '761', '468', '727', '179', '746', '162', '38', '946', '611', '239', '225', '550', '168', '29', '104', '234', '679', '938', '889', '826', '94']
['129', '924', '500', '813', '203', '732', '588', '745', '947', '363', '991', '2', '473', '493', '45', '428', '814', '731', '147', '499', '268', '249', '742', '685', '449', '273', '442', '775', '150', '256', '74', '124', '970', '360', '748', '606']
['549', '730', '753', '17', '302', '458', '574', '350', '734', '122', '460', '407', '949', '195', '823', '704', '220', '890', '536', '693', '804', '92', '706', '774', '155', '211', '791', '34', '132', '253', '35', '415', '660']
['682', '600', '529', '583', '84', '274', '335', '137', '436', '518', '298', '210', '198', '396', '589', '787', '671', '642', '322', '719', '318', '985']
['379', '836', '480', '917', '315', '303', '85', '676', '188', '143', '439', '969', '595', '56', '332', '115', '483']
['368', '837', '707', '450', '461', '532', '65', '490', '854', '393', '645', '136', '260', '430']
['538', '427', '237', '323', '670', '664', '159', '503', '186', '715']
['941', '675', '408', '558', '694', '522']
['289', '779', '19', '293', '212', '248', '793']
['781', '723', '175', '346', '367', '963']
['561', '907', '312', '722']
['9', '11', '922']
['906', '915', '257']
['996', '763', '242', '780']
['326']
['718', '663']
['841', '110']
['296', '23']
