['24', '801', '940', '190', '687', '78', '44', '9', '433', '818', '827', '472', '413', '957', '237', '411', '21', '692', '647', '94', '454', '229', '386', '418', '531', '910', '51', '139', '77', '412']
['441', '508', '528', '950', '650', '339', '485', '886', '842', '724', '587', '160', '667', '195', '90', '329', '430', '683', '262', '202', '128', '121', '278', '628', '503', '152', '659', '737', '209', '150', '972', '107']
['753', '33', '682', '574', '812', '351', '178', '798', '898', '519', '885', '4', '988', '989', '590', '164', '100', '883', '933', '716', '7', '986', '597', '513', '118', '355', '871', '390', '640', '743', '514', '522']
['129', '635', '194', '212', '500', '174', '882', '591', '381', '521', '524', '170', '958', '198', '233', '426', '300', '861', '183', '325', '240', '678', '676', '250', '394', '293', '114', '970', '60']
['11', '482', '290', '803', '903', '203', '204', '453', '144', '106', '219', '12', '937', '356', '758', '181', '334', '964', '904', '893', '697', '481', '217', '563', '193', '197', '490', '52', '889', '778', '930', '874']
['177', '510', '410', '980', '776', '822', '22', '507', '615', '23', '306', '224', '89', '264', '865', '95', '31', '81', '396', '188', '143', '965', '820', '488', '380', '384', '690', '977', '556']
['285', '580', '913', '596', '489', '512', '772', '658', '834', '478', '809', '3', '350', '235', '553', '773', '452', '176', '268', '685', '589', '221', '10', '804', '595', '149', '208', '465', '636', '318', '931', '999']
['5', '434', '282', '375', '238', '739', '849', '186', '981', '314', '523', '677', '993', '400', '665', '145', '429', '831', '805', '108', '888', '570', '769', '705', '349', '354', '214', '273', '897', '708', '57', '578']
['653', '841', '321', '561', '749', '967', '79', '762', '927', '398', '633', '680', '456', '439', '530', '710', '662', '26', '382', '706', '344', '49', '891', '227', '336', '303', '68', '136', '784', '126']
['952', '835', '28', '783', '37', '496', '813', '247', '735', '363', '750', '274', '870', '495', '673', '45', '598', '704', '343', '718', '921', '399', '621', '693', '581', '719', '607', '850', '756', '542', '140', '392']
['548', '182', '899', '346', '25', '475', '998', '369', '630', '471', '284', '520', '163', '428', '823', '324', '267', '668', '815', '900', '210', '445', '509', '317', '261', '322', '275', '225', '185', '942', '360', '639']
['338', '836', '924', '623', '40', '56', '908', '84', '853', '486', '601', '2', '814', '374', '483', '125', '113', '491', '246', '169', '50', '46', '117', '550', '744', '839', '161', '656', '315', '365', '115', '748']
['610', '564', '302', '577', '585', '43', '347', '102', '387', '760', '189', '109', '148', '876', '436', '99', '532', '978', '779', '162', '319', '258', '929', '424', '538', '156', '312', '476', '895', '669', '974', '18']
['654', '277', '544', '954', '733', '16', '134', '990', '120', '537', '732', '58', '586', '101', '723', '674', '323', '864', '932', '518', '63', '742', '969', '6', '868', '332', '774', '368', '199', '960', '257', '165']
['646', '502', '331', '843', '440', '366', '698', '270', '884', '311', '681', '32', '30', '497', '558', '825', '846', '817', '873', '703', '679', '547', '684', '200', '111', '951', '995', '875', '525']
['320', '992', '785', '309', '631', '944', '559', '230', '802', '880', '963', '353', '457', '953', '872', '759', '280', '299', '167', '671', '766', '527', '470', '896', '614', '151', '65', '207', '620', '985', '142', '606']
['837', '707', '308', '720', '477', '191', '86', '792', '216', '272', '333', '956', '648', '602', '220', '408', '534', '83', '515', '810', '361', '689', '816', '53', '603', '234', '342', '14', '415', '75', '664', '795']
['894', '912', '146', '923', '526', '862', '552', '794', '352', '419', '397', '388', '462', '55', '292', '976', '962', '38', '223', '984', '736', '611', '881', '941', '857', '97', '573', '878', '599', '383', '455', '971']
['222', '549', '337', '959', '605', '666', '866', '103', '371', '265', '576', '887', '362', '468', '335', '137', '892', '316', '437', '712', '909', '649', '72', '304', '480', '781', '917', '505', '340', '35', '738', '327']
['414', '747', '926', '133', '588', '790', '141', '869', '135', '670', '310', '105', '562', '110', '642', '943', '539', '435', '961', '979', '619', '714', '391', '877', '446', '263', '20', '844', '838']
['819', '461', '699', '914', '768', '403', '600', '458', '782', '288', '345', '745', '867', '447', '695', '661', '845', '326', '432', '330', '787', '799', '691', '764', '551', '463', '740', '155', '560', '296', '775', '66']
['377', '807', '88', '276', '751', '696', '797', '407', '283', '700', '949', '907', '307', '196', '64', '713', '187', '554', '571', '625', '757', '983', '168', '629', '82', '74', '780', '938', '657', '218', '826', '540']
['741', '154', '266', '243', '583', '153', '215', '947', '935', '385', '918', '991', '788', '122', '966', '226', '493', '501', '41', '42', '260', '555', '305', '492', '994', '251', '919', '946', '138', '793', '232', '511']
['655', '175', '91', '529', '438', '157', '294', '76', '763', '228', '473', '569', '116', '688', '702', '568', '71', '298', '675', '443', '729', '401', '617', '533', '61', '172', '622', '295', '358', '378', '0', '367']
['829', '789', '618', '911', '27', '858', '902', '123', '734', '376', '201', '516', '464', '638', '147', '87', '863', '934', '821', '796', '92', '916', '184', '824', '364', '545', '395', '47', '567', '915', '975', '594']
['357', '572', '755', '98', '416', '651', '444', '517', '173', '987', '634', '205', '1', '291', '855', '469', '701', '832', '731', '171', '252', '372', '192', '828', '717', '425', '379', '765', '132', '104', '159', '604']
['287', '771', '297', '920', '906', '487', '420', '474', '722', '854', '761', '752', '616', '39', '15', '112', '70', '254', '231', '536', '130', '211', '34', '281', '582', '593', '726', '955', '925', '660']
['579', '996', '206', '856', '730', '166', '54', '721', '644', '404', '811', '119', '786', '652', '672', '922', '627', '451', '982', '313', '59', '179', '341', '279', '800', '541', '641', '643', '29', '73', '905', '80']
['546', '269', '405', '466', '997', '259', '301', '711', '479', '936', '255', '245', '286', '499', '448', '249', '840', '973', '67', '848', '645', '402', '663', '62', '484', '637', '85', '248']
['241', '328', '13', '833', '566', '348', '460', '806', '373', '506', '715', '213', '450', '565', '746', '131', '592', '728', '626', '890', '158', '791', '442', '427', '19', '879', '256', '236', '504', '939', '852']
['370', '948', '851', '409', '93', '36', '575', '242', '244', '389', '945', '584', '767', '96', '422', '612', '694', '777', '393', '494', '406', '271', '449', '709', '624', '901', '498', '421', '928', '253', '557', '180']
['69', '543', '17', '423', '770', '417', '431', '613', '459', '467', '860', '727', '808', '535', '968', '289', '830', '847', '609', '127', '239', '754', '8', '725', '686', '359', '124', '632', '48', '608', '859']
