['5', '370', '954', '508', '543', '720', '913', '212', '175', '866', '650', '103', '944', '687', '802', '274', '376', '473', '612', '702', '615', '731', '147', '71', '937', '492', '125', '100', '919', '214', '480', '199', '8', '593', '82', '74', '104', '531', '567', '703']
['856', '747', '755', '721', '500', '146', '967', '56', '517', '353', '516', '148', '436', '863', '746', '830', '705', '921', '233', '223', '645', '890', '26', '909', '821', '595', '774', '941', '97', '156', '725', '394', '708', '66', '185', '75', '955', '257', '360', '875']
['654', '177', '572', '835', '206', '285', '924', '277', '564', '309', '732', '44', '433', '991', '953', '291', '163', '397', '90', '506', '260', '106', '4', '292', '805', '382', '810', '503', '717', '961', '656', '312', '295', '395', '359', '620', '756', '664', '930', '910']
['357', '926', '434', '803', '266', '577', '908', '613', '886', '724', '763', '788', '648', '677', '428', '195', '316', '95', '777', '108', '131', '334', '642', '317', '796', '239', '706', '793', '275', '719', '791', '541', '641', '977', '281', '599', '636', '726', '365', '578']
['624', '800', '324', '483']
['544', '753', '631', '561', '950', '651', '242', '585', '186', '947', '101', '237', '867', '884', '667', '727', '501', '701', '262', '988', '865', '372', '356', '188', '736', '279', '435', '354', '985', '380', '149', '151', '383', '960', '928', '657', '47', '504', '14', '159']
['269', '328', '93', '596', '575', '733', '682', '416', '243', '990', '537', '902', '43', '230', '696', '833', '586', '474', '798', '407', '672', '569', '598', '715', '99', '313', '704', '450', '110', '251', '278', '527', '117', '744', '659', '871', '248', '77', '126', '660']
['546', '69', '841', '623', '346', '190', '477', '843', '478', '633', '216', '723', '520', '936', '170', '885', '39', '64', '298', '267', '589', '221', '72', '893', '273', '368', '533', '757', '550', '232', '607', '152', '315', '342', '938', '877', '970', '105']
['646', '133', '375', '489', '813', '849', '27', '157', '485', '351', '918', '750', '96', '228', '486', '235', '700', '201', '283', '495', '116', '823', '224', '692', '964', '539', '597', '463', '689', '625', '663', '560', '193', '737', '386', '256', '975', '838']
['548', '510', '655', '829', '91', '88', '244', '174', '440', '634', '350', '102', '734', '270', '447', '160', '507', '993', '335', '310', '958', '758', '769', '399', '536', '639', '551', '271', '361', '824', '384', '303', '229', '250', '358', '136', '446', '0', '748', '606']
['741', '441', '24', '337', '912', '502', '899', '801', '444', '203', '927', '792', '776', '745', '323', '373', '860', '673', '694', '814', '808', '779', '994', '330', '626', '515', '848', '169', '46', '208', '514', '859']
['423', '771', '529', '644', '762', '204', '588', '431', '698', '398', '587', '811', '348', '2', '411', '286', '462', '430', '89', '518', '532', '289', '249', '192', '143', '70', '804', '92', '891', '470', '538', '643', '878', '775', '972', '107', '632', '68', '94', '995']
['549', '894', '914', '785', '13', '16', '25', '658', '173', '417', '362', '141', '363', '981', '314', '189', '711', '468', '688', '568', '555', '713', '668', '268', '973', '497', '319', '671', '325', '916', '709', '184', '442', '901', '780', '207', '874']
['707', '11', '819', '948', '409', '768', '182', '282', '166', '98', '438', '123', '963', '923', '553', '870', '674', '773', '374', '42', '661', '112', '176', '445', '432', '984', '728', '662', '868', '231', '513', '897', '619', '293', '505', '124', '48', '743', '684', '931']
['836', '482', '496', '807', '512', '297', '834', '347', '809', '812', '259', '404', '387', '523', '949', '519', '602', '144', '638', '329', '876', '252', '196', '171', '535', '213', '210', '571', '38', '820', '509', '766', '443', '246', '130', '379', '197', '35', '263', '327']
['837', '414', '580', '458', '475', '389', '630', '920', '945', '584', '9', '487', '205', '818', '680', '135', '439', '419', '255', '137', '15', '32', '558', '10', '406', '873', '300', '740', '425', '488', '484', '816', '765', '573', '490', '150', '57', '140', '111', '525']
['403', '371', '574', '906', '366', '58', '935', '3', '294', '178', '460', '670', '683', '831', '962', '81', '965', '570', '167', '712', '341', '846', '934', '861', '138', '881', '481', '61', '29', '879', '640', '971', '778', '540', '18']
['222', '410', '321', '722', '284', '122', '966', '422', '627', '388', '41', '616', '968', '989', '6', '817', '494', '621', '402', '332', '62', '979', '754', '563', '364', '889', '915']
['139', '783', '699', '194', '992', '940', '987', '78', '559', '925', '381', '472', '853', '794', '453', '601', '521', '1', '333', '21', '479', '854', '264', '681', '845', '162', '83', '181', '128', '393', '50', '304', '427', '582', '476', '180', '784', '974', '604']
['579', '952', '405', '618', '911', '739', '749', '858', '903', '339', '153', '790', '552', '797', '119', '272', '226', '469', '23', '307', '145', '665', '408', '179', '900', '847', '258', '581', '49', '217', '34', '850', '676', '253', '895', '738', '795', '844', '852']
['154', '730', '635', '129', '461', '789', '308', '17', '770', '79', '276', '576', '471', '735', '457', '459', '695', '45', '219', '429', '565', '12', '976', '815', '969', '590', '828', '67', '240', '155', '637', '465', '234', '378', '73', '218', '939', '51', '200', '951']
['209', '959']
['610', '28', '851', '36', '528', '238', '751', '980', '842', '301', '827', '530', '55', '562', '87', '59', '30', '718', '742', '592', '799', '254', '729', '764', '401', '649', '697', '225', '896', '355', '839', '714', '679', '421', '455', '542', '892', '142', '522', '392']
['338', '653', '241', '331', '120', '265', '369', '882', '215', '84', '869', '872', '956', '467', '109', '608', '922', '864', '464', '400', '982', '326', '187', '437', '840', '888', '202', '299', '121', '986', '322', '690', '296', '52', '340', '415', '557', '80', '20', '412']
['37', '290', '377', '54', '887', '466', '822', '862', '566', '352', '456', '786', '898', '752', '451', '280', '448', '647', '685', '716', '426', '904', '118', '449', '617', '227', '629', '857', '614', '781', '85', '172', '19', '603', '318', '114', '556', '547']
['767', '499', '65', '198', '806', '652', '349', '86', '946']
['320', '287', '302', '600', '247', '420', '526', '880', '413', '760', '761', '245', '306', '311', '524', '932', '31', '220', '534', '554', '933', '787', '491', '929', '825', '943', '454', '611', '158', '183', '211', '168', '53', '132', '390', '391', '686', '669', '367', '594']
['33', '605', '666', '134', '772', '288', '191', '583', '345', '385', '591', '22', '76', '493', '907', '832', '305', '978', '710', '164', '883', '113', '609', '693', '628', '127', '261', '424', '983', '678', '917', '336', '161', '511', '622', '942', '905', '165', '60', '115']
['344', '63', '343', '957', '545', '236', '855', '782', '826', '7', '452']
['675', '396', '418', '498', '759', '40', '691']
