['549', '44', '471', '698', '363', '274', '352', '413', '453', '553', '601', '530', '660', '373', '670', '108', '554', '491', '261', '118', '46', '304', '659', '315', '312', '505', '418', '57', '218', '639']
['526', '205', '380', '482', '587', '656', '486', '333', '319', '411', '636', '73', '340', '455', '243', '547', '585', '540', '127', '322', '436']
['579', '654', '320', '338', '33', '416', '242', '173', '591', '520', '1', '407', '694', '329', '147', '71', '562', '298', '268', '38', '233', '231', '435', '384', '296', '104', '234', '557', '136', '412']
['37', '321', '377', '238', '605', '517', '362', '230', '613', '672', '516', '638', '615', '4', '565', '289', '621', '169', '463', '355', '427', '582', '150', '657', '522', '594']
['370', '194', '564', '575', '458', '552', '314', '160', '21', '688', '452', '400', '462', '430', '220', '675', '532', '32', '63', '198', '589', '426', '611', '354', '184', '614', '676', '686', '180', '392']
['54', '40', '644', '537', '203', '86', '633', '259', '294', '76', '235', '473', '667', '428', '170', '64', '179', '125', '671', '67', '691', '138', '158', '617', '152', '637', '465', '209', '253', '159']
['290', '658', '339', '389', '20', '58', '351', '22', '381', '301', '447', '163', '45', '469', '555', '219', '316', '685', '188', '299', '325', '53', '74', '66', '365', '68', '200', '0', '142', '606']
['414', '624', '653', '353', '326', '663', '249', '337', '571', '467', '375', '175', '534', '650', '382', '23', '252', '425']
['176', '106', '210', '192', '303', '93', '237', '98', '133', '110', '596', '677', '394', '556', '288', '204', '246', '588', '683']
['213', '502', '36', '593', '652', '561', '359', '278', '7', '519', '144', '245', '306', '542', '130', '273']
['646', '328', '13', '308', '146', '623', '266', '88', '153', '9', '84', '433', '284', '201', '673', '616', '437', '113', '334', '449', '560', '573', '19', '603', '378']
['11', '655', '618', '631', '528', '27', '190', '440', '466', '485', '3', '387', '419', '568', '137', '224', '89', '55', '264', '668', '223', '167', '155', '550', '232', '151', '236', '111']
['434', '403', '309', '331', '584', '78', '478', '431', '457', '283', '2', '87', '59', '647', '356', '492', '349', '70', '494', '214', '697', '97', '197', '207', '51', '140', '525']
['117', '102', '499', '511', '65', '182', '143', '468', '94', '248', '121', '612', '114', '577', '536', '649', '271', '77', '696']
['357', '508', '699', '651', '265', '634', '586', '456', '521', '189', '648', '116', '126', '518', '396', '432', '202', '393', '693', '581', '183', '227', '172', '85', '421', '531', '567', '608']
['277', '548', '69', '24', '580', '666', '529', '56', '630', '417', '178', '472', '226', '388', '524', '286', '251', '527', '82', '318', '80', '446']
['405', '166', '91', '583', '270', '495', '464', '255', '262', '450', '445', '509', '406', '551', '239', '424', '563', '193', '293', '391', '395', '664', '578', '327', '105']
['461', '129', '441', '496', '96', '674', '439', '460', '291', '42', '39', '681', '324', '292', '162', '6', '279', '72', '62', '149', '629', '383', '250', '75', '18']
['409', '543', '103', '369', '566', '493', '195', '374', '506', '41', '305', '483', '313', '12', '592', '558', '399', '240', '361', '484', '641', '678', '490', '622', '47', '632', '263']
['410', '604', '422', '100', '358', '444', '48', '539', '597', '402', '574', '513', '115', '595']
['269', '500', '244', '576', '687', '141', '350', '348', '311', '181', '258', '669', '538', '61', '643', '229', '342', '124', '620', '35', '257', '165']
['177', '241', '247', '346', '345', '559', '347', '122', '376', '695', '661', '429', '15', '30', '570', '645', '626', '443', '379', '488', '607', '217', '52', '599', '679', '185', '60']
['211', '420', '206', '168', '546', '208', '404', '199', '282', '401', '131', '423', '330', '79', '371', '335', '451', '503', '92', '196']
['572', '28', '81', '157', '300', '476', '302', '479', '323', '662', '221', '454', '120', '310', '628', '260', '665', '215', '145', '275', '50']
['225', '222', '470', '541', '481', '34', '281', '83', '295', '627', '25', '397', '26', '602', '90']
['285', '5', '17', '287', '174', '191', '43', '123', '366', '272', '307', '372', '112', '343', '164', '341', '625', '442', '364', '390', '640', '514']
['610', '510', '16', '489', '512', '438', '276', '186', '487', '569', '95', '448', '128', '10', '515', '689', '161', '336', '386', '256', '498', '107']
['31', '544', '474', '398', '480', '135', '187', '459', '148', '119', '8', '101', '600', '475', '477', '317', '598', '332']
['682', '297', '134', '385', '216', '228', '507', '523', '109', '501', '280', '408', '497', '609', '642', '368', '156', '619', '690', '29', '545', '415', '684', '360', '367']
['344', '533', '154', '535', '49', '635', '267', '680', '132', '590', '212', '504', '14', '254', '139', '692', '171', '99']
